[15:16:34] [Thread-4/INFO]: [STDOUT]: SERVER enter state: DORMANT
[15:16:34] [EnvServerSocketHandler/INFO]: Received Mission token 2d6d6518-0e33-4a96-aea1-abccc7afd065:0:0:1:true
[15:16:34] [EnvServerSocketHandler/INFO]: Received mission init command  <MissionInit xmlns="http://ProjectMalmo.microsoft.com" xmlns:xsi="http://www.w3.org/2001/XMLSchema-instance" SchemaVersion="" PlatformVersion="0.37.0"><Mission><About><Summary>MineRLBasaltBuildVillageHouse-v0</Summary></About><ModSettings><MsPerTick>50</MsPerTick></ModSettings><ServerSection><ServerInitialConditions><Time><AllowPassageOfTime>false</AllowPassageOfTime></Time><AllowSpawning>true</AllowSpawning></ServerInitialConditions><ServerHandlers><DefaultWorldGenerator forceReset="true" generatorOptions="{}"/><ServerQuitFromTimeUp timeLimitMs="720000" description="out_of_time"/><ServerQuitWhenAnyAgentFinishes/></ServerHandlers></ServerSection><AgentSection mode="Survival"><Name>MineRLAgent0</Name><AgentStart><LowLevelInputs>true</LowLevelInputs><GuiScale>1.0</GuiScale><GammaSetting>2.0</GammaSetting><FOVSetting>70.0</FOVSetting><FakeCursorSize>16</FakeCursorSize><Inventory><InventoryObject slot="0" type="redstone_block" quantity="45"/><InventoryObject slot="1" type="cobblestone" quantity="51"/><InventoryObject slot="2" type="flower_pot" quantity="5"/><InventoryObject slot="3" type="acacia_stairs" quantity="25"/><InventoryObject slot="4" type="ladder" quantity="4"/><InventoryObject slot="5" type="netherrack" quantity="60"/><InventoryObject slot="6" type="barrier" quantity="8"/><InventoryObject slot="7" type="cake" quantity="14"/><InventoryObject slot="8" type="gold_ore" quantity="17"/><InventoryObject slot="9" type="iron_bars" quantity="35"/><InventoryObject slot="10" type="dark_oak_stairs" quantity="32"/><InventoryObject slot="11" type="end_portal_frame" quantity="29"/><InventoryObject slot="12" type="red_sandstone_stairs" quantity="11"/><InventoryObject slot="13" type="netherrack" quantity="59"/><InventoryObject slot="14" type="light_weighted_pressure_plate" quantity="48"/><InventoryObject slot="15" type="dropper" quantity="19"/><InventoryObject slot="16" type="stone_button" quantity="46"/><InventoryObject slot="17" type="nether_brick_fence" quantity="54"/><InventoryObject slot="18" type="dark_oak_fence_gate" quantity="52"/><InventoryObject slot="19" type="lapis_block" quantity="33"/><InventoryObject slot="20" type="bookshelf" quantity="58"/><InventoryObject slot="21" type="pumpkin" quantity="17"/><InventoryObject slot="22" type="acacia_fence_gate" quantity="13"/><InventoryObject slot="23" type="redstone_ore" quantity="42"/><InventoryObject slot="24" type="dropper" quantity="59"/><InventoryObject slot="25" type="dirt" quantity="13"/><InventoryObject slot="26" type="activator_rail" quantity="45"/><InventoryObject slot="27" type="spruce_fence_gate" quantity="32"/><InventoryObject slot="28" type="iron_block" quantity="4"/><InventoryObject slot="29" type="gold_block" quantity="37"/><InventoryObject slot="30" type="birch_fence_gate" quantity="50"/><InventoryObject slot="31" type="cobblestone" quantity="10"/><InventoryObject slot="32" type="stone_pressure_plate" quantity="27"/><InventoryObject slot="33" type="coal_ore" quantity="33"/><InventoryObject slot="34" type="clay" quantity="4"/><InventoryObject slot="35" type="sandstone" quantity="14"/></Inventory><PreferredSpawnBiome>plains</PreferredSpawnBiome><DoneOnDeath>true</DoneOnDeath><SpawnInVillage>true</SpawnInVillage></AgentStart><AgentHandlers><FileBasedPerformanceProducer/><PauseCommand/><VideoProducer want_depth="false"><Width>640</Width><Height>360</Height></VideoProducer><HumanLevelCommands/><CameraCommands/></AgentHandlers></AgentSection></Mission><ExperimentUID>2d6d6518-0e33-4a96-aea1-abccc7afd065</ExperimentUID><ClientRole>0</ClientRole><ClientAgentConnection><ClientIPAddress>127.0.0.1</ClientIPAddress><ClientMissionControlPort>0</ClientMissionControlPort><ClientCommandsPort>0</ClientCommandsPort><AgentIPAddress>127.0.0.1</AgentIPAddress><AgentMissionControlPort>0</AgentMissionControlPort><AgentVideoPort>0</AgentVideoPort><AgentDepthPort>0</AgentDepthPort><AgentLuminancePort>0</AgentLuminancePort><AgentObservationsPort>0</AgentObservationsPort><AgentRewardsPort>0</AgentRewardsPort><AgentColourMapPort>0</AgentColourMapPort></ClientAgentConnection></MissionInit>
[15:16:35] [EnvServerSocketHandler/INFO]: [STDOUT]: Setting width, height to 640, 360
[15:16:35] [EnvServerSocketHandler/INFO]: [STDOUT]: Gamma: 2.0
[15:16:35] [EnvServerSocketHandler/INFO]: [STDOUT]: FOV: 70.0
[15:16:35] [EnvServerSocketHandler/INFO]: [STDOUT]: GuiScale: 1.0
[15:16:35] [Render thread/INFO]: [STDOUT]: Seed not provided, generating random one: -7547725149919913156
[15:16:37] [Render thread/WARN]: Ambiguity between arguments [teleport, destination] and [teleport, targets] with inputs: [Player, 0123, @e, dd12be42-52a9-4a91-a8a1-11c01849e498]
[15:16:37] [Render thread/WARN]: Ambiguity between arguments [teleport, location] and [teleport, destination] with inputs: [0.1 -0.5 .9, 0 0 0]
[15:16:37] [Render thread/WARN]: Ambiguity between arguments [teleport, location] and [teleport, targets] with inputs: [0.1 -0.5 .9, 0 0 0]
[15:16:37] [Render thread/WARN]: Ambiguity between arguments [teleport, targets] and [teleport, destination] with inputs: [Player, 0123, dd12be42-52a9-4a91-a8a1-11c01849e498]
[15:16:37] [Render thread/WARN]: Ambiguity between arguments [teleport, targets, location] and [teleport, targets, destination] with inputs: [0.1 -0.5 .9, 0 0 0]
[15:16:37] [Render thread/INFO]: Reloading ResourceManager: Default
[15:16:37] [Render thread/INFO]: Loaded 7 recipes
[15:16:38] [Render thread/INFO]: Loaded 927 advancements
[15:16:38] [Render thread/INFO]: [STDOUT]: *** creating fake mouse cursor ***
[15:16:40] [Render thread/INFO]: Environment: authHost='https://authserver.mojang.com', accountsHost='https://api.mojang.com', sessionHost='https://sessionserver.mojang.com', servicesHost='https://api.minecraftservices.com', name='PROD'
[15:16:40] [Render thread/INFO]: Starting integrated minecraft server version 1.16.5
[15:16:40] [Render thread/INFO]: Generating keypair
[15:16:49] [Render thread/INFO]: Preparing start region for dimension minecraft:overworld
[15:16:58] [Render thread/INFO]: Changing view distance to 11, from 10
[15:16:59] [Render thread/INFO]: MineRLAgent0[local:E:f8977174] logged in with entity id 128 at (1394.5, 68.0, -501.5)
[15:16:59] [Render thread/INFO]: MineRLAgent0 joined the game
[15:16:59] [Render thread/INFO]: Preparing spawn area: 0%
[15:16:59] [Render thread/INFO]: Time elapsed: 9 ms
[15:17:00] [Render thread/INFO]: [STDOUT]: Starting new video null
[15:17:00] [Render thread/INFO]: Saving and pausing game...
[15:17:00] [Render thread/INFO]: Saving chunks for level 'ServerLevel[mcpworldabfcf1c1b7d5]'/minecraft:overworld
[15:17:01] [Render thread/INFO]: Saving chunks for level 'ServerLevel[mcpworldabfcf1c1b7d5]'/minecraft:the_nether
[15:17:01] [Render thread/INFO]: Saving chunks for level 'ServerLevel[mcpworldabfcf1c1b7d5]'/minecraft:the_end
[15:17:02] [Render thread/INFO]: MineRLAgent0 has made the advancement [Stone Age]
[15:17:03] [Render thread/INFO]: [CHAT] MineRLAgent0 has made the advancement [Stone Age]
[15:17:03] [Render thread/INFO]: Loaded 47 advancements
[15:17:12] [EnvServerSocketHandler/INFO]: [STDOUT]: *** Stopping the replay, returning control to the inputs
