[16:19:28] [Thread-4/INFO]: [STDOUT]: SERVER enter state: DORMANT
[16:19:28] [EnvServerSocketHandler/INFO]: Received Mission token ee38b9f6-2aa8-4c79-86c7-d1efcd5c7aa7:0:0:1:true
[16:19:28] [EnvServerSocketHandler/INFO]: Received mission init command  <MissionInit xmlns="http://ProjectMalmo.microsoft.com" xmlns:xsi="http://www.w3.org/2001/XMLSchema-instance" SchemaVersion="" PlatformVersion="0.37.0"><Mission><About><Summary>MineRLBasaltBuildVillageHouse-v0</Summary></About><ModSettings><MsPerTick>50</MsPerTick></ModSettings><ServerSection><ServerInitialConditions><Time><AllowPassageOfTime>false</AllowPassageOfTime></Time><AllowSpawning>true</AllowSpawning></ServerInitialConditions><ServerHandlers><DefaultWorldGenerator forceReset="true" generatorOptions="{}"/><ServerQuitFromTimeUp timeLimitMs="720000" description="out_of_time"/><ServerQuitWhenAnyAgentFinishes/></ServerHandlers></ServerSection><AgentSection mode="Survival"><Name>MineRLAgent0</Name><AgentStart><LowLevelInputs>true</LowLevelInputs><GuiScale>1.0</GuiScale><GammaSetting>2.0</GammaSetting><FOVSetting>70.0</FOVSetting><FakeCursorSize>16</FakeCursorSize><Inventory><InventoryObject slot="0" type="obsidian" quantity="30"/><InventoryObject slot="1" type="brewing_stand" quantity="60"/><InventoryObject slot="2" type="end_stone" quantity="8"/><InventoryObject slot="3" type="spruce_fence_gate" quantity="54"/><InventoryObject slot="4" type="activator_rail" quantity="3"/><InventoryObject slot="5" type="clay" quantity="12"/><InventoryObject slot="6" type="anvil" quantity="3"/><InventoryObject slot="7" type="mycelium" quantity="24"/><InventoryObject slot="8" type="redstone_ore" quantity="38"/><InventoryObject slot="9" type="ladder" quantity="63"/><InventoryObject slot="10" type="brewing_stand" quantity="47"/><InventoryObject slot="11" type="red_mushroom_block" quantity="21"/><InventoryObject slot="12" type="activator_rail" quantity="1"/><InventoryObject slot="13" type="acacia_stairs" quantity="59"/><InventoryObject slot="14" type="dark_oak_stairs" quantity="1"/><InventoryObject slot="15" type="stone_pressure_plate" quantity="46"/><InventoryObject slot="16" type="cactus" quantity="64"/><InventoryObject slot="17" type="brown_mushroom" quantity="26"/><InventoryObject slot="18" type="hopper" quantity="48"/><InventoryObject slot="19" type="birch_fence_gate" quantity="19"/><InventoryObject slot="20" type="daylight_detector" quantity="40"/><InventoryObject slot="21" type="prismarine" quantity="18"/><InventoryObject slot="22" type="sandstone_stairs" quantity="38"/><InventoryObject slot="23" type="snow" quantity="6"/><InventoryObject slot="24" type="quartz_block" quantity="51"/><InventoryObject slot="25" type="snow" quantity="9"/><InventoryObject slot="26" type="daylight_detector" quantity="3"/><InventoryObject slot="27" type="beacon" quantity="64"/><InventoryObject slot="28" type="heavy_weighted_pressure_plate" quantity="27"/><InventoryObject slot="29" type="red_sandstone" quantity="15"/><InventoryObject slot="30" type="torch" quantity="62"/><InventoryObject slot="31" type="command_block" quantity="16"/><InventoryObject slot="32" type="prismarine" quantity="25"/><InventoryObject slot="33" type="stone_brick_stairs" quantity="50"/><InventoryObject slot="34" type="rail" quantity="8"/><InventoryObject slot="35" type="redstone_block" quantity="62"/></Inventory><PreferredSpawnBiome>plains</PreferredSpawnBiome><DoneOnDeath>true</DoneOnDeath><SpawnInVillage>true</SpawnInVillage></AgentStart><AgentHandlers><FileBasedPerformanceProducer/><PauseCommand/><VideoProducer want_depth="false"><Width>640</Width><Height>360</Height></VideoProducer><HumanLevelCommands/><CameraCommands/></AgentHandlers></AgentSection></Mission><ExperimentUID>ee38b9f6-2aa8-4c79-86c7-d1efcd5c7aa7</ExperimentUID><ClientRole>0</ClientRole><ClientAgentConnection><ClientIPAddress>127.0.0.1</ClientIPAddress><ClientMissionControlPort>0</ClientMissionControlPort><ClientCommandsPort>0</ClientCommandsPort><AgentIPAddress>127.0.0.1</AgentIPAddress><AgentMissionControlPort>0</AgentMissionControlPort><AgentVideoPort>0</AgentVideoPort><AgentDepthPort>0</AgentDepthPort><AgentLuminancePort>0</AgentLuminancePort><AgentObservationsPort>0</AgentObservationsPort><AgentRewardsPort>0</AgentRewardsPort><AgentColourMapPort>0</AgentColourMapPort></ClientAgentConnection></MissionInit>
[16:19:29] [EnvServerSocketHandler/INFO]: [STDOUT]: Setting width, height to 640, 360
[16:19:29] [EnvServerSocketHandler/INFO]: [STDOUT]: Gamma: 2.0
[16:19:29] [EnvServerSocketHandler/INFO]: [STDOUT]: FOV: 70.0
[16:19:29] [EnvServerSocketHandler/INFO]: [STDOUT]: GuiScale: 1.0
[16:19:29] [Render thread/INFO]: [STDOUT]: Seed not provided, generating random one: 335465778658649487
[16:19:31] [Render thread/WARN]: Ambiguity between arguments [teleport, destination] and [teleport, targets] with inputs: [Player, 0123, @e, dd12be42-52a9-4a91-a8a1-11c01849e498]
[16:19:31] [Render thread/WARN]: Ambiguity between arguments [teleport, location] and [teleport, destination] with inputs: [0.1 -0.5 .9, 0 0 0]
[16:19:31] [Render thread/WARN]: Ambiguity between arguments [teleport, location] and [teleport, targets] with inputs: [0.1 -0.5 .9, 0 0 0]
[16:19:31] [Render thread/WARN]: Ambiguity between arguments [teleport, targets] and [teleport, destination] with inputs: [Player, 0123, dd12be42-52a9-4a91-a8a1-11c01849e498]
[16:19:31] [Render thread/WARN]: Ambiguity between arguments [teleport, targets, location] and [teleport, targets, destination] with inputs: [0.1 -0.5 .9, 0 0 0]
[16:19:31] [Render thread/INFO]: Reloading ResourceManager: Default
[16:19:31] [Render thread/INFO]: Loaded 7 recipes
[16:19:32] [Render thread/INFO]: Loaded 927 advancements
[16:19:32] [Render thread/INFO]: [STDOUT]: *** creating fake mouse cursor ***
[16:19:34] [Render thread/INFO]: Environment: authHost='https://authserver.mojang.com', accountsHost='https://api.mojang.com', sessionHost='https://sessionserver.mojang.com', servicesHost='https://api.minecraftservices.com', name='PROD'
[16:19:34] [Render thread/INFO]: Starting integrated minecraft server version 1.16.5
[16:19:34] [Render thread/INFO]: Generating keypair
[16:19:46] [Render thread/INFO]: Preparing start region for dimension minecraft:overworld
[16:19:59] [Render thread/INFO]: Changing view distance to 11, from 10
[16:20:00] [Render thread/INFO]: MineRLAgent0[local:E:b850687d] logged in with entity id 163 at (-665.5, 64.0, 1165.5)
[16:20:00] [Render thread/INFO]: MineRLAgent0 joined the game
[16:20:00] [Render thread/INFO]: Preparing spawn area: 0%
[16:20:00] [Render thread/INFO]: Time elapsed: 17 ms
[16:20:01] [Render thread/INFO]: [STDOUT]: Starting new video null
[16:20:01] [Render thread/INFO]: Saving and pausing game...
[16:20:01] [Render thread/INFO]: Saving chunks for level 'ServerLevel[mcpworldabfcf1c1b7d5]'/minecraft:overworld
[16:20:02] [Render thread/INFO]: Saving chunks for level 'ServerLevel[mcpworldabfcf1c1b7d5]'/minecraft:the_nether
[16:20:02] [Render thread/INFO]: Saving chunks for level 'ServerLevel[mcpworldabfcf1c1b7d5]'/minecraft:the_end
[16:20:03] [Render thread/INFO]: MineRLAgent0 has made the advancement [Ice Bucket Challenge]
[16:20:04] [Render thread/INFO]: [CHAT] MineRLAgent0 has made the advancement [Ice Bucket Challenge]
[16:20:04] [Render thread/INFO]: Loaded 58 advancements
[16:20:12] [EnvServerSocketHandler/INFO]: [STDOUT]: *** Stopping the replay, returning control to the inputs
