[15:08:21] [Thread-4/INFO]: [STDOUT]: SERVER enter state: DORMANT
[15:08:21] [EnvServerSocketHandler/INFO]: Received Mission token 18b7dba7-222b-4a2d-b7ae-183ac4dd5178:0:0:1:true
[15:08:21] [EnvServerSocketHandler/INFO]: Received mission init command  <MissionInit xmlns="http://ProjectMalmo.microsoft.com" xmlns:xsi="http://www.w3.org/2001/XMLSchema-instance" SchemaVersion="" PlatformVersion="0.37.0"><Mission><About><Summary>MineRLBasaltBuildVillageHouse-v0</Summary></About><ModSettings><MsPerTick>50</MsPerTick></ModSettings><ServerSection><ServerInitialConditions><Time><AllowPassageOfTime>false</AllowPassageOfTime></Time><AllowSpawning>true</AllowSpawning></ServerInitialConditions><ServerHandlers><DefaultWorldGenerator forceReset="true" generatorOptions="{}"/><ServerQuitFromTimeUp timeLimitMs="720000" description="out_of_time"/><ServerQuitWhenAnyAgentFinishes/></ServerHandlers></ServerSection><AgentSection mode="Survival"><Name>MineRLAgent0</Name><AgentStart><LowLevelInputs>true</LowLevelInputs><GuiScale>1.0</GuiScale><GammaSetting>2.0</GammaSetting><FOVSetting>70.0</FOVSetting><FakeCursorSize>16</FakeCursorSize><Inventory><InventoryObject slot="0" type="glass_pane" quantity="27"/><InventoryObject slot="1" type="packed_ice" quantity="2"/><InventoryObject slot="2" type="flower_pot" quantity="2"/><InventoryObject slot="3" type="dark_oak_fence_gate" quantity="57"/><InventoryObject slot="4" type="glass" quantity="52"/><InventoryObject slot="5" type="sandstone" quantity="62"/><InventoryObject slot="6" type="ladder" quantity="6"/><InventoryObject slot="7" type="nether_wart" quantity="14"/><InventoryObject slot="8" type="brown_mushroom" quantity="56"/><InventoryObject slot="9" type="redstone_lamp" quantity="8"/><InventoryObject slot="10" type="bedrock" quantity="1"/><InventoryObject slot="11" type="iron_trapdoor" quantity="9"/><InventoryObject slot="12" type="trapped_chest" quantity="22"/><InventoryObject slot="13" type="cobblestone" quantity="2"/><InventoryObject slot="14" type="birch_fence_gate" quantity="34"/><InventoryObject slot="15" type="cake" quantity="23"/><InventoryObject slot="16" type="beacon" quantity="20"/><InventoryObject slot="17" type="detector_rail" quantity="35"/><InventoryObject slot="18" type="furnace" quantity="52"/><InventoryObject slot="19" type="grass" quantity="57"/><InventoryObject slot="20" type="jungle_stairs" quantity="21"/><InventoryObject slot="21" type="enchanting_table" quantity="31"/><InventoryObject slot="22" type="ladder" quantity="33"/><InventoryObject slot="23" type="jungle_stairs" quantity="58"/><InventoryObject slot="24" type="prismarine" quantity="36"/><InventoryObject slot="25" type="red_mushroom" quantity="52"/><InventoryObject slot="26" type="prismarine" quantity="14"/><InventoryObject slot="27" type="bookshelf" quantity="2"/><InventoryObject slot="28" type="nether_brick" quantity="48"/><InventoryObject slot="29" type="stone_stairs" quantity="19"/><InventoryObject slot="30" type="furnace" quantity="38"/><InventoryObject slot="31" type="iron_block" quantity="7"/><InventoryObject slot="32" type="redstone_ore" quantity="29"/><InventoryObject slot="33" type="stone_button" quantity="2"/><InventoryObject slot="34" type="spruce_stairs" quantity="44"/><InventoryObject slot="35" type="stone_brick_stairs" quantity="37"/></Inventory><PreferredSpawnBiome>plains</PreferredSpawnBiome><DoneOnDeath>true</DoneOnDeath><SpawnInVillage>true</SpawnInVillage></AgentStart><AgentHandlers><FileBasedPerformanceProducer/><PauseCommand/><VideoProducer want_depth="false"><Width>640</Width><Height>360</Height></VideoProducer><HumanLevelCommands/><CameraCommands/></AgentHandlers></AgentSection></Mission><ExperimentUID>18b7dba7-222b-4a2d-b7ae-183ac4dd5178</ExperimentUID><ClientRole>0</ClientRole><ClientAgentConnection><ClientIPAddress>127.0.0.1</ClientIPAddress><ClientMissionControlPort>0</ClientMissionControlPort><ClientCommandsPort>0</ClientCommandsPort><AgentIPAddress>127.0.0.1</AgentIPAddress><AgentMissionControlPort>0</AgentMissionControlPort><AgentVideoPort>0</AgentVideoPort><AgentDepthPort>0</AgentDepthPort><AgentLuminancePort>0</AgentLuminancePort><AgentObservationsPort>0</AgentObservationsPort><AgentRewardsPort>0</AgentRewardsPort><AgentColourMapPort>0</AgentColourMapPort></ClientAgentConnection></MissionInit>
[15:08:22] [Render thread/INFO]: [STDOUT]: *** creating fake mouse cursor ***
[15:08:22] [EnvServerSocketHandler/INFO]: [STDOUT]: Setting width, height to 640, 360
[15:08:22] [EnvServerSocketHandler/INFO]: [STDOUT]: Gamma: 2.0
[15:08:22] [EnvServerSocketHandler/INFO]: [STDOUT]: FOV: 70.0
[15:08:22] [EnvServerSocketHandler/INFO]: [STDOUT]: GuiScale: 1.0
[15:08:22] [Render thread/INFO]: [STDOUT]: Seed not provided, generating random one: -5486368187363185939
[15:08:24] [Render thread/WARN]: Ambiguity between arguments [teleport, destination] and [teleport, targets] with inputs: [Player, 0123, @e, dd12be42-52a9-4a91-a8a1-11c01849e498]
[15:08:24] [Render thread/WARN]: Ambiguity between arguments [teleport, location] and [teleport, destination] with inputs: [0.1 -0.5 .9, 0 0 0]
[15:08:24] [Render thread/WARN]: Ambiguity between arguments [teleport, location] and [teleport, targets] with inputs: [0.1 -0.5 .9, 0 0 0]
[15:08:24] [Render thread/WARN]: Ambiguity between arguments [teleport, targets] and [teleport, destination] with inputs: [Player, 0123, dd12be42-52a9-4a91-a8a1-11c01849e498]
[15:08:24] [Render thread/WARN]: Ambiguity between arguments [teleport, targets, location] and [teleport, targets, destination] with inputs: [0.1 -0.5 .9, 0 0 0]
[15:08:24] [Render thread/INFO]: Reloading ResourceManager: Default
[15:08:24] [Render thread/INFO]: Loaded 7 recipes
[15:08:25] [Render thread/INFO]: Loaded 927 advancements
[15:08:27] [Render thread/INFO]: Environment: authHost='https://authserver.mojang.com', accountsHost='https://api.mojang.com', sessionHost='https://sessionserver.mojang.com', servicesHost='https://api.minecraftservices.com', name='PROD'
[15:08:27] [Render thread/INFO]: Starting integrated minecraft server version 1.16.5
[15:08:27] [Render thread/INFO]: Generating keypair
[15:08:32] [Render thread/INFO]: Preparing start region for dimension minecraft:overworld
[15:08:45] [Render thread/INFO]: Changing view distance to 11, from 10
[15:08:46] [Render thread/INFO]: MineRLAgent0[local:E:af829a11] logged in with entity id 156 at (-429.5, 69.0, -757.5)
[15:08:46] [Render thread/INFO]: MineRLAgent0 joined the game
[15:08:47] [Render thread/INFO]: Preparing spawn area: 0%
[15:08:47] [Render thread/INFO]: Time elapsed: 24 ms
[15:08:47] [Render thread/INFO]: [STDOUT]: Starting new video null
[15:08:47] [Render thread/INFO]: Saving and pausing game...
[15:08:47] [Render thread/INFO]: Saving chunks for level 'ServerLevel[mcpworldb7d5fd82f9c8]'/minecraft:overworld
[15:08:49] [Render thread/INFO]: Saving chunks for level 'ServerLevel[mcpworldb7d5fd82f9c8]'/minecraft:the_nether
[15:08:49] [Render thread/INFO]: Saving chunks for level 'ServerLevel[mcpworldb7d5fd82f9c8]'/minecraft:the_end
[15:08:49] [Render thread/INFO]: MineRLAgent0 has made the advancement [Stone Age]
[15:08:50] [Render thread/INFO]: [CHAT] MineRLAgent0 has made the advancement [Stone Age]
[15:08:50] [Render thread/INFO]: Loaded 83 advancements
[15:09:00] [EnvServerSocketHandler/INFO]: [STDOUT]: *** Stopping the replay, returning control to the inputs
