[16:13:09] [Thread-4/INFO]: [STDOUT]: SERVER enter state: DORMANT
[16:13:09] [EnvServerSocketHandler/INFO]: Received Mission token 0d839d78-6641-443e-b3d1-2377abc7eb2f:0:0:1:true
[16:13:09] [EnvServerSocketHandler/INFO]: Received mission init command  <MissionInit xmlns="http://ProjectMalmo.microsoft.com" xmlns:xsi="http://www.w3.org/2001/XMLSchema-instance" SchemaVersion="" PlatformVersion="0.37.0"><Mission><About><Summary>MineRLBasaltBuildVillageHouse-v0</Summary></About><ModSettings><MsPerTick>50</MsPerTick></ModSettings><ServerSection><ServerInitialConditions><Time><AllowPassageOfTime>false</AllowPassageOfTime></Time><AllowSpawning>true</AllowSpawning></ServerInitialConditions><ServerHandlers><DefaultWorldGenerator forceReset="true" generatorOptions="{}"/><ServerQuitFromTimeUp timeLimitMs="720000" description="out_of_time"/><ServerQuitWhenAnyAgentFinishes/></ServerHandlers></ServerSection><AgentSection mode="Survival"><Name>MineRLAgent0</Name><AgentStart><LowLevelInputs>true</LowLevelInputs><GuiScale>1.0</GuiScale><GammaSetting>2.0</GammaSetting><FOVSetting>70.0</FOVSetting><FakeCursorSize>16</FakeCursorSize><Inventory><InventoryObject slot="0" type="dark_oak_stairs" quantity="15"/><InventoryObject slot="1" type="gold_ore" quantity="1"/><InventoryObject slot="2" type="bedrock" quantity="61"/><InventoryObject slot="3" type="cauldron" quantity="18"/><InventoryObject slot="4" type="command_block" quantity="36"/><InventoryObject slot="5" type="trapped_chest" quantity="13"/><InventoryObject slot="6" type="sandstone_stairs" quantity="4"/><InventoryObject slot="7" type="nether_wart" quantity="25"/><InventoryObject slot="8" type="dark_oak_door" quantity="15"/><InventoryObject slot="9" type="coal_block" quantity="46"/><InventoryObject slot="10" type="trapped_chest" quantity="60"/><InventoryObject slot="11" type="red_sandstone" quantity="48"/><InventoryObject slot="12" type="acacia_stairs" quantity="62"/><InventoryObject slot="13" type="mycelium" quantity="39"/><InventoryObject slot="14" type="stone_pressure_plate" quantity="6"/><InventoryObject slot="15" type="sand" quantity="13"/><InventoryObject slot="16" type="lapis_ore" quantity="44"/><InventoryObject slot="17" type="sandstone" quantity="51"/><InventoryObject slot="18" type="mycelium" quantity="62"/><InventoryObject slot="19" type="brown_mushroom" quantity="16"/><InventoryObject slot="20" type="snow" quantity="60"/><InventoryObject slot="21" type="cake" quantity="5"/><InventoryObject slot="22" type="lapis_ore" quantity="36"/><InventoryObject slot="23" type="spruce_fence" quantity="36"/><InventoryObject slot="24" type="spruce_fence" quantity="36"/><InventoryObject slot="25" type="nether_brick_stairs" quantity="58"/><InventoryObject slot="26" type="soul_sand" quantity="61"/><InventoryObject slot="27" type="prismarine" quantity="19"/><InventoryObject slot="28" type="hopper" quantity="61"/><InventoryObject slot="29" type="birch_fence_gate" quantity="37"/><InventoryObject slot="30" type="diamond_block" quantity="29"/><InventoryObject slot="31" type="brewing_stand" quantity="34"/><InventoryObject slot="32" type="spruce_door" quantity="55"/><InventoryObject slot="33" type="stone_stairs" quantity="34"/><InventoryObject slot="34" type="grass" quantity="1"/><InventoryObject slot="35" type="redstone_block" quantity="34"/></Inventory><PreferredSpawnBiome>plains</PreferredSpawnBiome><DoneOnDeath>true</DoneOnDeath><SpawnInVillage>true</SpawnInVillage></AgentStart><AgentHandlers><FileBasedPerformanceProducer/><PauseCommand/><VideoProducer want_depth="false"><Width>640</Width><Height>360</Height></VideoProducer><HumanLevelCommands/><CameraCommands/></AgentHandlers></AgentSection></Mission><ExperimentUID>0d839d78-6641-443e-b3d1-2377abc7eb2f</ExperimentUID><ClientRole>0</ClientRole><ClientAgentConnection><ClientIPAddress>127.0.0.1</ClientIPAddress><ClientMissionControlPort>0</ClientMissionControlPort><ClientCommandsPort>0</ClientCommandsPort><AgentIPAddress>127.0.0.1</AgentIPAddress><AgentMissionControlPort>0</AgentMissionControlPort><AgentVideoPort>0</AgentVideoPort><AgentDepthPort>0</AgentDepthPort><AgentLuminancePort>0</AgentLuminancePort><AgentObservationsPort>0</AgentObservationsPort><AgentRewardsPort>0</AgentRewardsPort><AgentColourMapPort>0</AgentColourMapPort></ClientAgentConnection></MissionInit>
[16:13:10] [EnvServerSocketHandler/INFO]: [STDOUT]: Setting width, height to 640, 360
[16:13:10] [EnvServerSocketHandler/INFO]: [STDOUT]: Gamma: 2.0
[16:13:10] [EnvServerSocketHandler/INFO]: [STDOUT]: FOV: 70.0
[16:13:10] [EnvServerSocketHandler/INFO]: [STDOUT]: GuiScale: 1.0
[16:13:10] [Render thread/INFO]: [STDOUT]: Seed not provided, generating random one: -1797169023006017140
[16:13:12] [Render thread/WARN]: Ambiguity between arguments [teleport, destination] and [teleport, targets] with inputs: [Player, 0123, @e, dd12be42-52a9-4a91-a8a1-11c01849e498]
[16:13:12] [Render thread/WARN]: Ambiguity between arguments [teleport, location] and [teleport, destination] with inputs: [0.1 -0.5 .9, 0 0 0]
[16:13:12] [Render thread/WARN]: Ambiguity between arguments [teleport, location] and [teleport, targets] with inputs: [0.1 -0.5 .9, 0 0 0]
[16:13:12] [Render thread/WARN]: Ambiguity between arguments [teleport, targets] and [teleport, destination] with inputs: [Player, 0123, dd12be42-52a9-4a91-a8a1-11c01849e498]
[16:13:12] [Render thread/WARN]: Ambiguity between arguments [teleport, targets, location] and [teleport, targets, destination] with inputs: [0.1 -0.5 .9, 0 0 0]
[16:13:12] [Render thread/INFO]: Reloading ResourceManager: Default
[16:13:12] [Render thread/INFO]: Loaded 7 recipes
[16:13:13] [Render thread/INFO]: Loaded 927 advancements
[16:13:13] [Render thread/INFO]: [STDOUT]: *** creating fake mouse cursor ***
[16:13:15] [Render thread/INFO]: Environment: authHost='https://authserver.mojang.com', accountsHost='https://api.mojang.com', sessionHost='https://sessionserver.mojang.com', servicesHost='https://api.minecraftservices.com', name='PROD'
[16:13:15] [Render thread/INFO]: Starting integrated minecraft server version 1.16.5
[16:13:15] [Render thread/INFO]: Generating keypair
[16:13:27] [Render thread/INFO]: Preparing start region for dimension minecraft:overworld
[16:13:58] [Render thread/INFO]: Changing view distance to 11, from 10
[16:13:59] [Render thread/INFO]: MineRLAgent0[local:E:fd0b5723] logged in with entity id 279 at (-2045.5, 63.0, 1354.5)
[16:13:59] [Render thread/INFO]: MineRLAgent0 joined the game
[16:14:00] [Render thread/INFO]: Preparing spawn area: 0%
[16:14:00] [Render thread/INFO]: Time elapsed: 8 ms
[16:14:00] [Render thread/INFO]: [STDOUT]: Starting new video null
[16:14:00] [Render thread/INFO]: Saving and pausing game...
[16:14:00] [Render thread/INFO]: Saving chunks for level 'ServerLevel[mcpworldabfcf1c1b7d5]'/minecraft:overworld
[16:14:02] [Render thread/INFO]: Saving chunks for level 'ServerLevel[mcpworldabfcf1c1b7d5]'/minecraft:the_nether
[16:14:02] [Render thread/INFO]: Saving chunks for level 'ServerLevel[mcpworldabfcf1c1b7d5]'/minecraft:the_end
[16:14:04] [Render thread/INFO]: Loaded 64 advancements
[16:14:13] [EnvServerSocketHandler/INFO]: [STDOUT]: *** Stopping the replay, returning control to the inputs
