[15:06:31] [Thread-4/INFO]: [STDOUT]: SERVER enter state: DORMANT
[15:06:31] [EnvServerSocketHandler/INFO]: Received Mission token c5304e29-f7d5-4eb9-959e-7749e380de38:0:0:1:true
[15:06:31] [EnvServerSocketHandler/INFO]: Received mission init command  <MissionInit xmlns="http://ProjectMalmo.microsoft.com" xmlns:xsi="http://www.w3.org/2001/XMLSchema-instance" SchemaVersion="" PlatformVersion="0.37.0"><Mission><About><Summary>MineRLBasaltBuildVillageHouse-v0</Summary></About><ModSettings><MsPerTick>50</MsPerTick></ModSettings><ServerSection><ServerInitialConditions><Time><AllowPassageOfTime>false</AllowPassageOfTime></Time><AllowSpawning>true</AllowSpawning></ServerInitialConditions><ServerHandlers><DefaultWorldGenerator forceReset="true" generatorOptions="{}"/><ServerQuitFromTimeUp timeLimitMs="720000" description="out_of_time"/><ServerQuitWhenAnyAgentFinishes/></ServerHandlers></ServerSection><AgentSection mode="Survival"><Name>MineRLAgent0</Name><AgentStart><LowLevelInputs>true</LowLevelInputs><GuiScale>1.0</GuiScale><GammaSetting>2.0</GammaSetting><FOVSetting>70.0</FOVSetting><FakeCursorSize>16</FakeCursorSize><Inventory><InventoryObject slot="0" type="acacia_fence_gate" quantity="51"/><InventoryObject slot="1" type="mycelium" quantity="18"/><InventoryObject slot="2" type="light_weighted_pressure_plate" quantity="12"/><InventoryObject slot="3" type="emerald_block" quantity="37"/><InventoryObject slot="4" type="stone_pressure_plate" quantity="52"/><InventoryObject slot="5" type="gold_block" quantity="19"/><InventoryObject slot="6" type="dark_oak_fence" quantity="55"/><InventoryObject slot="7" type="beacon" quantity="35"/><InventoryObject slot="8" type="sticky_piston" quantity="4"/><InventoryObject slot="9" type="bookshelf" quantity="2"/><InventoryObject slot="10" type="cobblestone" quantity="49"/><InventoryObject slot="11" type="stone_pressure_plate" quantity="37"/><InventoryObject slot="12" type="nether_brick" quantity="47"/><InventoryObject slot="13" type="mossy_cobblestone" quantity="37"/><InventoryObject slot="14" type="ice" quantity="20"/><InventoryObject slot="15" type="jungle_fence_gate" quantity="21"/><InventoryObject slot="16" type="cake" quantity="58"/><InventoryObject slot="17" type="stone_slab" quantity="23"/><InventoryObject slot="18" type="stone_pressure_plate" quantity="60"/><InventoryObject slot="19" type="ice" quantity="30"/><InventoryObject slot="20" type="ice" quantity="62"/><InventoryObject slot="21" type="birch_fence_gate" quantity="22"/><InventoryObject slot="22" type="wheat" quantity="52"/><InventoryObject slot="23" type="light_weighted_pressure_plate" quantity="62"/><InventoryObject slot="24" type="bookshelf" quantity="16"/><InventoryObject slot="25" type="emerald_ore" quantity="23"/><InventoryObject slot="26" type="sticky_piston" quantity="5"/><InventoryObject slot="27" type="tnt" quantity="51"/><InventoryObject slot="28" type="daylight_detector" quantity="14"/><InventoryObject slot="29" type="torch" quantity="24"/><InventoryObject slot="30" type="jukebox" quantity="15"/><InventoryObject slot="31" type="glass_pane" quantity="36"/><InventoryObject slot="32" type="enchanting_table" quantity="42"/><InventoryObject slot="33" type="quartz_stairs" quantity="28"/><InventoryObject slot="34" type="jungle_fence" quantity="38"/><InventoryObject slot="35" type="stone_button" quantity="32"/></Inventory><PreferredSpawnBiome>plains</PreferredSpawnBiome><DoneOnDeath>true</DoneOnDeath><SpawnInVillage>true</SpawnInVillage></AgentStart><AgentHandlers><FileBasedPerformanceProducer/><PauseCommand/><VideoProducer want_depth="false"><Width>640</Width><Height>360</Height></VideoProducer><HumanLevelCommands/><CameraCommands/></AgentHandlers></AgentSection></Mission><ExperimentUID>c5304e29-f7d5-4eb9-959e-7749e380de38</ExperimentUID><ClientRole>0</ClientRole><ClientAgentConnection><ClientIPAddress>127.0.0.1</ClientIPAddress><ClientMissionControlPort>0</ClientMissionControlPort><ClientCommandsPort>0</ClientCommandsPort><AgentIPAddress>127.0.0.1</AgentIPAddress><AgentMissionControlPort>0</AgentMissionControlPort><AgentVideoPort>0</AgentVideoPort><AgentDepthPort>0</AgentDepthPort><AgentLuminancePort>0</AgentLuminancePort><AgentObservationsPort>0</AgentObservationsPort><AgentRewardsPort>0</AgentRewardsPort><AgentColourMapPort>0</AgentColourMapPort></ClientAgentConnection></MissionInit>
[15:06:32] [EnvServerSocketHandler/INFO]: [STDOUT]: Setting width, height to 640, 360
[15:06:32] [EnvServerSocketHandler/INFO]: [STDOUT]: Gamma: 2.0
[15:06:32] [EnvServerSocketHandler/INFO]: [STDOUT]: FOV: 70.0
[15:06:32] [EnvServerSocketHandler/INFO]: [STDOUT]: GuiScale: 1.0
[15:06:32] [Render thread/INFO]: [STDOUT]: Seed not provided, generating random one: 49763286383397101
[15:06:34] [Render thread/WARN]: Ambiguity between arguments [teleport, destination] and [teleport, targets] with inputs: [Player, 0123, @e, dd12be42-52a9-4a91-a8a1-11c01849e498]
[15:06:34] [Render thread/WARN]: Ambiguity between arguments [teleport, location] and [teleport, destination] with inputs: [0.1 -0.5 .9, 0 0 0]
[15:06:34] [Render thread/WARN]: Ambiguity between arguments [teleport, location] and [teleport, targets] with inputs: [0.1 -0.5 .9, 0 0 0]
[15:06:34] [Render thread/WARN]: Ambiguity between arguments [teleport, targets] and [teleport, destination] with inputs: [Player, 0123, dd12be42-52a9-4a91-a8a1-11c01849e498]
[15:06:34] [Render thread/WARN]: Ambiguity between arguments [teleport, targets, location] and [teleport, targets, destination] with inputs: [0.1 -0.5 .9, 0 0 0]
[15:06:34] [Render thread/INFO]: Reloading ResourceManager: Default
[15:06:35] [Render thread/INFO]: Loaded 7 recipes
[15:06:35] [Render thread/INFO]: Loaded 927 advancements
[15:06:35] [Render thread/INFO]: [STDOUT]: *** creating fake mouse cursor ***
[15:06:37] [Render thread/INFO]: Environment: authHost='https://authserver.mojang.com', accountsHost='https://api.mojang.com', sessionHost='https://sessionserver.mojang.com', servicesHost='https://api.minecraftservices.com', name='PROD'
[15:06:37] [Render thread/INFO]: Starting integrated minecraft server version 1.16.5
[15:06:37] [Render thread/INFO]: Generating keypair
[15:06:50] [Render thread/INFO]: Preparing start region for dimension minecraft:overworld
[15:07:02] [Render thread/INFO]: Changing view distance to 11, from 10
[15:07:03] [Render thread/INFO]: MineRLAgent0[local:E:6da84769] logged in with entity id 172 at (38.5, 64.0, 1070.5)
[15:07:03] [Render thread/INFO]: MineRLAgent0 joined the game
[15:07:04] [Render thread/INFO]: Preparing spawn area: 0%
[15:07:04] [Render thread/INFO]: Time elapsed: 9 ms
[15:07:04] [Render thread/INFO]: [STDOUT]: Starting new video null
[15:07:04] [Render thread/INFO]: Saving and pausing game...
[15:07:04] [Render thread/INFO]: Saving chunks for level 'ServerLevel[mcpworldabfcf1c1b7d5]'/minecraft:overworld
[15:07:06] [Render thread/INFO]: Saving chunks for level 'ServerLevel[mcpworldabfcf1c1b7d5]'/minecraft:the_nether
[15:07:06] [Render thread/INFO]: Saving chunks for level 'ServerLevel[mcpworldabfcf1c1b7d5]'/minecraft:the_end
[15:07:07] [Render thread/INFO]: MineRLAgent0 has made the advancement [Stone Age]
[15:07:07] [Render thread/INFO]: [CHAT] MineRLAgent0 has made the advancement [Stone Age]
[15:07:07] [Render thread/INFO]: Loaded 52 advancements
[15:07:16] [EnvServerSocketHandler/INFO]: [STDOUT]: *** Stopping the replay, returning control to the inputs
