[15:12:13] [Thread-4/INFO]: [STDOUT]: SERVER enter state: DORMANT
[15:12:13] [EnvServerSocketHandler/INFO]: Received Mission token 108a207d-a8b4-4ec0-9fc5-19c3d46589da:0:0:1:true
[15:12:13] [EnvServerSocketHandler/INFO]: Received mission init command  <MissionInit xmlns="http://ProjectMalmo.microsoft.com" xmlns:xsi="http://www.w3.org/2001/XMLSchema-instance" SchemaVersion="" PlatformVersion="0.37.0"><Mission><About><Summary>MineRLBasaltBuildVillageHouse-v0</Summary></About><ModSettings><MsPerTick>50</MsPerTick></ModSettings><ServerSection><ServerInitialConditions><Time><AllowPassageOfTime>false</AllowPassageOfTime></Time><AllowSpawning>true</AllowSpawning></ServerInitialConditions><ServerHandlers><DefaultWorldGenerator forceReset="true" generatorOptions="{}"/><ServerQuitFromTimeUp timeLimitMs="720000" description="out_of_time"/><ServerQuitWhenAnyAgentFinishes/></ServerHandlers></ServerSection><AgentSection mode="Survival"><Name>MineRLAgent0</Name><AgentStart><LowLevelInputs>true</LowLevelInputs><GuiScale>1.0</GuiScale><GammaSetting>2.0</GammaSetting><FOVSetting>70.0</FOVSetting><FakeCursorSize>16</FakeCursorSize><Inventory><InventoryObject slot="0" type="nether_wart" quantity="32"/><InventoryObject slot="1" type="spruce_door" quantity="11"/><InventoryObject slot="2" type="red_mushroom_block" quantity="15"/><InventoryObject slot="3" type="activator_rail" quantity="49"/><InventoryObject slot="4" type="stone_pressure_plate" quantity="50"/><InventoryObject slot="5" type="gold_block" quantity="43"/><InventoryObject slot="6" type="brewing_stand" quantity="6"/><InventoryObject slot="7" type="dropper" quantity="32"/><InventoryObject slot="8" type="vine" quantity="8"/><InventoryObject slot="9" type="snow" quantity="56"/><InventoryObject slot="10" type="birch_fence" quantity="55"/><InventoryObject slot="11" type="diamond_ore" quantity="36"/><InventoryObject slot="12" type="dark_oak_stairs" quantity="40"/><InventoryObject slot="13" type="stone_brick_stairs" quantity="23"/><InventoryObject slot="14" type="daylight_detector" quantity="20"/><InventoryObject slot="15" type="beacon" quantity="23"/><InventoryObject slot="16" type="empty" quantity="27"/><InventoryObject slot="17" type="sandstone" quantity="29"/><InventoryObject slot="18" type="end_stone" quantity="49"/><InventoryObject slot="19" type="iron_ore" quantity="38"/><InventoryObject slot="20" type="hay_block" quantity="24"/><InventoryObject slot="21" type="empty" quantity="18"/><InventoryObject slot="22" type="clay" quantity="28"/><InventoryObject slot="23" type="cake" quantity="58"/><InventoryObject slot="24" type="hopper" quantity="39"/><InventoryObject slot="25" type="stone_slab" quantity="41"/><InventoryObject slot="26" type="gravel" quantity="25"/><InventoryObject slot="27" type="empty" quantity="29"/><InventoryObject slot="28" type="sea_lantern" quantity="17"/><InventoryObject slot="29" type="nether_brick" quantity="24"/><InventoryObject slot="30" type="diamond_block" quantity="4"/><InventoryObject slot="31" type="prismarine" quantity="8"/><InventoryObject slot="32" type="gravel" quantity="55"/><InventoryObject slot="33" type="iron_door" quantity="17"/><InventoryObject slot="34" type="spruce_door" quantity="40"/><InventoryObject slot="35" type="bookshelf" quantity="8"/></Inventory><PreferredSpawnBiome>plains</PreferredSpawnBiome><DoneOnDeath>true</DoneOnDeath><SpawnInVillage>true</SpawnInVillage></AgentStart><AgentHandlers><FileBasedPerformanceProducer/><PauseCommand/><VideoProducer want_depth="false"><Width>640</Width><Height>360</Height></VideoProducer><HumanLevelCommands/><CameraCommands/></AgentHandlers></AgentSection></Mission><ExperimentUID>108a207d-a8b4-4ec0-9fc5-19c3d46589da</ExperimentUID><ClientRole>0</ClientRole><ClientAgentConnection><ClientIPAddress>127.0.0.1</ClientIPAddress><ClientMissionControlPort>0</ClientMissionControlPort><ClientCommandsPort>0</ClientCommandsPort><AgentIPAddress>127.0.0.1</AgentIPAddress><AgentMissionControlPort>0</AgentMissionControlPort><AgentVideoPort>0</AgentVideoPort><AgentDepthPort>0</AgentDepthPort><AgentLuminancePort>0</AgentLuminancePort><AgentObservationsPort>0</AgentObservationsPort><AgentRewardsPort>0</AgentRewardsPort><AgentColourMapPort>0</AgentColourMapPort></ClientAgentConnection></MissionInit>
[15:12:15] [EnvServerSocketHandler/INFO]: [STDOUT]: Setting width, height to 640, 360
[15:12:15] [EnvServerSocketHandler/INFO]: [STDOUT]: Gamma: 2.0
[15:12:15] [EnvServerSocketHandler/INFO]: [STDOUT]: FOV: 70.0
[15:12:15] [EnvServerSocketHandler/INFO]: [STDOUT]: GuiScale: 1.0
[15:12:15] [Render thread/INFO]: [STDOUT]: *** creating fake mouse cursor ***
[15:12:15] [Render thread/INFO]: [STDOUT]: Seed not provided, generating random one: -6380568838430507256
[15:12:16] [Render thread/WARN]: Ambiguity between arguments [teleport, destination] and [teleport, targets] with inputs: [Player, 0123, @e, dd12be42-52a9-4a91-a8a1-11c01849e498]
[15:12:16] [Render thread/WARN]: Ambiguity between arguments [teleport, location] and [teleport, destination] with inputs: [0.1 -0.5 .9, 0 0 0]
[15:12:16] [Render thread/WARN]: Ambiguity between arguments [teleport, location] and [teleport, targets] with inputs: [0.1 -0.5 .9, 0 0 0]
[15:12:16] [Render thread/WARN]: Ambiguity between arguments [teleport, targets] and [teleport, destination] with inputs: [Player, 0123, dd12be42-52a9-4a91-a8a1-11c01849e498]
[15:12:16] [Render thread/WARN]: Ambiguity between arguments [teleport, targets, location] and [teleport, targets, destination] with inputs: [0.1 -0.5 .9, 0 0 0]
[15:12:16] [Render thread/INFO]: Reloading ResourceManager: Default
[15:12:17] [Render thread/INFO]: Loaded 7 recipes
[15:12:17] [Render thread/INFO]: Loaded 927 advancements
[15:12:19] [Render thread/INFO]: Environment: authHost='https://authserver.mojang.com', accountsHost='https://api.mojang.com', sessionHost='https://sessionserver.mojang.com', servicesHost='https://api.minecraftservices.com', name='PROD'
[15:12:19] [Render thread/INFO]: Starting integrated minecraft server version 1.16.5
[15:12:19] [Render thread/INFO]: Generating keypair
[15:12:30] [Render thread/INFO]: Preparing start region for dimension minecraft:overworld
[15:13:03] [Render thread/INFO]: Changing view distance to 11, from 10
[15:13:04] [Render thread/INFO]: MineRLAgent0[local:E:3e70ca00] logged in with entity id 124 at (-1833.5, 64.0, -1520.5)
[15:13:04] [Render thread/INFO]: MineRLAgent0 joined the game
[15:13:04] [Render thread/INFO]: Preparing spawn area: 0%
[15:13:04] [Render thread/INFO]: Time elapsed: 7 ms
[15:13:05] [Render thread/INFO]: [STDOUT]: Starting new video null
[15:13:05] [Render thread/INFO]: Saving and pausing game...
[15:13:05] [Render thread/INFO]: Saving chunks for level 'ServerLevel[mcpworldabfcf1c1b7d5]'/minecraft:overworld
[15:13:08] [Render thread/INFO]: Saving chunks for level 'ServerLevel[mcpworldabfcf1c1b7d5]'/minecraft:the_nether
[15:13:08] [Render thread/INFO]: Saving chunks for level 'ServerLevel[mcpworldabfcf1c1b7d5]'/minecraft:the_end
[15:13:09] [Render thread/INFO]: Loaded 56 advancements
[15:13:17] [EnvServerSocketHandler/INFO]: [STDOUT]: *** Stopping the replay, returning control to the inputs
