[15:12:17] [Thread-4/INFO]: [STDOUT]: SERVER enter state: DORMANT
[15:12:17] [EnvServerSocketHandler/INFO]: Received Mission token c6bfd599-a9af-4a98-9d33-18a7ec6660ce:0:0:1:true
[15:12:17] [EnvServerSocketHandler/INFO]: Received mission init command  <MissionInit xmlns="http://ProjectMalmo.microsoft.com" xmlns:xsi="http://www.w3.org/2001/XMLSchema-instance" SchemaVersion="" PlatformVersion="0.37.0"><Mission><About><Summary>MineRLBasaltBuildVillageHouse-v0</Summary></About><ModSettings><MsPerTick>50</MsPerTick></ModSettings><ServerSection><ServerInitialConditions><Time><AllowPassageOfTime>false</AllowPassageOfTime></Time><AllowSpawning>true</AllowSpawning></ServerInitialConditions><ServerHandlers><DefaultWorldGenerator forceReset="true" generatorOptions="{}"/><ServerQuitFromTimeUp timeLimitMs="720000" description="out_of_time"/><ServerQuitWhenAnyAgentFinishes/></ServerHandlers></ServerSection><AgentSection mode="Survival"><Name>MineRLAgent0</Name><AgentStart><LowLevelInputs>true</LowLevelInputs><GuiScale>1.0</GuiScale><GammaSetting>2.0</GammaSetting><FOVSetting>70.0</FOVSetting><FakeCursorSize>16</FakeCursorSize><Inventory><InventoryObject slot="0" type="tripwire_hook" quantity="47"/><InventoryObject slot="1" type="farmland" quantity="58"/><InventoryObject slot="2" type="barrier" quantity="24"/><InventoryObject slot="3" type="bedrock" quantity="19"/><InventoryObject slot="4" type="glowstone" quantity="3"/><InventoryObject slot="5" type="packed_ice" quantity="44"/><InventoryObject slot="6" type="sandstone" quantity="43"/><InventoryObject slot="7" type="lapis_block" quantity="47"/><InventoryObject slot="8" type="red_sandstone_stairs" quantity="29"/><InventoryObject slot="9" type="light_weighted_pressure_plate" quantity="48"/><InventoryObject slot="10" type="glass_pane" quantity="12"/><InventoryObject slot="11" type="ice" quantity="64"/><InventoryObject slot="12" type="acacia_fence" quantity="41"/><InventoryObject slot="13" type="redstone_torch" quantity="31"/><InventoryObject slot="14" type="spruce_door" quantity="16"/><InventoryObject slot="15" type="diamond_block" quantity="50"/><InventoryObject slot="16" type="mycelium" quantity="52"/><InventoryObject slot="17" type="jungle_fence" quantity="5"/><InventoryObject slot="18" type="brown_mushroom_block" quantity="18"/><InventoryObject slot="19" type="packed_ice" quantity="30"/><InventoryObject slot="20" type="nether_brick" quantity="17"/><InventoryObject slot="21" type="acacia_fence_gate" quantity="55"/><InventoryObject slot="22" type="packed_ice" quantity="25"/><InventoryObject slot="23" type="jukebox" quantity="57"/><InventoryObject slot="24" type="prismarine" quantity="15"/><InventoryObject slot="25" type="tnt" quantity="39"/><InventoryObject slot="26" type="cake" quantity="43"/><InventoryObject slot="27" type="dark_oak_fence" quantity="52"/><InventoryObject slot="28" type="emerald_ore" quantity="28"/><InventoryObject slot="29" type="mycelium" quantity="64"/><InventoryObject slot="30" type="torch" quantity="5"/><InventoryObject slot="31" type="coal_block" quantity="53"/><InventoryObject slot="32" type="detector_rail" quantity="8"/><InventoryObject slot="33" type="dispenser" quantity="16"/><InventoryObject slot="34" type="detector_rail" quantity="19"/><InventoryObject slot="35" type="gold_ore" quantity="48"/></Inventory><PreferredSpawnBiome>plains</PreferredSpawnBiome><DoneOnDeath>true</DoneOnDeath><SpawnInVillage>true</SpawnInVillage></AgentStart><AgentHandlers><FileBasedPerformanceProducer/><PauseCommand/><VideoProducer want_depth="false"><Width>640</Width><Height>360</Height></VideoProducer><HumanLevelCommands/><CameraCommands/></AgentHandlers></AgentSection></Mission><ExperimentUID>c6bfd599-a9af-4a98-9d33-18a7ec6660ce</ExperimentUID><ClientRole>0</ClientRole><ClientAgentConnection><ClientIPAddress>127.0.0.1</ClientIPAddress><ClientMissionControlPort>0</ClientMissionControlPort><ClientCommandsPort>0</ClientCommandsPort><AgentIPAddress>127.0.0.1</AgentIPAddress><AgentMissionControlPort>0</AgentMissionControlPort><AgentVideoPort>0</AgentVideoPort><AgentDepthPort>0</AgentDepthPort><AgentLuminancePort>0</AgentLuminancePort><AgentObservationsPort>0</AgentObservationsPort><AgentRewardsPort>0</AgentRewardsPort><AgentColourMapPort>0</AgentColourMapPort></ClientAgentConnection></MissionInit>
[15:12:18] [Render thread/INFO]: [STDOUT]: *** creating fake mouse cursor ***
[15:12:18] [EnvServerSocketHandler/INFO]: [STDOUT]: Setting width, height to 640, 360
[15:12:18] [EnvServerSocketHandler/INFO]: [STDOUT]: Gamma: 2.0
[15:12:18] [EnvServerSocketHandler/INFO]: [STDOUT]: FOV: 70.0
[15:12:18] [EnvServerSocketHandler/INFO]: [STDOUT]: GuiScale: 1.0
[15:12:19] [Render thread/INFO]: [STDOUT]: Seed not provided, generating random one: -7849551009087869895
[15:12:20] [Render thread/WARN]: Ambiguity between arguments [teleport, destination] and [teleport, targets] with inputs: [Player, 0123, @e, dd12be42-52a9-4a91-a8a1-11c01849e498]
[15:12:20] [Render thread/WARN]: Ambiguity between arguments [teleport, location] and [teleport, destination] with inputs: [0.1 -0.5 .9, 0 0 0]
[15:12:20] [Render thread/WARN]: Ambiguity between arguments [teleport, location] and [teleport, targets] with inputs: [0.1 -0.5 .9, 0 0 0]
[15:12:20] [Render thread/WARN]: Ambiguity between arguments [teleport, targets] and [teleport, destination] with inputs: [Player, 0123, dd12be42-52a9-4a91-a8a1-11c01849e498]
[15:12:20] [Render thread/WARN]: Ambiguity between arguments [teleport, targets, location] and [teleport, targets, destination] with inputs: [0.1 -0.5 .9, 0 0 0]
[15:12:20] [Render thread/INFO]: Reloading ResourceManager: Default
[15:12:21] [Render thread/INFO]: Loaded 7 recipes
[15:12:21] [Render thread/INFO]: Loaded 927 advancements
[15:12:23] [Render thread/INFO]: Environment: authHost='https://authserver.mojang.com', accountsHost='https://api.mojang.com', sessionHost='https://sessionserver.mojang.com', servicesHost='https://api.minecraftservices.com', name='PROD'
[15:12:23] [Render thread/INFO]: Starting integrated minecraft server version 1.16.5
[15:12:23] [Render thread/INFO]: Generating keypair
[15:12:34] [Render thread/INFO]: Preparing start region for dimension minecraft:overworld
[15:13:11] [Render thread/INFO]: Changing view distance to 11, from 10
[15:13:12] [Render thread/INFO]: MineRLAgent0[local:E:391a6b43] logged in with entity id 252 at (-2924.5, 64.0, 730.5)
[15:13:12] [Render thread/INFO]: MineRLAgent0 joined the game
[15:13:12] [Render thread/INFO]: Preparing spawn area: 8%
[15:13:12] [Render thread/INFO]: Time elapsed: 6 ms
[15:13:13] [Render thread/INFO]: [STDOUT]: Starting new video null
[15:13:13] [Render thread/INFO]: Saving and pausing game...
[15:13:13] [Render thread/INFO]: Saving chunks for level 'ServerLevel[mcpworldb7d5fd82f9c8]'/minecraft:overworld
[15:13:15] [Render thread/INFO]: Saving chunks for level 'ServerLevel[mcpworldb7d5fd82f9c8]'/minecraft:the_nether
[15:13:15] [Render thread/INFO]: Saving chunks for level 'ServerLevel[mcpworldb7d5fd82f9c8]'/minecraft:the_end
[15:13:16] [Render thread/INFO]: Loaded 50 advancements
[15:13:24] [EnvServerSocketHandler/INFO]: [STDOUT]: *** Stopping the replay, returning control to the inputs
