[15:55:26] [Thread-4/INFO]: [STDOUT]: SERVER enter state: DORMANT
[15:55:26] [EnvServerSocketHandler/INFO]: Received Mission token 7c1e699f-7e47-4b59-a0c4-dda38cf6f5e6:0:0:1:true
[15:55:26] [EnvServerSocketHandler/INFO]: Received mission init command  <MissionInit xmlns="http://ProjectMalmo.microsoft.com" xmlns:xsi="http://www.w3.org/2001/XMLSchema-instance" SchemaVersion="" PlatformVersion="0.37.0"><Mission><About><Summary>MineRLBasaltBuildVillageHouse-v0</Summary></About><ModSettings><MsPerTick>50</MsPerTick></ModSettings><ServerSection><ServerInitialConditions><Time><AllowPassageOfTime>false</AllowPassageOfTime></Time><AllowSpawning>true</AllowSpawning></ServerInitialConditions><ServerHandlers><DefaultWorldGenerator forceReset="true" generatorOptions="{}"/><ServerQuitFromTimeUp timeLimitMs="720000" description="out_of_time"/><ServerQuitWhenAnyAgentFinishes/></ServerHandlers></ServerSection><AgentSection mode="Survival"><Name>MineRLAgent0</Name><AgentStart><LowLevelInputs>true</LowLevelInputs><GuiScale>1.0</GuiScale><GammaSetting>2.0</GammaSetting><FOVSetting>70.0</FOVSetting><FakeCursorSize>16</FakeCursorSize><Inventory><InventoryObject slot="0" type="redstone_block" quantity="18"/><InventoryObject slot="1" type="light_weighted_pressure_plate" quantity="24"/><InventoryObject slot="2" type="iron_door" quantity="15"/><InventoryObject slot="3" type="sponge" quantity="46"/><InventoryObject slot="4" type="flower_pot" quantity="31"/><InventoryObject slot="5" type="pumpkin" quantity="44"/><InventoryObject slot="6" type="gravel" quantity="43"/><InventoryObject slot="7" type="jungle_fence" quantity="53"/><InventoryObject slot="8" type="lever" quantity="18"/><InventoryObject slot="9" type="quartz_stairs" quantity="1"/><InventoryObject slot="10" type="oak_stairs" quantity="62"/><InventoryObject slot="11" type="sand" quantity="8"/><InventoryObject slot="12" type="heavy_weighted_pressure_plate" quantity="51"/><InventoryObject slot="13" type="sandstone" quantity="3"/><InventoryObject slot="14" type="cobblestone_wall" quantity="14"/><InventoryObject slot="15" type="nether_brick" quantity="18"/><InventoryObject slot="16" type="gold_ore" quantity="30"/><InventoryObject slot="17" type="ladder" quantity="63"/><InventoryObject slot="18" type="brick_stairs" quantity="27"/><InventoryObject slot="19" type="gold_block" quantity="41"/><InventoryObject slot="20" type="stone" quantity="56"/><InventoryObject slot="21" type="nether_brick_fence" quantity="1"/><InventoryObject slot="22" type="acacia_stairs" quantity="44"/><InventoryObject slot="23" type="coal_block" quantity="3"/><InventoryObject slot="24" type="jukebox" quantity="50"/><InventoryObject slot="25" type="coal_block" quantity="24"/><InventoryObject slot="26" type="redstone_block" quantity="60"/><InventoryObject slot="27" type="chest" quantity="51"/><InventoryObject slot="28" type="birch_stairs" quantity="45"/><InventoryObject slot="29" type="sandstone" quantity="59"/><InventoryObject slot="30" type="light_weighted_pressure_plate" quantity="41"/><InventoryObject slot="31" type="light_weighted_pressure_plate" quantity="58"/><InventoryObject slot="32" type="gravel" quantity="56"/><InventoryObject slot="33" type="torch" quantity="60"/><InventoryObject slot="34" type="stone_pressure_plate" quantity="56"/><InventoryObject slot="35" type="dropper" quantity="20"/></Inventory><PreferredSpawnBiome>plains</PreferredSpawnBiome><DoneOnDeath>true</DoneOnDeath><SpawnInVillage>true</SpawnInVillage></AgentStart><AgentHandlers><FileBasedPerformanceProducer/><PauseCommand/><VideoProducer want_depth="false"><Width>640</Width><Height>360</Height></VideoProducer><HumanLevelCommands/><CameraCommands/></AgentHandlers></AgentSection></Mission><ExperimentUID>7c1e699f-7e47-4b59-a0c4-dda38cf6f5e6</ExperimentUID><ClientRole>0</ClientRole><ClientAgentConnection><ClientIPAddress>127.0.0.1</ClientIPAddress><ClientMissionControlPort>0</ClientMissionControlPort><ClientCommandsPort>0</ClientCommandsPort><AgentIPAddress>127.0.0.1</AgentIPAddress><AgentMissionControlPort>0</AgentMissionControlPort><AgentVideoPort>0</AgentVideoPort><AgentDepthPort>0</AgentDepthPort><AgentLuminancePort>0</AgentLuminancePort><AgentObservationsPort>0</AgentObservationsPort><AgentRewardsPort>0</AgentRewardsPort><AgentColourMapPort>0</AgentColourMapPort></ClientAgentConnection></MissionInit>
[15:55:27] [EnvServerSocketHandler/INFO]: [STDOUT]: Setting width, height to 640, 360
[15:55:27] [EnvServerSocketHandler/INFO]: [STDOUT]: Gamma: 2.0
[15:55:27] [EnvServerSocketHandler/INFO]: [STDOUT]: FOV: 70.0
[15:55:27] [EnvServerSocketHandler/INFO]: [STDOUT]: GuiScale: 1.0
[15:55:27] [Render thread/INFO]: [STDOUT]: *** creating fake mouse cursor ***
[15:55:27] [Render thread/INFO]: [STDOUT]: Seed not provided, generating random one: -7302867281827011198
[15:55:29] [Render thread/WARN]: Ambiguity between arguments [teleport, destination] and [teleport, targets] with inputs: [Player, 0123, @e, dd12be42-52a9-4a91-a8a1-11c01849e498]
[15:55:29] [Render thread/WARN]: Ambiguity between arguments [teleport, location] and [teleport, destination] with inputs: [0.1 -0.5 .9, 0 0 0]
[15:55:29] [Render thread/WARN]: Ambiguity between arguments [teleport, location] and [teleport, targets] with inputs: [0.1 -0.5 .9, 0 0 0]
[15:55:29] [Render thread/WARN]: Ambiguity between arguments [teleport, targets] and [teleport, destination] with inputs: [Player, 0123, dd12be42-52a9-4a91-a8a1-11c01849e498]
[15:55:29] [Render thread/WARN]: Ambiguity between arguments [teleport, targets, location] and [teleport, targets, destination] with inputs: [0.1 -0.5 .9, 0 0 0]
[15:55:29] [Render thread/INFO]: Reloading ResourceManager: Default
[15:55:30] [Render thread/INFO]: Loaded 7 recipes
[15:55:30] [Render thread/INFO]: Loaded 927 advancements
[15:55:32] [Render thread/INFO]: Environment: authHost='https://authserver.mojang.com', accountsHost='https://api.mojang.com', sessionHost='https://sessionserver.mojang.com', servicesHost='https://api.minecraftservices.com', name='PROD'
[15:55:32] [Render thread/INFO]: Starting integrated minecraft server version 1.16.5
[15:55:32] [Render thread/INFO]: Generating keypair
[15:55:45] [Render thread/INFO]: Preparing start region for dimension minecraft:overworld
[15:56:09] [Render thread/INFO]: Changing view distance to 11, from 10
[15:56:10] [Render thread/INFO]: MineRLAgent0[local:E:fd072d88] logged in with entity id 167 at (1206.5, 63.0, -1007.5)
[15:56:10] [Render thread/INFO]: MineRLAgent0 joined the game
[15:56:10] [Render thread/INFO]: Preparing spawn area: 0%
[15:56:10] [Render thread/INFO]: Time elapsed: 19 ms
[15:56:11] [Render thread/INFO]: [STDOUT]: Starting new video null
[15:56:11] [Render thread/INFO]: Saving and pausing game...
[15:56:11] [Render thread/INFO]: Saving chunks for level 'ServerLevel[mcpworldb7d5fd82f9c8]'/minecraft:overworld
[15:56:12] [Render thread/INFO]: Saving chunks for level 'ServerLevel[mcpworldb7d5fd82f9c8]'/minecraft:the_nether
[15:56:12] [Render thread/INFO]: Saving chunks for level 'ServerLevel[mcpworldb7d5fd82f9c8]'/minecraft:the_end
[15:56:13] [Render thread/INFO]: Loaded 55 advancements
[15:56:21] [EnvServerSocketHandler/INFO]: [STDOUT]: *** Stopping the replay, returning control to the inputs
