[16:26:28] [Thread-4/INFO]: [STDOUT]: SERVER enter state: DORMANT
[16:26:28] [EnvServerSocketHandler/INFO]: Received Mission token 28489c42-1782-4b0d-a8af-5fad1ad3cbf9:0:0:1:true
[16:26:28] [EnvServerSocketHandler/INFO]: Received mission init command  <MissionInit xmlns="http://ProjectMalmo.microsoft.com" xmlns:xsi="http://www.w3.org/2001/XMLSchema-instance" SchemaVersion="" PlatformVersion="0.37.0"><Mission><About><Summary>MineRLBasaltBuildVillageHouse-v0</Summary></About><ModSettings><MsPerTick>50</MsPerTick></ModSettings><ServerSection><ServerInitialConditions><Time><AllowPassageOfTime>false</AllowPassageOfTime></Time><AllowSpawning>true</AllowSpawning></ServerInitialConditions><ServerHandlers><DefaultWorldGenerator forceReset="true" generatorOptions="{}"/><ServerQuitFromTimeUp timeLimitMs="720000" description="out_of_time"/><ServerQuitWhenAnyAgentFinishes/></ServerHandlers></ServerSection><AgentSection mode="Survival"><Name>MineRLAgent0</Name><AgentStart><LowLevelInputs>true</LowLevelInputs><GuiScale>1.0</GuiScale><GammaSetting>2.0</GammaSetting><FOVSetting>70.0</FOVSetting><FakeCursorSize>16</FakeCursorSize><Inventory><InventoryObject slot="0" type="crafting_table" quantity="36"/><InventoryObject slot="1" type="acacia_fence" quantity="60"/><InventoryObject slot="2" type="tripwire_hook" quantity="36"/><InventoryObject slot="3" type="clay" quantity="27"/><InventoryObject slot="4" type="jungle_stairs" quantity="7"/><InventoryObject slot="5" type="acacia_fence" quantity="46"/><InventoryObject slot="6" type="diamond_block" quantity="16"/><InventoryObject slot="7" type="ice" quantity="5"/><InventoryObject slot="8" type="dispenser" quantity="14"/><InventoryObject slot="9" type="heavy_weighted_pressure_plate" quantity="30"/><InventoryObject slot="10" type="barrier" quantity="28"/><InventoryObject slot="11" type="brick_stairs" quantity="47"/><InventoryObject slot="12" type="nether_brick_fence" quantity="36"/><InventoryObject slot="13" type="coal_block" quantity="45"/><InventoryObject slot="14" type="gravel" quantity="41"/><InventoryObject slot="15" type="dark_oak_fence_gate" quantity="64"/><InventoryObject slot="16" type="iron_bars" quantity="54"/><InventoryObject slot="17" type="dark_oak_door" quantity="58"/><InventoryObject slot="18" type="gravel" quantity="11"/><InventoryObject slot="19" type="cobblestone" quantity="2"/><InventoryObject slot="20" type="glowstone" quantity="17"/><InventoryObject slot="21" type="quartz_stairs" quantity="10"/><InventoryObject slot="22" type="quartz_block" quantity="13"/><InventoryObject slot="23" type="coal_ore" quantity="30"/><InventoryObject slot="24" type="spruce_stairs" quantity="55"/><InventoryObject slot="25" type="grass" quantity="10"/><InventoryObject slot="26" type="stone" quantity="11"/><InventoryObject slot="27" type="oak_stairs" quantity="1"/><InventoryObject slot="28" type="sea_lantern" quantity="31"/><InventoryObject slot="29" type="birch_stairs" quantity="58"/><InventoryObject slot="30" type="gold_block" quantity="26"/><InventoryObject slot="31" type="nether_brick_fence" quantity="14"/><InventoryObject slot="32" type="mycelium" quantity="29"/><InventoryObject slot="33" type="beacon" quantity="37"/><InventoryObject slot="34" type="brown_mushroom_block" quantity="38"/><InventoryObject slot="35" type="wheat" quantity="23"/></Inventory><PreferredSpawnBiome>plains</PreferredSpawnBiome><DoneOnDeath>true</DoneOnDeath><SpawnInVillage>true</SpawnInVillage></AgentStart><AgentHandlers><FileBasedPerformanceProducer/><PauseCommand/><VideoProducer want_depth="false"><Width>640</Width><Height>360</Height></VideoProducer><HumanLevelCommands/><CameraCommands/></AgentHandlers></AgentSection></Mission><ExperimentUID>28489c42-1782-4b0d-a8af-5fad1ad3cbf9</ExperimentUID><ClientRole>0</ClientRole><ClientAgentConnection><ClientIPAddress>127.0.0.1</ClientIPAddress><ClientMissionControlPort>0</ClientMissionControlPort><ClientCommandsPort>0</ClientCommandsPort><AgentIPAddress>127.0.0.1</AgentIPAddress><AgentMissionControlPort>0</AgentMissionControlPort><AgentVideoPort>0</AgentVideoPort><AgentDepthPort>0</AgentDepthPort><AgentLuminancePort>0</AgentLuminancePort><AgentObservationsPort>0</AgentObservationsPort><AgentRewardsPort>0</AgentRewardsPort><AgentColourMapPort>0</AgentColourMapPort></ClientAgentConnection></MissionInit>
[16:26:29] [Render thread/INFO]: [STDOUT]: *** creating fake mouse cursor ***
[16:26:29] [EnvServerSocketHandler/INFO]: [STDOUT]: Setting width, height to 640, 360
[16:26:29] [EnvServerSocketHandler/INFO]: [STDOUT]: Gamma: 2.0
[16:26:29] [EnvServerSocketHandler/INFO]: [STDOUT]: FOV: 70.0
[16:26:29] [EnvServerSocketHandler/INFO]: [STDOUT]: GuiScale: 1.0
[16:26:29] [Render thread/INFO]: [STDOUT]: Seed not provided, generating random one: -9068953778027525389
[16:26:31] [Render thread/WARN]: Ambiguity between arguments [teleport, destination] and [teleport, targets] with inputs: [Player, 0123, @e, dd12be42-52a9-4a91-a8a1-11c01849e498]
[16:26:31] [Render thread/WARN]: Ambiguity between arguments [teleport, location] and [teleport, destination] with inputs: [0.1 -0.5 .9, 0 0 0]
[16:26:31] [Render thread/WARN]: Ambiguity between arguments [teleport, location] and [teleport, targets] with inputs: [0.1 -0.5 .9, 0 0 0]
[16:26:31] [Render thread/WARN]: Ambiguity between arguments [teleport, targets] and [teleport, destination] with inputs: [Player, 0123, dd12be42-52a9-4a91-a8a1-11c01849e498]
[16:26:31] [Render thread/WARN]: Ambiguity between arguments [teleport, targets, location] and [teleport, targets, destination] with inputs: [0.1 -0.5 .9, 0 0 0]
[16:26:31] [Render thread/INFO]: Reloading ResourceManager: Default
[16:26:32] [Render thread/INFO]: Loaded 7 recipes
[16:26:32] [Render thread/INFO]: Loaded 927 advancements
[16:26:34] [Render thread/INFO]: Environment: authHost='https://authserver.mojang.com', accountsHost='https://api.mojang.com', sessionHost='https://sessionserver.mojang.com', servicesHost='https://api.minecraftservices.com', name='PROD'
[16:26:34] [Render thread/INFO]: Starting integrated minecraft server version 1.16.5
[16:26:34] [Render thread/INFO]: Generating keypair
[16:26:45] [Render thread/INFO]: Preparing start region for dimension minecraft:overworld
[16:27:12] [Render thread/INFO]: Changing view distance to 11, from 10
[16:27:13] [Render thread/INFO]: MineRLAgent0[local:E:f84bd815] logged in with entity id 182 at (-2489.5, 67.0, 237.5)
[16:27:13] [Render thread/INFO]: MineRLAgent0 joined the game
[16:27:13] [Render thread/INFO]: Preparing spawn area: 0%
[16:27:13] [Render thread/INFO]: Time elapsed: 10 ms
[16:27:14] [Render thread/INFO]: [STDOUT]: Starting new video null
[16:27:14] [Render thread/INFO]: Saving and pausing game...
[16:27:14] [Render thread/INFO]: Saving chunks for level 'ServerLevel[mcpworldb7d5fd82f9c8]'/minecraft:overworld
[16:27:17] [Render thread/INFO]: Saving chunks for level 'ServerLevel[mcpworldb7d5fd82f9c8]'/minecraft:the_nether
[16:27:17] [Render thread/INFO]: Saving chunks for level 'ServerLevel[mcpworldb7d5fd82f9c8]'/minecraft:the_end
[16:27:18] [Render thread/INFO]: MineRLAgent0 has made the advancement [Stone Age]
[16:27:18] [Render thread/INFO]: [CHAT] MineRLAgent0 has made the advancement [Stone Age]
[16:27:18] [Render thread/INFO]: Loaded 74 advancements
[16:27:27] [EnvServerSocketHandler/INFO]: [STDOUT]: *** Stopping the replay, returning control to the inputs
