[14:48:20] [Thread-4/INFO]: [STDOUT]: SERVER enter state: DORMANT
[14:48:20] [EnvServerSocketHandler/INFO]: Received Mission token d8c9566d-6408-45f1-9705-97490afe5587:0:0:1:true
[14:48:20] [EnvServerSocketHandler/INFO]: Received mission init command  <MissionInit xmlns="http://ProjectMalmo.microsoft.com" xmlns:xsi="http://www.w3.org/2001/XMLSchema-instance" SchemaVersion="" PlatformVersion="0.37.0"><Mission><About><Summary>MineRLBasaltBuildVillageHouse-v0</Summary></About><ModSettings><MsPerTick>50</MsPerTick></ModSettings><ServerSection><ServerInitialConditions><Time><AllowPassageOfTime>false</AllowPassageOfTime></Time><AllowSpawning>true</AllowSpawning></ServerInitialConditions><ServerHandlers><DefaultWorldGenerator forceReset="true" generatorOptions="{}"/><ServerQuitFromTimeUp timeLimitMs="720000" description="out_of_time"/><ServerQuitWhenAnyAgentFinishes/></ServerHandlers></ServerSection><AgentSection mode="Survival"><Name>MineRLAgent0</Name><AgentStart><LowLevelInputs>true</LowLevelInputs><GuiScale>1.0</GuiScale><GammaSetting>2.0</GammaSetting><FOVSetting>70.0</FOVSetting><FakeCursorSize>16</FakeCursorSize><Inventory><InventoryObject slot="0" type="brown_mushroom" quantity="51"/><InventoryObject slot="1" type="stone_brick_stairs" quantity="59"/><InventoryObject slot="2" type="packed_ice" quantity="10"/><InventoryObject slot="3" type="dark_oak_stairs" quantity="20"/><InventoryObject slot="4" type="furnace" quantity="52"/><InventoryObject slot="5" type="beacon" quantity="16"/><InventoryObject slot="6" type="netherrack" quantity="55"/><InventoryObject slot="7" type="iron_ore" quantity="62"/><InventoryObject slot="8" type="quartz_stairs" quantity="14"/><InventoryObject slot="9" type="spruce_fence" quantity="5"/><InventoryObject slot="10" type="nether_wart" quantity="58"/><InventoryObject slot="11" type="iron_door" quantity="36"/><InventoryObject slot="12" type="tnt" quantity="40"/><InventoryObject slot="13" type="acacia_fence" quantity="52"/><InventoryObject slot="14" type="acacia_door" quantity="6"/><InventoryObject slot="15" type="dragon_egg" quantity="11"/><InventoryObject slot="16" type="iron_bars" quantity="1"/><InventoryObject slot="17" type="hopper" quantity="20"/><InventoryObject slot="18" type="jungle_stairs" quantity="6"/><InventoryObject slot="19" type="gold_ore" quantity="3"/><InventoryObject slot="20" type="jungle_door" quantity="62"/><InventoryObject slot="21" type="dirt" quantity="33"/><InventoryObject slot="22" type="redstone_torch" quantity="29"/><InventoryObject slot="23" type="torch" quantity="27"/><InventoryObject slot="24" type="jungle_stairs" quantity="27"/><InventoryObject slot="25" type="stone_slab" quantity="34"/><InventoryObject slot="26" type="stone_button" quantity="10"/><InventoryObject slot="27" type="dirt" quantity="9"/><InventoryObject slot="28" type="furnace" quantity="5"/><InventoryObject slot="29" type="snow" quantity="18"/><InventoryObject slot="30" type="soul_sand" quantity="63"/><InventoryObject slot="31" type="brown_mushroom" quantity="10"/><InventoryObject slot="32" type="cactus" quantity="27"/><InventoryObject slot="33" type="acacia_stairs" quantity="61"/><InventoryObject slot="34" type="mossy_cobblestone" quantity="1"/><InventoryObject slot="35" type="acacia_fence" quantity="6"/></Inventory><PreferredSpawnBiome>plains</PreferredSpawnBiome><DoneOnDeath>true</DoneOnDeath><SpawnInVillage>true</SpawnInVillage></AgentStart><AgentHandlers><FileBasedPerformanceProducer/><PauseCommand/><VideoProducer want_depth="false"><Width>640</Width><Height>360</Height></VideoProducer><HumanLevelCommands/><CameraCommands/></AgentHandlers></AgentSection></Mission><ExperimentUID>d8c9566d-6408-45f1-9705-97490afe5587</ExperimentUID><ClientRole>0</ClientRole><ClientAgentConnection><ClientIPAddress>127.0.0.1</ClientIPAddress><ClientMissionControlPort>0</ClientMissionControlPort><ClientCommandsPort>0</ClientCommandsPort><AgentIPAddress>127.0.0.1</AgentIPAddress><AgentMissionControlPort>0</AgentMissionControlPort><AgentVideoPort>0</AgentVideoPort><AgentDepthPort>0</AgentDepthPort><AgentLuminancePort>0</AgentLuminancePort><AgentObservationsPort>0</AgentObservationsPort><AgentRewardsPort>0</AgentRewardsPort><AgentColourMapPort>0</AgentColourMapPort></ClientAgentConnection></MissionInit>
[14:48:21] [EnvServerSocketHandler/INFO]: [STDOUT]: Setting width, height to 640, 360
[14:48:21] [EnvServerSocketHandler/INFO]: [STDOUT]: Gamma: 2.0
[14:48:21] [EnvServerSocketHandler/INFO]: [STDOUT]: FOV: 70.0
[14:48:21] [EnvServerSocketHandler/INFO]: [STDOUT]: GuiScale: 1.0
[14:48:21] [Render thread/INFO]: [STDOUT]: Seed not provided, generating random one: -1114918727093081398
[14:48:23] [Render thread/WARN]: Ambiguity between arguments [teleport, destination] and [teleport, targets] with inputs: [Player, 0123, @e, dd12be42-52a9-4a91-a8a1-11c01849e498]
[14:48:23] [Render thread/WARN]: Ambiguity between arguments [teleport, location] and [teleport, destination] with inputs: [0.1 -0.5 .9, 0 0 0]
[14:48:23] [Render thread/WARN]: Ambiguity between arguments [teleport, location] and [teleport, targets] with inputs: [0.1 -0.5 .9, 0 0 0]
[14:48:23] [Render thread/WARN]: Ambiguity between arguments [teleport, targets] and [teleport, destination] with inputs: [Player, 0123, dd12be42-52a9-4a91-a8a1-11c01849e498]
[14:48:23] [Render thread/WARN]: Ambiguity between arguments [teleport, targets, location] and [teleport, targets, destination] with inputs: [0.1 -0.5 .9, 0 0 0]
[14:48:23] [Render thread/INFO]: Reloading ResourceManager: Default
[14:48:24] [Render thread/INFO]: Loaded 7 recipes
[14:48:24] [Render thread/INFO]: Loaded 927 advancements
[14:48:24] [Render thread/INFO]: [STDOUT]: *** creating fake mouse cursor ***
[14:48:26] [Render thread/INFO]: Environment: authHost='https://authserver.mojang.com', accountsHost='https://api.mojang.com', sessionHost='https://sessionserver.mojang.com', servicesHost='https://api.minecraftservices.com', name='PROD'
[14:48:26] [Render thread/INFO]: Starting integrated minecraft server version 1.16.5
[14:48:26] [Render thread/INFO]: Generating keypair
[14:48:35] [Render thread/INFO]: Preparing start region for dimension minecraft:overworld
[14:49:11] [Render thread/INFO]: Changing view distance to 11, from 10
[14:49:12] [Render thread/INFO]: MineRLAgent0[local:E:5843af91] logged in with entity id 150 at (-1853.5, 65.0, -2997.5)
[14:49:12] [Render thread/INFO]: MineRLAgent0 joined the game
[14:49:12] [Render thread/INFO]: Preparing spawn area: 5%
[14:49:12] [Render thread/INFO]: Time elapsed: 19 ms
[14:49:13] [Render thread/INFO]: [STDOUT]: Starting new video null
[14:49:13] [Render thread/INFO]: Saving and pausing game...
[14:49:13] [Render thread/INFO]: Saving chunks for level 'ServerLevel[mcpworldabfcf1c1b7d5]'/minecraft:overworld
[14:49:15] [Render thread/INFO]: Saving chunks for level 'ServerLevel[mcpworldabfcf1c1b7d5]'/minecraft:the_nether
[14:49:15] [Render thread/INFO]: Saving chunks for level 'ServerLevel[mcpworldabfcf1c1b7d5]'/minecraft:the_end
[14:49:16] [Render thread/INFO]: MineRLAgent0 has reached the goal [The Next Generation]
[14:49:16] [Render thread/INFO]: [CHAT] MineRLAgent0 has reached the goal [The Next Generation]
[14:49:16] [Render thread/INFO]: Loaded 28 advancements
[14:49:24] [EnvServerSocketHandler/INFO]: [STDOUT]: *** Stopping the replay, returning control to the inputs
