[16:28:00] [Thread-4/INFO]: [STDOUT]: SERVER enter state: DORMANT
[16:28:00] [EnvServerSocketHandler/INFO]: Received Mission token 86a18f67-cd37-485c-b6ba-f71007a4716b:0:0:1:true
[16:28:00] [EnvServerSocketHandler/INFO]: Received mission init command  <MissionInit xmlns="http://ProjectMalmo.microsoft.com" xmlns:xsi="http://www.w3.org/2001/XMLSchema-instance" SchemaVersion="" PlatformVersion="0.37.0"><Mission><About><Summary>MineRLBasaltBuildVillageHouse-v0</Summary></About><ModSettings><MsPerTick>50</MsPerTick></ModSettings><ServerSection><ServerInitialConditions><Time><AllowPassageOfTime>false</AllowPassageOfTime></Time><AllowSpawning>true</AllowSpawning></ServerInitialConditions><ServerHandlers><DefaultWorldGenerator forceReset="true" generatorOptions="{}"/><ServerQuitFromTimeUp timeLimitMs="720000" description="out_of_time"/><ServerQuitWhenAnyAgentFinishes/></ServerHandlers></ServerSection><AgentSection mode="Survival"><Name>MineRLAgent0</Name><AgentStart><LowLevelInputs>true</LowLevelInputs><GuiScale>1.0</GuiScale><GammaSetting>2.0</GammaSetting><FOVSetting>70.0</FOVSetting><FakeCursorSize>16</FakeCursorSize><Inventory><InventoryObject slot="0" type="spruce_stairs" quantity="63"/><InventoryObject slot="1" type="cauldron" quantity="14"/><InventoryObject slot="2" type="sticky_piston" quantity="56"/><InventoryObject slot="3" type="mossy_cobblestone" quantity="31"/><InventoryObject slot="4" type="sandstone" quantity="48"/><InventoryObject slot="5" type="rail" quantity="10"/><InventoryObject slot="6" type="mycelium" quantity="22"/><InventoryObject slot="7" type="brown_mushroom" quantity="3"/><InventoryObject slot="8" type="obsidian" quantity="41"/><InventoryObject slot="9" type="soul_sand" quantity="58"/><InventoryObject slot="10" type="cauldron" quantity="7"/><InventoryObject slot="11" type="daylight_detector" quantity="45"/><InventoryObject slot="12" type="trapped_chest" quantity="11"/><InventoryObject slot="13" type="tnt" quantity="42"/><InventoryObject slot="14" type="dark_oak_fence_gate" quantity="35"/><InventoryObject slot="15" type="coal_block" quantity="23"/><InventoryObject slot="16" type="sand" quantity="33"/><InventoryObject slot="17" type="coal_ore" quantity="19"/><InventoryObject slot="18" type="pumpkin" quantity="45"/><InventoryObject slot="19" type="brewing_stand" quantity="36"/><InventoryObject slot="20" type="brewing_stand" quantity="54"/><InventoryObject slot="21" type="cobblestone" quantity="8"/><InventoryObject slot="22" type="cake" quantity="38"/><InventoryObject slot="23" type="jungle_fence" quantity="13"/><InventoryObject slot="24" type="dark_oak_fence_gate" quantity="61"/><InventoryObject slot="25" type="jukebox" quantity="27"/><InventoryObject slot="26" type="acacia_fence_gate" quantity="27"/><InventoryObject slot="27" type="coal_ore" quantity="57"/><InventoryObject slot="28" type="brewing_stand" quantity="64"/><InventoryObject slot="29" type="jungle_stairs" quantity="1"/><InventoryObject slot="30" type="furnace" quantity="44"/><InventoryObject slot="31" type="oak_stairs" quantity="54"/><InventoryObject slot="32" type="stone_button" quantity="20"/><InventoryObject slot="33" type="redstone_torch" quantity="42"/><InventoryObject slot="34" type="acacia_door" quantity="27"/><InventoryObject slot="35" type="end_portal_frame" quantity="56"/></Inventory><PreferredSpawnBiome>plains</PreferredSpawnBiome><DoneOnDeath>true</DoneOnDeath><SpawnInVillage>true</SpawnInVillage></AgentStart><AgentHandlers><FileBasedPerformanceProducer/><PauseCommand/><VideoProducer want_depth="false"><Width>640</Width><Height>360</Height></VideoProducer><HumanLevelCommands/><CameraCommands/></AgentHandlers></AgentSection></Mission><ExperimentUID>86a18f67-cd37-485c-b6ba-f71007a4716b</ExperimentUID><ClientRole>0</ClientRole><ClientAgentConnection><ClientIPAddress>127.0.0.1</ClientIPAddress><ClientMissionControlPort>0</ClientMissionControlPort><ClientCommandsPort>0</ClientCommandsPort><AgentIPAddress>127.0.0.1</AgentIPAddress><AgentMissionControlPort>0</AgentMissionControlPort><AgentVideoPort>0</AgentVideoPort><AgentDepthPort>0</AgentDepthPort><AgentLuminancePort>0</AgentLuminancePort><AgentObservationsPort>0</AgentObservationsPort><AgentRewardsPort>0</AgentRewardsPort><AgentColourMapPort>0</AgentColourMapPort></ClientAgentConnection></MissionInit>
[16:28:01] [EnvServerSocketHandler/INFO]: [STDOUT]: Setting width, height to 640, 360
[16:28:01] [EnvServerSocketHandler/INFO]: [STDOUT]: Gamma: 2.0
[16:28:01] [EnvServerSocketHandler/INFO]: [STDOUT]: FOV: 70.0
[16:28:01] [EnvServerSocketHandler/INFO]: [STDOUT]: GuiScale: 1.0
[16:28:01] [Render thread/INFO]: [STDOUT]: Seed not provided, generating random one: 6979400839679104114
[16:28:03] [Render thread/WARN]: Ambiguity between arguments [teleport, destination] and [teleport, targets] with inputs: [Player, 0123, @e, dd12be42-52a9-4a91-a8a1-11c01849e498]
[16:28:03] [Render thread/WARN]: Ambiguity between arguments [teleport, location] and [teleport, destination] with inputs: [0.1 -0.5 .9, 0 0 0]
[16:28:03] [Render thread/WARN]: Ambiguity between arguments [teleport, location] and [teleport, targets] with inputs: [0.1 -0.5 .9, 0 0 0]
[16:28:03] [Render thread/WARN]: Ambiguity between arguments [teleport, targets] and [teleport, destination] with inputs: [Player, 0123, dd12be42-52a9-4a91-a8a1-11c01849e498]
[16:28:03] [Render thread/WARN]: Ambiguity between arguments [teleport, targets, location] and [teleport, targets, destination] with inputs: [0.1 -0.5 .9, 0 0 0]
[16:28:03] [Render thread/INFO]: Reloading ResourceManager: Default
[16:28:04] [Render thread/INFO]: Loaded 7 recipes
[16:28:04] [Render thread/INFO]: Loaded 927 advancements
[16:28:04] [Render thread/INFO]: [STDOUT]: *** creating fake mouse cursor ***
[16:28:06] [Render thread/INFO]: Environment: authHost='https://authserver.mojang.com', accountsHost='https://api.mojang.com', sessionHost='https://sessionserver.mojang.com', servicesHost='https://api.minecraftservices.com', name='PROD'
[16:28:07] [Render thread/INFO]: Starting integrated minecraft server version 1.16.5
[16:28:07] [Render thread/INFO]: Generating keypair
[16:28:17] [Render thread/INFO]: Preparing start region for dimension minecraft:overworld
[16:28:28] [Render thread/INFO]: Changing view distance to 11, from 10
[16:28:29] [Render thread/INFO]: MineRLAgent0[local:E:070de651] logged in with entity id 168 at (-1725.5, 63.0, -421.5)
[16:28:29] [Render thread/INFO]: MineRLAgent0 joined the game
[16:28:29] [Render thread/INFO]: Preparing spawn area: 0%
[16:28:29] [Render thread/INFO]: Time elapsed: 6 ms
[16:28:30] [Render thread/INFO]: [STDOUT]: Starting new video null
[16:28:30] [Render thread/INFO]: Saving and pausing game...
[16:28:30] [Render thread/INFO]: Saving chunks for level 'ServerLevel[mcpworldabfcf1c1b7d5]'/minecraft:overworld
[16:28:31] [Render thread/INFO]: Saving chunks for level 'ServerLevel[mcpworldabfcf1c1b7d5]'/minecraft:the_nether
[16:28:31] [Render thread/INFO]: Saving chunks for level 'ServerLevel[mcpworldabfcf1c1b7d5]'/minecraft:the_end
[16:28:32] [Render thread/INFO]: MineRLAgent0 has made the advancement [Stone Age]
[16:28:32] [Render thread/INFO]: MineRLAgent0 has made the advancement [Ice Bucket Challenge]
[16:28:32] [Render thread/INFO]: [CHAT] MineRLAgent0 has made the advancement [Stone Age]
[16:28:32] [Render thread/INFO]: [CHAT] MineRLAgent0 has made the advancement [Ice Bucket Challenge]
[16:28:32] [Render thread/INFO]: Loaded 78 advancements
[16:28:41] [EnvServerSocketHandler/INFO]: [STDOUT]: *** Stopping the replay, returning control to the inputs
