[15:45:38] [Thread-4/INFO]: [STDOUT]: SERVER enter state: DORMANT
[15:45:38] [EnvServerSocketHandler/INFO]: Received Mission token 7c00f5d4-0d72-4d8c-b3c8-3a3aac585388:0:0:1:true
[15:45:38] [EnvServerSocketHandler/INFO]: Received mission init command  <MissionInit xmlns="http://ProjectMalmo.microsoft.com" xmlns:xsi="http://www.w3.org/2001/XMLSchema-instance" SchemaVersion="" PlatformVersion="0.37.0"><Mission><About><Summary>MineRLBasaltBuildVillageHouse-v0</Summary></About><ModSettings><MsPerTick>50</MsPerTick></ModSettings><ServerSection><ServerInitialConditions><Time><AllowPassageOfTime>false</AllowPassageOfTime></Time><AllowSpawning>true</AllowSpawning></ServerInitialConditions><ServerHandlers><DefaultWorldGenerator forceReset="true" generatorOptions="{}"/><ServerQuitFromTimeUp timeLimitMs="720000" description="out_of_time"/><ServerQuitWhenAnyAgentFinishes/></ServerHandlers></ServerSection><AgentSection mode="Survival"><Name>MineRLAgent0</Name><AgentStart><LowLevelInputs>true</LowLevelInputs><GuiScale>1.0</GuiScale><GammaSetting>2.0</GammaSetting><FOVSetting>70.0</FOVSetting><FakeCursorSize>16</FakeCursorSize><Inventory><InventoryObject slot="0" type="stone_slab" quantity="14"/><InventoryObject slot="1" type="pumpkin" quantity="43"/><InventoryObject slot="2" type="red_sandstone" quantity="6"/><InventoryObject slot="3" type="wheat" quantity="26"/><InventoryObject slot="4" type="activator_rail" quantity="4"/><InventoryObject slot="5" type="iron_ore" quantity="55"/><InventoryObject slot="6" type="chest" quantity="2"/><InventoryObject slot="7" type="glowstone" quantity="35"/><InventoryObject slot="8" type="diamond_block" quantity="58"/><InventoryObject slot="9" type="jungle_fence" quantity="47"/><InventoryObject slot="10" type="cauldron" quantity="61"/><InventoryObject slot="11" type="spruce_door" quantity="56"/><InventoryObject slot="12" type="daylight_detector" quantity="28"/><InventoryObject slot="13" type="emerald_ore" quantity="53"/><InventoryObject slot="14" type="nether_brick" quantity="59"/><InventoryObject slot="15" type="iron_block" quantity="16"/><InventoryObject slot="16" type="furnace" quantity="25"/><InventoryObject slot="17" type="soul_sand" quantity="47"/><InventoryObject slot="18" type="dragon_egg" quantity="57"/><InventoryObject slot="19" type="piston" quantity="38"/><InventoryObject slot="20" type="cactus" quantity="26"/><InventoryObject slot="21" type="brewing_stand" quantity="59"/><InventoryObject slot="22" type="nether_brick_fence" quantity="16"/><InventoryObject slot="23" type="stone_brick_stairs" quantity="36"/><InventoryObject slot="24" type="dark_oak_door" quantity="59"/><InventoryObject slot="25" type="oak_stairs" quantity="28"/><InventoryObject slot="26" type="birch_stairs" quantity="56"/><InventoryObject slot="27" type="jukebox" quantity="56"/><InventoryObject slot="28" type="redstone_lamp" quantity="6"/><InventoryObject slot="29" type="mycelium" quantity="35"/><InventoryObject slot="30" type="jungle_fence_gate" quantity="4"/><InventoryObject slot="31" type="prismarine" quantity="22"/><InventoryObject slot="32" type="diamond_ore" quantity="9"/><InventoryObject slot="33" type="torch" quantity="40"/><InventoryObject slot="34" type="rail" quantity="35"/><InventoryObject slot="35" type="sandstone_stairs" quantity="24"/></Inventory><PreferredSpawnBiome>plains</PreferredSpawnBiome><DoneOnDeath>true</DoneOnDeath><SpawnInVillage>true</SpawnInVillage></AgentStart><AgentHandlers><FileBasedPerformanceProducer/><PauseCommand/><VideoProducer want_depth="false"><Width>640</Width><Height>360</Height></VideoProducer><HumanLevelCommands/><CameraCommands/></AgentHandlers></AgentSection></Mission><ExperimentUID>7c00f5d4-0d72-4d8c-b3c8-3a3aac585388</ExperimentUID><ClientRole>0</ClientRole><ClientAgentConnection><ClientIPAddress>127.0.0.1</ClientIPAddress><ClientMissionControlPort>0</ClientMissionControlPort><ClientCommandsPort>0</ClientCommandsPort><AgentIPAddress>127.0.0.1</AgentIPAddress><AgentMissionControlPort>0</AgentMissionControlPort><AgentVideoPort>0</AgentVideoPort><AgentDepthPort>0</AgentDepthPort><AgentLuminancePort>0</AgentLuminancePort><AgentObservationsPort>0</AgentObservationsPort><AgentRewardsPort>0</AgentRewardsPort><AgentColourMapPort>0</AgentColourMapPort></ClientAgentConnection></MissionInit>
[15:45:40] [EnvServerSocketHandler/INFO]: [STDOUT]: Setting width, height to 640, 360
[15:45:40] [EnvServerSocketHandler/INFO]: [STDOUT]: Gamma: 2.0
[15:45:40] [EnvServerSocketHandler/INFO]: [STDOUT]: FOV: 70.0
[15:45:40] [EnvServerSocketHandler/INFO]: [STDOUT]: GuiScale: 1.0
[15:45:40] [Render thread/INFO]: [STDOUT]: Seed not provided, generating random one: 6576704307105249868
[15:45:41] [Render thread/WARN]: Ambiguity between arguments [teleport, destination] and [teleport, targets] with inputs: [Player, 0123, @e, dd12be42-52a9-4a91-a8a1-11c01849e498]
[15:45:41] [Render thread/WARN]: Ambiguity between arguments [teleport, location] and [teleport, destination] with inputs: [0.1 -0.5 .9, 0 0 0]
[15:45:41] [Render thread/WARN]: Ambiguity between arguments [teleport, location] and [teleport, targets] with inputs: [0.1 -0.5 .9, 0 0 0]
[15:45:41] [Render thread/WARN]: Ambiguity between arguments [teleport, targets] and [teleport, destination] with inputs: [Player, 0123, dd12be42-52a9-4a91-a8a1-11c01849e498]
[15:45:41] [Render thread/WARN]: Ambiguity between arguments [teleport, targets, location] and [teleport, targets, destination] with inputs: [0.1 -0.5 .9, 0 0 0]
[15:45:41] [Render thread/INFO]: Reloading ResourceManager: Default
[15:45:42] [Render thread/INFO]: Loaded 7 recipes
[15:45:42] [Render thread/INFO]: Loaded 927 advancements
[15:45:42] [Render thread/INFO]: [STDOUT]: *** creating fake mouse cursor ***
[15:45:44] [Render thread/INFO]: Environment: authHost='https://authserver.mojang.com', accountsHost='https://api.mojang.com', sessionHost='https://sessionserver.mojang.com', servicesHost='https://api.minecraftservices.com', name='PROD'
[15:45:44] [Render thread/INFO]: Starting integrated minecraft server version 1.16.5
[15:45:44] [Render thread/INFO]: Generating keypair
[15:45:57] [Render thread/INFO]: Preparing start region for dimension minecraft:overworld
[15:46:28] [Render thread/INFO]: Changing view distance to 11, from 10
[15:46:29] [Render thread/INFO]: MineRLAgent0[local:E:bce91a4b] logged in with entity id 268 at (-825.5, 70.0, 2093.5)
[15:46:29] [Render thread/INFO]: MineRLAgent0 joined the game
[15:46:30] [Render thread/INFO]: Preparing spawn area: 0%
[15:46:30] [Render thread/INFO]: Time elapsed: 16 ms
[15:46:30] [Render thread/INFO]: [STDOUT]: Starting new video null
[15:46:30] [Render thread/INFO]: Saving and pausing game...
[15:46:30] [Render thread/INFO]: Saving chunks for level 'ServerLevel[mcpworldabfcf1c1b7d5]'/minecraft:overworld
[15:46:32] [Render thread/INFO]: Saving chunks for level 'ServerLevel[mcpworldabfcf1c1b7d5]'/minecraft:the_nether
[15:46:32] [Render thread/INFO]: Saving chunks for level 'ServerLevel[mcpworldabfcf1c1b7d5]'/minecraft:the_end
[15:46:33] [Render thread/INFO]: MineRLAgent0 has reached the goal [The Next Generation]
[15:46:33] [Render thread/INFO]: [CHAT] MineRLAgent0 has reached the goal [The Next Generation]
[15:46:34] [Render thread/INFO]: Loaded 47 advancements
[15:46:42] [EnvServerSocketHandler/INFO]: [STDOUT]: *** Stopping the replay, returning control to the inputs
