[15:32:28] [Thread-4/INFO]: [STDOUT]: SERVER enter state: DORMANT
[15:32:28] [EnvServerSocketHandler/INFO]: Received Mission token d956c2bc-734c-4d1c-81be-42bedb64e8b6:0:0:1:true
[15:32:28] [EnvServerSocketHandler/INFO]: Received mission init command  <MissionInit xmlns="http://ProjectMalmo.microsoft.com" xmlns:xsi="http://www.w3.org/2001/XMLSchema-instance" SchemaVersion="" PlatformVersion="0.37.0"><Mission><About><Summary>MineRLBasaltBuildVillageHouse-v0</Summary></About><ModSettings><MsPerTick>50</MsPerTick></ModSettings><ServerSection><ServerInitialConditions><Time><AllowPassageOfTime>false</AllowPassageOfTime></Time><AllowSpawning>true</AllowSpawning></ServerInitialConditions><ServerHandlers><DefaultWorldGenerator forceReset="true" generatorOptions="{}"/><ServerQuitFromTimeUp timeLimitMs="720000" description="out_of_time"/><ServerQuitWhenAnyAgentFinishes/></ServerHandlers></ServerSection><AgentSection mode="Survival"><Name>MineRLAgent0</Name><AgentStart><LowLevelInputs>true</LowLevelInputs><GuiScale>1.0</GuiScale><GammaSetting>2.0</GammaSetting><FOVSetting>70.0</FOVSetting><FakeCursorSize>16</FakeCursorSize><Inventory><InventoryObject slot="0" type="dark_oak_door" quantity="11"/><InventoryObject slot="1" type="nether_brick_stairs" quantity="56"/><InventoryObject slot="2" type="bookshelf" quantity="45"/><InventoryObject slot="3" type="iron_bars" quantity="47"/><InventoryObject slot="4" type="nether_wart" quantity="41"/><InventoryObject slot="5" type="sticky_piston" quantity="44"/><InventoryObject slot="6" type="mossy_cobblestone" quantity="30"/><InventoryObject slot="7" type="redstone_block" quantity="35"/><InventoryObject slot="8" type="iron_ore" quantity="1"/><InventoryObject slot="9" type="pumpkin" quantity="27"/><InventoryObject slot="10" type="nether_wart" quantity="28"/><InventoryObject slot="11" type="jungle_door" quantity="38"/><InventoryObject slot="12" type="spruce_stairs" quantity="60"/><InventoryObject slot="13" type="nether_brick_fence" quantity="24"/><InventoryObject slot="14" type="sea_lantern" quantity="8"/><InventoryObject slot="15" type="ladder" quantity="49"/><InventoryObject slot="16" type="ender_chest" quantity="47"/><InventoryObject slot="17" type="command_block" quantity="6"/><InventoryObject slot="18" type="jungle_stairs" quantity="25"/><InventoryObject slot="19" type="coal_ore" quantity="39"/><InventoryObject slot="20" type="quartz_stairs" quantity="26"/><InventoryObject slot="21" type="brown_mushroom" quantity="19"/><InventoryObject slot="22" type="redstone_block" quantity="61"/><InventoryObject slot="23" type="farmland" quantity="22"/><InventoryObject slot="24" type="coal_block" quantity="48"/><InventoryObject slot="25" type="red_sandstone" quantity="4"/><InventoryObject slot="26" type="mycelium" quantity="48"/><InventoryObject slot="27" type="lever" quantity="45"/><InventoryObject slot="28" type="red_mushroom" quantity="1"/><InventoryObject slot="29" type="redstone_torch" quantity="2"/><InventoryObject slot="30" type="birch_fence" quantity="63"/><InventoryObject slot="31" type="barrier" quantity="15"/><InventoryObject slot="32" type="sponge" quantity="40"/><InventoryObject slot="33" type="acacia_fence" quantity="3"/><InventoryObject slot="34" type="cake" quantity="33"/><InventoryObject slot="35" type="birch_fence" quantity="30"/></Inventory><PreferredSpawnBiome>plains</PreferredSpawnBiome><DoneOnDeath>true</DoneOnDeath><SpawnInVillage>true</SpawnInVillage></AgentStart><AgentHandlers><FileBasedPerformanceProducer/><PauseCommand/><VideoProducer want_depth="false"><Width>640</Width><Height>360</Height></VideoProducer><HumanLevelCommands/><CameraCommands/></AgentHandlers></AgentSection></Mission><ExperimentUID>d956c2bc-734c-4d1c-81be-42bedb64e8b6</ExperimentUID><ClientRole>0</ClientRole><ClientAgentConnection><ClientIPAddress>127.0.0.1</ClientIPAddress><ClientMissionControlPort>0</ClientMissionControlPort><ClientCommandsPort>0</ClientCommandsPort><AgentIPAddress>127.0.0.1</AgentIPAddress><AgentMissionControlPort>0</AgentMissionControlPort><AgentVideoPort>0</AgentVideoPort><AgentDepthPort>0</AgentDepthPort><AgentLuminancePort>0</AgentLuminancePort><AgentObservationsPort>0</AgentObservationsPort><AgentRewardsPort>0</AgentRewardsPort><AgentColourMapPort>0</AgentColourMapPort></ClientAgentConnection></MissionInit>
[15:32:30] [EnvServerSocketHandler/INFO]: [STDOUT]: Setting width, height to 640, 360
[15:32:30] [EnvServerSocketHandler/INFO]: [STDOUT]: Gamma: 2.0
[15:32:30] [EnvServerSocketHandler/INFO]: [STDOUT]: FOV: 70.0
[15:32:30] [EnvServerSocketHandler/INFO]: [STDOUT]: GuiScale: 1.0
[15:32:30] [Render thread/INFO]: [STDOUT]: Seed not provided, generating random one: -4479327750264581286
[15:32:31] [Render thread/WARN]: Ambiguity between arguments [teleport, destination] and [teleport, targets] with inputs: [Player, 0123, @e, dd12be42-52a9-4a91-a8a1-11c01849e498]
[15:32:31] [Render thread/WARN]: Ambiguity between arguments [teleport, location] and [teleport, destination] with inputs: [0.1 -0.5 .9, 0 0 0]
[15:32:31] [Render thread/WARN]: Ambiguity between arguments [teleport, location] and [teleport, targets] with inputs: [0.1 -0.5 .9, 0 0 0]
[15:32:31] [Render thread/WARN]: Ambiguity between arguments [teleport, targets] and [teleport, destination] with inputs: [Player, 0123, dd12be42-52a9-4a91-a8a1-11c01849e498]
[15:32:31] [Render thread/WARN]: Ambiguity between arguments [teleport, targets, location] and [teleport, targets, destination] with inputs: [0.1 -0.5 .9, 0 0 0]
[15:32:31] [Render thread/INFO]: Reloading ResourceManager: Default
[15:32:32] [Render thread/INFO]: Loaded 7 recipes
[15:32:32] [Render thread/INFO]: Loaded 927 advancements
[15:32:32] [Render thread/INFO]: [STDOUT]: *** creating fake mouse cursor ***
[15:32:34] [Render thread/INFO]: Environment: authHost='https://authserver.mojang.com', accountsHost='https://api.mojang.com', sessionHost='https://sessionserver.mojang.com', servicesHost='https://api.minecraftservices.com', name='PROD'
[15:32:34] [Render thread/INFO]: Starting integrated minecraft server version 1.16.5
[15:32:34] [Render thread/INFO]: Generating keypair
[15:32:47] [Render thread/INFO]: Preparing start region for dimension minecraft:overworld
[15:32:58] [Render thread/INFO]: Changing view distance to 11, from 10
[15:32:59] [Render thread/INFO]: MineRLAgent0[local:E:3c5abe95] logged in with entity id 226 at (1090.5, 67.0, 1546.5)
[15:32:59] [Render thread/INFO]: MineRLAgent0 joined the game
[15:32:59] [Render thread/INFO]: Preparing spawn area: 0%
[15:32:59] [Render thread/INFO]: Time elapsed: 8 ms
[15:33:00] [Render thread/INFO]: [STDOUT]: Starting new video null
[15:33:00] [Render thread/INFO]: Saving and pausing game...
[15:33:00] [Render thread/INFO]: Saving chunks for level 'ServerLevel[mcpworldabfcf1c1b7d5]'/minecraft:overworld
[15:33:01] [Render thread/INFO]: Saving chunks for level 'ServerLevel[mcpworldabfcf1c1b7d5]'/minecraft:the_nether
[15:33:01] [Render thread/INFO]: Saving chunks for level 'ServerLevel[mcpworldabfcf1c1b7d5]'/minecraft:the_end
[15:33:03] [Render thread/INFO]: Loaded 35 advancements
[15:33:11] [EnvServerSocketHandler/INFO]: [STDOUT]: *** Stopping the replay, returning control to the inputs
