[16:23:37] [Thread-4/INFO]: [STDOUT]: SERVER enter state: DORMANT
[16:23:37] [EnvServerSocketHandler/INFO]: Received Mission token 249081ef-eeb1-4881-8a46-87d452ed8681:0:0:1:true
[16:23:37] [EnvServerSocketHandler/INFO]: Received mission init command  <MissionInit xmlns="http://ProjectMalmo.microsoft.com" xmlns:xsi="http://www.w3.org/2001/XMLSchema-instance" SchemaVersion="" PlatformVersion="0.37.0"><Mission><About><Summary>MineRLBasaltBuildVillageHouse-v0</Summary></About><ModSettings><MsPerTick>50</MsPerTick></ModSettings><ServerSection><ServerInitialConditions><Time><AllowPassageOfTime>false</AllowPassageOfTime></Time><AllowSpawning>true</AllowSpawning></ServerInitialConditions><ServerHandlers><DefaultWorldGenerator forceReset="true" generatorOptions="{}"/><ServerQuitFromTimeUp timeLimitMs="720000" description="out_of_time"/><ServerQuitWhenAnyAgentFinishes/></ServerHandlers></ServerSection><AgentSection mode="Survival"><Name>MineRLAgent0</Name><AgentStart><LowLevelInputs>true</LowLevelInputs><GuiScale>1.0</GuiScale><GammaSetting>2.0</GammaSetting><FOVSetting>70.0</FOVSetting><FakeCursorSize>16</FakeCursorSize><Inventory><InventoryObject slot="0" type="enchanting_table" quantity="37"/><InventoryObject slot="1" type="glass_pane" quantity="45"/><InventoryObject slot="2" type="lever" quantity="27"/><InventoryObject slot="3" type="furnace" quantity="35"/><InventoryObject slot="4" type="red_mushroom" quantity="57"/><InventoryObject slot="5" type="redstone_lamp" quantity="13"/><InventoryObject slot="6" type="tripwire_hook" quantity="9"/><InventoryObject slot="7" type="packed_ice" quantity="33"/><InventoryObject slot="8" type="sticky_piston" quantity="10"/><InventoryObject slot="9" type="detector_rail" quantity="27"/><InventoryObject slot="10" type="birch_door" quantity="50"/><InventoryObject slot="11" type="packed_ice" quantity="53"/><InventoryObject slot="12" type="red_mushroom_block" quantity="45"/><InventoryObject slot="13" type="nether_brick_fence" quantity="4"/><InventoryObject slot="14" type="mossy_cobblestone" quantity="10"/><InventoryObject slot="15" type="glass" quantity="20"/><InventoryObject slot="16" type="tnt" quantity="51"/><InventoryObject slot="17" type="hay_block" quantity="30"/><InventoryObject slot="18" type="dark_oak_door" quantity="33"/><InventoryObject slot="19" type="anvil" quantity="37"/><InventoryObject slot="20" type="torch" quantity="25"/><InventoryObject slot="21" type="netherrack" quantity="13"/><InventoryObject slot="22" type="barrier" quantity="2"/><InventoryObject slot="23" type="trapped_chest" quantity="5"/><InventoryObject slot="24" type="nether_brick_fence" quantity="31"/><InventoryObject slot="25" type="beacon" quantity="23"/><InventoryObject slot="26" type="dark_oak_door" quantity="16"/><InventoryObject slot="27" type="red_mushroom_block" quantity="50"/><InventoryObject slot="28" type="iron_block" quantity="62"/><InventoryObject slot="29" type="dirt" quantity="40"/><InventoryObject slot="30" type="snow" quantity="28"/><InventoryObject slot="31" type="wheat" quantity="40"/><InventoryObject slot="32" type="spruce_door" quantity="32"/><InventoryObject slot="33" type="gold_ore" quantity="2"/><InventoryObject slot="34" type="jungle_fence" quantity="30"/><InventoryObject slot="35" type="tripwire_hook" quantity="42"/></Inventory><PreferredSpawnBiome>plains</PreferredSpawnBiome><DoneOnDeath>true</DoneOnDeath><SpawnInVillage>true</SpawnInVillage></AgentStart><AgentHandlers><FileBasedPerformanceProducer/><PauseCommand/><VideoProducer want_depth="false"><Width>640</Width><Height>360</Height></VideoProducer><HumanLevelCommands/><CameraCommands/></AgentHandlers></AgentSection></Mission><ExperimentUID>249081ef-eeb1-4881-8a46-87d452ed8681</ExperimentUID><ClientRole>0</ClientRole><ClientAgentConnection><ClientIPAddress>127.0.0.1</ClientIPAddress><ClientMissionControlPort>0</ClientMissionControlPort><ClientCommandsPort>0</ClientCommandsPort><AgentIPAddress>127.0.0.1</AgentIPAddress><AgentMissionControlPort>0</AgentMissionControlPort><AgentVideoPort>0</AgentVideoPort><AgentDepthPort>0</AgentDepthPort><AgentLuminancePort>0</AgentLuminancePort><AgentObservationsPort>0</AgentObservationsPort><AgentRewardsPort>0</AgentRewardsPort><AgentColourMapPort>0</AgentColourMapPort></ClientAgentConnection></MissionInit>
[16:23:39] [Render thread/INFO]: [STDOUT]: *** creating fake mouse cursor ***
[16:23:39] [EnvServerSocketHandler/INFO]: [STDOUT]: Setting width, height to 640, 360
[16:23:39] [EnvServerSocketHandler/INFO]: [STDOUT]: Gamma: 2.0
[16:23:39] [EnvServerSocketHandler/INFO]: [STDOUT]: FOV: 70.0
[16:23:39] [EnvServerSocketHandler/INFO]: [STDOUT]: GuiScale: 1.0
[16:23:39] [Render thread/INFO]: [STDOUT]: Seed not provided, generating random one: 5381786400830643523
[16:23:40] [Render thread/WARN]: Ambiguity between arguments [teleport, destination] and [teleport, targets] with inputs: [Player, 0123, @e, dd12be42-52a9-4a91-a8a1-11c01849e498]
[16:23:40] [Render thread/WARN]: Ambiguity between arguments [teleport, location] and [teleport, destination] with inputs: [0.1 -0.5 .9, 0 0 0]
[16:23:40] [Render thread/WARN]: Ambiguity between arguments [teleport, location] and [teleport, targets] with inputs: [0.1 -0.5 .9, 0 0 0]
[16:23:40] [Render thread/WARN]: Ambiguity between arguments [teleport, targets] and [teleport, destination] with inputs: [Player, 0123, dd12be42-52a9-4a91-a8a1-11c01849e498]
[16:23:40] [Render thread/WARN]: Ambiguity between arguments [teleport, targets, location] and [teleport, targets, destination] with inputs: [0.1 -0.5 .9, 0 0 0]
[16:23:40] [Render thread/INFO]: Reloading ResourceManager: Default
[16:23:41] [Render thread/INFO]: Loaded 7 recipes
[16:23:42] [Render thread/INFO]: Loaded 927 advancements
[16:23:43] [Render thread/INFO]: Environment: authHost='https://authserver.mojang.com', accountsHost='https://api.mojang.com', sessionHost='https://sessionserver.mojang.com', servicesHost='https://api.minecraftservices.com', name='PROD'
[16:23:44] [Render thread/INFO]: Starting integrated minecraft server version 1.16.5
[16:23:44] [Render thread/INFO]: Generating keypair
[16:23:55] [Render thread/INFO]: Preparing start region for dimension minecraft:overworld
[16:24:29] [Render thread/INFO]: Changing view distance to 11, from 10
[16:24:30] [Render thread/INFO]: MineRLAgent0[local:E:e2a948de] logged in with entity id 233 at (1367.5, 68.0, 2209.5)
[16:24:30] [Render thread/INFO]: MineRLAgent0 joined the game
[16:24:31] [Render thread/INFO]: Preparing spawn area: 0%
[16:24:31] [Render thread/INFO]: Time elapsed: 22 ms
[16:24:31] [Render thread/INFO]: [STDOUT]: Starting new video null
[16:24:31] [Render thread/INFO]: Saving and pausing game...
[16:24:31] [Render thread/INFO]: Saving chunks for level 'ServerLevel[mcpworldabfcf1c1b7d5]'/minecraft:overworld
[16:24:33] [Render thread/INFO]: Saving chunks for level 'ServerLevel[mcpworldabfcf1c1b7d5]'/minecraft:the_nether
[16:24:33] [Render thread/INFO]: Saving chunks for level 'ServerLevel[mcpworldabfcf1c1b7d5]'/minecraft:the_end
[16:24:34] [Render thread/INFO]: Loaded 58 advancements
[16:24:43] [EnvServerSocketHandler/INFO]: [STDOUT]: *** Stopping the replay, returning control to the inputs
