[15:55:42] [Thread-4/INFO]: [STDOUT]: SERVER enter state: DORMANT
[15:55:42] [EnvServerSocketHandler/INFO]: Received Mission token 6d7bc343-f52a-489d-bc9f-3e220d33742e:0:0:1:true
[15:55:42] [EnvServerSocketHandler/INFO]: Received mission init command  <MissionInit xmlns="http://ProjectMalmo.microsoft.com" xmlns:xsi="http://www.w3.org/2001/XMLSchema-instance" SchemaVersion="" PlatformVersion="0.37.0"><Mission><About><Summary>MineRLBasaltBuildVillageHouse-v0</Summary></About><ModSettings><MsPerTick>50</MsPerTick></ModSettings><ServerSection><ServerInitialConditions><Time><AllowPassageOfTime>false</AllowPassageOfTime></Time><AllowSpawning>true</AllowSpawning></ServerInitialConditions><ServerHandlers><DefaultWorldGenerator forceReset="true" generatorOptions="{}"/><ServerQuitFromTimeUp timeLimitMs="720000" description="out_of_time"/><ServerQuitWhenAnyAgentFinishes/></ServerHandlers></ServerSection><AgentSection mode="Survival"><Name>MineRLAgent0</Name><AgentStart><LowLevelInputs>true</LowLevelInputs><GuiScale>1.0</GuiScale><GammaSetting>2.0</GammaSetting><FOVSetting>70.0</FOVSetting><FakeCursorSize>16</FakeCursorSize><Inventory><InventoryObject slot="0" type="stone_button" quantity="30"/><InventoryObject slot="1" type="spruce_fence_gate" quantity="46"/><InventoryObject slot="2" type="cactus" quantity="16"/><InventoryObject slot="3" type="dispenser" quantity="39"/><InventoryObject slot="4" type="anvil" quantity="35"/><InventoryObject slot="5" type="redstone_lamp" quantity="18"/><InventoryObject slot="6" type="chest" quantity="31"/><InventoryObject slot="7" type="sandstone_stairs" quantity="5"/><InventoryObject slot="8" type="dark_oak_stairs" quantity="9"/><InventoryObject slot="9" type="stone_slab" quantity="11"/><InventoryObject slot="10" type="light_weighted_pressure_plate" quantity="32"/><InventoryObject slot="11" type="vine" quantity="60"/><InventoryObject slot="12" type="iron_bars" quantity="42"/><InventoryObject slot="13" type="jungle_door" quantity="38"/><InventoryObject slot="14" type="hay_block" quantity="48"/><InventoryObject slot="15" type="brown_mushroom" quantity="7"/><InventoryObject slot="16" type="brick_stairs" quantity="50"/><InventoryObject slot="17" type="nether_brick_fence" quantity="49"/><InventoryObject slot="18" type="clay" quantity="42"/><InventoryObject slot="19" type="dispenser" quantity="20"/><InventoryObject slot="20" type="piston" quantity="16"/><InventoryObject slot="21" type="dark_oak_fence_gate" quantity="27"/><InventoryObject slot="22" type="jukebox" quantity="48"/><InventoryObject slot="23" type="birch_fence" quantity="47"/><InventoryObject slot="24" type="iron_door" quantity="55"/><InventoryObject slot="25" type="cobblestone" quantity="6"/><InventoryObject slot="26" type="farmland" quantity="8"/><InventoryObject slot="27" type="lapis_block" quantity="46"/><InventoryObject slot="28" type="hopper" quantity="57"/><InventoryObject slot="29" type="cactus" quantity="18"/><InventoryObject slot="30" type="acacia_door" quantity="18"/><InventoryObject slot="31" type="acacia_stairs" quantity="11"/><InventoryObject slot="32" type="cauldron" quantity="14"/><InventoryObject slot="33" type="acacia_fence_gate" quantity="57"/><InventoryObject slot="34" type="ice" quantity="34"/><InventoryObject slot="35" type="iron_bars" quantity="11"/></Inventory><PreferredSpawnBiome>plains</PreferredSpawnBiome><DoneOnDeath>true</DoneOnDeath><SpawnInVillage>true</SpawnInVillage></AgentStart><AgentHandlers><FileBasedPerformanceProducer/><PauseCommand/><VideoProducer want_depth="false"><Width>640</Width><Height>360</Height></VideoProducer><HumanLevelCommands/><CameraCommands/></AgentHandlers></AgentSection></Mission><ExperimentUID>6d7bc343-f52a-489d-bc9f-3e220d33742e</ExperimentUID><ClientRole>0</ClientRole><ClientAgentConnection><ClientIPAddress>127.0.0.1</ClientIPAddress><ClientMissionControlPort>0</ClientMissionControlPort><ClientCommandsPort>0</ClientCommandsPort><AgentIPAddress>127.0.0.1</AgentIPAddress><AgentMissionControlPort>0</AgentMissionControlPort><AgentVideoPort>0</AgentVideoPort><AgentDepthPort>0</AgentDepthPort><AgentLuminancePort>0</AgentLuminancePort><AgentObservationsPort>0</AgentObservationsPort><AgentRewardsPort>0</AgentRewardsPort><AgentColourMapPort>0</AgentColourMapPort></ClientAgentConnection></MissionInit>
[15:55:44] [EnvServerSocketHandler/INFO]: [STDOUT]: Setting width, height to 640, 360
[15:55:44] [EnvServerSocketHandler/INFO]: [STDOUT]: Gamma: 2.0
[15:55:44] [EnvServerSocketHandler/INFO]: [STDOUT]: FOV: 70.0
[15:55:44] [EnvServerSocketHandler/INFO]: [STDOUT]: GuiScale: 1.0
[15:55:44] [Render thread/INFO]: [STDOUT]: Seed not provided, generating random one: -5698990369737325373
[15:55:45] [Render thread/WARN]: Ambiguity between arguments [teleport, destination] and [teleport, targets] with inputs: [Player, 0123, @e, dd12be42-52a9-4a91-a8a1-11c01849e498]
[15:55:45] [Render thread/WARN]: Ambiguity between arguments [teleport, location] and [teleport, destination] with inputs: [0.1 -0.5 .9, 0 0 0]
[15:55:45] [Render thread/WARN]: Ambiguity between arguments [teleport, location] and [teleport, targets] with inputs: [0.1 -0.5 .9, 0 0 0]
[15:55:45] [Render thread/WARN]: Ambiguity between arguments [teleport, targets] and [teleport, destination] with inputs: [Player, 0123, dd12be42-52a9-4a91-a8a1-11c01849e498]
[15:55:45] [Render thread/WARN]: Ambiguity between arguments [teleport, targets, location] and [teleport, targets, destination] with inputs: [0.1 -0.5 .9, 0 0 0]
[15:55:45] [Render thread/INFO]: Reloading ResourceManager: Default
[15:55:46] [Render thread/INFO]: Loaded 7 recipes
[15:55:46] [Render thread/INFO]: Loaded 927 advancements
[15:55:46] [Render thread/INFO]: [STDOUT]: *** creating fake mouse cursor ***
[15:55:48] [Render thread/INFO]: Environment: authHost='https://authserver.mojang.com', accountsHost='https://api.mojang.com', sessionHost='https://sessionserver.mojang.com', servicesHost='https://api.minecraftservices.com', name='PROD'
[15:55:48] [Render thread/INFO]: Starting integrated minecraft server version 1.16.5
[15:55:48] [Render thread/INFO]: Generating keypair
[15:56:03] [Render thread/INFO]: Preparing start region for dimension minecraft:overworld
[15:56:37] [Render thread/INFO]: Changing view distance to 11, from 10
[15:56:38] [Render thread/INFO]: MineRLAgent0[local:E:3093a269] logged in with entity id 178 at (1710.5, 63.0, 1819.5)
[15:56:38] [Render thread/INFO]: MineRLAgent0 joined the game
[15:56:38] [Render thread/INFO]: Preparing spawn area: 28%
[15:56:38] [Render thread/INFO]: Time elapsed: 10 ms
[15:56:39] [Render thread/INFO]: [STDOUT]: Starting new video null
[15:56:39] [Render thread/INFO]: Saving and pausing game...
[15:56:39] [Render thread/INFO]: Saving chunks for level 'ServerLevel[mcpworldabfcf1c1b7d5]'/minecraft:overworld
[15:56:41] [Render thread/INFO]: Saving chunks for level 'ServerLevel[mcpworldabfcf1c1b7d5]'/minecraft:the_nether
[15:56:41] [Render thread/INFO]: Saving chunks for level 'ServerLevel[mcpworldabfcf1c1b7d5]'/minecraft:the_end
[15:56:41] [Render thread/INFO]: MineRLAgent0 has made the advancement [Stone Age]
[15:56:41] [Render thread/INFO]: [CHAT] MineRLAgent0 has made the advancement [Stone Age]
[15:56:41] [Render thread/INFO]: Loaded 30 advancements
[15:56:52] [EnvServerSocketHandler/INFO]: [STDOUT]: *** Stopping the replay, returning control to the inputs
