[15:23:00] [Thread-4/INFO]: [STDOUT]: SERVER enter state: DORMANT
[15:23:00] [EnvServerSocketHandler/INFO]: Received Mission token 41d4c854-03c5-4a72-8b24-57ad6fbc07a3:0:0:1:true
[15:23:00] [EnvServerSocketHandler/INFO]: Received mission init command  <MissionInit xmlns="http://ProjectMalmo.microsoft.com" xmlns:xsi="http://www.w3.org/2001/XMLSchema-instance" SchemaVersion="" PlatformVersion="0.37.0"><Mission><About><Summary>MineRLBasaltBuildVillageHouse-v0</Summary></About><ModSettings><MsPerTick>50</MsPerTick></ModSettings><ServerSection><ServerInitialConditions><Time><AllowPassageOfTime>false</AllowPassageOfTime></Time><AllowSpawning>true</AllowSpawning></ServerInitialConditions><ServerHandlers><DefaultWorldGenerator forceReset="true" generatorOptions="{}"/><ServerQuitFromTimeUp timeLimitMs="720000" description="out_of_time"/><ServerQuitWhenAnyAgentFinishes/></ServerHandlers></ServerSection><AgentSection mode="Survival"><Name>MineRLAgent0</Name><AgentStart><LowLevelInputs>true</LowLevelInputs><GuiScale>1.0</GuiScale><GammaSetting>2.0</GammaSetting><FOVSetting>70.0</FOVSetting><FakeCursorSize>16</FakeCursorSize><Inventory><InventoryObject slot="0" type="stone_stairs" quantity="63"/><InventoryObject slot="1" type="flower_pot" quantity="3"/><InventoryObject slot="2" type="glass_pane" quantity="24"/><InventoryObject slot="3" type="pumpkin" quantity="9"/><InventoryObject slot="4" type="acacia_door" quantity="8"/><InventoryObject slot="5" type="lapis_ore" quantity="14"/><InventoryObject slot="6" type="sea_lantern" quantity="39"/><InventoryObject slot="7" type="barrier" quantity="12"/><InventoryObject slot="8" type="acacia_fence_gate" quantity="53"/><InventoryObject slot="9" type="end_portal_frame" quantity="53"/><InventoryObject slot="10" type="spruce_stairs" quantity="32"/><InventoryObject slot="11" type="heavy_weighted_pressure_plate" quantity="18"/><InventoryObject slot="12" type="red_mushroom_block" quantity="57"/><InventoryObject slot="13" type="nether_brick_fence" quantity="50"/><InventoryObject slot="14" type="iron_ore" quantity="38"/><InventoryObject slot="15" type="tnt" quantity="25"/><InventoryObject slot="16" type="enchanting_table" quantity="32"/><InventoryObject slot="17" type="spruce_fence" quantity="11"/><InventoryObject slot="18" type="heavy_weighted_pressure_plate" quantity="2"/><InventoryObject slot="19" type="sandstone_stairs" quantity="7"/><InventoryObject slot="20" type="jungle_fence_gate" quantity="53"/><InventoryObject slot="21" type="stone_stairs" quantity="49"/><InventoryObject slot="22" type="nether_wart" quantity="40"/><InventoryObject slot="23" type="nether_brick" quantity="11"/><InventoryObject slot="24" type="gold_block" quantity="13"/><InventoryObject slot="25" type="dispenser" quantity="14"/><InventoryObject slot="26" type="birch_fence" quantity="29"/><InventoryObject slot="27" type="iron_ore" quantity="64"/><InventoryObject slot="28" type="acacia_fence" quantity="3"/><InventoryObject slot="29" type="jukebox" quantity="49"/><InventoryObject slot="30" type="end_portal_frame" quantity="49"/><InventoryObject slot="31" type="ender_chest" quantity="57"/><InventoryObject slot="32" type="gold_block" quantity="8"/><InventoryObject slot="33" type="obsidian" quantity="28"/><InventoryObject slot="34" type="diamond_ore" quantity="26"/><InventoryObject slot="35" type="iron_trapdoor" quantity="13"/></Inventory><PreferredSpawnBiome>plains</PreferredSpawnBiome><DoneOnDeath>true</DoneOnDeath><SpawnInVillage>true</SpawnInVillage></AgentStart><AgentHandlers><FileBasedPerformanceProducer/><PauseCommand/><VideoProducer want_depth="false"><Width>640</Width><Height>360</Height></VideoProducer><HumanLevelCommands/><CameraCommands/></AgentHandlers></AgentSection></Mission><ExperimentUID>41d4c854-03c5-4a72-8b24-57ad6fbc07a3</ExperimentUID><ClientRole>0</ClientRole><ClientAgentConnection><ClientIPAddress>127.0.0.1</ClientIPAddress><ClientMissionControlPort>0</ClientMissionControlPort><ClientCommandsPort>0</ClientCommandsPort><AgentIPAddress>127.0.0.1</AgentIPAddress><AgentMissionControlPort>0</AgentMissionControlPort><AgentVideoPort>0</AgentVideoPort><AgentDepthPort>0</AgentDepthPort><AgentLuminancePort>0</AgentLuminancePort><AgentObservationsPort>0</AgentObservationsPort><AgentRewardsPort>0</AgentRewardsPort><AgentColourMapPort>0</AgentColourMapPort></ClientAgentConnection></MissionInit>
[15:23:02] [EnvServerSocketHandler/INFO]: [STDOUT]: Setting width, height to 640, 360
[15:23:02] [EnvServerSocketHandler/INFO]: [STDOUT]: Gamma: 2.0
[15:23:02] [EnvServerSocketHandler/INFO]: [STDOUT]: FOV: 70.0
[15:23:02] [EnvServerSocketHandler/INFO]: [STDOUT]: GuiScale: 1.0
[15:23:02] [Render thread/INFO]: [STDOUT]: Seed not provided, generating random one: -558389767964953843
[15:23:03] [Render thread/WARN]: Ambiguity between arguments [teleport, destination] and [teleport, targets] with inputs: [Player, 0123, @e, dd12be42-52a9-4a91-a8a1-11c01849e498]
[15:23:03] [Render thread/WARN]: Ambiguity between arguments [teleport, location] and [teleport, destination] with inputs: [0.1 -0.5 .9, 0 0 0]
[15:23:03] [Render thread/WARN]: Ambiguity between arguments [teleport, location] and [teleport, targets] with inputs: [0.1 -0.5 .9, 0 0 0]
[15:23:03] [Render thread/WARN]: Ambiguity between arguments [teleport, targets] and [teleport, destination] with inputs: [Player, 0123, dd12be42-52a9-4a91-a8a1-11c01849e498]
[15:23:03] [Render thread/WARN]: Ambiguity between arguments [teleport, targets, location] and [teleport, targets, destination] with inputs: [0.1 -0.5 .9, 0 0 0]
[15:23:03] [Render thread/INFO]: Reloading ResourceManager: Default
[15:23:04] [Render thread/INFO]: Loaded 7 recipes
[15:23:04] [Render thread/INFO]: Loaded 927 advancements
[15:23:04] [Render thread/INFO]: [STDOUT]: *** creating fake mouse cursor ***
[15:23:06] [Render thread/INFO]: Environment: authHost='https://authserver.mojang.com', accountsHost='https://api.mojang.com', sessionHost='https://sessionserver.mojang.com', servicesHost='https://api.minecraftservices.com', name='PROD'
[15:23:06] [Render thread/INFO]: Starting integrated minecraft server version 1.16.5
[15:23:06] [Render thread/INFO]: Generating keypair
[15:23:16] [Render thread/INFO]: Preparing start region for dimension minecraft:overworld
[15:23:24] [Render thread/INFO]: Changing view distance to 11, from 10
[15:23:24] [Render thread/INFO]: MineRLAgent0[local:E:21d0c055] logged in with entity id 173 at (-1917.5, 68.0, -165.5)
[15:23:24] [Render thread/INFO]: MineRLAgent0 joined the game
[15:23:25] [Render thread/INFO]: Preparing spawn area: 0%
[15:23:25] [Render thread/INFO]: Time elapsed: 7 ms
[15:23:26] [Render thread/INFO]: [STDOUT]: Starting new video null
[15:23:26] [Render thread/INFO]: Saving and pausing game...
[15:23:26] [Render thread/INFO]: Saving chunks for level 'ServerLevel[mcpworldabfcf1c1b7d5]'/minecraft:overworld
[15:23:27] [Render thread/INFO]: Saving chunks for level 'ServerLevel[mcpworldabfcf1c1b7d5]'/minecraft:the_nether
[15:23:27] [Render thread/INFO]: Saving chunks for level 'ServerLevel[mcpworldabfcf1c1b7d5]'/minecraft:the_end
[15:23:28] [Render thread/INFO]: MineRLAgent0 has made the advancement [Ice Bucket Challenge]
[15:23:28] [Render thread/INFO]: [CHAT] MineRLAgent0 has made the advancement [Ice Bucket Challenge]
[15:23:28] [Render thread/INFO]: Loaded 41 advancements
[15:23:37] [EnvServerSocketHandler/INFO]: [STDOUT]: *** Stopping the replay, returning control to the inputs
