[16:08:58] [Thread-4/INFO]: [STDOUT]: SERVER enter state: DORMANT
[16:08:58] [EnvServerSocketHandler/INFO]: Received Mission token 97b271ed-e3ee-4626-bdba-a7b9ad6863e7:0:0:1:true
[16:08:58] [EnvServerSocketHandler/INFO]: Received mission init command  <MissionInit xmlns="http://ProjectMalmo.microsoft.com" xmlns:xsi="http://www.w3.org/2001/XMLSchema-instance" SchemaVersion="" PlatformVersion="0.37.0"><Mission><About><Summary>MineRLBasaltBuildVillageHouse-v0</Summary></About><ModSettings><MsPerTick>50</MsPerTick></ModSettings><ServerSection><ServerInitialConditions><Time><AllowPassageOfTime>false</AllowPassageOfTime></Time><AllowSpawning>true</AllowSpawning></ServerInitialConditions><ServerHandlers><DefaultWorldGenerator forceReset="true" generatorOptions="{}"/><ServerQuitFromTimeUp timeLimitMs="720000" description="out_of_time"/><ServerQuitWhenAnyAgentFinishes/></ServerHandlers></ServerSection><AgentSection mode="Survival"><Name>MineRLAgent0</Name><AgentStart><LowLevelInputs>true</LowLevelInputs><GuiScale>1.0</GuiScale><GammaSetting>2.0</GammaSetting><FOVSetting>70.0</FOVSetting><FakeCursorSize>16</FakeCursorSize><Inventory><InventoryObject slot="0" type="barrier" quantity="52"/><InventoryObject slot="1" type="iron_trapdoor" quantity="5"/><InventoryObject slot="2" type="pumpkin" quantity="34"/><InventoryObject slot="3" type="dragon_egg" quantity="8"/><InventoryObject slot="4" type="lever" quantity="6"/><InventoryObject slot="5" type="end_portal_frame" quantity="34"/><InventoryObject slot="6" type="anvil" quantity="27"/><InventoryObject slot="7" type="spruce_fence_gate" quantity="31"/><InventoryObject slot="8" type="heavy_weighted_pressure_plate" quantity="2"/><InventoryObject slot="9" type="sand" quantity="50"/><InventoryObject slot="10" type="cake" quantity="27"/><InventoryObject slot="11" type="spruce_fence" quantity="23"/><InventoryObject slot="12" type="dropper" quantity="38"/><InventoryObject slot="13" type="activator_rail" quantity="58"/><InventoryObject slot="14" type="quartz_stairs" quantity="35"/><InventoryObject slot="15" type="lever" quantity="54"/><InventoryObject slot="16" type="soul_sand" quantity="10"/><InventoryObject slot="17" type="stone_pressure_plate" quantity="24"/><InventoryObject slot="18" type="soul_sand" quantity="21"/><InventoryObject slot="19" type="quartz_block" quantity="30"/><InventoryObject slot="20" type="sandstone_stairs" quantity="59"/><InventoryObject slot="21" type="glowstone" quantity="54"/><InventoryObject slot="22" type="tnt" quantity="50"/><InventoryObject slot="23" type="wheat" quantity="31"/><InventoryObject slot="24" type="red_mushroom" quantity="61"/><InventoryObject slot="25" type="brewing_stand" quantity="44"/><InventoryObject slot="26" type="lever" quantity="61"/><InventoryObject slot="27" type="birch_fence" quantity="52"/><InventoryObject slot="28" type="barrier" quantity="59"/><InventoryObject slot="29" type="dark_oak_stairs" quantity="51"/><InventoryObject slot="30" type="spruce_door" quantity="29"/><InventoryObject slot="31" type="glowstone" quantity="52"/><InventoryObject slot="32" type="trapped_chest" quantity="2"/><InventoryObject slot="33" type="clay" quantity="21"/><InventoryObject slot="34" type="cobblestone_wall" quantity="59"/><InventoryObject slot="35" type="iron_trapdoor" quantity="53"/></Inventory><PreferredSpawnBiome>plains</PreferredSpawnBiome><DoneOnDeath>true</DoneOnDeath><SpawnInVillage>true</SpawnInVillage></AgentStart><AgentHandlers><FileBasedPerformanceProducer/><PauseCommand/><VideoProducer want_depth="false"><Width>640</Width><Height>360</Height></VideoProducer><HumanLevelCommands/><CameraCommands/></AgentHandlers></AgentSection></Mission><ExperimentUID>97b271ed-e3ee-4626-bdba-a7b9ad6863e7</ExperimentUID><ClientRole>0</ClientRole><ClientAgentConnection><ClientIPAddress>127.0.0.1</ClientIPAddress><ClientMissionControlPort>0</ClientMissionControlPort><ClientCommandsPort>0</ClientCommandsPort><AgentIPAddress>127.0.0.1</AgentIPAddress><AgentMissionControlPort>0</AgentMissionControlPort><AgentVideoPort>0</AgentVideoPort><AgentDepthPort>0</AgentDepthPort><AgentLuminancePort>0</AgentLuminancePort><AgentObservationsPort>0</AgentObservationsPort><AgentRewardsPort>0</AgentRewardsPort><AgentColourMapPort>0</AgentColourMapPort></ClientAgentConnection></MissionInit>
[16:09:00] [Render thread/INFO]: [STDOUT]: *** creating fake mouse cursor ***
[16:09:00] [EnvServerSocketHandler/INFO]: [STDOUT]: Setting width, height to 640, 360
[16:09:00] [EnvServerSocketHandler/INFO]: [STDOUT]: Gamma: 2.0
[16:09:00] [EnvServerSocketHandler/INFO]: [STDOUT]: FOV: 70.0
[16:09:00] [EnvServerSocketHandler/INFO]: [STDOUT]: GuiScale: 1.0
[16:09:00] [Render thread/INFO]: [STDOUT]: Seed not provided, generating random one: 6990584234162669663
[16:09:01] [Render thread/WARN]: Ambiguity between arguments [teleport, destination] and [teleport, targets] with inputs: [Player, 0123, @e, dd12be42-52a9-4a91-a8a1-11c01849e498]
[16:09:01] [Render thread/WARN]: Ambiguity between arguments [teleport, location] and [teleport, destination] with inputs: [0.1 -0.5 .9, 0 0 0]
[16:09:01] [Render thread/WARN]: Ambiguity between arguments [teleport, location] and [teleport, targets] with inputs: [0.1 -0.5 .9, 0 0 0]
[16:09:01] [Render thread/WARN]: Ambiguity between arguments [teleport, targets] and [teleport, destination] with inputs: [Player, 0123, dd12be42-52a9-4a91-a8a1-11c01849e498]
[16:09:01] [Render thread/WARN]: Ambiguity between arguments [teleport, targets, location] and [teleport, targets, destination] with inputs: [0.1 -0.5 .9, 0 0 0]
[16:09:01] [Render thread/INFO]: Reloading ResourceManager: Default
[16:09:02] [Render thread/INFO]: Loaded 7 recipes
[16:09:02] [Render thread/INFO]: Loaded 927 advancements
[16:09:04] [Render thread/INFO]: Environment: authHost='https://authserver.mojang.com', accountsHost='https://api.mojang.com', sessionHost='https://sessionserver.mojang.com', servicesHost='https://api.minecraftservices.com', name='PROD'
[16:09:04] [Render thread/INFO]: Starting integrated minecraft server version 1.16.5
[16:09:04] [Render thread/INFO]: Generating keypair
[16:09:07] [Render thread/INFO]: Preparing start region for dimension minecraft:overworld
[16:09:15] [Render thread/INFO]: Changing view distance to 11, from 10
[16:09:15] [Render thread/INFO]: MineRLAgent0[local:E:ae9af0ef] logged in with entity id 92 at (98.5, 71.0, 810.5)
[16:09:15] [Render thread/INFO]: MineRLAgent0 joined the game
[16:09:16] [Render thread/INFO]: Preparing spawn area: 0%
[16:09:16] [Render thread/INFO]: Time elapsed: 14 ms
[16:09:17] [Render thread/INFO]: [STDOUT]: Starting new video null
[16:09:17] [Render thread/INFO]: Saving and pausing game...
[16:09:17] [Render thread/INFO]: Saving chunks for level 'ServerLevel[mcpworldb7d5fd82f9c8]'/minecraft:overworld
[16:09:18] [Render thread/INFO]: Saving chunks for level 'ServerLevel[mcpworldb7d5fd82f9c8]'/minecraft:the_nether
[16:09:18] [Render thread/INFO]: Saving chunks for level 'ServerLevel[mcpworldb7d5fd82f9c8]'/minecraft:the_end
[16:09:19] [Render thread/INFO]: MineRLAgent0 has reached the goal [The Next Generation]
[16:09:19] [Render thread/INFO]: [CHAT] MineRLAgent0 has reached the goal [The Next Generation]
[16:09:19] [Render thread/INFO]: Loaded 44 advancements
[16:09:29] [EnvServerSocketHandler/INFO]: [STDOUT]: *** Stopping the replay, returning control to the inputs
