[15:31:01] [Thread-4/INFO]: [STDOUT]: SERVER enter state: DORMANT
[15:31:01] [EnvServerSocketHandler/INFO]: Received Mission token bee91060-865e-4296-a595-86349935ec06:0:0:1:true
[15:31:01] [EnvServerSocketHandler/INFO]: Received mission init command  <MissionInit xmlns="http://ProjectMalmo.microsoft.com" xmlns:xsi="http://www.w3.org/2001/XMLSchema-instance" SchemaVersion="" PlatformVersion="0.37.0"><Mission><About><Summary>MineRLBasaltBuildVillageHouse-v0</Summary></About><ModSettings><MsPerTick>50</MsPerTick></ModSettings><ServerSection><ServerInitialConditions><Time><AllowPassageOfTime>false</AllowPassageOfTime></Time><AllowSpawning>true</AllowSpawning></ServerInitialConditions><ServerHandlers><DefaultWorldGenerator forceReset="true" generatorOptions="{}"/><ServerQuitFromTimeUp timeLimitMs="720000" description="out_of_time"/><ServerQuitWhenAnyAgentFinishes/></ServerHandlers></ServerSection><AgentSection mode="Survival"><Name>MineRLAgent0</Name><AgentStart><LowLevelInputs>true</LowLevelInputs><GuiScale>1.0</GuiScale><GammaSetting>2.0</GammaSetting><FOVSetting>70.0</FOVSetting><FakeCursorSize>16</FakeCursorSize><Inventory><InventoryObject slot="0" type="coal_ore" quantity="59"/><InventoryObject slot="1" type="sand" quantity="49"/><InventoryObject slot="2" type="prismarine" quantity="44"/><InventoryObject slot="3" type="gravel" quantity="13"/><InventoryObject slot="4" type="vine" quantity="7"/><InventoryObject slot="5" type="mossy_cobblestone" quantity="49"/><InventoryObject slot="6" type="jungle_door" quantity="15"/><InventoryObject slot="7" type="nether_brick_fence" quantity="9"/><InventoryObject slot="8" type="iron_block" quantity="23"/><InventoryObject slot="9" type="snow" quantity="61"/><InventoryObject slot="10" type="chest" quantity="36"/><InventoryObject slot="11" type="diamond_block" quantity="6"/><InventoryObject slot="12" type="daylight_detector" quantity="24"/><InventoryObject slot="13" type="sea_lantern" quantity="27"/><InventoryObject slot="14" type="detector_rail" quantity="34"/><InventoryObject slot="15" type="dark_oak_fence" quantity="15"/><InventoryObject slot="16" type="hopper" quantity="26"/><InventoryObject slot="17" type="acacia_fence_gate" quantity="21"/><InventoryObject slot="18" type="cake" quantity="8"/><InventoryObject slot="19" type="light_weighted_pressure_plate" quantity="40"/><InventoryObject slot="20" type="jungle_stairs" quantity="58"/><InventoryObject slot="21" type="sandstone_stairs" quantity="33"/><InventoryObject slot="22" type="mossy_cobblestone" quantity="43"/><InventoryObject slot="23" type="daylight_detector" quantity="30"/><InventoryObject slot="24" type="flower_pot" quantity="29"/><InventoryObject slot="25" type="mossy_cobblestone" quantity="8"/><InventoryObject slot="26" type="acacia_fence" quantity="63"/><InventoryObject slot="27" type="coal_ore" quantity="27"/><InventoryObject slot="28" type="dark_oak_stairs" quantity="22"/><InventoryObject slot="29" type="iron_ore" quantity="40"/><InventoryObject slot="30" type="spruce_fence_gate" quantity="26"/><InventoryObject slot="31" type="redstone_torch" quantity="50"/><InventoryObject slot="32" type="heavy_weighted_pressure_plate" quantity="44"/><InventoryObject slot="33" type="cobblestone_wall" quantity="42"/><InventoryObject slot="34" type="dark_oak_stairs" quantity="43"/><InventoryObject slot="35" type="dark_oak_door" quantity="5"/></Inventory><PreferredSpawnBiome>plains</PreferredSpawnBiome><DoneOnDeath>true</DoneOnDeath><SpawnInVillage>true</SpawnInVillage></AgentStart><AgentHandlers><FileBasedPerformanceProducer/><PauseCommand/><VideoProducer want_depth="false"><Width>640</Width><Height>360</Height></VideoProducer><HumanLevelCommands/><CameraCommands/></AgentHandlers></AgentSection></Mission><ExperimentUID>bee91060-865e-4296-a595-86349935ec06</ExperimentUID><ClientRole>0</ClientRole><ClientAgentConnection><ClientIPAddress>127.0.0.1</ClientIPAddress><ClientMissionControlPort>0</ClientMissionControlPort><ClientCommandsPort>0</ClientCommandsPort><AgentIPAddress>127.0.0.1</AgentIPAddress><AgentMissionControlPort>0</AgentMissionControlPort><AgentVideoPort>0</AgentVideoPort><AgentDepthPort>0</AgentDepthPort><AgentLuminancePort>0</AgentLuminancePort><AgentObservationsPort>0</AgentObservationsPort><AgentRewardsPort>0</AgentRewardsPort><AgentColourMapPort>0</AgentColourMapPort></ClientAgentConnection></MissionInit>
[15:31:02] [EnvServerSocketHandler/INFO]: [STDOUT]: Setting width, height to 640, 360
[15:31:02] [EnvServerSocketHandler/INFO]: [STDOUT]: Gamma: 2.0
[15:31:02] [EnvServerSocketHandler/INFO]: [STDOUT]: FOV: 70.0
[15:31:02] [EnvServerSocketHandler/INFO]: [STDOUT]: GuiScale: 1.0
[15:31:02] [Render thread/INFO]: [STDOUT]: Seed not provided, generating random one: -9176162314791272231
[15:31:03] [Render thread/WARN]: Ambiguity between arguments [teleport, destination] and [teleport, targets] with inputs: [Player, 0123, @e, dd12be42-52a9-4a91-a8a1-11c01849e498]
[15:31:03] [Render thread/WARN]: Ambiguity between arguments [teleport, location] and [teleport, destination] with inputs: [0.1 -0.5 .9, 0 0 0]
[15:31:03] [Render thread/WARN]: Ambiguity between arguments [teleport, location] and [teleport, targets] with inputs: [0.1 -0.5 .9, 0 0 0]
[15:31:03] [Render thread/WARN]: Ambiguity between arguments [teleport, targets] and [teleport, destination] with inputs: [Player, 0123, dd12be42-52a9-4a91-a8a1-11c01849e498]
[15:31:03] [Render thread/WARN]: Ambiguity between arguments [teleport, targets, location] and [teleport, targets, destination] with inputs: [0.1 -0.5 .9, 0 0 0]
[15:31:03] [Render thread/INFO]: Reloading ResourceManager: Default
[15:31:04] [Render thread/INFO]: Loaded 7 recipes
[15:31:05] [Render thread/INFO]: Loaded 927 advancements
[15:31:05] [Render thread/INFO]: [STDOUT]: *** creating fake mouse cursor ***
[15:31:06] [Render thread/INFO]: Environment: authHost='https://authserver.mojang.com', accountsHost='https://api.mojang.com', sessionHost='https://sessionserver.mojang.com', servicesHost='https://api.minecraftservices.com', name='PROD'
[15:31:06] [Render thread/INFO]: Starting integrated minecraft server version 1.16.5
[15:31:06] [Render thread/INFO]: Generating keypair
[15:31:18] [Render thread/INFO]: Preparing start region for dimension minecraft:overworld
[15:31:27] [Render thread/INFO]: Changing view distance to 11, from 10
[15:31:28] [Render thread/INFO]: MineRLAgent0[local:E:0a44a1c8] logged in with entity id 163 at (-713.5, 68.0, -194.5)
[15:31:28] [Render thread/INFO]: MineRLAgent0 joined the game
[15:31:28] [Render thread/INFO]: Preparing spawn area: 0%
[15:31:28] [Render thread/INFO]: Time elapsed: 7 ms
[15:31:29] [Render thread/INFO]: [STDOUT]: Starting new video null
[15:31:29] [Render thread/INFO]: Saving and pausing game...
[15:31:29] [Render thread/INFO]: Saving chunks for level 'ServerLevel[mcpworldabfcf1c1b7d5]'/minecraft:overworld
[15:31:30] [Render thread/INFO]: Saving chunks for level 'ServerLevel[mcpworldabfcf1c1b7d5]'/minecraft:the_nether
[15:31:30] [Render thread/INFO]: Saving chunks for level 'ServerLevel[mcpworldabfcf1c1b7d5]'/minecraft:the_end
[15:31:31] [Render thread/INFO]: Loaded 43 advancements
[15:31:39] [EnvServerSocketHandler/INFO]: [STDOUT]: *** Stopping the replay, returning control to the inputs
