[15:29:19] [Thread-4/INFO]: [STDOUT]: SERVER enter state: DORMANT
[15:29:19] [EnvServerSocketHandler/INFO]: Received Mission token 74977613-31ef-4aba-b53b-fe704666ce0d:0:0:1:true
[15:29:19] [EnvServerSocketHandler/INFO]: Received mission init command  <MissionInit xmlns="http://ProjectMalmo.microsoft.com" xmlns:xsi="http://www.w3.org/2001/XMLSchema-instance" SchemaVersion="" PlatformVersion="0.37.0"><Mission><About><Summary>MineRLBasaltBuildVillageHouse-v0</Summary></About><ModSettings><MsPerTick>50</MsPerTick></ModSettings><ServerSection><ServerInitialConditions><Time><AllowPassageOfTime>false</AllowPassageOfTime></Time><AllowSpawning>true</AllowSpawning></ServerInitialConditions><ServerHandlers><DefaultWorldGenerator forceReset="true" generatorOptions="{}"/><ServerQuitFromTimeUp timeLimitMs="720000" description="out_of_time"/><ServerQuitWhenAnyAgentFinishes/></ServerHandlers></ServerSection><AgentSection mode="Survival"><Name>MineRLAgent0</Name><AgentStart><LowLevelInputs>true</LowLevelInputs><GuiScale>1.0</GuiScale><GammaSetting>2.0</GammaSetting><FOVSetting>70.0</FOVSetting><FakeCursorSize>16</FakeCursorSize><Inventory><InventoryObject slot="0" type="packed_ice" quantity="41"/><InventoryObject slot="1" type="detector_rail" quantity="19"/><InventoryObject slot="2" type="ladder" quantity="30"/><InventoryObject slot="3" type="vine" quantity="57"/><InventoryObject slot="4" type="jungle_fence_gate" quantity="27"/><InventoryObject slot="5" type="emerald_block" quantity="8"/><InventoryObject slot="6" type="lapis_block" quantity="23"/><InventoryObject slot="7" type="sand" quantity="33"/><InventoryObject slot="8" type="mycelium" quantity="34"/><InventoryObject slot="9" type="stone_stairs" quantity="1"/><InventoryObject slot="10" type="jungle_fence_gate" quantity="49"/><InventoryObject slot="11" type="diamond_block" quantity="36"/><InventoryObject slot="12" type="oak_stairs" quantity="33"/><InventoryObject slot="13" type="jungle_door" quantity="18"/><InventoryObject slot="14" type="brown_mushroom_block" quantity="13"/><InventoryObject slot="15" type="cactus" quantity="20"/><InventoryObject slot="16" type="anvil" quantity="18"/><InventoryObject slot="17" type="sea_lantern" quantity="12"/><InventoryObject slot="18" type="iron_trapdoor" quantity="35"/><InventoryObject slot="19" type="brewing_stand" quantity="9"/><InventoryObject slot="20" type="quartz_block" quantity="9"/><InventoryObject slot="21" type="enchanting_table" quantity="6"/><InventoryObject slot="22" type="vine" quantity="3"/><InventoryObject slot="23" type="mycelium" quantity="52"/><InventoryObject slot="24" type="stone_stairs" quantity="14"/><InventoryObject slot="25" type="sand" quantity="43"/><InventoryObject slot="26" type="activator_rail" quantity="14"/><InventoryObject slot="27" type="prismarine" quantity="14"/><InventoryObject slot="28" type="glass" quantity="1"/><InventoryObject slot="29" type="quartz_stairs" quantity="6"/><InventoryObject slot="30" type="dark_oak_stairs" quantity="46"/><InventoryObject slot="31" type="obsidian" quantity="22"/><InventoryObject slot="32" type="brick_stairs" quantity="11"/><InventoryObject slot="33" type="stone_pressure_plate" quantity="36"/><InventoryObject slot="34" type="gold_ore" quantity="10"/><InventoryObject slot="35" type="command_block" quantity="19"/></Inventory><PreferredSpawnBiome>plains</PreferredSpawnBiome><DoneOnDeath>true</DoneOnDeath><SpawnInVillage>true</SpawnInVillage></AgentStart><AgentHandlers><FileBasedPerformanceProducer/><PauseCommand/><VideoProducer want_depth="false"><Width>640</Width><Height>360</Height></VideoProducer><HumanLevelCommands/><CameraCommands/></AgentHandlers></AgentSection></Mission><ExperimentUID>74977613-31ef-4aba-b53b-fe704666ce0d</ExperimentUID><ClientRole>0</ClientRole><ClientAgentConnection><ClientIPAddress>127.0.0.1</ClientIPAddress><ClientMissionControlPort>0</ClientMissionControlPort><ClientCommandsPort>0</ClientCommandsPort><AgentIPAddress>127.0.0.1</AgentIPAddress><AgentMissionControlPort>0</AgentMissionControlPort><AgentVideoPort>0</AgentVideoPort><AgentDepthPort>0</AgentDepthPort><AgentLuminancePort>0</AgentLuminancePort><AgentObservationsPort>0</AgentObservationsPort><AgentRewardsPort>0</AgentRewardsPort><AgentColourMapPort>0</AgentColourMapPort></ClientAgentConnection></MissionInit>
[15:29:20] [EnvServerSocketHandler/INFO]: [STDOUT]: Setting width, height to 640, 360
[15:29:20] [EnvServerSocketHandler/INFO]: [STDOUT]: Gamma: 2.0
[15:29:20] [EnvServerSocketHandler/INFO]: [STDOUT]: FOV: 70.0
[15:29:20] [EnvServerSocketHandler/INFO]: [STDOUT]: GuiScale: 1.0
[15:29:20] [Render thread/INFO]: [STDOUT]: Seed not provided, generating random one: -7995144076126127532
[15:29:22] [Render thread/WARN]: Ambiguity between arguments [teleport, destination] and [teleport, targets] with inputs: [Player, 0123, @e, dd12be42-52a9-4a91-a8a1-11c01849e498]
[15:29:22] [Render thread/WARN]: Ambiguity between arguments [teleport, location] and [teleport, destination] with inputs: [0.1 -0.5 .9, 0 0 0]
[15:29:22] [Render thread/WARN]: Ambiguity between arguments [teleport, location] and [teleport, targets] with inputs: [0.1 -0.5 .9, 0 0 0]
[15:29:22] [Render thread/WARN]: Ambiguity between arguments [teleport, targets] and [teleport, destination] with inputs: [Player, 0123, dd12be42-52a9-4a91-a8a1-11c01849e498]
[15:29:22] [Render thread/WARN]: Ambiguity between arguments [teleport, targets, location] and [teleport, targets, destination] with inputs: [0.1 -0.5 .9, 0 0 0]
[15:29:22] [Render thread/INFO]: Reloading ResourceManager: Default
[15:29:22] [Render thread/INFO]: Loaded 7 recipes
[15:29:23] [Render thread/INFO]: Loaded 927 advancements
[15:29:23] [Render thread/INFO]: [STDOUT]: *** creating fake mouse cursor ***
[15:29:24] [Render thread/INFO]: Environment: authHost='https://authserver.mojang.com', accountsHost='https://api.mojang.com', sessionHost='https://sessionserver.mojang.com', servicesHost='https://api.minecraftservices.com', name='PROD'
[15:29:25] [Render thread/INFO]: Starting integrated minecraft server version 1.16.5
[15:29:25] [Render thread/INFO]: Generating keypair
[15:29:36] [Render thread/INFO]: Preparing start region for dimension minecraft:overworld
[15:30:15] [Render thread/INFO]: Changing view distance to 11, from 10
[15:30:16] [Render thread/INFO]: MineRLAgent0[local:E:9c98162a] logged in with entity id 215 at (1726.5, 67.0, 1115.5)
[15:30:16] [Render thread/INFO]: MineRLAgent0 joined the game
[15:30:16] [Render thread/INFO]: Preparing spawn area: 0%
[15:30:16] [Render thread/INFO]: Time elapsed: 11 ms
[15:30:17] [Render thread/INFO]: [STDOUT]: Starting new video null
[15:30:17] [Render thread/INFO]: Saving and pausing game...
[15:30:17] [Render thread/INFO]: Saving chunks for level 'ServerLevel[mcpworldabfcf1c1b7d5]'/minecraft:overworld
[15:30:19] [Render thread/INFO]: Saving chunks for level 'ServerLevel[mcpworldabfcf1c1b7d5]'/minecraft:the_nether
[15:30:19] [Render thread/INFO]: Saving chunks for level 'ServerLevel[mcpworldabfcf1c1b7d5]'/minecraft:the_end
[15:30:20] [Render thread/INFO]: MineRLAgent0 has made the advancement [Ice Bucket Challenge]
[15:30:20] [Render thread/INFO]: [CHAT] MineRLAgent0 has made the advancement [Ice Bucket Challenge]
[15:30:20] [Render thread/INFO]: Loaded 74 advancements
[15:30:28] [EnvServerSocketHandler/INFO]: [STDOUT]: *** Stopping the replay, returning control to the inputs
