[16:04:21] [Thread-4/INFO]: [STDOUT]: SERVER enter state: DORMANT
[16:04:21] [EnvServerSocketHandler/INFO]: Received Mission token 0deec67a-550f-47f6-9f5d-b8f524b32531:0:0:1:true
[16:04:21] [EnvServerSocketHandler/INFO]: Received mission init command  <MissionInit xmlns="http://ProjectMalmo.microsoft.com" xmlns:xsi="http://www.w3.org/2001/XMLSchema-instance" SchemaVersion="" PlatformVersion="0.37.0"><Mission><About><Summary>MineRLBasaltBuildVillageHouse-v0</Summary></About><ModSettings><MsPerTick>50</MsPerTick></ModSettings><ServerSection><ServerInitialConditions><Time><AllowPassageOfTime>false</AllowPassageOfTime></Time><AllowSpawning>true</AllowSpawning></ServerInitialConditions><ServerHandlers><DefaultWorldGenerator forceReset="true" generatorOptions="{}"/><ServerQuitFromTimeUp timeLimitMs="720000" description="out_of_time"/><ServerQuitWhenAnyAgentFinishes/></ServerHandlers></ServerSection><AgentSection mode="Survival"><Name>MineRLAgent0</Name><AgentStart><LowLevelInputs>true</LowLevelInputs><GuiScale>1.0</GuiScale><GammaSetting>2.0</GammaSetting><FOVSetting>70.0</FOVSetting><FakeCursorSize>16</FakeCursorSize><Inventory><InventoryObject slot="0" type="hopper" quantity="47"/><InventoryObject slot="1" type="rail" quantity="52"/><InventoryObject slot="2" type="stone_brick_stairs" quantity="59"/><InventoryObject slot="3" type="trapped_chest" quantity="29"/><InventoryObject slot="4" type="gravel" quantity="55"/><InventoryObject slot="5" type="stone_slab" quantity="23"/><InventoryObject slot="6" type="nether_brick_stairs" quantity="23"/><InventoryObject slot="7" type="acacia_stairs" quantity="2"/><InventoryObject slot="8" type="diamond_block" quantity="44"/><InventoryObject slot="9" type="stone_slab" quantity="12"/><InventoryObject slot="10" type="stone_stairs" quantity="17"/><InventoryObject slot="11" type="farmland" quantity="10"/><InventoryObject slot="12" type="iron_ore" quantity="59"/><InventoryObject slot="13" type="stone_pressure_plate" quantity="21"/><InventoryObject slot="14" type="bedrock" quantity="32"/><InventoryObject slot="15" type="red_sandstone_stairs" quantity="49"/><InventoryObject slot="16" type="command_block" quantity="2"/><InventoryObject slot="17" type="crafting_table" quantity="5"/><InventoryObject slot="18" type="netherrack" quantity="64"/><InventoryObject slot="19" type="trapped_chest" quantity="1"/><InventoryObject slot="20" type="brick_stairs" quantity="45"/><InventoryObject slot="21" type="coal_block" quantity="33"/><InventoryObject slot="22" type="anvil" quantity="57"/><InventoryObject slot="23" type="lapis_ore" quantity="21"/><InventoryObject slot="24" type="piston" quantity="19"/><InventoryObject slot="25" type="dragon_egg" quantity="56"/><InventoryObject slot="26" type="emerald_block" quantity="4"/><InventoryObject slot="27" type="jukebox" quantity="12"/><InventoryObject slot="28" type="glowstone" quantity="51"/><InventoryObject slot="29" type="anvil" quantity="27"/><InventoryObject slot="30" type="sandstone" quantity="1"/><InventoryObject slot="31" type="light_weighted_pressure_plate" quantity="5"/><InventoryObject slot="32" type="brown_mushroom_block" quantity="8"/><InventoryObject slot="33" type="tnt" quantity="47"/><InventoryObject slot="34" type="redstone_block" quantity="22"/><InventoryObject slot="35" type="stone_stairs" quantity="5"/></Inventory><PreferredSpawnBiome>plains</PreferredSpawnBiome><DoneOnDeath>true</DoneOnDeath><SpawnInVillage>true</SpawnInVillage></AgentStart><AgentHandlers><FileBasedPerformanceProducer/><PauseCommand/><VideoProducer want_depth="false"><Width>640</Width><Height>360</Height></VideoProducer><HumanLevelCommands/><CameraCommands/></AgentHandlers></AgentSection></Mission><ExperimentUID>0deec67a-550f-47f6-9f5d-b8f524b32531</ExperimentUID><ClientRole>0</ClientRole><ClientAgentConnection><ClientIPAddress>127.0.0.1</ClientIPAddress><ClientMissionControlPort>0</ClientMissionControlPort><ClientCommandsPort>0</ClientCommandsPort><AgentIPAddress>127.0.0.1</AgentIPAddress><AgentMissionControlPort>0</AgentMissionControlPort><AgentVideoPort>0</AgentVideoPort><AgentDepthPort>0</AgentDepthPort><AgentLuminancePort>0</AgentLuminancePort><AgentObservationsPort>0</AgentObservationsPort><AgentRewardsPort>0</AgentRewardsPort><AgentColourMapPort>0</AgentColourMapPort></ClientAgentConnection></MissionInit>
[16:04:22] [EnvServerSocketHandler/INFO]: [STDOUT]: Setting width, height to 640, 360
[16:04:22] [EnvServerSocketHandler/INFO]: [STDOUT]: Gamma: 2.0
[16:04:22] [EnvServerSocketHandler/INFO]: [STDOUT]: FOV: 70.0
[16:04:22] [EnvServerSocketHandler/INFO]: [STDOUT]: GuiScale: 1.0
[16:04:22] [Render thread/INFO]: [STDOUT]: Seed not provided, generating random one: 4407784532888200085
[16:04:23] [Render thread/WARN]: Ambiguity between arguments [teleport, destination] and [teleport, targets] with inputs: [Player, 0123, @e, dd12be42-52a9-4a91-a8a1-11c01849e498]
[16:04:23] [Render thread/WARN]: Ambiguity between arguments [teleport, location] and [teleport, destination] with inputs: [0.1 -0.5 .9, 0 0 0]
[16:04:23] [Render thread/WARN]: Ambiguity between arguments [teleport, location] and [teleport, targets] with inputs: [0.1 -0.5 .9, 0 0 0]
[16:04:23] [Render thread/WARN]: Ambiguity between arguments [teleport, targets] and [teleport, destination] with inputs: [Player, 0123, dd12be42-52a9-4a91-a8a1-11c01849e498]
[16:04:23] [Render thread/WARN]: Ambiguity between arguments [teleport, targets, location] and [teleport, targets, destination] with inputs: [0.1 -0.5 .9, 0 0 0]
[16:04:23] [Render thread/INFO]: Reloading ResourceManager: Default
[16:04:24] [Render thread/INFO]: Loaded 7 recipes
[16:04:25] [Render thread/INFO]: Loaded 927 advancements
[16:04:25] [Render thread/INFO]: [STDOUT]: *** creating fake mouse cursor ***
[16:04:26] [Render thread/INFO]: Environment: authHost='https://authserver.mojang.com', accountsHost='https://api.mojang.com', sessionHost='https://sessionserver.mojang.com', servicesHost='https://api.minecraftservices.com', name='PROD'
[16:04:26] [Render thread/INFO]: Starting integrated minecraft server version 1.16.5
[16:04:26] [Render thread/INFO]: Generating keypair
[16:04:37] [Render thread/INFO]: Preparing start region for dimension minecraft:overworld
[16:05:08] [Render thread/INFO]: Changing view distance to 11, from 10
[16:05:09] [Render thread/INFO]: MineRLAgent0[local:E:43817d80] logged in with entity id 219 at (-973.5, 67.0, 1050.5)
[16:05:09] [Render thread/INFO]: MineRLAgent0 joined the game
[16:05:09] [Render thread/INFO]: Preparing spawn area: 0%
[16:05:09] [Render thread/INFO]: Time elapsed: 7 ms
[16:05:09] [Render thread/INFO]: [STDOUT]: Starting new video null
[16:05:09] [Render thread/INFO]: Saving and pausing game...
[16:05:09] [Render thread/INFO]: Saving chunks for level 'ServerLevel[mcpworldabfcf1c1b7d5]'/minecraft:overworld
[16:05:12] [Render thread/INFO]: Saving chunks for level 'ServerLevel[mcpworldabfcf1c1b7d5]'/minecraft:the_nether
[16:05:12] [Render thread/INFO]: Saving chunks for level 'ServerLevel[mcpworldabfcf1c1b7d5]'/minecraft:the_end
[16:05:12] [Render thread/INFO]: MineRLAgent0 has reached the goal [The Next Generation]
[16:05:12] [Render thread/INFO]: [CHAT] MineRLAgent0 has reached the goal [The Next Generation]
[16:05:12] [Render thread/INFO]: Loaded 51 advancements
[16:05:22] [EnvServerSocketHandler/INFO]: [STDOUT]: *** Stopping the replay, returning control to the inputs
