[15:59:35] [Thread-4/INFO]: [STDOUT]: SERVER enter state: DORMANT
[15:59:35] [EnvServerSocketHandler/INFO]: Received Mission token 2ac53e61-0ab5-48e2-aa74-76aa7aaa8b9d:0:0:1:true
[15:59:35] [EnvServerSocketHandler/INFO]: Received mission init command  <MissionInit xmlns="http://ProjectMalmo.microsoft.com" xmlns:xsi="http://www.w3.org/2001/XMLSchema-instance" SchemaVersion="" PlatformVersion="0.37.0"><Mission><About><Summary>MineRLBasaltBuildVillageHouse-v0</Summary></About><ModSettings><MsPerTick>50</MsPerTick></ModSettings><ServerSection><ServerInitialConditions><Time><AllowPassageOfTime>false</AllowPassageOfTime></Time><AllowSpawning>true</AllowSpawning></ServerInitialConditions><ServerHandlers><DefaultWorldGenerator forceReset="true" generatorOptions="{}"/><ServerQuitFromTimeUp timeLimitMs="720000" description="out_of_time"/><ServerQuitWhenAnyAgentFinishes/></ServerHandlers></ServerSection><AgentSection mode="Survival"><Name>MineRLAgent0</Name><AgentStart><LowLevelInputs>true</LowLevelInputs><GuiScale>1.0</GuiScale><GammaSetting>2.0</GammaSetting><FOVSetting>70.0</FOVSetting><FakeCursorSize>16</FakeCursorSize><Inventory><InventoryObject slot="0" type="birch_door" quantity="15"/><InventoryObject slot="1" type="obsidian" quantity="31"/><InventoryObject slot="2" type="lever" quantity="52"/><InventoryObject slot="3" type="clay" quantity="41"/><InventoryObject slot="4" type="acacia_door" quantity="52"/><InventoryObject slot="5" type="prismarine" quantity="19"/><InventoryObject slot="6" type="lapis_block" quantity="45"/><InventoryObject slot="7" type="stone_button" quantity="15"/><InventoryObject slot="8" type="redstone_ore" quantity="5"/><InventoryObject slot="9" type="iron_trapdoor" quantity="63"/><InventoryObject slot="10" type="dropper" quantity="56"/><InventoryObject slot="11" type="jungle_fence" quantity="51"/><InventoryObject slot="12" type="stone_button" quantity="35"/><InventoryObject slot="13" type="trapped_chest" quantity="46"/><InventoryObject slot="14" type="acacia_fence" quantity="43"/><InventoryObject slot="15" type="daylight_detector" quantity="58"/><InventoryObject slot="16" type="empty" quantity="8"/><InventoryObject slot="17" type="acacia_fence" quantity="27"/><InventoryObject slot="18" type="gravel" quantity="56"/><InventoryObject slot="19" type="acacia_door" quantity="48"/><InventoryObject slot="20" type="jungle_fence" quantity="62"/><InventoryObject slot="21" type="tripwire_hook" quantity="47"/><InventoryObject slot="22" type="spruce_stairs" quantity="30"/><InventoryObject slot="23" type="birch_stairs" quantity="28"/><InventoryObject slot="24" type="oak_stairs" quantity="53"/><InventoryObject slot="25" type="cauldron" quantity="15"/><InventoryObject slot="26" type="cobblestone_wall" quantity="22"/><InventoryObject slot="27" type="enchanting_table" quantity="27"/><InventoryObject slot="28" type="pumpkin" quantity="3"/><InventoryObject slot="29" type="cactus" quantity="28"/><InventoryObject slot="30" type="dark_oak_fence_gate" quantity="34"/><InventoryObject slot="31" type="glass_pane" quantity="60"/><InventoryObject slot="32" type="mossy_cobblestone" quantity="11"/><InventoryObject slot="33" type="dropper" quantity="57"/><InventoryObject slot="34" type="stone" quantity="41"/><InventoryObject slot="35" type="hay_block" quantity="11"/></Inventory><PreferredSpawnBiome>plains</PreferredSpawnBiome><DoneOnDeath>true</DoneOnDeath><SpawnInVillage>true</SpawnInVillage></AgentStart><AgentHandlers><FileBasedPerformanceProducer/><PauseCommand/><VideoProducer want_depth="false"><Width>640</Width><Height>360</Height></VideoProducer><HumanLevelCommands/><CameraCommands/></AgentHandlers></AgentSection></Mission><ExperimentUID>2ac53e61-0ab5-48e2-aa74-76aa7aaa8b9d</ExperimentUID><ClientRole>0</ClientRole><ClientAgentConnection><ClientIPAddress>127.0.0.1</ClientIPAddress><ClientMissionControlPort>0</ClientMissionControlPort><ClientCommandsPort>0</ClientCommandsPort><AgentIPAddress>127.0.0.1</AgentIPAddress><AgentMissionControlPort>0</AgentMissionControlPort><AgentVideoPort>0</AgentVideoPort><AgentDepthPort>0</AgentDepthPort><AgentLuminancePort>0</AgentLuminancePort><AgentObservationsPort>0</AgentObservationsPort><AgentRewardsPort>0</AgentRewardsPort><AgentColourMapPort>0</AgentColourMapPort></ClientAgentConnection></MissionInit>
[15:59:36] [EnvServerSocketHandler/INFO]: [STDOUT]: Setting width, height to 640, 360
[15:59:36] [EnvServerSocketHandler/INFO]: [STDOUT]: Gamma: 2.0
[15:59:36] [EnvServerSocketHandler/INFO]: [STDOUT]: FOV: 70.0
[15:59:36] [EnvServerSocketHandler/INFO]: [STDOUT]: GuiScale: 1.0
[15:59:37] [Render thread/INFO]: [STDOUT]: Seed not provided, generating random one: -3746138876641460195
[15:59:38] [Render thread/WARN]: Ambiguity between arguments [teleport, destination] and [teleport, targets] with inputs: [Player, 0123, @e, dd12be42-52a9-4a91-a8a1-11c01849e498]
[15:59:38] [Render thread/WARN]: Ambiguity between arguments [teleport, location] and [teleport, destination] with inputs: [0.1 -0.5 .9, 0 0 0]
[15:59:38] [Render thread/WARN]: Ambiguity between arguments [teleport, location] and [teleport, targets] with inputs: [0.1 -0.5 .9, 0 0 0]
[15:59:38] [Render thread/WARN]: Ambiguity between arguments [teleport, targets] and [teleport, destination] with inputs: [Player, 0123, dd12be42-52a9-4a91-a8a1-11c01849e498]
[15:59:38] [Render thread/WARN]: Ambiguity between arguments [teleport, targets, location] and [teleport, targets, destination] with inputs: [0.1 -0.5 .9, 0 0 0]
[15:59:38] [Render thread/INFO]: Reloading ResourceManager: Default
[15:59:39] [Render thread/INFO]: Loaded 7 recipes
[15:59:39] [Render thread/INFO]: Loaded 927 advancements
[15:59:39] [Render thread/INFO]: [STDOUT]: *** creating fake mouse cursor ***
[15:59:41] [Render thread/INFO]: Environment: authHost='https://authserver.mojang.com', accountsHost='https://api.mojang.com', sessionHost='https://sessionserver.mojang.com', servicesHost='https://api.minecraftservices.com', name='PROD'
[15:59:41] [Render thread/INFO]: Starting integrated minecraft server version 1.16.5
[15:59:41] [Render thread/INFO]: Generating keypair
[15:59:52] [Render thread/INFO]: Preparing start region for dimension minecraft:overworld
[16:00:27] [Render thread/INFO]: Changing view distance to 11, from 10
[16:00:28] [Render thread/INFO]: MineRLAgent0[local:E:0091246e] logged in with entity id 287 at (-1176.5, 69.0, 1182.5)
[16:00:28] [Render thread/INFO]: MineRLAgent0 joined the game
[16:00:28] [Render thread/INFO]: Preparing spawn area: 3%
[16:00:28] [Render thread/INFO]: Time elapsed: 14 ms
[16:00:29] [Render thread/INFO]: [STDOUT]: Starting new video null
[16:00:29] [Render thread/INFO]: Saving and pausing game...
[16:00:29] [Render thread/INFO]: Saving chunks for level 'ServerLevel[mcpworldabfcf1c1b7d5]'/minecraft:overworld
[16:00:31] [Render thread/INFO]: Saving chunks for level 'ServerLevel[mcpworldabfcf1c1b7d5]'/minecraft:the_nether
[16:00:31] [Render thread/INFO]: Saving chunks for level 'ServerLevel[mcpworldabfcf1c1b7d5]'/minecraft:the_end
[16:00:32] [Render thread/INFO]: MineRLAgent0 has made the advancement [Ice Bucket Challenge]
[16:00:32] [Render thread/INFO]: [CHAT] MineRLAgent0 has made the advancement [Ice Bucket Challenge]
[16:00:32] [Render thread/INFO]: Loaded 84 advancements
[16:00:43] [EnvServerSocketHandler/INFO]: [STDOUT]: *** Stopping the replay, returning control to the inputs
