[15:25:59] [Thread-4/INFO]: [STDOUT]: SERVER enter state: DORMANT
[15:25:59] [EnvServerSocketHandler/INFO]: Received Mission token a59734f1-8d9f-45d8-965d-29faca89cf30:0:0:1:true
[15:25:59] [EnvServerSocketHandler/INFO]: Received mission init command  <MissionInit xmlns="http://ProjectMalmo.microsoft.com" xmlns:xsi="http://www.w3.org/2001/XMLSchema-instance" SchemaVersion="" PlatformVersion="0.37.0"><Mission><About><Summary>MineRLBasaltBuildVillageHouse-v0</Summary></About><ModSettings><MsPerTick>50</MsPerTick></ModSettings><ServerSection><ServerInitialConditions><Time><AllowPassageOfTime>false</AllowPassageOfTime></Time><AllowSpawning>true</AllowSpawning></ServerInitialConditions><ServerHandlers><DefaultWorldGenerator forceReset="true" generatorOptions="{}"/><ServerQuitFromTimeUp timeLimitMs="720000" description="out_of_time"/><ServerQuitWhenAnyAgentFinishes/></ServerHandlers></ServerSection><AgentSection mode="Survival"><Name>MineRLAgent0</Name><AgentStart><LowLevelInputs>true</LowLevelInputs><GuiScale>1.0</GuiScale><GammaSetting>2.0</GammaSetting><FOVSetting>70.0</FOVSetting><FakeCursorSize>16</FakeCursorSize><Inventory><InventoryObject slot="0" type="stone_brick_stairs" quantity="43"/><InventoryObject slot="1" type="dark_oak_fence" quantity="39"/><InventoryObject slot="2" type="glowstone" quantity="33"/><InventoryObject slot="3" type="dark_oak_door" quantity="18"/><InventoryObject slot="4" type="hopper" quantity="2"/><InventoryObject slot="5" type="redstone_lamp" quantity="19"/><InventoryObject slot="6" type="wheat" quantity="45"/><InventoryObject slot="7" type="cactus" quantity="15"/><InventoryObject slot="8" type="ladder" quantity="61"/><InventoryObject slot="9" type="glass" quantity="41"/><InventoryObject slot="10" type="detector_rail" quantity="20"/><InventoryObject slot="11" type="sandstone" quantity="21"/><InventoryObject slot="12" type="spruce_fence_gate" quantity="2"/><InventoryObject slot="13" type="brewing_stand" quantity="33"/><InventoryObject slot="14" type="sand" quantity="17"/><InventoryObject slot="15" type="red_sandstone" quantity="31"/><InventoryObject slot="16" type="emerald_block" quantity="37"/><InventoryObject slot="17" type="jukebox" quantity="3"/><InventoryObject slot="18" type="redstone_ore" quantity="4"/><InventoryObject slot="19" type="nether_brick_stairs" quantity="28"/><InventoryObject slot="20" type="cactus" quantity="35"/><InventoryObject slot="21" type="birch_stairs" quantity="35"/><InventoryObject slot="22" type="cauldron" quantity="32"/><InventoryObject slot="23" type="coal_block" quantity="21"/><InventoryObject slot="24" type="emerald_block" quantity="20"/><InventoryObject slot="25" type="glass" quantity="57"/><InventoryObject slot="26" type="pumpkin" quantity="29"/><InventoryObject slot="27" type="soul_sand" quantity="47"/><InventoryObject slot="28" type="cobblestone_wall" quantity="56"/><InventoryObject slot="29" type="cake" quantity="15"/><InventoryObject slot="30" type="gold_ore" quantity="40"/><InventoryObject slot="31" type="birch_stairs" quantity="33"/><InventoryObject slot="32" type="nether_wart" quantity="24"/><InventoryObject slot="33" type="jungle_stairs" quantity="50"/><InventoryObject slot="34" type="farmland" quantity="13"/><InventoryObject slot="35" type="diamond_ore" quantity="17"/></Inventory><PreferredSpawnBiome>plains</PreferredSpawnBiome><DoneOnDeath>true</DoneOnDeath><SpawnInVillage>true</SpawnInVillage></AgentStart><AgentHandlers><FileBasedPerformanceProducer/><PauseCommand/><VideoProducer want_depth="false"><Width>640</Width><Height>360</Height></VideoProducer><HumanLevelCommands/><CameraCommands/></AgentHandlers></AgentSection></Mission><ExperimentUID>a59734f1-8d9f-45d8-965d-29faca89cf30</ExperimentUID><ClientRole>0</ClientRole><ClientAgentConnection><ClientIPAddress>127.0.0.1</ClientIPAddress><ClientMissionControlPort>0</ClientMissionControlPort><ClientCommandsPort>0</ClientCommandsPort><AgentIPAddress>127.0.0.1</AgentIPAddress><AgentMissionControlPort>0</AgentMissionControlPort><AgentVideoPort>0</AgentVideoPort><AgentDepthPort>0</AgentDepthPort><AgentLuminancePort>0</AgentLuminancePort><AgentObservationsPort>0</AgentObservationsPort><AgentRewardsPort>0</AgentRewardsPort><AgentColourMapPort>0</AgentColourMapPort></ClientAgentConnection></MissionInit>
[15:26:00] [EnvServerSocketHandler/INFO]: [STDOUT]: Setting width, height to 640, 360
[15:26:00] [EnvServerSocketHandler/INFO]: [STDOUT]: Gamma: 2.0
[15:26:00] [EnvServerSocketHandler/INFO]: [STDOUT]: FOV: 70.0
[15:26:00] [EnvServerSocketHandler/INFO]: [STDOUT]: GuiScale: 1.0
[15:26:00] [Render thread/INFO]: [STDOUT]: Seed not provided, generating random one: 2969841842060177638
[15:26:01] [Render thread/WARN]: Ambiguity between arguments [teleport, destination] and [teleport, targets] with inputs: [Player, 0123, @e, dd12be42-52a9-4a91-a8a1-11c01849e498]
[15:26:01] [Render thread/WARN]: Ambiguity between arguments [teleport, location] and [teleport, destination] with inputs: [0.1 -0.5 .9, 0 0 0]
[15:26:01] [Render thread/WARN]: Ambiguity between arguments [teleport, location] and [teleport, targets] with inputs: [0.1 -0.5 .9, 0 0 0]
[15:26:01] [Render thread/WARN]: Ambiguity between arguments [teleport, targets] and [teleport, destination] with inputs: [Player, 0123, dd12be42-52a9-4a91-a8a1-11c01849e498]
[15:26:01] [Render thread/WARN]: Ambiguity between arguments [teleport, targets, location] and [teleport, targets, destination] with inputs: [0.1 -0.5 .9, 0 0 0]
[15:26:01] [Render thread/INFO]: Reloading ResourceManager: Default
[15:26:02] [Render thread/INFO]: Loaded 7 recipes
[15:26:03] [Render thread/INFO]: Loaded 927 advancements
[15:26:03] [Render thread/INFO]: [STDOUT]: *** creating fake mouse cursor ***
[15:26:04] [Render thread/INFO]: Environment: authHost='https://authserver.mojang.com', accountsHost='https://api.mojang.com', sessionHost='https://sessionserver.mojang.com', servicesHost='https://api.minecraftservices.com', name='PROD'
[15:26:04] [Render thread/INFO]: Starting integrated minecraft server version 1.16.5
[15:26:04] [Render thread/INFO]: Generating keypair
[15:26:16] [Render thread/INFO]: Preparing start region for dimension minecraft:overworld
[15:26:51] [Render thread/INFO]: Changing view distance to 11, from 10
[15:26:52] [Render thread/INFO]: MineRLAgent0[local:E:e6645f06] logged in with entity id 324 at (-2429.5, 63.0, -2325.5)
[15:26:52] [Render thread/INFO]: MineRLAgent0 joined the game
[15:26:52] [Render thread/INFO]: Preparing spawn area: 7%
[15:26:52] [Render thread/INFO]: Time elapsed: 13 ms
[15:26:53] [Render thread/INFO]: [STDOUT]: Starting new video null
[15:26:53] [Render thread/INFO]: Saving and pausing game...
[15:26:53] [Render thread/INFO]: Saving chunks for level 'ServerLevel[mcpworldabfcf1c1b7d5]'/minecraft:overworld
[15:26:55] [Render thread/INFO]: Saving chunks for level 'ServerLevel[mcpworldabfcf1c1b7d5]'/minecraft:the_nether
[15:26:55] [Render thread/INFO]: Saving chunks for level 'ServerLevel[mcpworldabfcf1c1b7d5]'/minecraft:the_end
[15:26:56] [Render thread/INFO]: Loaded 81 advancements
[15:27:04] [EnvServerSocketHandler/INFO]: [STDOUT]: *** Stopping the replay, returning control to the inputs
