[15:04:06] [Thread-4/INFO]: [STDOUT]: SERVER enter state: DORMANT
[15:04:06] [EnvServerSocketHandler/INFO]: Received Mission token 7258787d-9a2f-4772-af40-f8510672b9b9:0:0:1:true
[15:04:06] [EnvServerSocketHandler/INFO]: Received mission init command  <MissionInit xmlns="http://ProjectMalmo.microsoft.com" xmlns:xsi="http://www.w3.org/2001/XMLSchema-instance" SchemaVersion="" PlatformVersion="0.37.0"><Mission><About><Summary>MineRLBasaltBuildVillageHouse-v0</Summary></About><ModSettings><MsPerTick>50</MsPerTick></ModSettings><ServerSection><ServerInitialConditions><Time><AllowPassageOfTime>false</AllowPassageOfTime></Time><AllowSpawning>true</AllowSpawning></ServerInitialConditions><ServerHandlers><DefaultWorldGenerator forceReset="true" generatorOptions="{}"/><ServerQuitFromTimeUp timeLimitMs="720000" description="out_of_time"/><ServerQuitWhenAnyAgentFinishes/></ServerHandlers></ServerSection><AgentSection mode="Survival"><Name>MineRLAgent0</Name><AgentStart><LowLevelInputs>true</LowLevelInputs><GuiScale>1.0</GuiScale><GammaSetting>2.0</GammaSetting><FOVSetting>70.0</FOVSetting><FakeCursorSize>16</FakeCursorSize><Inventory><InventoryObject slot="0" type="command_block" quantity="13"/><InventoryObject slot="1" type="trapped_chest" quantity="44"/><InventoryObject slot="2" type="anvil" quantity="7"/><InventoryObject slot="3" type="chest" quantity="45"/><InventoryObject slot="4" type="gold_block" quantity="56"/><InventoryObject slot="5" type="piston" quantity="24"/><InventoryObject slot="6" type="nether_wart" quantity="11"/><InventoryObject slot="7" type="quartz_block" quantity="15"/><InventoryObject slot="8" type="brown_mushroom_block" quantity="5"/><InventoryObject slot="9" type="spruce_door" quantity="19"/><InventoryObject slot="10" type="spruce_stairs" quantity="58"/><InventoryObject slot="11" type="oak_stairs" quantity="61"/><InventoryObject slot="12" type="iron_trapdoor" quantity="53"/><InventoryObject slot="13" type="obsidian" quantity="63"/><InventoryObject slot="14" type="brick_stairs" quantity="53"/><InventoryObject slot="15" type="redstone_ore" quantity="31"/><InventoryObject slot="16" type="diamond_ore" quantity="60"/><InventoryObject slot="17" type="tnt" quantity="26"/><InventoryObject slot="18" type="spruce_door" quantity="24"/><InventoryObject slot="19" type="tripwire_hook" quantity="59"/><InventoryObject slot="20" type="farmland" quantity="62"/><InventoryObject slot="21" type="cobblestone" quantity="7"/><InventoryObject slot="22" type="birch_fence_gate" quantity="45"/><InventoryObject slot="23" type="birch_door" quantity="17"/><InventoryObject slot="24" type="coal_block" quantity="8"/><InventoryObject slot="25" type="oak_stairs" quantity="34"/><InventoryObject slot="26" type="quartz_stairs" quantity="26"/><InventoryObject slot="27" type="beacon" quantity="50"/><InventoryObject slot="28" type="packed_ice" quantity="51"/><InventoryObject slot="29" type="bedrock" quantity="11"/><InventoryObject slot="30" type="cobblestone_wall" quantity="54"/><InventoryObject slot="31" type="nether_brick_stairs" quantity="51"/><InventoryObject slot="32" type="gravel" quantity="25"/><InventoryObject slot="33" type="dark_oak_fence_gate" quantity="60"/><InventoryObject slot="34" type="coal_ore" quantity="47"/><InventoryObject slot="35" type="stone_pressure_plate" quantity="10"/></Inventory><PreferredSpawnBiome>plains</PreferredSpawnBiome><DoneOnDeath>true</DoneOnDeath><SpawnInVillage>true</SpawnInVillage></AgentStart><AgentHandlers><FileBasedPerformanceProducer/><PauseCommand/><VideoProducer want_depth="false"><Width>640</Width><Height>360</Height></VideoProducer><HumanLevelCommands/><CameraCommands/></AgentHandlers></AgentSection></Mission><ExperimentUID>7258787d-9a2f-4772-af40-f8510672b9b9</ExperimentUID><ClientRole>0</ClientRole><ClientAgentConnection><ClientIPAddress>127.0.0.1</ClientIPAddress><ClientMissionControlPort>0</ClientMissionControlPort><ClientCommandsPort>0</ClientCommandsPort><AgentIPAddress>127.0.0.1</AgentIPAddress><AgentMissionControlPort>0</AgentMissionControlPort><AgentVideoPort>0</AgentVideoPort><AgentDepthPort>0</AgentDepthPort><AgentLuminancePort>0</AgentLuminancePort><AgentObservationsPort>0</AgentObservationsPort><AgentRewardsPort>0</AgentRewardsPort><AgentColourMapPort>0</AgentColourMapPort></ClientAgentConnection></MissionInit>
[15:04:07] [EnvServerSocketHandler/INFO]: [STDOUT]: Setting width, height to 640, 360
[15:04:07] [EnvServerSocketHandler/INFO]: [STDOUT]: Gamma: 2.0
[15:04:07] [EnvServerSocketHandler/INFO]: [STDOUT]: FOV: 70.0
[15:04:07] [EnvServerSocketHandler/INFO]: [STDOUT]: GuiScale: 1.0
[15:04:07] [Render thread/INFO]: [STDOUT]: Seed not provided, generating random one: -2812314991637560037
[15:04:09] [Render thread/WARN]: Ambiguity between arguments [teleport, destination] and [teleport, targets] with inputs: [Player, 0123, @e, dd12be42-52a9-4a91-a8a1-11c01849e498]
[15:04:09] [Render thread/WARN]: Ambiguity between arguments [teleport, location] and [teleport, destination] with inputs: [0.1 -0.5 .9, 0 0 0]
[15:04:09] [Render thread/WARN]: Ambiguity between arguments [teleport, location] and [teleport, targets] with inputs: [0.1 -0.5 .9, 0 0 0]
[15:04:09] [Render thread/WARN]: Ambiguity between arguments [teleport, targets] and [teleport, destination] with inputs: [Player, 0123, dd12be42-52a9-4a91-a8a1-11c01849e498]
[15:04:09] [Render thread/WARN]: Ambiguity between arguments [teleport, targets, location] and [teleport, targets, destination] with inputs: [0.1 -0.5 .9, 0 0 0]
[15:04:09] [Render thread/INFO]: Reloading ResourceManager: Default
[15:04:10] [Render thread/INFO]: Loaded 7 recipes
[15:04:10] [Render thread/INFO]: Loaded 927 advancements
[15:04:10] [Render thread/INFO]: [STDOUT]: *** creating fake mouse cursor ***
[15:04:12] [Render thread/INFO]: Environment: authHost='https://authserver.mojang.com', accountsHost='https://api.mojang.com', sessionHost='https://sessionserver.mojang.com', servicesHost='https://api.minecraftservices.com', name='PROD'
[15:04:12] [Render thread/INFO]: Starting integrated minecraft server version 1.16.5
[15:04:12] [Render thread/INFO]: Generating keypair
[15:04:24] [Render thread/INFO]: Preparing start region for dimension minecraft:overworld
[15:04:35] [Render thread/INFO]: Changing view distance to 11, from 10
[15:04:36] [Render thread/INFO]: MineRLAgent0[local:E:9a4f5a4e] logged in with entity id 161 at (-968.5, 64.0, -1710.5)
[15:04:36] [Render thread/INFO]: MineRLAgent0 joined the game
[15:04:36] [Render thread/INFO]: Preparing spawn area: 0%
[15:04:36] [Render thread/INFO]: Time elapsed: 7 ms
[15:04:37] [Render thread/INFO]: [STDOUT]: Starting new video null
[15:04:37] [Render thread/INFO]: Saving and pausing game...
[15:04:37] [Render thread/INFO]: Saving chunks for level 'ServerLevel[mcpworldabfcf1c1b7d5]'/minecraft:overworld
[15:04:39] [Render thread/INFO]: Saving chunks for level 'ServerLevel[mcpworldabfcf1c1b7d5]'/minecraft:the_nether
[15:04:39] [Render thread/INFO]: Saving chunks for level 'ServerLevel[mcpworldabfcf1c1b7d5]'/minecraft:the_end
[15:04:40] [Render thread/INFO]: MineRLAgent0 has made the advancement [Ice Bucket Challenge]
[15:04:40] [Render thread/INFO]: MineRLAgent0 has made the advancement [Stone Age]
[15:04:40] [Render thread/INFO]: [CHAT] MineRLAgent0 has made the advancement [Ice Bucket Challenge]
[15:04:40] [Render thread/INFO]: [CHAT] MineRLAgent0 has made the advancement [Stone Age]
[15:04:40] [Render thread/INFO]: Loaded 68 advancements
[15:04:49] [EnvServerSocketHandler/INFO]: [STDOUT]: *** Stopping the replay, returning control to the inputs
