[20:28:47] [Thread-4/INFO]: [STDOUT]: SERVER enter state: DORMANT
[20:28:47] [EnvServerSocketHandler/INFO]: Received Mission token ba696c26-982e-42b5-a30a-b4fc5150c8f6:0:0:1:true
[20:28:47] [EnvServerSocketHandler/INFO]: Received mission init command  <MissionInit xmlns="http://ProjectMalmo.microsoft.com" xmlns:xsi="http://www.w3.org/2001/XMLSchema-instance" SchemaVersion="" PlatformVersion="0.37.0"><Mission><About><Summary>MineRLBasaltBuildVillageHouse-v0</Summary></About><ModSettings><MsPerTick>50</MsPerTick></ModSettings><ServerSection><ServerInitialConditions><Time><AllowPassageOfTime>false</AllowPassageOfTime></Time><AllowSpawning>true</AllowSpawning></ServerInitialConditions><ServerHandlers><DefaultWorldGenerator forceReset="true" generatorOptions="{}"/><ServerQuitFromTimeUp timeLimitMs="720000" description="out_of_time"/><ServerQuitWhenAnyAgentFinishes/></ServerHandlers></ServerSection><AgentSection mode="Survival"><Name>MineRLAgent0</Name><AgentStart><LowLevelInputs>true</LowLevelInputs><GuiScale>1.0</GuiScale><GammaSetting>2.0</GammaSetting><FOVSetting>70.0</FOVSetting><FakeCursorSize>16</FakeCursorSize><Inventory><InventoryObject slot="0" type="dirt" quantity="0"/><InventoryObject slot="1" type="dirt" quantity="1"/><InventoryObject slot="2" type="dirt" quantity="2"/><InventoryObject slot="3" type="dirt" quantity="3"/><InventoryObject slot="4" type="dirt" quantity="4"/><InventoryObject slot="5" type="dirt" quantity="5"/><InventoryObject slot="6" type="dirt" quantity="6"/><InventoryObject slot="7" type="dirt" quantity="7"/><InventoryObject slot="8" type="dirt" quantity="8"/><InventoryObject slot="9" type="dirt" quantity="9"/><InventoryObject slot="10" type="dirt" quantity="10"/><InventoryObject slot="11" type="dirt" quantity="11"/><InventoryObject slot="12" type="dirt" quantity="12"/><InventoryObject slot="13" type="dirt" quantity="13"/><InventoryObject slot="14" type="dirt" quantity="14"/><InventoryObject slot="15" type="dirt" quantity="15"/><InventoryObject slot="16" type="dirt" quantity="16"/><InventoryObject slot="17" type="dirt" quantity="17"/><InventoryObject slot="18" type="dirt" quantity="18"/><InventoryObject slot="19" type="dirt" quantity="19"/><InventoryObject slot="20" type="dirt" quantity="20"/><InventoryObject slot="21" type="dirt" quantity="21"/><InventoryObject slot="22" type="dirt" quantity="22"/><InventoryObject slot="23" type="dirt" quantity="23"/><InventoryObject slot="24" type="dirt" quantity="24"/><InventoryObject slot="25" type="dirt" quantity="25"/><InventoryObject slot="26" type="dirt" quantity="26"/><InventoryObject slot="27" type="dirt" quantity="27"/><InventoryObject slot="28" type="dirt" quantity="28"/><InventoryObject slot="29" type="dirt" quantity="29"/><InventoryObject slot="30" type="dirt" quantity="30"/><InventoryObject slot="31" type="dirt" quantity="31"/><InventoryObject slot="32" type="dirt" quantity="32"/><InventoryObject slot="33" type="dirt" quantity="33"/><InventoryObject slot="34" type="dirt" quantity="34"/><InventoryObject slot="35" type="dirt" quantity="35"/><InventoryObject slot="36" type="dirt" quantity="36"/><InventoryObject slot="37" type="dirt" quantity="37"/><InventoryObject slot="38" type="dirt" quantity="38"/><InventoryObject slot="39" type="dirt" quantity="39"/><InventoryObject slot="40" type="dirt" quantity="40"/><InventoryObject slot="41" type="dirt" quantity="41"/><InventoryObject slot="42" type="dirt" quantity="42"/><InventoryObject slot="43" type="dirt" quantity="43"/><InventoryObject slot="44" type="dirt" quantity="44"/><InventoryObject slot="45" type="dirt" quantity="45"/></Inventory><PreferredSpawnBiome>plains</PreferredSpawnBiome><DoneOnDeath>true</DoneOnDeath><SpawnInVillage>true</SpawnInVillage></AgentStart><AgentHandlers><FileBasedPerformanceProducer/><PauseCommand/><VideoProducer want_depth="false"><Width>640</Width><Height>360</Height></VideoProducer><HumanLevelCommands/><CameraCommands/></AgentHandlers></AgentSection></Mission><ExperimentUID>ba696c26-982e-42b5-a30a-b4fc5150c8f6</ExperimentUID><ClientRole>0</ClientRole><ClientAgentConnection><ClientIPAddress>127.0.0.1</ClientIPAddress><ClientMissionControlPort>0</ClientMissionControlPort><ClientCommandsPort>0</ClientCommandsPort><AgentIPAddress>127.0.0.1</AgentIPAddress><AgentMissionControlPort>0</AgentMissionControlPort><AgentVideoPort>0</AgentVideoPort><AgentDepthPort>0</AgentDepthPort><AgentLuminancePort>0</AgentLuminancePort><AgentObservationsPort>0</AgentObservationsPort><AgentRewardsPort>0</AgentRewardsPort><AgentColourMapPort>0</AgentColourMapPort></ClientAgentConnection></MissionInit>
[20:28:48] [EnvServerSocketHandler/INFO]: [STDOUT]: Setting width, height to 640, 360
[20:28:48] [EnvServerSocketHandler/INFO]: [STDOUT]: Gamma: 2.0
[20:28:48] [EnvServerSocketHandler/INFO]: [STDOUT]: FOV: 70.0
[20:28:48] [EnvServerSocketHandler/INFO]: [STDOUT]: GuiScale: 1.0
[20:28:48] [Render thread/INFO]: [STDOUT]: Seed not provided, generating random one: 717105937755598403
[20:28:50] [Render thread/WARN]: Ambiguity between arguments [teleport, destination] and [teleport, targets] with inputs: [Player, 0123, @e, dd12be42-52a9-4a91-a8a1-11c01849e498]
[20:28:50] [Render thread/WARN]: Ambiguity between arguments [teleport, location] and [teleport, destination] with inputs: [0.1 -0.5 .9, 0 0 0]
[20:28:50] [Render thread/WARN]: Ambiguity between arguments [teleport, location] and [teleport, targets] with inputs: [0.1 -0.5 .9, 0 0 0]
[20:28:50] [Render thread/WARN]: Ambiguity between arguments [teleport, targets] and [teleport, destination] with inputs: [Player, 0123, dd12be42-52a9-4a91-a8a1-11c01849e498]
[20:28:50] [Render thread/WARN]: Ambiguity between arguments [teleport, targets, location] and [teleport, targets, destination] with inputs: [0.1 -0.5 .9, 0 0 0]
[20:28:50] [Render thread/INFO]: Reloading ResourceManager: Default
[20:28:51] [Render thread/INFO]: Loaded 7 recipes
[20:28:51] [Render thread/INFO]: Loaded 927 advancements
[20:28:51] [Render thread/INFO]: [STDOUT]: *** creating fake mouse cursor ***
[20:28:53] [Render thread/INFO]: Environment: authHost='https://authserver.mojang.com', accountsHost='https://api.mojang.com', sessionHost='https://sessionserver.mojang.com', servicesHost='https://api.minecraftservices.com', name='PROD'
[20:28:53] [Render thread/INFO]: Starting integrated minecraft server version 1.16.5
[20:28:53] [Render thread/INFO]: Generating keypair
[20:29:06] [Render thread/INFO]: Preparing start region for dimension minecraft:overworld
[20:29:22] [Render thread/INFO]: Changing view distance to 11, from 10
[20:29:22] [Render thread/INFO]: MineRLAgent0[local:E:d528c9fd] logged in with entity id 171 at (818.5, 66.0, 42.5)
[20:29:22] [Render thread/INFO]: MineRLAgent0 joined the game
[20:29:23] [Render thread/INFO]: Preparing spawn area: 0%
[20:29:23] [Render thread/INFO]: Time elapsed: 5 ms
[20:29:24] [Render thread/INFO]: [STDOUT]: Starting new video null
[20:29:24] [Render thread/INFO]: Saving and pausing game...
[20:29:24] [Render thread/INFO]: Saving chunks for level 'ServerLevel[mcpworldabfcf1c1b7d5]'/minecraft:overworld
[20:29:25] [Render thread/INFO]: Saving chunks for level 'ServerLevel[mcpworldabfcf1c1b7d5]'/minecraft:the_nether
[20:29:25] [Render thread/INFO]: Saving chunks for level 'ServerLevel[mcpworldabfcf1c1b7d5]'/minecraft:the_end
[20:29:26] [Render thread/INFO]: Loaded 2 advancements
