[15:41:23] [Thread-4/INFO]: [STDOUT]: SERVER enter state: DORMANT
[15:41:23] [EnvServerSocketHandler/INFO]: Received Mission token 6c2fcc51-b23b-462c-9060-b673736c5d1b:0:0:1:true
[15:41:23] [EnvServerSocketHandler/INFO]: Received mission init command  <MissionInit xmlns="http://ProjectMalmo.microsoft.com" xmlns:xsi="http://www.w3.org/2001/XMLSchema-instance" SchemaVersion="" PlatformVersion="0.37.0"><Mission><About><Summary>MineRLBasaltBuildVillageHouse-v0</Summary></About><ModSettings><MsPerTick>50</MsPerTick></ModSettings><ServerSection><ServerInitialConditions><Time><AllowPassageOfTime>false</AllowPassageOfTime></Time><AllowSpawning>true</AllowSpawning></ServerInitialConditions><ServerHandlers><DefaultWorldGenerator forceReset="true" generatorOptions="{}"/><ServerQuitFromTimeUp timeLimitMs="720000" description="out_of_time"/><ServerQuitWhenAnyAgentFinishes/></ServerHandlers></ServerSection><AgentSection mode="Survival"><Name>MineRLAgent0</Name><AgentStart><LowLevelInputs>true</LowLevelInputs><GuiScale>1.0</GuiScale><GammaSetting>2.0</GammaSetting><FOVSetting>70.0</FOVSetting><FakeCursorSize>16</FakeCursorSize><Inventory><InventoryObject slot="0" type="jukebox" quantity="48"/><InventoryObject slot="1" type="spruce_door" quantity="39"/><InventoryObject slot="2" type="dispenser" quantity="55"/><InventoryObject slot="3" type="redstone_torch" quantity="51"/><InventoryObject slot="4" type="glass" quantity="27"/><InventoryObject slot="5" type="cauldron" quantity="64"/><InventoryObject slot="6" type="enchanting_table" quantity="8"/><InventoryObject slot="7" type="jungle_stairs" quantity="60"/><InventoryObject slot="8" type="stone_pressure_plate" quantity="27"/><InventoryObject slot="9" type="brewing_stand" quantity="4"/><InventoryObject slot="10" type="spruce_door" quantity="52"/><InventoryObject slot="11" type="quartz_block" quantity="58"/><InventoryObject slot="12" type="clay" quantity="32"/><InventoryObject slot="13" type="command_block" quantity="44"/><InventoryObject slot="14" type="gold_block" quantity="10"/><InventoryObject slot="15" type="iron_trapdoor" quantity="45"/><InventoryObject slot="16" type="spruce_stairs" quantity="62"/><InventoryObject slot="17" type="snow" quantity="44"/><InventoryObject slot="18" type="cobblestone_wall" quantity="63"/><InventoryObject slot="19" type="glass_pane" quantity="7"/><InventoryObject slot="20" type="sandstone" quantity="18"/><InventoryObject slot="21" type="stone_pressure_plate" quantity="55"/><InventoryObject slot="22" type="enchanting_table" quantity="12"/><InventoryObject slot="23" type="command_block" quantity="44"/><InventoryObject slot="24" type="diamond_block" quantity="28"/><InventoryObject slot="25" type="clay" quantity="40"/><InventoryObject slot="26" type="birch_door" quantity="42"/><InventoryObject slot="27" type="dispenser" quantity="5"/><InventoryObject slot="28" type="cactus" quantity="49"/><InventoryObject slot="29" type="light_weighted_pressure_plate" quantity="61"/><InventoryObject slot="30" type="dropper" quantity="9"/><InventoryObject slot="31" type="ladder" quantity="35"/><InventoryObject slot="32" type="detector_rail" quantity="5"/><InventoryObject slot="33" type="ice" quantity="59"/><InventoryObject slot="34" type="spruce_door" quantity="48"/><InventoryObject slot="35" type="spruce_door" quantity="30"/></Inventory><PreferredSpawnBiome>plains</PreferredSpawnBiome><DoneOnDeath>true</DoneOnDeath><SpawnInVillage>true</SpawnInVillage></AgentStart><AgentHandlers><FileBasedPerformanceProducer/><PauseCommand/><VideoProducer want_depth="false"><Width>640</Width><Height>360</Height></VideoProducer><HumanLevelCommands/><CameraCommands/></AgentHandlers></AgentSection></Mission><ExperimentUID>6c2fcc51-b23b-462c-9060-b673736c5d1b</ExperimentUID><ClientRole>0</ClientRole><ClientAgentConnection><ClientIPAddress>127.0.0.1</ClientIPAddress><ClientMissionControlPort>0</ClientMissionControlPort><ClientCommandsPort>0</ClientCommandsPort><AgentIPAddress>127.0.0.1</AgentIPAddress><AgentMissionControlPort>0</AgentMissionControlPort><AgentVideoPort>0</AgentVideoPort><AgentDepthPort>0</AgentDepthPort><AgentLuminancePort>0</AgentLuminancePort><AgentObservationsPort>0</AgentObservationsPort><AgentRewardsPort>0</AgentRewardsPort><AgentColourMapPort>0</AgentColourMapPort></ClientAgentConnection></MissionInit>
[15:41:24] [EnvServerSocketHandler/INFO]: [STDOUT]: Setting width, height to 640, 360
[15:41:24] [EnvServerSocketHandler/INFO]: [STDOUT]: Gamma: 2.0
[15:41:24] [EnvServerSocketHandler/INFO]: [STDOUT]: FOV: 70.0
[15:41:24] [EnvServerSocketHandler/INFO]: [STDOUT]: GuiScale: 1.0
[15:41:24] [Render thread/INFO]: [STDOUT]: Seed not provided, generating random one: 7239133499424087565
[15:41:25] [Render thread/WARN]: Ambiguity between arguments [teleport, destination] and [teleport, targets] with inputs: [Player, 0123, @e, dd12be42-52a9-4a91-a8a1-11c01849e498]
[15:41:25] [Render thread/WARN]: Ambiguity between arguments [teleport, location] and [teleport, destination] with inputs: [0.1 -0.5 .9, 0 0 0]
[15:41:25] [Render thread/WARN]: Ambiguity between arguments [teleport, location] and [teleport, targets] with inputs: [0.1 -0.5 .9, 0 0 0]
[15:41:25] [Render thread/WARN]: Ambiguity between arguments [teleport, targets] and [teleport, destination] with inputs: [Player, 0123, dd12be42-52a9-4a91-a8a1-11c01849e498]
[15:41:25] [Render thread/WARN]: Ambiguity between arguments [teleport, targets, location] and [teleport, targets, destination] with inputs: [0.1 -0.5 .9, 0 0 0]
[15:41:25] [Render thread/INFO]: Reloading ResourceManager: Default
[15:41:26] [Render thread/INFO]: Loaded 7 recipes
[15:41:26] [Render thread/INFO]: Loaded 927 advancements
[15:41:27] [Render thread/INFO]: [STDOUT]: *** creating fake mouse cursor ***
[15:41:28] [Render thread/INFO]: Environment: authHost='https://authserver.mojang.com', accountsHost='https://api.mojang.com', sessionHost='https://sessionserver.mojang.com', servicesHost='https://api.minecraftservices.com', name='PROD'
[15:41:28] [Render thread/INFO]: Starting integrated minecraft server version 1.16.5
[15:41:28] [Render thread/INFO]: Generating keypair
[15:41:41] [Render thread/INFO]: Preparing start region for dimension minecraft:overworld
[15:42:02] [Render thread/INFO]: Changing view distance to 11, from 10
[15:42:02] [Render thread/INFO]: MineRLAgent0[local:E:641f0805] logged in with entity id 285 at (1058.5, 74.0, 1146.5)
[15:42:02] [Render thread/INFO]: MineRLAgent0 joined the game
[15:42:03] [Render thread/INFO]: Preparing spawn area: 0%
[15:42:03] [Render thread/INFO]: Time elapsed: 4 ms
[15:42:03] [Render thread/INFO]: [STDOUT]: Starting new video null
[15:42:03] [Render thread/INFO]: Saving and pausing game...
[15:42:04] [Render thread/INFO]: Saving chunks for level 'ServerLevel[mcpworldabfcf1c1b7d5]'/minecraft:overworld
[15:42:05] [Render thread/INFO]: Saving chunks for level 'ServerLevel[mcpworldabfcf1c1b7d5]'/minecraft:the_nether
[15:42:05] [Render thread/INFO]: Saving chunks for level 'ServerLevel[mcpworldabfcf1c1b7d5]'/minecraft:the_end
[15:42:06] [Render thread/INFO]: Loaded 65 advancements
[15:42:15] [EnvServerSocketHandler/INFO]: [STDOUT]: *** Stopping the replay, returning control to the inputs
