[14:55:42] [Thread-4/INFO]: [STDOUT]: SERVER enter state: DORMANT
[14:55:42] [EnvServerSocketHandler/INFO]: Received Mission token e4706534-69a7-4815-b4dc-733dd70c2243:0:0:1:true
[14:55:42] [EnvServerSocketHandler/INFO]: Received mission init command  <MissionInit xmlns="http://ProjectMalmo.microsoft.com" xmlns:xsi="http://www.w3.org/2001/XMLSchema-instance" SchemaVersion="" PlatformVersion="0.37.0"><Mission><About><Summary>MineRLBasaltBuildVillageHouse-v0</Summary></About><ModSettings><MsPerTick>50</MsPerTick></ModSettings><ServerSection><ServerInitialConditions><Time><AllowPassageOfTime>false</AllowPassageOfTime></Time><AllowSpawning>true</AllowSpawning></ServerInitialConditions><ServerHandlers><DefaultWorldGenerator forceReset="true" generatorOptions="{}"/><ServerQuitFromTimeUp timeLimitMs="720000" description="out_of_time"/><ServerQuitWhenAnyAgentFinishes/></ServerHandlers></ServerSection><AgentSection mode="Survival"><Name>MineRLAgent0</Name><AgentStart><LowLevelInputs>true</LowLevelInputs><GuiScale>1.0</GuiScale><GammaSetting>2.0</GammaSetting><FOVSetting>70.0</FOVSetting><FakeCursorSize>16</FakeCursorSize><Inventory><InventoryObject slot="0" type="birch_stairs" quantity="44"/><InventoryObject slot="1" type="lapis_ore" quantity="23"/><InventoryObject slot="2" type="stone" quantity="9"/><InventoryObject slot="3" type="furnace" quantity="26"/><InventoryObject slot="4" type="tnt" quantity="53"/><InventoryObject slot="5" type="gold_block" quantity="17"/><InventoryObject slot="6" type="stone_slab" quantity="25"/><InventoryObject slot="7" type="redstone_block" quantity="15"/><InventoryObject slot="8" type="jungle_stairs" quantity="14"/><InventoryObject slot="9" type="diamond_block" quantity="4"/><InventoryObject slot="10" type="rail" quantity="60"/><InventoryObject slot="11" type="nether_wart" quantity="31"/><InventoryObject slot="12" type="empty" quantity="3"/><InventoryObject slot="13" type="iron_block" quantity="55"/><InventoryObject slot="14" type="stone_pressure_plate" quantity="18"/><InventoryObject slot="15" type="activator_rail" quantity="61"/><InventoryObject slot="16" type="anvil" quantity="30"/><InventoryObject slot="17" type="netherrack" quantity="31"/><InventoryObject slot="18" type="sea_lantern" quantity="1"/><InventoryObject slot="19" type="heavy_weighted_pressure_plate" quantity="17"/><InventoryObject slot="20" type="furnace" quantity="62"/><InventoryObject slot="21" type="nether_brick" quantity="29"/><InventoryObject slot="22" type="stone_pressure_plate" quantity="14"/><InventoryObject slot="23" type="spruce_door" quantity="62"/><InventoryObject slot="24" type="grass" quantity="56"/><InventoryObject slot="25" type="packed_ice" quantity="34"/><InventoryObject slot="26" type="spruce_door" quantity="64"/><InventoryObject slot="27" type="detector_rail" quantity="60"/><InventoryObject slot="28" type="brown_mushroom" quantity="22"/><InventoryObject slot="29" type="nether_brick" quantity="52"/><InventoryObject slot="30" type="soul_sand" quantity="20"/><InventoryObject slot="31" type="brown_mushroom_block" quantity="25"/><InventoryObject slot="32" type="beacon" quantity="50"/><InventoryObject slot="33" type="end_portal_frame" quantity="5"/><InventoryObject slot="34" type="diamond_ore" quantity="1"/><InventoryObject slot="35" type="sandstone_stairs" quantity="15"/></Inventory><PreferredSpawnBiome>plains</PreferredSpawnBiome><DoneOnDeath>true</DoneOnDeath><SpawnInVillage>true</SpawnInVillage></AgentStart><AgentHandlers><FileBasedPerformanceProducer/><PauseCommand/><VideoProducer want_depth="false"><Width>640</Width><Height>360</Height></VideoProducer><HumanLevelCommands/><CameraCommands/></AgentHandlers></AgentSection></Mission><ExperimentUID>e4706534-69a7-4815-b4dc-733dd70c2243</ExperimentUID><ClientRole>0</ClientRole><ClientAgentConnection><ClientIPAddress>127.0.0.1</ClientIPAddress><ClientMissionControlPort>0</ClientMissionControlPort><ClientCommandsPort>0</ClientCommandsPort><AgentIPAddress>127.0.0.1</AgentIPAddress><AgentMissionControlPort>0</AgentMissionControlPort><AgentVideoPort>0</AgentVideoPort><AgentDepthPort>0</AgentDepthPort><AgentLuminancePort>0</AgentLuminancePort><AgentObservationsPort>0</AgentObservationsPort><AgentRewardsPort>0</AgentRewardsPort><AgentColourMapPort>0</AgentColourMapPort></ClientAgentConnection></MissionInit>
[14:55:44] [Render thread/INFO]: [STDOUT]: *** creating fake mouse cursor ***
[14:55:44] [EnvServerSocketHandler/INFO]: [STDOUT]: Setting width, height to 640, 360
[14:55:44] [EnvServerSocketHandler/INFO]: [STDOUT]: Gamma: 2.0
[14:55:44] [EnvServerSocketHandler/INFO]: [STDOUT]: FOV: 70.0
[14:55:44] [EnvServerSocketHandler/INFO]: [STDOUT]: GuiScale: 1.0
[14:55:44] [Render thread/INFO]: [STDOUT]: Seed not provided, generating random one: 638676119160714714
[14:55:45] [Render thread/WARN]: Ambiguity between arguments [teleport, destination] and [teleport, targets] with inputs: [Player, 0123, @e, dd12be42-52a9-4a91-a8a1-11c01849e498]
[14:55:45] [Render thread/WARN]: Ambiguity between arguments [teleport, location] and [teleport, destination] with inputs: [0.1 -0.5 .9, 0 0 0]
[14:55:45] [Render thread/WARN]: Ambiguity between arguments [teleport, location] and [teleport, targets] with inputs: [0.1 -0.5 .9, 0 0 0]
[14:55:45] [Render thread/WARN]: Ambiguity between arguments [teleport, targets] and [teleport, destination] with inputs: [Player, 0123, dd12be42-52a9-4a91-a8a1-11c01849e498]
[14:55:45] [Render thread/WARN]: Ambiguity between arguments [teleport, targets, location] and [teleport, targets, destination] with inputs: [0.1 -0.5 .9, 0 0 0]
[14:55:45] [Render thread/INFO]: Reloading ResourceManager: Default
[14:55:46] [Render thread/INFO]: Loaded 7 recipes
[14:55:47] [Render thread/INFO]: Loaded 927 advancements
[14:55:48] [Render thread/INFO]: Environment: authHost='https://authserver.mojang.com', accountsHost='https://api.mojang.com', sessionHost='https://sessionserver.mojang.com', servicesHost='https://api.minecraftservices.com', name='PROD'
[14:55:48] [Render thread/INFO]: Starting integrated minecraft server version 1.16.5
[14:55:48] [Render thread/INFO]: Generating keypair
[14:56:01] [Render thread/INFO]: Preparing start region for dimension minecraft:overworld
[14:56:36] [Render thread/INFO]: Changing view distance to 11, from 10
[14:56:37] [Render thread/INFO]: MineRLAgent0[local:E:444ef4ea] logged in with entity id 200 at (1378.5, 71.0, 1274.5)
[14:56:37] [Render thread/INFO]: MineRLAgent0 joined the game
[14:56:37] [Render thread/INFO]: Preparing spawn area: 4%
[14:56:37] [Render thread/INFO]: Time elapsed: 8 ms
[14:56:38] [Render thread/INFO]: [STDOUT]: Starting new video null
[14:56:38] [Render thread/INFO]: Saving and pausing game...
[14:56:38] [Render thread/INFO]: Saving chunks for level 'ServerLevel[mcpworldabfcf1c1b7d5]'/minecraft:overworld
[14:56:40] [Render thread/INFO]: Saving chunks for level 'ServerLevel[mcpworldabfcf1c1b7d5]'/minecraft:the_nether
[14:56:40] [Render thread/INFO]: Saving chunks for level 'ServerLevel[mcpworldabfcf1c1b7d5]'/minecraft:the_end
[14:56:40] [Render thread/INFO]: Loaded 39 advancements
[14:56:48] [EnvServerSocketHandler/INFO]: [STDOUT]: *** Stopping the replay, returning control to the inputs
