[16:05:32] [Thread-4/INFO]: [STDOUT]: SERVER enter state: DORMANT
[16:05:32] [EnvServerSocketHandler/INFO]: Received Mission token 977854a6-461a-41d5-af9c-07db3a341a11:0:0:1:true
[16:05:32] [EnvServerSocketHandler/INFO]: Received mission init command  <MissionInit xmlns="http://ProjectMalmo.microsoft.com" xmlns:xsi="http://www.w3.org/2001/XMLSchema-instance" SchemaVersion="" PlatformVersion="0.37.0"><Mission><About><Summary>MineRLBasaltBuildVillageHouse-v0</Summary></About><ModSettings><MsPerTick>50</MsPerTick></ModSettings><ServerSection><ServerInitialConditions><Time><AllowPassageOfTime>false</AllowPassageOfTime></Time><AllowSpawning>true</AllowSpawning></ServerInitialConditions><ServerHandlers><DefaultWorldGenerator forceReset="true" generatorOptions="{}"/><ServerQuitFromTimeUp timeLimitMs="720000" description="out_of_time"/><ServerQuitWhenAnyAgentFinishes/></ServerHandlers></ServerSection><AgentSection mode="Survival"><Name>MineRLAgent0</Name><AgentStart><LowLevelInputs>true</LowLevelInputs><GuiScale>1.0</GuiScale><GammaSetting>2.0</GammaSetting><FOVSetting>70.0</FOVSetting><FakeCursorSize>16</FakeCursorSize><Inventory><InventoryObject slot="0" type="red_sandstone" quantity="57"/><InventoryObject slot="1" type="light_weighted_pressure_plate" quantity="4"/><InventoryObject slot="2" type="prismarine" quantity="52"/><InventoryObject slot="3" type="gold_ore" quantity="23"/><InventoryObject slot="4" type="glass_pane" quantity="19"/><InventoryObject slot="5" type="ice" quantity="37"/><InventoryObject slot="6" type="gravel" quantity="16"/><InventoryObject slot="7" type="enchanting_table" quantity="38"/><InventoryObject slot="8" type="nether_brick" quantity="26"/><InventoryObject slot="9" type="stone_stairs" quantity="56"/><InventoryObject slot="10" type="mycelium" quantity="16"/><InventoryObject slot="11" type="dark_oak_stairs" quantity="19"/><InventoryObject slot="12" type="red_sandstone" quantity="5"/><InventoryObject slot="13" type="spruce_fence_gate" quantity="54"/><InventoryObject slot="14" type="redstone_block" quantity="10"/><InventoryObject slot="15" type="pumpkin" quantity="14"/><InventoryObject slot="16" type="iron_trapdoor" quantity="26"/><InventoryObject slot="17" type="netherrack" quantity="16"/><InventoryObject slot="18" type="emerald_ore" quantity="48"/><InventoryObject slot="19" type="quartz_block" quantity="46"/><InventoryObject slot="20" type="cake" quantity="11"/><InventoryObject slot="21" type="cactus" quantity="9"/><InventoryObject slot="22" type="torch" quantity="38"/><InventoryObject slot="23" type="cauldron" quantity="38"/><InventoryObject slot="24" type="brown_mushroom" quantity="17"/><InventoryObject slot="25" type="barrier" quantity="3"/><InventoryObject slot="26" type="barrier" quantity="53"/><InventoryObject slot="27" type="obsidian" quantity="5"/><InventoryObject slot="28" type="end_portal_frame" quantity="15"/><InventoryObject slot="29" type="stone_stairs" quantity="16"/><InventoryObject slot="30" type="piston" quantity="7"/><InventoryObject slot="31" type="birch_door" quantity="25"/><InventoryObject slot="32" type="snow" quantity="15"/><InventoryObject slot="33" type="snow" quantity="56"/><InventoryObject slot="34" type="snow" quantity="47"/><InventoryObject slot="35" type="spruce_fence_gate" quantity="23"/></Inventory><PreferredSpawnBiome>plains</PreferredSpawnBiome><DoneOnDeath>true</DoneOnDeath><SpawnInVillage>true</SpawnInVillage></AgentStart><AgentHandlers><FileBasedPerformanceProducer/><PauseCommand/><VideoProducer want_depth="false"><Width>640</Width><Height>360</Height></VideoProducer><HumanLevelCommands/><CameraCommands/></AgentHandlers></AgentSection></Mission><ExperimentUID>977854a6-461a-41d5-af9c-07db3a341a11</ExperimentUID><ClientRole>0</ClientRole><ClientAgentConnection><ClientIPAddress>127.0.0.1</ClientIPAddress><ClientMissionControlPort>0</ClientMissionControlPort><ClientCommandsPort>0</ClientCommandsPort><AgentIPAddress>127.0.0.1</AgentIPAddress><AgentMissionControlPort>0</AgentMissionControlPort><AgentVideoPort>0</AgentVideoPort><AgentDepthPort>0</AgentDepthPort><AgentLuminancePort>0</AgentLuminancePort><AgentObservationsPort>0</AgentObservationsPort><AgentRewardsPort>0</AgentRewardsPort><AgentColourMapPort>0</AgentColourMapPort></ClientAgentConnection></MissionInit>
[16:05:34] [EnvServerSocketHandler/INFO]: [STDOUT]: Setting width, height to 640, 360
[16:05:34] [EnvServerSocketHandler/INFO]: [STDOUT]: Gamma: 2.0
[16:05:34] [EnvServerSocketHandler/INFO]: [STDOUT]: FOV: 70.0
[16:05:34] [EnvServerSocketHandler/INFO]: [STDOUT]: GuiScale: 1.0
[16:05:34] [Render thread/INFO]: [STDOUT]: Seed not provided, generating random one: -3758440238104686290
[16:05:35] [Render thread/WARN]: Ambiguity between arguments [teleport, destination] and [teleport, targets] with inputs: [Player, 0123, @e, dd12be42-52a9-4a91-a8a1-11c01849e498]
[16:05:35] [Render thread/WARN]: Ambiguity between arguments [teleport, location] and [teleport, destination] with inputs: [0.1 -0.5 .9, 0 0 0]
[16:05:35] [Render thread/WARN]: Ambiguity between arguments [teleport, location] and [teleport, targets] with inputs: [0.1 -0.5 .9, 0 0 0]
[16:05:35] [Render thread/WARN]: Ambiguity between arguments [teleport, targets] and [teleport, destination] with inputs: [Player, 0123, dd12be42-52a9-4a91-a8a1-11c01849e498]
[16:05:35] [Render thread/WARN]: Ambiguity between arguments [teleport, targets, location] and [teleport, targets, destination] with inputs: [0.1 -0.5 .9, 0 0 0]
[16:05:35] [Render thread/INFO]: Reloading ResourceManager: Default
[16:05:36] [Render thread/INFO]: Loaded 7 recipes
[16:05:36] [Render thread/INFO]: Loaded 927 advancements
[16:05:36] [Render thread/INFO]: [STDOUT]: *** creating fake mouse cursor ***
[16:05:38] [Render thread/INFO]: Environment: authHost='https://authserver.mojang.com', accountsHost='https://api.mojang.com', sessionHost='https://sessionserver.mojang.com', servicesHost='https://api.minecraftservices.com', name='PROD'
[16:05:38] [Render thread/INFO]: Starting integrated minecraft server version 1.16.5
[16:05:38] [Render thread/INFO]: Generating keypair
[16:05:45] [Render thread/INFO]: Preparing start region for dimension minecraft:overworld
[16:05:51] [Render thread/INFO]: Changing view distance to 11, from 10
[16:05:52] [Render thread/INFO]: MineRLAgent0[local:E:9999657e] logged in with entity id 137 at (-1176.5, 69.0, 1182.5)
[16:05:52] [Render thread/INFO]: MineRLAgent0 joined the game
[16:05:53] [Render thread/INFO]: Preparing spawn area: 0%
[16:05:53] [Render thread/INFO]: Time elapsed: 21 ms
[16:05:54] [Render thread/INFO]: [STDOUT]: Starting new video null
[16:05:54] [Render thread/INFO]: Saving and pausing game...
[16:05:54] [Render thread/INFO]: Saving chunks for level 'ServerLevel[mcpworldabfcf1c1b7d5]'/minecraft:overworld
[16:05:55] [Render thread/INFO]: Saving chunks for level 'ServerLevel[mcpworldabfcf1c1b7d5]'/minecraft:the_nether
[16:05:55] [Render thread/INFO]: Saving chunks for level 'ServerLevel[mcpworldabfcf1c1b7d5]'/minecraft:the_end
[16:05:56] [Render thread/INFO]: MineRLAgent0 has made the advancement [Ice Bucket Challenge]
[16:05:56] [Render thread/INFO]: [CHAT] MineRLAgent0 has made the advancement [Ice Bucket Challenge]
[16:05:56] [Render thread/INFO]: Loaded 89 advancements
[16:06:06] [EnvServerSocketHandler/INFO]: [STDOUT]: *** Stopping the replay, returning control to the inputs
