[15:46:33] [Thread-4/INFO]: [STDOUT]: SERVER enter state: DORMANT
[15:46:33] [EnvServerSocketHandler/INFO]: Received Mission token 9e6c966f-2612-46c7-a669-5e10150bfade:0:0:1:true
[15:46:33] [EnvServerSocketHandler/INFO]: Received mission init command  <MissionInit xmlns="http://ProjectMalmo.microsoft.com" xmlns:xsi="http://www.w3.org/2001/XMLSchema-instance" SchemaVersion="" PlatformVersion="0.37.0"><Mission><About><Summary>MineRLBasaltBuildVillageHouse-v0</Summary></About><ModSettings><MsPerTick>50</MsPerTick></ModSettings><ServerSection><ServerInitialConditions><Time><AllowPassageOfTime>false</AllowPassageOfTime></Time><AllowSpawning>true</AllowSpawning></ServerInitialConditions><ServerHandlers><DefaultWorldGenerator forceReset="true" generatorOptions="{}"/><ServerQuitFromTimeUp timeLimitMs="720000" description="out_of_time"/><ServerQuitWhenAnyAgentFinishes/></ServerHandlers></ServerSection><AgentSection mode="Survival"><Name>MineRLAgent0</Name><AgentStart><LowLevelInputs>true</LowLevelInputs><GuiScale>1.0</GuiScale><GammaSetting>2.0</GammaSetting><FOVSetting>70.0</FOVSetting><FakeCursorSize>16</FakeCursorSize><Inventory><InventoryObject slot="0" type="nether_brick" quantity="26"/><InventoryObject slot="1" type="coal_ore" quantity="54"/><InventoryObject slot="2" type="birch_door" quantity="6"/><InventoryObject slot="3" type="quartz_block" quantity="39"/><InventoryObject slot="4" type="mossy_cobblestone" quantity="28"/><InventoryObject slot="5" type="redstone_block" quantity="17"/><InventoryObject slot="6" type="acacia_stairs" quantity="11"/><InventoryObject slot="7" type="sticky_piston" quantity="15"/><InventoryObject slot="8" type="spruce_fence" quantity="39"/><InventoryObject slot="9" type="command_block" quantity="11"/><InventoryObject slot="10" type="ladder" quantity="8"/><InventoryObject slot="11" type="dark_oak_stairs" quantity="48"/><InventoryObject slot="12" type="sandstone" quantity="50"/><InventoryObject slot="13" type="birch_fence_gate" quantity="50"/><InventoryObject slot="14" type="brown_mushroom" quantity="22"/><InventoryObject slot="15" type="pumpkin" quantity="28"/><InventoryObject slot="16" type="tripwire_hook" quantity="59"/><InventoryObject slot="17" type="emerald_ore" quantity="33"/><InventoryObject slot="18" type="dropper" quantity="43"/><InventoryObject slot="19" type="iron_trapdoor" quantity="46"/><InventoryObject slot="20" type="chest" quantity="9"/><InventoryObject slot="21" type="lever" quantity="19"/><InventoryObject slot="22" type="sandstone" quantity="2"/><InventoryObject slot="23" type="jungle_fence" quantity="35"/><InventoryObject slot="24" type="acacia_stairs" quantity="38"/><InventoryObject slot="25" type="ender_chest" quantity="38"/><InventoryObject slot="26" type="lever" quantity="45"/><InventoryObject slot="27" type="end_stone" quantity="2"/><InventoryObject slot="28" type="sandstone" quantity="12"/><InventoryObject slot="29" type="glass_pane" quantity="38"/><InventoryObject slot="30" type="dispenser" quantity="4"/><InventoryObject slot="31" type="emerald_ore" quantity="25"/><InventoryObject slot="32" type="acacia_stairs" quantity="44"/><InventoryObject slot="33" type="redstone_lamp" quantity="32"/><InventoryObject slot="34" type="acacia_fence_gate" quantity="64"/><InventoryObject slot="35" type="dark_oak_fence" quantity="17"/></Inventory><PreferredSpawnBiome>plains</PreferredSpawnBiome><DoneOnDeath>true</DoneOnDeath><SpawnInVillage>true</SpawnInVillage></AgentStart><AgentHandlers><FileBasedPerformanceProducer/><PauseCommand/><VideoProducer want_depth="false"><Width>640</Width><Height>360</Height></VideoProducer><HumanLevelCommands/><CameraCommands/></AgentHandlers></AgentSection></Mission><ExperimentUID>9e6c966f-2612-46c7-a669-5e10150bfade</ExperimentUID><ClientRole>0</ClientRole><ClientAgentConnection><ClientIPAddress>127.0.0.1</ClientIPAddress><ClientMissionControlPort>0</ClientMissionControlPort><ClientCommandsPort>0</ClientCommandsPort><AgentIPAddress>127.0.0.1</AgentIPAddress><AgentMissionControlPort>0</AgentMissionControlPort><AgentVideoPort>0</AgentVideoPort><AgentDepthPort>0</AgentDepthPort><AgentLuminancePort>0</AgentLuminancePort><AgentObservationsPort>0</AgentObservationsPort><AgentRewardsPort>0</AgentRewardsPort><AgentColourMapPort>0</AgentColourMapPort></ClientAgentConnection></MissionInit>
[15:46:35] [EnvServerSocketHandler/INFO]: [STDOUT]: Setting width, height to 640, 360
[15:46:35] [EnvServerSocketHandler/INFO]: [STDOUT]: Gamma: 2.0
[15:46:35] [EnvServerSocketHandler/INFO]: [STDOUT]: FOV: 70.0
[15:46:35] [EnvServerSocketHandler/INFO]: [STDOUT]: GuiScale: 1.0
[15:46:35] [Render thread/INFO]: [STDOUT]: Seed not provided, generating random one: -806664396650793591
[15:46:36] [Render thread/WARN]: Ambiguity between arguments [teleport, destination] and [teleport, targets] with inputs: [Player, 0123, @e, dd12be42-52a9-4a91-a8a1-11c01849e498]
[15:46:36] [Render thread/WARN]: Ambiguity between arguments [teleport, location] and [teleport, destination] with inputs: [0.1 -0.5 .9, 0 0 0]
[15:46:36] [Render thread/WARN]: Ambiguity between arguments [teleport, location] and [teleport, targets] with inputs: [0.1 -0.5 .9, 0 0 0]
[15:46:36] [Render thread/WARN]: Ambiguity between arguments [teleport, targets] and [teleport, destination] with inputs: [Player, 0123, dd12be42-52a9-4a91-a8a1-11c01849e498]
[15:46:36] [Render thread/WARN]: Ambiguity between arguments [teleport, targets, location] and [teleport, targets, destination] with inputs: [0.1 -0.5 .9, 0 0 0]
[15:46:36] [Render thread/INFO]: Reloading ResourceManager: Default
[15:46:37] [Render thread/INFO]: Loaded 7 recipes
[15:46:37] [Render thread/INFO]: Loaded 927 advancements
[15:46:37] [Render thread/INFO]: [STDOUT]: *** creating fake mouse cursor ***
[15:46:39] [Render thread/INFO]: Environment: authHost='https://authserver.mojang.com', accountsHost='https://api.mojang.com', sessionHost='https://sessionserver.mojang.com', servicesHost='https://api.minecraftservices.com', name='PROD'
[15:46:39] [Render thread/INFO]: Starting integrated minecraft server version 1.16.5
[15:46:39] [Render thread/INFO]: Generating keypair
[15:46:49] [Render thread/INFO]: Preparing start region for dimension minecraft:overworld
[15:47:02] [Render thread/INFO]: Changing view distance to 11, from 10
[15:47:02] [Render thread/INFO]: MineRLAgent0[local:E:1fdadcbb] logged in with entity id 136 at (-1188.5, 69.0, -1167.5)
[15:47:03] [Render thread/INFO]: MineRLAgent0 joined the game
[15:47:03] [Render thread/INFO]: Preparing spawn area: 0%
[15:47:03] [Render thread/INFO]: Time elapsed: 12 ms
[15:47:04] [Render thread/INFO]: [STDOUT]: Starting new video null
[15:47:04] [Render thread/INFO]: Saving and pausing game...
[15:47:04] [Render thread/INFO]: Saving chunks for level 'ServerLevel[mcpworldabfcf1c1b7d5]'/minecraft:overworld
[15:47:05] [Render thread/INFO]: Saving chunks for level 'ServerLevel[mcpworldabfcf1c1b7d5]'/minecraft:the_nether
[15:47:05] [Render thread/INFO]: Saving chunks for level 'ServerLevel[mcpworldabfcf1c1b7d5]'/minecraft:the_end
[15:47:07] [Render thread/INFO]: Loaded 65 advancements
[15:47:15] [EnvServerSocketHandler/INFO]: [STDOUT]: *** Stopping the replay, returning control to the inputs
