[15:36:14] [Thread-4/INFO]: [STDOUT]: SERVER enter state: DORMANT
[15:36:15] [EnvServerSocketHandler/INFO]: Received Mission token 719787df-9bbd-496f-8b9a-272d344a828a:0:0:1:true
[15:36:15] [EnvServerSocketHandler/INFO]: Received mission init command  <MissionInit xmlns="http://ProjectMalmo.microsoft.com" xmlns:xsi="http://www.w3.org/2001/XMLSchema-instance" SchemaVersion="" PlatformVersion="0.37.0"><Mission><About><Summary>MineRLBasaltBuildVillageHouse-v0</Summary></About><ModSettings><MsPerTick>50</MsPerTick></ModSettings><ServerSection><ServerInitialConditions><Time><AllowPassageOfTime>false</AllowPassageOfTime></Time><AllowSpawning>true</AllowSpawning></ServerInitialConditions><ServerHandlers><DefaultWorldGenerator forceReset="true" generatorOptions="{}"/><ServerQuitFromTimeUp timeLimitMs="720000" description="out_of_time"/><ServerQuitWhenAnyAgentFinishes/></ServerHandlers></ServerSection><AgentSection mode="Survival"><Name>MineRLAgent0</Name><AgentStart><LowLevelInputs>true</LowLevelInputs><GuiScale>1.0</GuiScale><GammaSetting>2.0</GammaSetting><FOVSetting>70.0</FOVSetting><FakeCursorSize>16</FakeCursorSize><Inventory><InventoryObject slot="0" type="pumpkin" quantity="13"/><InventoryObject slot="1" type="red_mushroom" quantity="21"/><InventoryObject slot="2" type="lever" quantity="9"/><InventoryObject slot="3" type="dragon_egg" quantity="24"/><InventoryObject slot="4" type="birch_fence_gate" quantity="28"/><InventoryObject slot="5" type="spruce_fence" quantity="19"/><InventoryObject slot="6" type="cobblestone" quantity="30"/><InventoryObject slot="7" type="dispenser" quantity="61"/><InventoryObject slot="8" type="sticky_piston" quantity="26"/><InventoryObject slot="9" type="end_stone" quantity="33"/><InventoryObject slot="10" type="prismarine" quantity="51"/><InventoryObject slot="11" type="stone_button" quantity="9"/><InventoryObject slot="12" type="iron_door" quantity="49"/><InventoryObject slot="13" type="redstone_lamp" quantity="54"/><InventoryObject slot="14" type="flower_pot" quantity="17"/><InventoryObject slot="15" type="sandstone_stairs" quantity="5"/><InventoryObject slot="16" type="tripwire_hook" quantity="50"/><InventoryObject slot="17" type="glowstone" quantity="3"/><InventoryObject slot="18" type="pumpkin" quantity="57"/><InventoryObject slot="19" type="birch_fence" quantity="39"/><InventoryObject slot="20" type="daylight_detector" quantity="59"/><InventoryObject slot="21" type="rail" quantity="31"/><InventoryObject slot="22" type="hopper" quantity="31"/><InventoryObject slot="23" type="coal_ore" quantity="34"/><InventoryObject slot="24" type="enchanting_table" quantity="46"/><InventoryObject slot="25" type="stone_stairs" quantity="5"/><InventoryObject slot="26" type="flower_pot" quantity="14"/><InventoryObject slot="27" type="birch_fence" quantity="56"/><InventoryObject slot="28" type="barrier" quantity="55"/><InventoryObject slot="29" type="quartz_stairs" quantity="7"/><InventoryObject slot="30" type="spruce_fence_gate" quantity="9"/><InventoryObject slot="31" type="cactus" quantity="49"/><InventoryObject slot="32" type="acacia_stairs" quantity="47"/><InventoryObject slot="33" type="acacia_door" quantity="28"/><InventoryObject slot="34" type="spruce_fence" quantity="61"/><InventoryObject slot="35" type="lapis_ore" quantity="46"/></Inventory><PreferredSpawnBiome>plains</PreferredSpawnBiome><DoneOnDeath>true</DoneOnDeath><SpawnInVillage>true</SpawnInVillage></AgentStart><AgentHandlers><FileBasedPerformanceProducer/><PauseCommand/><VideoProducer want_depth="false"><Width>640</Width><Height>360</Height></VideoProducer><HumanLevelCommands/><CameraCommands/></AgentHandlers></AgentSection></Mission><ExperimentUID>719787df-9bbd-496f-8b9a-272d344a828a</ExperimentUID><ClientRole>0</ClientRole><ClientAgentConnection><ClientIPAddress>127.0.0.1</ClientIPAddress><ClientMissionControlPort>0</ClientMissionControlPort><ClientCommandsPort>0</ClientCommandsPort><AgentIPAddress>127.0.0.1</AgentIPAddress><AgentMissionControlPort>0</AgentMissionControlPort><AgentVideoPort>0</AgentVideoPort><AgentDepthPort>0</AgentDepthPort><AgentLuminancePort>0</AgentLuminancePort><AgentObservationsPort>0</AgentObservationsPort><AgentRewardsPort>0</AgentRewardsPort><AgentColourMapPort>0</AgentColourMapPort></ClientAgentConnection></MissionInit>
[15:36:16] [EnvServerSocketHandler/INFO]: [STDOUT]: Setting width, height to 640, 360
[15:36:16] [EnvServerSocketHandler/INFO]: [STDOUT]: Gamma: 2.0
[15:36:16] [EnvServerSocketHandler/INFO]: [STDOUT]: FOV: 70.0
[15:36:16] [EnvServerSocketHandler/INFO]: [STDOUT]: GuiScale: 1.0
[15:36:16] [Render thread/INFO]: [STDOUT]: Seed not provided, generating random one: -5228242927941114199
[15:36:17] [Render thread/WARN]: Ambiguity between arguments [teleport, destination] and [teleport, targets] with inputs: [Player, 0123, @e, dd12be42-52a9-4a91-a8a1-11c01849e498]
[15:36:17] [Render thread/WARN]: Ambiguity between arguments [teleport, location] and [teleport, destination] with inputs: [0.1 -0.5 .9, 0 0 0]
[15:36:17] [Render thread/WARN]: Ambiguity between arguments [teleport, location] and [teleport, targets] with inputs: [0.1 -0.5 .9, 0 0 0]
[15:36:17] [Render thread/WARN]: Ambiguity between arguments [teleport, targets] and [teleport, destination] with inputs: [Player, 0123, dd12be42-52a9-4a91-a8a1-11c01849e498]
[15:36:17] [Render thread/WARN]: Ambiguity between arguments [teleport, targets, location] and [teleport, targets, destination] with inputs: [0.1 -0.5 .9, 0 0 0]
[15:36:17] [Render thread/INFO]: Reloading ResourceManager: Default
[15:36:18] [Render thread/INFO]: Loaded 7 recipes
[15:36:18] [Render thread/INFO]: Loaded 927 advancements
[15:36:19] [Render thread/INFO]: [STDOUT]: *** creating fake mouse cursor ***
[15:36:20] [Render thread/INFO]: Environment: authHost='https://authserver.mojang.com', accountsHost='https://api.mojang.com', sessionHost='https://sessionserver.mojang.com', servicesHost='https://api.minecraftservices.com', name='PROD'
[15:36:21] [Render thread/INFO]: Starting integrated minecraft server version 1.16.5
[15:36:21] [Render thread/INFO]: Generating keypair
[15:36:32] [Render thread/INFO]: Preparing start region for dimension minecraft:overworld
[15:36:59] [Render thread/INFO]: Changing view distance to 11, from 10
[15:37:00] [Render thread/INFO]: MineRLAgent0[local:E:247ff34c] logged in with entity id 249 at (-2413.5, 71.0, -2325.5)
[15:37:00] [Render thread/INFO]: MineRLAgent0 joined the game
[15:37:00] [Render thread/INFO]: Preparing spawn area: 37%
[15:37:00] [Render thread/INFO]: Time elapsed: 4 ms
[15:37:01] [Render thread/INFO]: [STDOUT]: Starting new video null
[15:37:01] [Render thread/INFO]: Saving and pausing game...
[15:37:01] [Render thread/INFO]: Saving chunks for level 'ServerLevel[mcpworldabfcf1c1b7d5]'/minecraft:overworld
[15:37:03] [Render thread/INFO]: Saving chunks for level 'ServerLevel[mcpworldabfcf1c1b7d5]'/minecraft:the_nether
[15:37:03] [Render thread/INFO]: Saving chunks for level 'ServerLevel[mcpworldabfcf1c1b7d5]'/minecraft:the_end
[15:37:04] [Render thread/INFO]: MineRLAgent0 has reached the goal [The Next Generation]
[15:37:04] [Render thread/INFO]: MineRLAgent0 has made the advancement [Stone Age]
[15:37:04] [Render thread/INFO]: [CHAT] MineRLAgent0 has reached the goal [The Next Generation]
[15:37:04] [Render thread/INFO]: [CHAT] MineRLAgent0 has made the advancement [Stone Age]
[15:37:04] [Render thread/INFO]: Loaded 49 advancements
[15:37:12] [EnvServerSocketHandler/INFO]: [STDOUT]: *** Stopping the replay, returning control to the inputs
