[16:00:10] [Thread-4/INFO]: [STDOUT]: SERVER enter state: DORMANT
[16:00:10] [EnvServerSocketHandler/INFO]: Received Mission token c442001d-7464-409e-abdd-d016d29e82c6:0:0:1:true
[16:00:10] [EnvServerSocketHandler/INFO]: Received mission init command  <MissionInit xmlns="http://ProjectMalmo.microsoft.com" xmlns:xsi="http://www.w3.org/2001/XMLSchema-instance" SchemaVersion="" PlatformVersion="0.37.0"><Mission><About><Summary>MineRLBasaltBuildVillageHouse-v0</Summary></About><ModSettings><MsPerTick>50</MsPerTick></ModSettings><ServerSection><ServerInitialConditions><Time><AllowPassageOfTime>false</AllowPassageOfTime></Time><AllowSpawning>true</AllowSpawning></ServerInitialConditions><ServerHandlers><DefaultWorldGenerator forceReset="true" generatorOptions="{}"/><ServerQuitFromTimeUp timeLimitMs="720000" description="out_of_time"/><ServerQuitWhenAnyAgentFinishes/></ServerHandlers></ServerSection><AgentSection mode="Survival"><Name>MineRLAgent0</Name><AgentStart><LowLevelInputs>true</LowLevelInputs><GuiScale>1.0</GuiScale><GammaSetting>2.0</GammaSetting><FOVSetting>70.0</FOVSetting><FakeCursorSize>16</FakeCursorSize><Inventory><InventoryObject slot="0" type="ice" quantity="12"/><InventoryObject slot="1" type="crafting_table" quantity="32"/><InventoryObject slot="2" type="jungle_fence" quantity="20"/><InventoryObject slot="3" type="brick_stairs" quantity="44"/><InventoryObject slot="4" type="dark_oak_fence" quantity="35"/><InventoryObject slot="5" type="command_block" quantity="28"/><InventoryObject slot="6" type="stone_stairs" quantity="39"/><InventoryObject slot="7" type="nether_brick_fence" quantity="57"/><InventoryObject slot="8" type="brown_mushroom" quantity="62"/><InventoryObject slot="9" type="acacia_stairs" quantity="2"/><InventoryObject slot="10" type="coal_ore" quantity="27"/><InventoryObject slot="11" type="red_sandstone_stairs" quantity="58"/><InventoryObject slot="12" type="sea_lantern" quantity="3"/><InventoryObject slot="13" type="torch" quantity="60"/><InventoryObject slot="14" type="cauldron" quantity="64"/><InventoryObject slot="15" type="anvil" quantity="22"/><InventoryObject slot="16" type="nether_brick_fence" quantity="34"/><InventoryObject slot="17" type="cobblestone" quantity="12"/><InventoryObject slot="18" type="stone_slab" quantity="22"/><InventoryObject slot="19" type="gravel" quantity="2"/><InventoryObject slot="20" type="spruce_fence_gate" quantity="49"/><InventoryObject slot="21" type="glass" quantity="5"/><InventoryObject slot="22" type="snow" quantity="58"/><InventoryObject slot="23" type="obsidian" quantity="22"/><InventoryObject slot="24" type="empty" quantity="32"/><InventoryObject slot="25" type="coal_ore" quantity="4"/><InventoryObject slot="26" type="sticky_piston" quantity="61"/><InventoryObject slot="27" type="obsidian" quantity="14"/><InventoryObject slot="28" type="barrier" quantity="22"/><InventoryObject slot="29" type="cake" quantity="8"/><InventoryObject slot="30" type="packed_ice" quantity="19"/><InventoryObject slot="31" type="crafting_table" quantity="9"/><InventoryObject slot="32" type="soul_sand" quantity="6"/><InventoryObject slot="33" type="chest" quantity="21"/><InventoryObject slot="34" type="cake" quantity="9"/><InventoryObject slot="35" type="obsidian" quantity="46"/></Inventory><PreferredSpawnBiome>plains</PreferredSpawnBiome><DoneOnDeath>true</DoneOnDeath><SpawnInVillage>true</SpawnInVillage></AgentStart><AgentHandlers><FileBasedPerformanceProducer/><PauseCommand/><VideoProducer want_depth="false"><Width>640</Width><Height>360</Height></VideoProducer><HumanLevelCommands/><CameraCommands/></AgentHandlers></AgentSection></Mission><ExperimentUID>c442001d-7464-409e-abdd-d016d29e82c6</ExperimentUID><ClientRole>0</ClientRole><ClientAgentConnection><ClientIPAddress>127.0.0.1</ClientIPAddress><ClientMissionControlPort>0</ClientMissionControlPort><ClientCommandsPort>0</ClientCommandsPort><AgentIPAddress>127.0.0.1</AgentIPAddress><AgentMissionControlPort>0</AgentMissionControlPort><AgentVideoPort>0</AgentVideoPort><AgentDepthPort>0</AgentDepthPort><AgentLuminancePort>0</AgentLuminancePort><AgentObservationsPort>0</AgentObservationsPort><AgentRewardsPort>0</AgentRewardsPort><AgentColourMapPort>0</AgentColourMapPort></ClientAgentConnection></MissionInit>
[16:00:11] [EnvServerSocketHandler/INFO]: [STDOUT]: Setting width, height to 640, 360
[16:00:11] [EnvServerSocketHandler/INFO]: [STDOUT]: Gamma: 2.0
[16:00:11] [EnvServerSocketHandler/INFO]: [STDOUT]: FOV: 70.0
[16:00:11] [EnvServerSocketHandler/INFO]: [STDOUT]: GuiScale: 1.0
[16:00:11] [Render thread/INFO]: [STDOUT]: Seed not provided, generating random one: -1183102944852188488
[16:00:13] [Render thread/WARN]: Ambiguity between arguments [teleport, destination] and [teleport, targets] with inputs: [Player, 0123, @e, dd12be42-52a9-4a91-a8a1-11c01849e498]
[16:00:13] [Render thread/WARN]: Ambiguity between arguments [teleport, location] and [teleport, destination] with inputs: [0.1 -0.5 .9, 0 0 0]
[16:00:13] [Render thread/WARN]: Ambiguity between arguments [teleport, location] and [teleport, targets] with inputs: [0.1 -0.5 .9, 0 0 0]
[16:00:13] [Render thread/WARN]: Ambiguity between arguments [teleport, targets] and [teleport, destination] with inputs: [Player, 0123, dd12be42-52a9-4a91-a8a1-11c01849e498]
[16:00:13] [Render thread/WARN]: Ambiguity between arguments [teleport, targets, location] and [teleport, targets, destination] with inputs: [0.1 -0.5 .9, 0 0 0]
[16:00:13] [Render thread/INFO]: Reloading ResourceManager: Default
[16:00:13] [Render thread/INFO]: Loaded 7 recipes
[16:00:14] [Render thread/INFO]: Loaded 927 advancements
[16:00:14] [Render thread/INFO]: [STDOUT]: *** creating fake mouse cursor ***
[16:00:16] [Render thread/INFO]: Environment: authHost='https://authserver.mojang.com', accountsHost='https://api.mojang.com', sessionHost='https://sessionserver.mojang.com', servicesHost='https://api.minecraftservices.com', name='PROD'
[16:00:16] [Render thread/INFO]: Starting integrated minecraft server version 1.16.5
[16:00:16] [Render thread/INFO]: Generating keypair
[16:00:27] [Render thread/INFO]: Preparing start region for dimension minecraft:overworld
[16:00:49] [Render thread/INFO]: Changing view distance to 11, from 10
[16:00:50] [Render thread/INFO]: MineRLAgent0[local:E:11c8fbe6] logged in with entity id 184 at (2147.5, 63.0, 350.5)
[16:00:50] [Render thread/INFO]: MineRLAgent0 joined the game
[16:00:50] [Render thread/INFO]: Preparing spawn area: 0%
[16:00:50] [Render thread/INFO]: Time elapsed: 6 ms
[16:00:51] [Render thread/INFO]: [STDOUT]: Starting new video null
[16:00:51] [Render thread/INFO]: Saving and pausing game...
[16:00:51] [Render thread/INFO]: Saving chunks for level 'ServerLevel[mcpworldabfcf1c1b7d5]'/minecraft:overworld
[16:00:52] [Render thread/INFO]: Saving chunks for level 'ServerLevel[mcpworldabfcf1c1b7d5]'/minecraft:the_nether
[16:00:52] [Render thread/INFO]: Saving chunks for level 'ServerLevel[mcpworldabfcf1c1b7d5]'/minecraft:the_end
[16:00:53] [Render thread/INFO]: MineRLAgent0 has made the advancement [Stone Age]
[16:00:53] [Render thread/INFO]: MineRLAgent0 has made the advancement [Ice Bucket Challenge]
[16:00:54] [Render thread/INFO]: [CHAT] MineRLAgent0 has made the advancement [Stone Age]
[16:00:54] [Render thread/INFO]: [CHAT] MineRLAgent0 has made the advancement [Ice Bucket Challenge]
[16:00:54] [Render thread/INFO]: Loaded 71 advancements
[16:01:02] [EnvServerSocketHandler/INFO]: [STDOUT]: *** Stopping the replay, returning control to the inputs
