[15:50:26] [Thread-4/INFO]: [STDOUT]: SERVER enter state: DORMANT
[15:50:26] [EnvServerSocketHandler/INFO]: Received Mission token a16a1f49-8a54-42fa-9caa-558ff396c5e9:0:0:1:true
[15:50:26] [EnvServerSocketHandler/INFO]: Received mission init command  <MissionInit xmlns="http://ProjectMalmo.microsoft.com" xmlns:xsi="http://www.w3.org/2001/XMLSchema-instance" SchemaVersion="" PlatformVersion="0.37.0"><Mission><About><Summary>MineRLBasaltBuildVillageHouse-v0</Summary></About><ModSettings><MsPerTick>50</MsPerTick></ModSettings><ServerSection><ServerInitialConditions><Time><AllowPassageOfTime>false</AllowPassageOfTime></Time><AllowSpawning>true</AllowSpawning></ServerInitialConditions><ServerHandlers><DefaultWorldGenerator forceReset="true" generatorOptions="{}"/><ServerQuitFromTimeUp timeLimitMs="720000" description="out_of_time"/><ServerQuitWhenAnyAgentFinishes/></ServerHandlers></ServerSection><AgentSection mode="Survival"><Name>MineRLAgent0</Name><AgentStart><LowLevelInputs>true</LowLevelInputs><GuiScale>1.0</GuiScale><GammaSetting>2.0</GammaSetting><FOVSetting>70.0</FOVSetting><FakeCursorSize>16</FakeCursorSize><Inventory><InventoryObject slot="0" type="glowstone" quantity="15"/><InventoryObject slot="1" type="sandstone_stairs" quantity="11"/><InventoryObject slot="2" type="glowstone" quantity="36"/><InventoryObject slot="3" type="snow" quantity="51"/><InventoryObject slot="4" type="iron_block" quantity="61"/><InventoryObject slot="5" type="cake" quantity="34"/><InventoryObject slot="6" type="sandstone_stairs" quantity="22"/><InventoryObject slot="7" type="gold_ore" quantity="4"/><InventoryObject slot="8" type="light_weighted_pressure_plate" quantity="3"/><InventoryObject slot="9" type="red_mushroom_block" quantity="60"/><InventoryObject slot="10" type="grass" quantity="54"/><InventoryObject slot="11" type="oak_stairs" quantity="32"/><InventoryObject slot="12" type="stone_pressure_plate" quantity="12"/><InventoryObject slot="13" type="sand" quantity="57"/><InventoryObject slot="14" type="packed_ice" quantity="11"/><InventoryObject slot="15" type="iron_door" quantity="14"/><InventoryObject slot="16" type="enchanting_table" quantity="56"/><InventoryObject slot="17" type="jukebox" quantity="44"/><InventoryObject slot="18" type="glass_pane" quantity="26"/><InventoryObject slot="19" type="cobblestone" quantity="41"/><InventoryObject slot="20" type="dirt" quantity="15"/><InventoryObject slot="21" type="sponge" quantity="31"/><InventoryObject slot="22" type="piston" quantity="30"/><InventoryObject slot="23" type="trapped_chest" quantity="56"/><InventoryObject slot="24" type="hay_block" quantity="17"/><InventoryObject slot="25" type="clay" quantity="12"/><InventoryObject slot="26" type="oak_stairs" quantity="13"/><InventoryObject slot="27" type="dark_oak_stairs" quantity="62"/><InventoryObject slot="28" type="trapped_chest" quantity="5"/><InventoryObject slot="29" type="stone_brick_stairs" quantity="63"/><InventoryObject slot="30" type="sandstone" quantity="14"/><InventoryObject slot="31" type="nether_brick_stairs" quantity="31"/><InventoryObject slot="32" type="stone_button" quantity="1"/><InventoryObject slot="33" type="sandstone_stairs" quantity="29"/><InventoryObject slot="34" type="ladder" quantity="9"/><InventoryObject slot="35" type="packed_ice" quantity="7"/></Inventory><PreferredSpawnBiome>plains</PreferredSpawnBiome><DoneOnDeath>true</DoneOnDeath><SpawnInVillage>true</SpawnInVillage></AgentStart><AgentHandlers><FileBasedPerformanceProducer/><PauseCommand/><VideoProducer want_depth="false"><Width>640</Width><Height>360</Height></VideoProducer><HumanLevelCommands/><CameraCommands/></AgentHandlers></AgentSection></Mission><ExperimentUID>a16a1f49-8a54-42fa-9caa-558ff396c5e9</ExperimentUID><ClientRole>0</ClientRole><ClientAgentConnection><ClientIPAddress>127.0.0.1</ClientIPAddress><ClientMissionControlPort>0</ClientMissionControlPort><ClientCommandsPort>0</ClientCommandsPort><AgentIPAddress>127.0.0.1</AgentIPAddress><AgentMissionControlPort>0</AgentMissionControlPort><AgentVideoPort>0</AgentVideoPort><AgentDepthPort>0</AgentDepthPort><AgentLuminancePort>0</AgentLuminancePort><AgentObservationsPort>0</AgentObservationsPort><AgentRewardsPort>0</AgentRewardsPort><AgentColourMapPort>0</AgentColourMapPort></ClientAgentConnection></MissionInit>
[15:50:27] [EnvServerSocketHandler/INFO]: [STDOUT]: Setting width, height to 640, 360
[15:50:27] [EnvServerSocketHandler/INFO]: [STDOUT]: Gamma: 2.0
[15:50:27] [EnvServerSocketHandler/INFO]: [STDOUT]: FOV: 70.0
[15:50:27] [EnvServerSocketHandler/INFO]: [STDOUT]: GuiScale: 1.0
[15:50:27] [Render thread/INFO]: [STDOUT]: Seed not provided, generating random one: -9045326617015214801
[15:50:29] [Render thread/WARN]: Ambiguity between arguments [teleport, destination] and [teleport, targets] with inputs: [Player, 0123, @e, dd12be42-52a9-4a91-a8a1-11c01849e498]
[15:50:29] [Render thread/WARN]: Ambiguity between arguments [teleport, location] and [teleport, destination] with inputs: [0.1 -0.5 .9, 0 0 0]
[15:50:29] [Render thread/WARN]: Ambiguity between arguments [teleport, location] and [teleport, targets] with inputs: [0.1 -0.5 .9, 0 0 0]
[15:50:29] [Render thread/WARN]: Ambiguity between arguments [teleport, targets] and [teleport, destination] with inputs: [Player, 0123, dd12be42-52a9-4a91-a8a1-11c01849e498]
[15:50:29] [Render thread/WARN]: Ambiguity between arguments [teleport, targets, location] and [teleport, targets, destination] with inputs: [0.1 -0.5 .9, 0 0 0]
[15:50:29] [Render thread/INFO]: Reloading ResourceManager: Default
[15:50:29] [Render thread/INFO]: Loaded 7 recipes
[15:50:30] [Render thread/INFO]: Loaded 927 advancements
[15:50:30] [Render thread/INFO]: [STDOUT]: *** creating fake mouse cursor ***
[15:50:32] [Render thread/INFO]: Environment: authHost='https://authserver.mojang.com', accountsHost='https://api.mojang.com', sessionHost='https://sessionserver.mojang.com', servicesHost='https://api.minecraftservices.com', name='PROD'
[15:50:32] [Render thread/INFO]: Starting integrated minecraft server version 1.16.5
[15:50:32] [Render thread/INFO]: Generating keypair
[15:50:42] [Render thread/INFO]: Preparing start region for dimension minecraft:overworld
[15:51:20] [Render thread/INFO]: Changing view distance to 11, from 10
[15:51:21] [Render thread/INFO]: MineRLAgent0[local:E:75070128] logged in with entity id 156 at (2802.5, 67.0, 2218.5)
[15:51:21] [Render thread/INFO]: MineRLAgent0 joined the game
[15:51:21] [Render thread/INFO]: Preparing spawn area: 6%
[15:51:21] [Render thread/INFO]: Time elapsed: 7 ms
[15:51:22] [Render thread/INFO]: [STDOUT]: Starting new video null
[15:51:22] [Render thread/INFO]: Saving and pausing game...
[15:51:22] [Render thread/INFO]: Saving chunks for level 'ServerLevel[mcpworldabfcf1c1b7d5]'/minecraft:overworld
[15:51:25] [Render thread/INFO]: Saving chunks for level 'ServerLevel[mcpworldabfcf1c1b7d5]'/minecraft:the_nether
[15:51:25] [Render thread/INFO]: Saving chunks for level 'ServerLevel[mcpworldabfcf1c1b7d5]'/minecraft:the_end
[15:51:26] [Render thread/INFO]: MineRLAgent0 has made the advancement [Stone Age]
[15:51:26] [Render thread/INFO]: [CHAT] MineRLAgent0 has made the advancement [Stone Age]
[15:51:26] [Render thread/INFO]: Loaded 75 advancements
[15:51:35] [EnvServerSocketHandler/INFO]: [STDOUT]: *** Stopping the replay, returning control to the inputs
