[16:10:21] [Thread-4/INFO]: [STDOUT]: SERVER enter state: DORMANT
[16:10:21] [EnvServerSocketHandler/INFO]: Received Mission token 8d9b80e4-e0c9-4f75-8932-4a06aea2fd7b:0:0:1:true
[16:10:21] [EnvServerSocketHandler/INFO]: Received mission init command  <MissionInit xmlns="http://ProjectMalmo.microsoft.com" xmlns:xsi="http://www.w3.org/2001/XMLSchema-instance" SchemaVersion="" PlatformVersion="0.37.0"><Mission><About><Summary>MineRLBasaltBuildVillageHouse-v0</Summary></About><ModSettings><MsPerTick>50</MsPerTick></ModSettings><ServerSection><ServerInitialConditions><Time><AllowPassageOfTime>false</AllowPassageOfTime></Time><AllowSpawning>true</AllowSpawning></ServerInitialConditions><ServerHandlers><DefaultWorldGenerator forceReset="true" generatorOptions="{}"/><ServerQuitFromTimeUp timeLimitMs="720000" description="out_of_time"/><ServerQuitWhenAnyAgentFinishes/></ServerHandlers></ServerSection><AgentSection mode="Survival"><Name>MineRLAgent0</Name><AgentStart><LowLevelInputs>true</LowLevelInputs><GuiScale>1.0</GuiScale><GammaSetting>2.0</GammaSetting><FOVSetting>70.0</FOVSetting><FakeCursorSize>16</FakeCursorSize><Inventory><InventoryObject slot="0" type="redstone_block" quantity="17"/><InventoryObject slot="1" type="diamond_block" quantity="6"/><InventoryObject slot="2" type="redstone_lamp" quantity="20"/><InventoryObject slot="3" type="cauldron" quantity="27"/><InventoryObject slot="4" type="redstone_torch" quantity="63"/><InventoryObject slot="5" type="red_mushroom" quantity="23"/><InventoryObject slot="6" type="sea_lantern" quantity="33"/><InventoryObject slot="7" type="iron_door" quantity="2"/><InventoryObject slot="8" type="iron_ore" quantity="23"/><InventoryObject slot="9" type="cactus" quantity="23"/><InventoryObject slot="10" type="redstone_ore" quantity="15"/><InventoryObject slot="11" type="gold_block" quantity="2"/><InventoryObject slot="12" type="pumpkin" quantity="26"/><InventoryObject slot="13" type="redstone_torch" quantity="38"/><InventoryObject slot="14" type="redstone_lamp" quantity="20"/><InventoryObject slot="15" type="command_block" quantity="49"/><InventoryObject slot="16" type="grass" quantity="26"/><InventoryObject slot="17" type="grass" quantity="7"/><InventoryObject slot="18" type="brown_mushroom" quantity="6"/><InventoryObject slot="19" type="spruce_fence_gate" quantity="55"/><InventoryObject slot="20" type="gold_ore" quantity="54"/><InventoryObject slot="21" type="lever" quantity="55"/><InventoryObject slot="22" type="stone_button" quantity="35"/><InventoryObject slot="23" type="pumpkin" quantity="46"/><InventoryObject slot="24" type="prismarine" quantity="3"/><InventoryObject slot="25" type="ladder" quantity="35"/><InventoryObject slot="26" type="crafting_table" quantity="37"/><InventoryObject slot="27" type="redstone_lamp" quantity="31"/><InventoryObject slot="28" type="stone_stairs" quantity="17"/><InventoryObject slot="29" type="beacon" quantity="59"/><InventoryObject slot="30" type="ender_chest" quantity="46"/><InventoryObject slot="31" type="stone_button" quantity="29"/><InventoryObject slot="32" type="jukebox" quantity="53"/><InventoryObject slot="33" type="glass" quantity="27"/><InventoryObject slot="34" type="iron_bars" quantity="21"/><InventoryObject slot="35" type="cake" quantity="21"/></Inventory><PreferredSpawnBiome>plains</PreferredSpawnBiome><DoneOnDeath>true</DoneOnDeath><SpawnInVillage>true</SpawnInVillage></AgentStart><AgentHandlers><FileBasedPerformanceProducer/><PauseCommand/><VideoProducer want_depth="false"><Width>640</Width><Height>360</Height></VideoProducer><HumanLevelCommands/><CameraCommands/></AgentHandlers></AgentSection></Mission><ExperimentUID>8d9b80e4-e0c9-4f75-8932-4a06aea2fd7b</ExperimentUID><ClientRole>0</ClientRole><ClientAgentConnection><ClientIPAddress>127.0.0.1</ClientIPAddress><ClientMissionControlPort>0</ClientMissionControlPort><ClientCommandsPort>0</ClientCommandsPort><AgentIPAddress>127.0.0.1</AgentIPAddress><AgentMissionControlPort>0</AgentMissionControlPort><AgentVideoPort>0</AgentVideoPort><AgentDepthPort>0</AgentDepthPort><AgentLuminancePort>0</AgentLuminancePort><AgentObservationsPort>0</AgentObservationsPort><AgentRewardsPort>0</AgentRewardsPort><AgentColourMapPort>0</AgentColourMapPort></ClientAgentConnection></MissionInit>
[16:10:23] [EnvServerSocketHandler/INFO]: [STDOUT]: Setting width, height to 640, 360
[16:10:23] [EnvServerSocketHandler/INFO]: [STDOUT]: Gamma: 2.0
[16:10:23] [EnvServerSocketHandler/INFO]: [STDOUT]: FOV: 70.0
[16:10:23] [EnvServerSocketHandler/INFO]: [STDOUT]: GuiScale: 1.0
[16:10:23] [Render thread/INFO]: [STDOUT]: Seed not provided, generating random one: 3733476962876175502
[16:10:24] [Render thread/WARN]: Ambiguity between arguments [teleport, destination] and [teleport, targets] with inputs: [Player, 0123, @e, dd12be42-52a9-4a91-a8a1-11c01849e498]
[16:10:24] [Render thread/WARN]: Ambiguity between arguments [teleport, location] and [teleport, destination] with inputs: [0.1 -0.5 .9, 0 0 0]
[16:10:24] [Render thread/WARN]: Ambiguity between arguments [teleport, location] and [teleport, targets] with inputs: [0.1 -0.5 .9, 0 0 0]
[16:10:24] [Render thread/WARN]: Ambiguity between arguments [teleport, targets] and [teleport, destination] with inputs: [Player, 0123, dd12be42-52a9-4a91-a8a1-11c01849e498]
[16:10:24] [Render thread/WARN]: Ambiguity between arguments [teleport, targets, location] and [teleport, targets, destination] with inputs: [0.1 -0.5 .9, 0 0 0]
[16:10:24] [Render thread/INFO]: Reloading ResourceManager: Default
[16:10:25] [Render thread/INFO]: Loaded 7 recipes
[16:10:25] [Render thread/INFO]: Loaded 927 advancements
[16:10:25] [Render thread/INFO]: [STDOUT]: *** creating fake mouse cursor ***
[16:10:27] [Render thread/INFO]: Environment: authHost='https://authserver.mojang.com', accountsHost='https://api.mojang.com', sessionHost='https://sessionserver.mojang.com', servicesHost='https://api.minecraftservices.com', name='PROD'
[16:10:27] [Render thread/INFO]: Starting integrated minecraft server version 1.16.5
[16:10:27] [Render thread/INFO]: Generating keypair
[16:10:30] [Render thread/INFO]: Preparing start region for dimension minecraft:overworld
[16:10:39] [Render thread/INFO]: Changing view distance to 11, from 10
[16:10:40] [Render thread/INFO]: MineRLAgent0[local:E:e5b7df32] logged in with entity id 141 at (-1888.5, 68.0, -997.5)
[16:10:40] [Render thread/INFO]: MineRLAgent0 joined the game
[16:10:40] [Render thread/INFO]: Preparing spawn area: 0%
[16:10:40] [Render thread/INFO]: Time elapsed: 5 ms
[16:10:41] [Render thread/INFO]: [STDOUT]: Starting new video null
[16:10:41] [Render thread/INFO]: Saving and pausing game...
[16:10:41] [Render thread/INFO]: Saving chunks for level 'ServerLevel[mcpworldabfcf1c1b7d5]'/minecraft:overworld
[16:10:42] [Render thread/INFO]: Saving chunks for level 'ServerLevel[mcpworldabfcf1c1b7d5]'/minecraft:the_nether
[16:10:43] [Render thread/INFO]: Saving chunks for level 'ServerLevel[mcpworldabfcf1c1b7d5]'/minecraft:the_end
[16:10:43] [Render thread/INFO]: Loaded 44 advancements
[16:10:54] [EnvServerSocketHandler/INFO]: [STDOUT]: *** Stopping the replay, returning control to the inputs
