[15:15:24] [Thread-4/INFO]: [STDOUT]: SERVER enter state: DORMANT
[15:15:24] [EnvServerSocketHandler/INFO]: Received Mission token eb340daa-3812-4c80-a04e-665dc6d9400b:0:0:1:true
[15:15:24] [EnvServerSocketHandler/INFO]: Received mission init command  <MissionInit xmlns="http://ProjectMalmo.microsoft.com" xmlns:xsi="http://www.w3.org/2001/XMLSchema-instance" SchemaVersion="" PlatformVersion="0.37.0"><Mission><About><Summary>MineRLBasaltBuildVillageHouse-v0</Summary></About><ModSettings><MsPerTick>50</MsPerTick></ModSettings><ServerSection><ServerInitialConditions><Time><AllowPassageOfTime>false</AllowPassageOfTime></Time><AllowSpawning>true</AllowSpawning></ServerInitialConditions><ServerHandlers><DefaultWorldGenerator forceReset="true" generatorOptions="{}"/><ServerQuitFromTimeUp timeLimitMs="720000" description="out_of_time"/><ServerQuitWhenAnyAgentFinishes/></ServerHandlers></ServerSection><AgentSection mode="Survival"><Name>MineRLAgent0</Name><AgentStart><LowLevelInputs>true</LowLevelInputs><GuiScale>1.0</GuiScale><GammaSetting>2.0</GammaSetting><FOVSetting>70.0</FOVSetting><FakeCursorSize>16</FakeCursorSize><Inventory><InventoryObject slot="0" type="emerald_block" quantity="34"/><InventoryObject slot="1" type="dark_oak_door" quantity="20"/><InventoryObject slot="2" type="nether_brick_stairs" quantity="24"/><InventoryObject slot="3" type="prismarine" quantity="33"/><InventoryObject slot="4" type="prismarine" quantity="14"/><InventoryObject slot="5" type="birch_door" quantity="34"/><InventoryObject slot="6" type="bedrock" quantity="63"/><InventoryObject slot="7" type="cobblestone_wall" quantity="38"/><InventoryObject slot="8" type="spruce_door" quantity="35"/><InventoryObject slot="9" type="flower_pot" quantity="30"/><InventoryObject slot="10" type="dark_oak_fence" quantity="40"/><InventoryObject slot="11" type="red_mushroom_block" quantity="62"/><InventoryObject slot="12" type="spruce_stairs" quantity="44"/><InventoryObject slot="13" type="soul_sand" quantity="20"/><InventoryObject slot="14" type="acacia_door" quantity="58"/><InventoryObject slot="15" type="dark_oak_fence_gate" quantity="26"/><InventoryObject slot="16" type="brewing_stand" quantity="15"/><InventoryObject slot="17" type="detector_rail" quantity="4"/><InventoryObject slot="18" type="crafting_table" quantity="6"/><InventoryObject slot="19" type="cactus" quantity="44"/><InventoryObject slot="20" type="cauldron" quantity="46"/><InventoryObject slot="21" type="birch_door" quantity="48"/><InventoryObject slot="22" type="diamond_block" quantity="31"/><InventoryObject slot="23" type="glowstone" quantity="44"/><InventoryObject slot="24" type="birch_door" quantity="50"/><InventoryObject slot="25" type="quartz_block" quantity="55"/><InventoryObject slot="26" type="spruce_fence_gate" quantity="10"/><InventoryObject slot="27" type="cauldron" quantity="59"/><InventoryObject slot="28" type="furnace" quantity="32"/><InventoryObject slot="29" type="sandstone" quantity="6"/><InventoryObject slot="30" type="stone" quantity="6"/><InventoryObject slot="31" type="heavy_weighted_pressure_plate" quantity="60"/><InventoryObject slot="32" type="gold_ore" quantity="47"/><InventoryObject slot="33" type="jungle_fence" quantity="22"/><InventoryObject slot="34" type="iron_bars" quantity="46"/><InventoryObject slot="35" type="spruce_stairs" quantity="40"/></Inventory><PreferredSpawnBiome>plains</PreferredSpawnBiome><DoneOnDeath>true</DoneOnDeath><SpawnInVillage>true</SpawnInVillage></AgentStart><AgentHandlers><FileBasedPerformanceProducer/><PauseCommand/><VideoProducer want_depth="false"><Width>640</Width><Height>360</Height></VideoProducer><HumanLevelCommands/><CameraCommands/></AgentHandlers></AgentSection></Mission><ExperimentUID>eb340daa-3812-4c80-a04e-665dc6d9400b</ExperimentUID><ClientRole>0</ClientRole><ClientAgentConnection><ClientIPAddress>127.0.0.1</ClientIPAddress><ClientMissionControlPort>0</ClientMissionControlPort><ClientCommandsPort>0</ClientCommandsPort><AgentIPAddress>127.0.0.1</AgentIPAddress><AgentMissionControlPort>0</AgentMissionControlPort><AgentVideoPort>0</AgentVideoPort><AgentDepthPort>0</AgentDepthPort><AgentLuminancePort>0</AgentLuminancePort><AgentObservationsPort>0</AgentObservationsPort><AgentRewardsPort>0</AgentRewardsPort><AgentColourMapPort>0</AgentColourMapPort></ClientAgentConnection></MissionInit>
[15:15:25] [EnvServerSocketHandler/INFO]: [STDOUT]: Setting width, height to 640, 360
[15:15:25] [EnvServerSocketHandler/INFO]: [STDOUT]: Gamma: 2.0
[15:15:25] [EnvServerSocketHandler/INFO]: [STDOUT]: FOV: 70.0
[15:15:25] [EnvServerSocketHandler/INFO]: [STDOUT]: GuiScale: 1.0
[15:15:25] [Render thread/INFO]: [STDOUT]: Seed not provided, generating random one: 9063540045724195127
[15:15:27] [Render thread/WARN]: Ambiguity between arguments [teleport, destination] and [teleport, targets] with inputs: [Player, 0123, @e, dd12be42-52a9-4a91-a8a1-11c01849e498]
[15:15:27] [Render thread/WARN]: Ambiguity between arguments [teleport, location] and [teleport, destination] with inputs: [0.1 -0.5 .9, 0 0 0]
[15:15:27] [Render thread/WARN]: Ambiguity between arguments [teleport, location] and [teleport, targets] with inputs: [0.1 -0.5 .9, 0 0 0]
[15:15:27] [Render thread/WARN]: Ambiguity between arguments [teleport, targets] and [teleport, destination] with inputs: [Player, 0123, dd12be42-52a9-4a91-a8a1-11c01849e498]
[15:15:27] [Render thread/WARN]: Ambiguity between arguments [teleport, targets, location] and [teleport, targets, destination] with inputs: [0.1 -0.5 .9, 0 0 0]
[15:15:27] [Render thread/INFO]: Reloading ResourceManager: Default
[15:15:27] [Render thread/INFO]: Loaded 7 recipes
[15:15:28] [Render thread/INFO]: Loaded 927 advancements
[15:15:28] [Render thread/INFO]: [STDOUT]: *** creating fake mouse cursor ***
[15:15:30] [Render thread/INFO]: Environment: authHost='https://authserver.mojang.com', accountsHost='https://api.mojang.com', sessionHost='https://sessionserver.mojang.com', servicesHost='https://api.minecraftservices.com', name='PROD'
[15:15:30] [Render thread/INFO]: Starting integrated minecraft server version 1.16.5
[15:15:30] [Render thread/INFO]: Generating keypair
[15:15:35] [Render thread/INFO]: Preparing start region for dimension minecraft:overworld
[15:15:46] [Render thread/INFO]: Changing view distance to 11, from 10
[15:15:47] [Render thread/INFO]: MineRLAgent0[local:E:103de863] logged in with entity id 105 at (1063.5, 65.0, -765.5)
[15:15:47] [Render thread/INFO]: MineRLAgent0 joined the game
[15:15:47] [Render thread/INFO]: Preparing spawn area: 0%
[15:15:47] [Render thread/INFO]: Time elapsed: 8 ms
[15:15:48] [Render thread/INFO]: [STDOUT]: Starting new video null
[15:15:48] [Render thread/INFO]: Saving and pausing game...
[15:15:48] [Render thread/INFO]: Saving chunks for level 'ServerLevel[mcpworldabfcf1c1b7d5]'/minecraft:overworld
[15:15:49] [Render thread/INFO]: Saving chunks for level 'ServerLevel[mcpworldabfcf1c1b7d5]'/minecraft:the_nether
[15:15:49] [Render thread/INFO]: Saving chunks for level 'ServerLevel[mcpworldabfcf1c1b7d5]'/minecraft:the_end
[15:15:50] [Render thread/INFO]: Loaded 57 advancements
[15:15:59] [EnvServerSocketHandler/INFO]: [STDOUT]: *** Stopping the replay, returning control to the inputs
