[16:21:56] [Thread-4/INFO]: [STDOUT]: SERVER enter state: DORMANT
[16:21:56] [EnvServerSocketHandler/INFO]: Received Mission token e7ba05db-6687-4853-b7bc-483927867532:0:0:1:true
[16:21:56] [EnvServerSocketHandler/INFO]: Received mission init command  <MissionInit xmlns="http://ProjectMalmo.microsoft.com" xmlns:xsi="http://www.w3.org/2001/XMLSchema-instance" SchemaVersion="" PlatformVersion="0.37.0"><Mission><About><Summary>MineRLBasaltBuildVillageHouse-v0</Summary></About><ModSettings><MsPerTick>50</MsPerTick></ModSettings><ServerSection><ServerInitialConditions><Time><AllowPassageOfTime>false</AllowPassageOfTime></Time><AllowSpawning>true</AllowSpawning></ServerInitialConditions><ServerHandlers><DefaultWorldGenerator forceReset="true" generatorOptions="{}"/><ServerQuitFromTimeUp timeLimitMs="720000" description="out_of_time"/><ServerQuitWhenAnyAgentFinishes/></ServerHandlers></ServerSection><AgentSection mode="Survival"><Name>MineRLAgent0</Name><AgentStart><LowLevelInputs>true</LowLevelInputs><GuiScale>1.0</GuiScale><GammaSetting>2.0</GammaSetting><FOVSetting>70.0</FOVSetting><FakeCursorSize>16</FakeCursorSize><Inventory><InventoryObject slot="0" type="sandstone" quantity="8"/><InventoryObject slot="1" type="bedrock" quantity="6"/><InventoryObject slot="2" type="gold_ore" quantity="14"/><InventoryObject slot="3" type="dispenser" quantity="27"/><InventoryObject slot="4" type="sea_lantern" quantity="37"/><InventoryObject slot="5" type="iron_trapdoor" quantity="9"/><InventoryObject slot="6" type="command_block" quantity="1"/><InventoryObject slot="7" type="sea_lantern" quantity="52"/><InventoryObject slot="8" type="nether_brick_stairs" quantity="59"/><InventoryObject slot="9" type="crafting_table" quantity="4"/><InventoryObject slot="10" type="acacia_door" quantity="39"/><InventoryObject slot="11" type="red_mushroom" quantity="20"/><InventoryObject slot="12" type="stone_stairs" quantity="27"/><InventoryObject slot="13" type="redstone_lamp" quantity="39"/><InventoryObject slot="14" type="brown_mushroom" quantity="17"/><InventoryObject slot="15" type="sandstone_stairs" quantity="58"/><InventoryObject slot="16" type="bedrock" quantity="59"/><InventoryObject slot="17" type="anvil" quantity="58"/><InventoryObject slot="18" type="jukebox" quantity="28"/><InventoryObject slot="19" type="nether_brick" quantity="63"/><InventoryObject slot="20" type="iron_bars" quantity="7"/><InventoryObject slot="21" type="furnace" quantity="20"/><InventoryObject slot="22" type="detector_rail" quantity="8"/><InventoryObject slot="23" type="dispenser" quantity="34"/><InventoryObject slot="24" type="furnace" quantity="10"/><InventoryObject slot="25" type="trapped_chest" quantity="58"/><InventoryObject slot="26" type="hay_block" quantity="10"/><InventoryObject slot="27" type="redstone_lamp" quantity="39"/><InventoryObject slot="28" type="stone_slab" quantity="10"/><InventoryObject slot="29" type="end_stone" quantity="44"/><InventoryObject slot="30" type="iron_ore" quantity="52"/><InventoryObject slot="31" type="dark_oak_fence" quantity="43"/><InventoryObject slot="32" type="cake" quantity="51"/><InventoryObject slot="33" type="jukebox" quantity="5"/><InventoryObject slot="34" type="acacia_fence_gate" quantity="31"/><InventoryObject slot="35" type="birch_stairs" quantity="46"/></Inventory><PreferredSpawnBiome>plains</PreferredSpawnBiome><DoneOnDeath>true</DoneOnDeath><SpawnInVillage>true</SpawnInVillage></AgentStart><AgentHandlers><FileBasedPerformanceProducer/><PauseCommand/><VideoProducer want_depth="false"><Width>640</Width><Height>360</Height></VideoProducer><HumanLevelCommands/><CameraCommands/></AgentHandlers></AgentSection></Mission><ExperimentUID>e7ba05db-6687-4853-b7bc-483927867532</ExperimentUID><ClientRole>0</ClientRole><ClientAgentConnection><ClientIPAddress>127.0.0.1</ClientIPAddress><ClientMissionControlPort>0</ClientMissionControlPort><ClientCommandsPort>0</ClientCommandsPort><AgentIPAddress>127.0.0.1</AgentIPAddress><AgentMissionControlPort>0</AgentMissionControlPort><AgentVideoPort>0</AgentVideoPort><AgentDepthPort>0</AgentDepthPort><AgentLuminancePort>0</AgentLuminancePort><AgentObservationsPort>0</AgentObservationsPort><AgentRewardsPort>0</AgentRewardsPort><AgentColourMapPort>0</AgentColourMapPort></ClientAgentConnection></MissionInit>
[16:21:58] [EnvServerSocketHandler/INFO]: [STDOUT]: Setting width, height to 640, 360
[16:21:58] [EnvServerSocketHandler/INFO]: [STDOUT]: Gamma: 2.0
[16:21:58] [EnvServerSocketHandler/INFO]: [STDOUT]: FOV: 70.0
[16:21:58] [EnvServerSocketHandler/INFO]: [STDOUT]: GuiScale: 1.0
[16:21:58] [Render thread/INFO]: [STDOUT]: Seed not provided, generating random one: 6402882381491175707
[16:21:59] [Render thread/WARN]: Ambiguity between arguments [teleport, destination] and [teleport, targets] with inputs: [Player, 0123, @e, dd12be42-52a9-4a91-a8a1-11c01849e498]
[16:21:59] [Render thread/WARN]: Ambiguity between arguments [teleport, location] and [teleport, destination] with inputs: [0.1 -0.5 .9, 0 0 0]
[16:21:59] [Render thread/WARN]: Ambiguity between arguments [teleport, location] and [teleport, targets] with inputs: [0.1 -0.5 .9, 0 0 0]
[16:21:59] [Render thread/WARN]: Ambiguity between arguments [teleport, targets] and [teleport, destination] with inputs: [Player, 0123, dd12be42-52a9-4a91-a8a1-11c01849e498]
[16:21:59] [Render thread/WARN]: Ambiguity between arguments [teleport, targets, location] and [teleport, targets, destination] with inputs: [0.1 -0.5 .9, 0 0 0]
[16:21:59] [Render thread/INFO]: Reloading ResourceManager: Default
[16:22:00] [Render thread/INFO]: Loaded 7 recipes
[16:22:00] [Render thread/INFO]: Loaded 927 advancements
[16:22:00] [Render thread/INFO]: [STDOUT]: *** creating fake mouse cursor ***
[16:22:02] [Render thread/INFO]: Environment: authHost='https://authserver.mojang.com', accountsHost='https://api.mojang.com', sessionHost='https://sessionserver.mojang.com', servicesHost='https://api.minecraftservices.com', name='PROD'
[16:22:02] [Render thread/INFO]: Starting integrated minecraft server version 1.16.5
[16:22:02] [Render thread/INFO]: Generating keypair
[16:22:16] [Render thread/INFO]: Preparing start region for dimension minecraft:overworld
[16:22:25] [Render thread/INFO]: Changing view distance to 11, from 10
[16:22:25] [Render thread/INFO]: MineRLAgent0[local:E:34349e54] logged in with entity id 175 at (-665.5, 64.0, 1165.5)
[16:22:26] [Render thread/INFO]: MineRLAgent0 joined the game
[16:22:26] [Render thread/INFO]: Preparing spawn area: 0%
[16:22:26] [Render thread/INFO]: Time elapsed: 12 ms
[16:22:26] [Render thread/INFO]: [STDOUT]: Starting new video null
[16:22:26] [Render thread/INFO]: Saving and pausing game...
[16:22:26] [Render thread/INFO]: Saving chunks for level 'ServerLevel[mcpworldabfcf1c1b7d5]'/minecraft:overworld
[16:22:28] [Render thread/INFO]: Saving chunks for level 'ServerLevel[mcpworldabfcf1c1b7d5]'/minecraft:the_nether
[16:22:28] [Render thread/INFO]: Saving chunks for level 'ServerLevel[mcpworldabfcf1c1b7d5]'/minecraft:the_end
[16:22:29] [Render thread/INFO]: Loaded 33 advancements
[16:22:40] [EnvServerSocketHandler/INFO]: [STDOUT]: *** Stopping the replay, returning control to the inputs
