[15:44:04] [Thread-4/INFO]: [STDOUT]: SERVER enter state: DORMANT
[15:44:04] [EnvServerSocketHandler/INFO]: Received Mission token 80c35ccd-6229-4101-8db0-4803115dfc89:0:0:1:true
[15:44:04] [EnvServerSocketHandler/INFO]: Received mission init command  <MissionInit xmlns="http://ProjectMalmo.microsoft.com" xmlns:xsi="http://www.w3.org/2001/XMLSchema-instance" SchemaVersion="" PlatformVersion="0.37.0"><Mission><About><Summary>MineRLBasaltBuildVillageHouse-v0</Summary></About><ModSettings><MsPerTick>50</MsPerTick></ModSettings><ServerSection><ServerInitialConditions><Time><AllowPassageOfTime>false</AllowPassageOfTime></Time><AllowSpawning>true</AllowSpawning></ServerInitialConditions><ServerHandlers><DefaultWorldGenerator forceReset="true" generatorOptions="{}"/><ServerQuitFromTimeUp timeLimitMs="720000" description="out_of_time"/><ServerQuitWhenAnyAgentFinishes/></ServerHandlers></ServerSection><AgentSection mode="Survival"><Name>MineRLAgent0</Name><AgentStart><LowLevelInputs>true</LowLevelInputs><GuiScale>1.0</GuiScale><GammaSetting>2.0</GammaSetting><FOVSetting>70.0</FOVSetting><FakeCursorSize>16</FakeCursorSize><Inventory><InventoryObject slot="0" type="clay" quantity="55"/><InventoryObject slot="1" type="detector_rail" quantity="7"/><InventoryObject slot="2" type="quartz_stairs" quantity="27"/><InventoryObject slot="3" type="iron_block" quantity="36"/><InventoryObject slot="4" type="cobblestone_wall" quantity="51"/><InventoryObject slot="5" type="dark_oak_fence_gate" quantity="37"/><InventoryObject slot="6" type="red_sandstone_stairs" quantity="6"/><InventoryObject slot="7" type="trapped_chest" quantity="6"/><InventoryObject slot="8" type="redstone_ore" quantity="16"/><InventoryObject slot="9" type="gold_ore" quantity="22"/><InventoryObject slot="10" type="iron_trapdoor" quantity="20"/><InventoryObject slot="11" type="command_block" quantity="15"/><InventoryObject slot="12" type="jungle_fence_gate" quantity="18"/><InventoryObject slot="13" type="piston" quantity="11"/><InventoryObject slot="14" type="acacia_fence_gate" quantity="4"/><InventoryObject slot="15" type="tripwire_hook" quantity="31"/><InventoryObject slot="16" type="prismarine" quantity="10"/><InventoryObject slot="17" type="birch_fence" quantity="61"/><InventoryObject slot="18" type="lapis_ore" quantity="62"/><InventoryObject slot="19" type="gold_block" quantity="39"/><InventoryObject slot="20" type="soul_sand" quantity="36"/><InventoryObject slot="21" type="tnt" quantity="50"/><InventoryObject slot="22" type="glass" quantity="9"/><InventoryObject slot="23" type="emerald_ore" quantity="60"/><InventoryObject slot="24" type="hay_block" quantity="36"/><InventoryObject slot="25" type="piston" quantity="19"/><InventoryObject slot="26" type="iron_ore" quantity="34"/><InventoryObject slot="27" type="anvil" quantity="28"/><InventoryObject slot="28" type="dark_oak_door" quantity="14"/><InventoryObject slot="29" type="barrier" quantity="31"/><InventoryObject slot="30" type="jungle_stairs" quantity="36"/><InventoryObject slot="31" type="brown_mushroom_block" quantity="59"/><InventoryObject slot="32" type="command_block" quantity="42"/><InventoryObject slot="33" type="stone_slab" quantity="55"/><InventoryObject slot="34" type="clay" quantity="52"/><InventoryObject slot="35" type="stone_slab" quantity="45"/></Inventory><PreferredSpawnBiome>plains</PreferredSpawnBiome><DoneOnDeath>true</DoneOnDeath><SpawnInVillage>true</SpawnInVillage></AgentStart><AgentHandlers><FileBasedPerformanceProducer/><PauseCommand/><VideoProducer want_depth="false"><Width>640</Width><Height>360</Height></VideoProducer><HumanLevelCommands/><CameraCommands/></AgentHandlers></AgentSection></Mission><ExperimentUID>80c35ccd-6229-4101-8db0-4803115dfc89</ExperimentUID><ClientRole>0</ClientRole><ClientAgentConnection><ClientIPAddress>127.0.0.1</ClientIPAddress><ClientMissionControlPort>0</ClientMissionControlPort><ClientCommandsPort>0</ClientCommandsPort><AgentIPAddress>127.0.0.1</AgentIPAddress><AgentMissionControlPort>0</AgentMissionControlPort><AgentVideoPort>0</AgentVideoPort><AgentDepthPort>0</AgentDepthPort><AgentLuminancePort>0</AgentLuminancePort><AgentObservationsPort>0</AgentObservationsPort><AgentRewardsPort>0</AgentRewardsPort><AgentColourMapPort>0</AgentColourMapPort></ClientAgentConnection></MissionInit>
[15:44:05] [EnvServerSocketHandler/INFO]: [STDOUT]: Setting width, height to 640, 360
[15:44:05] [EnvServerSocketHandler/INFO]: [STDOUT]: Gamma: 2.0
[15:44:05] [EnvServerSocketHandler/INFO]: [STDOUT]: FOV: 70.0
[15:44:05] [EnvServerSocketHandler/INFO]: [STDOUT]: GuiScale: 1.0
[15:44:05] [Render thread/INFO]: [STDOUT]: Seed not provided, generating random one: 835118659860566785
[15:44:07] [Render thread/WARN]: Ambiguity between arguments [teleport, destination] and [teleport, targets] with inputs: [Player, 0123, @e, dd12be42-52a9-4a91-a8a1-11c01849e498]
[15:44:07] [Render thread/WARN]: Ambiguity between arguments [teleport, location] and [teleport, destination] with inputs: [0.1 -0.5 .9, 0 0 0]
[15:44:07] [Render thread/WARN]: Ambiguity between arguments [teleport, location] and [teleport, targets] with inputs: [0.1 -0.5 .9, 0 0 0]
[15:44:07] [Render thread/WARN]: Ambiguity between arguments [teleport, targets] and [teleport, destination] with inputs: [Player, 0123, dd12be42-52a9-4a91-a8a1-11c01849e498]
[15:44:07] [Render thread/WARN]: Ambiguity between arguments [teleport, targets, location] and [teleport, targets, destination] with inputs: [0.1 -0.5 .9, 0 0 0]
[15:44:07] [Render thread/INFO]: Reloading ResourceManager: Default
[15:44:07] [Render thread/INFO]: Loaded 7 recipes
[15:44:08] [Render thread/INFO]: Loaded 927 advancements
[15:44:08] [Render thread/INFO]: [STDOUT]: *** creating fake mouse cursor ***
[15:44:09] [Render thread/INFO]: Environment: authHost='https://authserver.mojang.com', accountsHost='https://api.mojang.com', sessionHost='https://sessionserver.mojang.com', servicesHost='https://api.minecraftservices.com', name='PROD'
[15:44:10] [Render thread/INFO]: Starting integrated minecraft server version 1.16.5
[15:44:10] [Render thread/INFO]: Generating keypair
[15:44:23] [Render thread/INFO]: Preparing start region for dimension minecraft:overworld
[15:44:49] [Render thread/INFO]: Changing view distance to 11, from 10
[15:44:50] [Render thread/INFO]: MineRLAgent0[local:E:1969bef5] logged in with entity id 187 at (-2301.5, 63.0, 874.5)
[15:44:50] [Render thread/INFO]: MineRLAgent0 joined the game
[15:44:51] [Render thread/INFO]: Preparing spawn area: 0%
[15:44:51] [Render thread/INFO]: Time elapsed: 6 ms
[15:44:51] [Render thread/INFO]: [STDOUT]: Starting new video null
[15:44:51] [Render thread/INFO]: Saving and pausing game...
[15:44:51] [Render thread/INFO]: Saving chunks for level 'ServerLevel[mcpworldb7d5fd82f9c8]'/minecraft:overworld
[15:44:54] [Render thread/INFO]: Saving chunks for level 'ServerLevel[mcpworldb7d5fd82f9c8]'/minecraft:the_nether
[15:44:54] [Render thread/INFO]: Saving chunks for level 'ServerLevel[mcpworldb7d5fd82f9c8]'/minecraft:the_end
[15:44:55] [Render thread/INFO]: Loaded 47 advancements
[15:45:06] [EnvServerSocketHandler/INFO]: [STDOUT]: *** Stopping the replay, returning control to the inputs
