[19:21:18] [Thread-4/INFO]: [STDOUT]: SERVER enter state: DORMANT
[19:21:18] [EnvServerSocketHandler/INFO]: Received Mission token e3e96a57-5c41-4b4b-b79f-b173b9b34f84:0:0:1:true
[19:21:18] [EnvServerSocketHandler/INFO]: Received mission init command  <MissionInit xmlns="http://ProjectMalmo.microsoft.com" xmlns:xsi="http://www.w3.org/2001/XMLSchema-instance" SchemaVersion="" PlatformVersion="0.37.0"><Mission><About><Summary>MineRLBasaltBuildVillageHouse-v0</Summary></About><ModSettings><MsPerTick>50</MsPerTick></ModSettings><ServerSection><ServerInitialConditions><Time><AllowPassageOfTime>false</AllowPassageOfTime></Time><AllowSpawning>true</AllowSpawning></ServerInitialConditions><ServerHandlers><DefaultWorldGenerator forceReset="true" generatorOptions="{}"/><ServerQuitFromTimeUp timeLimitMs="720000" description="out_of_time"/><ServerQuitWhenAnyAgentFinishes/></ServerHandlers></ServerSection><AgentSection mode="Survival"><Name>MineRLAgent0</Name><AgentStart><LowLevelInputs>true</LowLevelInputs><GuiScale>1.0</GuiScale><GammaSetting>2.0</GammaSetting><FOVSetting>70.0</FOVSetting><FakeCursorSize>16</FakeCursorSize><Inventory><InventoryObject slot="0" type="jukebox" quantity="8"/><InventoryObject slot="1" type="gravel" quantity="61"/><InventoryObject slot="2" type="birch_stairs" quantity="48"/><InventoryObject slot="3" type="jukebox" quantity="11"/><InventoryObject slot="4" type="brown_mushroom_block" quantity="36"/><InventoryObject slot="5" type="iron_block" quantity="40"/><InventoryObject slot="6" type="glass_pane" quantity="12"/><InventoryObject slot="7" type="stone_button" quantity="10"/><InventoryObject slot="8" type="empty" quantity="23"/><InventoryObject slot="9" type="brown_mushroom" quantity="33"/><InventoryObject slot="10" type="redstone_torch" quantity="25"/><InventoryObject slot="11" type="obsidian" quantity="8"/><InventoryObject slot="12" type="brick_stairs" quantity="59"/><InventoryObject slot="13" type="ice" quantity="12"/><InventoryObject slot="14" type="torch" quantity="11"/><InventoryObject slot="15" type="dispenser" quantity="39"/><InventoryObject slot="16" type="iron_trapdoor" quantity="32"/><InventoryObject slot="17" type="crafting_table" quantity="58"/><InventoryObject slot="18" type="cake" quantity="42"/><InventoryObject slot="19" type="coal_ore" quantity="44"/><InventoryObject slot="20" type="stone" quantity="37"/><InventoryObject slot="21" type="red_mushroom" quantity="28"/><InventoryObject slot="22" type="mossy_cobblestone" quantity="17"/><InventoryObject slot="23" type="snow" quantity="3"/><InventoryObject slot="24" type="packed_ice" quantity="33"/><InventoryObject slot="25" type="dropper" quantity="50"/><InventoryObject slot="26" type="brick_stairs" quantity="31"/><InventoryObject slot="27" type="spruce_fence_gate" quantity="50"/><InventoryObject slot="28" type="red_sandstone_stairs" quantity="32"/><InventoryObject slot="29" type="daylight_detector" quantity="61"/><InventoryObject slot="30" type="emerald_block" quantity="22"/><InventoryObject slot="31" type="dispenser" quantity="50"/><InventoryObject slot="32" type="sand" quantity="63"/><InventoryObject slot="33" type="emerald_block" quantity="41"/><InventoryObject slot="34" type="ice" quantity="44"/><InventoryObject slot="35" type="stone_stairs" quantity="31"/></Inventory><PreferredSpawnBiome>plains</PreferredSpawnBiome><DoneOnDeath>true</DoneOnDeath><SpawnInVillage>true</SpawnInVillage></AgentStart><AgentHandlers><FileBasedPerformanceProducer/><PauseCommand/><VideoProducer want_depth="false"><Width>640</Width><Height>360</Height></VideoProducer><HumanLevelCommands/><CameraCommands/></AgentHandlers></AgentSection></Mission><ExperimentUID>e3e96a57-5c41-4b4b-b79f-b173b9b34f84</ExperimentUID><ClientRole>0</ClientRole><ClientAgentConnection><ClientIPAddress>127.0.0.1</ClientIPAddress><ClientMissionControlPort>0</ClientMissionControlPort><ClientCommandsPort>0</ClientCommandsPort><AgentIPAddress>127.0.0.1</AgentIPAddress><AgentMissionControlPort>0</AgentMissionControlPort><AgentVideoPort>0</AgentVideoPort><AgentDepthPort>0</AgentDepthPort><AgentLuminancePort>0</AgentLuminancePort><AgentObservationsPort>0</AgentObservationsPort><AgentRewardsPort>0</AgentRewardsPort><AgentColourMapPort>0</AgentColourMapPort></ClientAgentConnection></MissionInit>
[19:21:19] [EnvServerSocketHandler/INFO]: [STDOUT]: Setting width, height to 640, 360
[19:21:19] [EnvServerSocketHandler/INFO]: [STDOUT]: Gamma: 2.0
[19:21:19] [EnvServerSocketHandler/INFO]: [STDOUT]: FOV: 70.0
[19:21:19] [EnvServerSocketHandler/INFO]: [STDOUT]: GuiScale: 1.0
[19:21:20] [Render thread/INFO]: [STDOUT]: Seed not provided, generating random one: 7849399232506165687
[19:21:21] [Render thread/WARN]: Ambiguity between arguments [teleport, destination] and [teleport, targets] with inputs: [Player, 0123, @e, dd12be42-52a9-4a91-a8a1-11c01849e498]
[19:21:21] [Render thread/WARN]: Ambiguity between arguments [teleport, location] and [teleport, destination] with inputs: [0.1 -0.5 .9, 0 0 0]
[19:21:21] [Render thread/WARN]: Ambiguity between arguments [teleport, location] and [teleport, targets] with inputs: [0.1 -0.5 .9, 0 0 0]
[19:21:21] [Render thread/WARN]: Ambiguity between arguments [teleport, targets] and [teleport, destination] with inputs: [Player, 0123, dd12be42-52a9-4a91-a8a1-11c01849e498]
[19:21:21] [Render thread/WARN]: Ambiguity between arguments [teleport, targets, location] and [teleport, targets, destination] with inputs: [0.1 -0.5 .9, 0 0 0]
[19:21:21] [Render thread/INFO]: Reloading ResourceManager: Default
[19:21:22] [Render thread/INFO]: Loaded 7 recipes
[19:21:22] [Render thread/INFO]: Loaded 927 advancements
[19:21:22] [Render thread/INFO]: [STDOUT]: *** creating fake mouse cursor ***
[19:21:24] [Render thread/INFO]: Environment: authHost='https://authserver.mojang.com', accountsHost='https://api.mojang.com', sessionHost='https://sessionserver.mojang.com', servicesHost='https://api.minecraftservices.com', name='PROD'
[19:21:24] [Render thread/INFO]: Starting integrated minecraft server version 1.16.5
[19:21:24] [Render thread/INFO]: Generating keypair
[19:21:27] [Render thread/INFO]: Preparing start region for dimension minecraft:overworld
[19:21:36] [Render thread/INFO]: Changing view distance to 11, from 10
[19:21:37] [Render thread/INFO]: MineRLAgent0[local:E:817498e7] logged in with entity id 104 at (1205.5, 63.0, -366.5)
[19:21:37] [Render thread/INFO]: MineRLAgent0 joined the game
[19:21:38] [Render thread/INFO]: Preparing spawn area: 0%
[19:21:38] [Render thread/INFO]: Time elapsed: 13 ms
[19:21:38] [Render thread/INFO]: [STDOUT]: Starting new video null
[19:21:38] [Render thread/INFO]: Saving and pausing game...
[19:21:38] [Render thread/INFO]: Saving chunks for level 'ServerLevel[mcpworldabfcf1c1b7d5]'/minecraft:overworld
[19:21:39] [Render thread/INFO]: Saving chunks for level 'ServerLevel[mcpworldabfcf1c1b7d5]'/minecraft:the_nether
[19:21:39] [Render thread/INFO]: Saving chunks for level 'ServerLevel[mcpworldabfcf1c1b7d5]'/minecraft:the_end
[19:21:40] [Render thread/INFO]: MineRLAgent0 has made the advancement [Ice Bucket Challenge]
[19:21:41] [Render thread/INFO]: [CHAT] MineRLAgent0 has made the advancement [Ice Bucket Challenge]
[19:21:41] [Render thread/INFO]: Loaded 79 advancements
[19:22:10] [EnvServerSocketHandler/INFO]: [STDOUT]: *** Stopping the replay, returning control to the inputs
