[16:10:02] [Thread-4/INFO]: [STDOUT]: SERVER enter state: DORMANT
[16:10:02] [EnvServerSocketHandler/INFO]: Received Mission token cd83374d-c9a0-4f1c-ab2e-1290c1039682:0:0:1:true
[16:10:02] [EnvServerSocketHandler/INFO]: Received mission init command  <MissionInit xmlns="http://ProjectMalmo.microsoft.com" xmlns:xsi="http://www.w3.org/2001/XMLSchema-instance" SchemaVersion="" PlatformVersion="0.37.0"><Mission><About><Summary>MineRLBasaltBuildVillageHouse-v0</Summary></About><ModSettings><MsPerTick>50</MsPerTick></ModSettings><ServerSection><ServerInitialConditions><Time><AllowPassageOfTime>false</AllowPassageOfTime></Time><AllowSpawning>true</AllowSpawning></ServerInitialConditions><ServerHandlers><DefaultWorldGenerator forceReset="true" generatorOptions="{}"/><ServerQuitFromTimeUp timeLimitMs="720000" description="out_of_time"/><ServerQuitWhenAnyAgentFinishes/></ServerHandlers></ServerSection><AgentSection mode="Survival"><Name>MineRLAgent0</Name><AgentStart><LowLevelInputs>true</LowLevelInputs><GuiScale>1.0</GuiScale><GammaSetting>2.0</GammaSetting><FOVSetting>70.0</FOVSetting><FakeCursorSize>16</FakeCursorSize><Inventory><InventoryObject slot="0" type="redstone_lamp" quantity="47"/><InventoryObject slot="1" type="stone_button" quantity="9"/><InventoryObject slot="2" type="lapis_ore" quantity="14"/><InventoryObject slot="3" type="iron_bars" quantity="41"/><InventoryObject slot="4" type="netherrack" quantity="18"/><InventoryObject slot="5" type="redstone_torch" quantity="51"/><InventoryObject slot="6" type="jukebox" quantity="62"/><InventoryObject slot="7" type="iron_trapdoor" quantity="31"/><InventoryObject slot="8" type="lapis_ore" quantity="55"/><InventoryObject slot="9" type="spruce_stairs" quantity="38"/><InventoryObject slot="10" type="jungle_door" quantity="40"/><InventoryObject slot="11" type="hay_block" quantity="13"/><InventoryObject slot="12" type="stone_pressure_plate" quantity="39"/><InventoryObject slot="13" type="jungle_fence" quantity="1"/><InventoryObject slot="14" type="sandstone" quantity="1"/><InventoryObject slot="15" type="cake" quantity="2"/><InventoryObject slot="16" type="sandstone" quantity="4"/><InventoryObject slot="17" type="brown_mushroom" quantity="37"/><InventoryObject slot="18" type="quartz_block" quantity="41"/><InventoryObject slot="19" type="dirt" quantity="26"/><InventoryObject slot="20" type="sea_lantern" quantity="33"/><InventoryObject slot="21" type="lever" quantity="62"/><InventoryObject slot="22" type="glowstone" quantity="9"/><InventoryObject slot="23" type="diamond_block" quantity="12"/><InventoryObject slot="24" type="soul_sand" quantity="50"/><InventoryObject slot="25" type="stone_slab" quantity="31"/><InventoryObject slot="26" type="clay" quantity="41"/><InventoryObject slot="27" type="enchanting_table" quantity="37"/><InventoryObject slot="28" type="redstone_lamp" quantity="59"/><InventoryObject slot="29" type="stone_button" quantity="29"/><InventoryObject slot="30" type="iron_door" quantity="8"/><InventoryObject slot="31" type="dark_oak_stairs" quantity="29"/><InventoryObject slot="32" type="chest" quantity="1"/><InventoryObject slot="33" type="red_mushroom_block" quantity="15"/><InventoryObject slot="34" type="sponge" quantity="17"/><InventoryObject slot="35" type="acacia_door" quantity="45"/></Inventory><PreferredSpawnBiome>plains</PreferredSpawnBiome><DoneOnDeath>true</DoneOnDeath><SpawnInVillage>true</SpawnInVillage></AgentStart><AgentHandlers><FileBasedPerformanceProducer/><PauseCommand/><VideoProducer want_depth="false"><Width>640</Width><Height>360</Height></VideoProducer><HumanLevelCommands/><CameraCommands/></AgentHandlers></AgentSection></Mission><ExperimentUID>cd83374d-c9a0-4f1c-ab2e-1290c1039682</ExperimentUID><ClientRole>0</ClientRole><ClientAgentConnection><ClientIPAddress>127.0.0.1</ClientIPAddress><ClientMissionControlPort>0</ClientMissionControlPort><ClientCommandsPort>0</ClientCommandsPort><AgentIPAddress>127.0.0.1</AgentIPAddress><AgentMissionControlPort>0</AgentMissionControlPort><AgentVideoPort>0</AgentVideoPort><AgentDepthPort>0</AgentDepthPort><AgentLuminancePort>0</AgentLuminancePort><AgentObservationsPort>0</AgentObservationsPort><AgentRewardsPort>0</AgentRewardsPort><AgentColourMapPort>0</AgentColourMapPort></ClientAgentConnection></MissionInit>
[16:10:03] [EnvServerSocketHandler/INFO]: [STDOUT]: Setting width, height to 640, 360
[16:10:03] [EnvServerSocketHandler/INFO]: [STDOUT]: Gamma: 2.0
[16:10:03] [EnvServerSocketHandler/INFO]: [STDOUT]: FOV: 70.0
[16:10:03] [EnvServerSocketHandler/INFO]: [STDOUT]: GuiScale: 1.0
[16:10:03] [Render thread/INFO]: [STDOUT]: *** creating fake mouse cursor ***
[16:10:03] [Render thread/INFO]: [STDOUT]: Seed not provided, generating random one: -2348853183008901978
[16:10:05] [Render thread/WARN]: Ambiguity between arguments [teleport, destination] and [teleport, targets] with inputs: [Player, 0123, @e, dd12be42-52a9-4a91-a8a1-11c01849e498]
[16:10:05] [Render thread/WARN]: Ambiguity between arguments [teleport, location] and [teleport, destination] with inputs: [0.1 -0.5 .9, 0 0 0]
[16:10:05] [Render thread/WARN]: Ambiguity between arguments [teleport, location] and [teleport, targets] with inputs: [0.1 -0.5 .9, 0 0 0]
[16:10:05] [Render thread/WARN]: Ambiguity between arguments [teleport, targets] and [teleport, destination] with inputs: [Player, 0123, dd12be42-52a9-4a91-a8a1-11c01849e498]
[16:10:05] [Render thread/WARN]: Ambiguity between arguments [teleport, targets, location] and [teleport, targets, destination] with inputs: [0.1 -0.5 .9, 0 0 0]
[16:10:05] [Render thread/INFO]: Reloading ResourceManager: Default
[16:10:05] [Render thread/INFO]: Loaded 7 recipes
[16:10:06] [Render thread/INFO]: Loaded 927 advancements
[16:10:08] [Render thread/INFO]: Environment: authHost='https://authserver.mojang.com', accountsHost='https://api.mojang.com', sessionHost='https://sessionserver.mojang.com', servicesHost='https://api.minecraftservices.com', name='PROD'
[16:10:08] [Render thread/INFO]: Starting integrated minecraft server version 1.16.5
[16:10:08] [Render thread/INFO]: Generating keypair
[16:10:22] [Render thread/INFO]: Preparing start region for dimension minecraft:overworld
[16:10:41] [Render thread/INFO]: Changing view distance to 11, from 10
[16:10:41] [Render thread/INFO]: MineRLAgent0[local:E:f4d564a8] logged in with entity id 176 at (-1733.5, 67.0, 1368.5)
[16:10:41] [Render thread/INFO]: MineRLAgent0 joined the game
[16:10:42] [Render thread/INFO]: Preparing spawn area: 0%
[16:10:42] [Render thread/INFO]: Time elapsed: 9 ms
[16:10:43] [Render thread/INFO]: [STDOUT]: Starting new video null
[16:10:43] [Render thread/INFO]: Saving and pausing game...
[16:10:43] [Render thread/INFO]: Saving chunks for level 'ServerLevel[mcpworldabfcf1c1b7d5]'/minecraft:overworld
[16:10:44] [Render thread/INFO]: Saving chunks for level 'ServerLevel[mcpworldabfcf1c1b7d5]'/minecraft:the_nether
[16:10:44] [Render thread/INFO]: Saving chunks for level 'ServerLevel[mcpworldabfcf1c1b7d5]'/minecraft:the_end
[16:10:45] [Render thread/INFO]: Loaded 39 advancements
[16:10:54] [EnvServerSocketHandler/INFO]: [STDOUT]: *** Stopping the replay, returning control to the inputs
