[14:53:43] [Thread-4/INFO]: [STDOUT]: SERVER enter state: DORMANT
[14:53:43] [EnvServerSocketHandler/INFO]: Received Mission token d707080c-d88a-49b0-9d93-d3a9dc09131e:0:0:1:true
[14:53:43] [EnvServerSocketHandler/INFO]: Received mission init command  <MissionInit xmlns="http://ProjectMalmo.microsoft.com" xmlns:xsi="http://www.w3.org/2001/XMLSchema-instance" SchemaVersion="" PlatformVersion="0.37.0"><Mission><About><Summary>MineRLBasaltBuildVillageHouse-v0</Summary></About><ModSettings><MsPerTick>50</MsPerTick></ModSettings><ServerSection><ServerInitialConditions><Time><AllowPassageOfTime>false</AllowPassageOfTime></Time><AllowSpawning>true</AllowSpawning></ServerInitialConditions><ServerHandlers><DefaultWorldGenerator forceReset="true" generatorOptions="{}"/><ServerQuitFromTimeUp timeLimitMs="720000" description="out_of_time"/><ServerQuitWhenAnyAgentFinishes/></ServerHandlers></ServerSection><AgentSection mode="Survival"><Name>MineRLAgent0</Name><AgentStart><LowLevelInputs>true</LowLevelInputs><GuiScale>1.0</GuiScale><GammaSetting>2.0</GammaSetting><FOVSetting>70.0</FOVSetting><FakeCursorSize>16</FakeCursorSize><Inventory><InventoryObject slot="0" type="stone_stairs" quantity="22"/><InventoryObject slot="1" type="sandstone_stairs" quantity="15"/><InventoryObject slot="2" type="coal_ore" quantity="40"/><InventoryObject slot="3" type="bookshelf" quantity="48"/><InventoryObject slot="4" type="prismarine" quantity="61"/><InventoryObject slot="5" type="nether_wart" quantity="9"/><InventoryObject slot="6" type="jukebox" quantity="20"/><InventoryObject slot="7" type="redstone_ore" quantity="4"/><InventoryObject slot="8" type="enchanting_table" quantity="63"/><InventoryObject slot="9" type="command_block" quantity="35"/><InventoryObject slot="10" type="stone_slab" quantity="63"/><InventoryObject slot="11" type="nether_brick_fence" quantity="24"/><InventoryObject slot="12" type="birch_stairs" quantity="42"/><InventoryObject slot="13" type="gold_ore" quantity="52"/><InventoryObject slot="14" type="tripwire_hook" quantity="62"/><InventoryObject slot="15" type="birch_fence_gate" quantity="41"/><InventoryObject slot="16" type="stone_slab" quantity="27"/><InventoryObject slot="17" type="glass" quantity="36"/><InventoryObject slot="18" type="end_portal_frame" quantity="42"/><InventoryObject slot="19" type="nether_brick_fence" quantity="47"/><InventoryObject slot="20" type="command_block" quantity="31"/><InventoryObject slot="21" type="trapped_chest" quantity="45"/><InventoryObject slot="22" type="dark_oak_door" quantity="26"/><InventoryObject slot="23" type="rail" quantity="57"/><InventoryObject slot="24" type="hay_block" quantity="34"/><InventoryObject slot="25" type="sand" quantity="46"/><InventoryObject slot="26" type="prismarine" quantity="54"/><InventoryObject slot="27" type="sand" quantity="36"/><InventoryObject slot="28" type="stone_button" quantity="5"/><InventoryObject slot="29" type="sticky_piston" quantity="38"/><InventoryObject slot="30" type="iron_bars" quantity="58"/><InventoryObject slot="31" type="nether_wart" quantity="29"/><InventoryObject slot="32" type="trapped_chest" quantity="47"/><InventoryObject slot="33" type="glass" quantity="63"/><InventoryObject slot="34" type="piston" quantity="23"/><InventoryObject slot="35" type="chest" quantity="20"/></Inventory><PreferredSpawnBiome>plains</PreferredSpawnBiome><DoneOnDeath>true</DoneOnDeath><SpawnInVillage>true</SpawnInVillage></AgentStart><AgentHandlers><FileBasedPerformanceProducer/><PauseCommand/><VideoProducer want_depth="false"><Width>640</Width><Height>360</Height></VideoProducer><HumanLevelCommands/><CameraCommands/></AgentHandlers></AgentSection></Mission><ExperimentUID>d707080c-d88a-49b0-9d93-d3a9dc09131e</ExperimentUID><ClientRole>0</ClientRole><ClientAgentConnection><ClientIPAddress>127.0.0.1</ClientIPAddress><ClientMissionControlPort>0</ClientMissionControlPort><ClientCommandsPort>0</ClientCommandsPort><AgentIPAddress>127.0.0.1</AgentIPAddress><AgentMissionControlPort>0</AgentMissionControlPort><AgentVideoPort>0</AgentVideoPort><AgentDepthPort>0</AgentDepthPort><AgentLuminancePort>0</AgentLuminancePort><AgentObservationsPort>0</AgentObservationsPort><AgentRewardsPort>0</AgentRewardsPort><AgentColourMapPort>0</AgentColourMapPort></ClientAgentConnection></MissionInit>
[14:53:45] [EnvServerSocketHandler/INFO]: [STDOUT]: Setting width, height to 640, 360
[14:53:45] [EnvServerSocketHandler/INFO]: [STDOUT]: Gamma: 2.0
[14:53:45] [EnvServerSocketHandler/INFO]: [STDOUT]: FOV: 70.0
[14:53:45] [EnvServerSocketHandler/INFO]: [STDOUT]: GuiScale: 1.0
[14:53:45] [Render thread/INFO]: [STDOUT]: Seed not provided, generating random one: 4484557917675618061
[14:53:46] [Render thread/WARN]: Ambiguity between arguments [teleport, destination] and [teleport, targets] with inputs: [Player, 0123, @e, dd12be42-52a9-4a91-a8a1-11c01849e498]
[14:53:46] [Render thread/WARN]: Ambiguity between arguments [teleport, location] and [teleport, destination] with inputs: [0.1 -0.5 .9, 0 0 0]
[14:53:46] [Render thread/WARN]: Ambiguity between arguments [teleport, location] and [teleport, targets] with inputs: [0.1 -0.5 .9, 0 0 0]
[14:53:46] [Render thread/WARN]: Ambiguity between arguments [teleport, targets] and [teleport, destination] with inputs: [Player, 0123, dd12be42-52a9-4a91-a8a1-11c01849e498]
[14:53:46] [Render thread/WARN]: Ambiguity between arguments [teleport, targets, location] and [teleport, targets, destination] with inputs: [0.1 -0.5 .9, 0 0 0]
[14:53:46] [Render thread/INFO]: Reloading ResourceManager: Default
[14:53:47] [Render thread/INFO]: Loaded 7 recipes
[14:53:47] [Render thread/INFO]: Loaded 927 advancements
[14:53:47] [Render thread/INFO]: [STDOUT]: *** creating fake mouse cursor ***
[14:53:49] [Render thread/INFO]: Environment: authHost='https://authserver.mojang.com', accountsHost='https://api.mojang.com', sessionHost='https://sessionserver.mojang.com', servicesHost='https://api.minecraftservices.com', name='PROD'
[14:53:49] [Render thread/INFO]: Starting integrated minecraft server version 1.16.5
[14:53:49] [Render thread/INFO]: Generating keypair
[14:54:01] [Render thread/INFO]: Preparing start region for dimension minecraft:overworld
[14:54:13] [Render thread/INFO]: Changing view distance to 11, from 10
[14:54:14] [Render thread/INFO]: MineRLAgent0[local:E:c2eb3d47] logged in with entity id 188 at (1396.5, 68.0, -384.5)
[14:54:14] [Render thread/INFO]: MineRLAgent0 joined the game
[14:54:15] [Render thread/INFO]: Preparing spawn area: 0%
[14:54:15] [Render thread/INFO]: Time elapsed: 7 ms
[14:54:15] [Render thread/INFO]: [STDOUT]: Starting new video null
