[15:47:14] [Thread-4/INFO]: [STDOUT]: SERVER enter state: DORMANT
[15:47:14] [EnvServerSocketHandler/INFO]: Received Mission token e892c0c0-c6da-4576-be5c-5a8d689b89f3:0:0:1:true
[15:47:14] [EnvServerSocketHandler/INFO]: Received mission init command  <MissionInit xmlns="http://ProjectMalmo.microsoft.com" xmlns:xsi="http://www.w3.org/2001/XMLSchema-instance" SchemaVersion="" PlatformVersion="0.37.0"><Mission><About><Summary>MineRLBasaltBuildVillageHouse-v0</Summary></About><ModSettings><MsPerTick>50</MsPerTick></ModSettings><ServerSection><ServerInitialConditions><Time><AllowPassageOfTime>false</AllowPassageOfTime></Time><AllowSpawning>true</AllowSpawning></ServerInitialConditions><ServerHandlers><DefaultWorldGenerator forceReset="true" generatorOptions="{}"/><ServerQuitFromTimeUp timeLimitMs="720000" description="out_of_time"/><ServerQuitWhenAnyAgentFinishes/></ServerHandlers></ServerSection><AgentSection mode="Survival"><Name>MineRLAgent0</Name><AgentStart><LowLevelInputs>true</LowLevelInputs><GuiScale>1.0</GuiScale><GammaSetting>2.0</GammaSetting><FOVSetting>70.0</FOVSetting><FakeCursorSize>16</FakeCursorSize><Inventory><InventoryObject slot="0" type="stone_pressure_plate" quantity="13"/><InventoryObject slot="1" type="hopper" quantity="41"/><InventoryObject slot="2" type="spruce_door" quantity="13"/><InventoryObject slot="3" type="hay_block" quantity="20"/><InventoryObject slot="4" type="torch" quantity="50"/><InventoryObject slot="5" type="sea_lantern" quantity="4"/><InventoryObject slot="6" type="diamond_block" quantity="57"/><InventoryObject slot="7" type="jungle_fence" quantity="27"/><InventoryObject slot="8" type="stone_slab" quantity="17"/><InventoryObject slot="9" type="jukebox" quantity="8"/><InventoryObject slot="10" type="stone_brick_stairs" quantity="13"/><InventoryObject slot="11" type="red_sandstone_stairs" quantity="10"/><InventoryObject slot="12" type="stone_brick_stairs" quantity="21"/><InventoryObject slot="13" type="jukebox" quantity="62"/><InventoryObject slot="14" type="nether_brick_fence" quantity="62"/><InventoryObject slot="15" type="chest" quantity="55"/><InventoryObject slot="16" type="iron_bars" quantity="43"/><InventoryObject slot="17" type="anvil" quantity="44"/><InventoryObject slot="18" type="jungle_door" quantity="53"/><InventoryObject slot="19" type="glass" quantity="7"/><InventoryObject slot="20" type="red_sandstone_stairs" quantity="63"/><InventoryObject slot="21" type="emerald_ore" quantity="24"/><InventoryObject slot="22" type="cactus" quantity="38"/><InventoryObject slot="23" type="acacia_door" quantity="54"/><InventoryObject slot="24" type="birch_stairs" quantity="43"/><InventoryObject slot="25" type="wheat" quantity="31"/><InventoryObject slot="26" type="end_stone" quantity="7"/><InventoryObject slot="27" type="acacia_fence" quantity="4"/><InventoryObject slot="28" type="ender_chest" quantity="18"/><InventoryObject slot="29" type="birch_fence_gate" quantity="8"/><InventoryObject slot="30" type="end_stone" quantity="32"/><InventoryObject slot="31" type="end_stone" quantity="22"/><InventoryObject slot="32" type="barrier" quantity="23"/><InventoryObject slot="33" type="netherrack" quantity="7"/><InventoryObject slot="34" type="redstone_torch" quantity="19"/><InventoryObject slot="35" type="red_mushroom_block" quantity="16"/></Inventory><PreferredSpawnBiome>plains</PreferredSpawnBiome><DoneOnDeath>true</DoneOnDeath><SpawnInVillage>true</SpawnInVillage></AgentStart><AgentHandlers><FileBasedPerformanceProducer/><PauseCommand/><VideoProducer want_depth="false"><Width>640</Width><Height>360</Height></VideoProducer><HumanLevelCommands/><CameraCommands/></AgentHandlers></AgentSection></Mission><ExperimentUID>e892c0c0-c6da-4576-be5c-5a8d689b89f3</ExperimentUID><ClientRole>0</ClientRole><ClientAgentConnection><ClientIPAddress>127.0.0.1</ClientIPAddress><ClientMissionControlPort>0</ClientMissionControlPort><ClientCommandsPort>0</ClientCommandsPort><AgentIPAddress>127.0.0.1</AgentIPAddress><AgentMissionControlPort>0</AgentMissionControlPort><AgentVideoPort>0</AgentVideoPort><AgentDepthPort>0</AgentDepthPort><AgentLuminancePort>0</AgentLuminancePort><AgentObservationsPort>0</AgentObservationsPort><AgentRewardsPort>0</AgentRewardsPort><AgentColourMapPort>0</AgentColourMapPort></ClientAgentConnection></MissionInit>
[15:47:16] [EnvServerSocketHandler/INFO]: [STDOUT]: Setting width, height to 640, 360
[15:47:16] [EnvServerSocketHandler/INFO]: [STDOUT]: Gamma: 2.0
[15:47:16] [EnvServerSocketHandler/INFO]: [STDOUT]: FOV: 70.0
[15:47:16] [EnvServerSocketHandler/INFO]: [STDOUT]: GuiScale: 1.0
[15:47:16] [Render thread/INFO]: [STDOUT]: Seed not provided, generating random one: -652317689681206272
[15:47:17] [Render thread/WARN]: Ambiguity between arguments [teleport, destination] and [teleport, targets] with inputs: [Player, 0123, @e, dd12be42-52a9-4a91-a8a1-11c01849e498]
[15:47:17] [Render thread/WARN]: Ambiguity between arguments [teleport, location] and [teleport, destination] with inputs: [0.1 -0.5 .9, 0 0 0]
[15:47:17] [Render thread/WARN]: Ambiguity between arguments [teleport, location] and [teleport, targets] with inputs: [0.1 -0.5 .9, 0 0 0]
[15:47:17] [Render thread/WARN]: Ambiguity between arguments [teleport, targets] and [teleport, destination] with inputs: [Player, 0123, dd12be42-52a9-4a91-a8a1-11c01849e498]
[15:47:17] [Render thread/WARN]: Ambiguity between arguments [teleport, targets, location] and [teleport, targets, destination] with inputs: [0.1 -0.5 .9, 0 0 0]
[15:47:17] [Render thread/INFO]: Reloading ResourceManager: Default
[15:47:18] [Render thread/INFO]: Loaded 7 recipes
[15:47:18] [Render thread/INFO]: Loaded 927 advancements
[15:47:18] [Render thread/INFO]: [STDOUT]: *** creating fake mouse cursor ***
[15:47:20] [Render thread/INFO]: Environment: authHost='https://authserver.mojang.com', accountsHost='https://api.mojang.com', sessionHost='https://sessionserver.mojang.com', servicesHost='https://api.minecraftservices.com', name='PROD'
[15:47:20] [Render thread/INFO]: Starting integrated minecraft server version 1.16.5
[15:47:20] [Render thread/INFO]: Generating keypair
[15:47:23] [Render thread/INFO]: Preparing start region for dimension minecraft:overworld
[15:47:30] [Render thread/INFO]: Changing view distance to 11, from 10
[15:47:31] [Render thread/INFO]: MineRLAgent0[local:E:19706619] logged in with entity id 159 at (-797.5, 63.0, 10.5)
[15:47:31] [Render thread/INFO]: MineRLAgent0 joined the game
[15:47:31] [Render thread/INFO]: Preparing spawn area: 0%
[15:47:31] [Render thread/INFO]: Time elapsed: 6 ms
[15:47:32] [Render thread/INFO]: [STDOUT]: Starting new video null
[15:47:32] [Render thread/INFO]: Saving and pausing game...
[15:47:32] [Render thread/INFO]: Saving chunks for level 'ServerLevel[mcpworldabfcf1c1b7d5]'/minecraft:overworld
[15:47:33] [Render thread/INFO]: Saving chunks for level 'ServerLevel[mcpworldabfcf1c1b7d5]'/minecraft:the_nether
[15:47:33] [Render thread/INFO]: Saving chunks for level 'ServerLevel[mcpworldabfcf1c1b7d5]'/minecraft:the_end
[15:47:34] [Render thread/INFO]: Loaded 36 advancements
[15:47:43] [EnvServerSocketHandler/INFO]: [STDOUT]: *** Stopping the replay, returning control to the inputs
