[16:11:27] [Thread-4/INFO]: [STDOUT]: SERVER enter state: DORMANT
[16:11:27] [EnvServerSocketHandler/INFO]: Received Mission token 1fe62421-8b90-45de-a49b-6e8474189512:0:0:1:true
[16:11:27] [EnvServerSocketHandler/INFO]: Received mission init command  <MissionInit xmlns="http://ProjectMalmo.microsoft.com" xmlns:xsi="http://www.w3.org/2001/XMLSchema-instance" SchemaVersion="" PlatformVersion="0.37.0"><Mission><About><Summary>MineRLBasaltBuildVillageHouse-v0</Summary></About><ModSettings><MsPerTick>50</MsPerTick></ModSettings><ServerSection><ServerInitialConditions><Time><AllowPassageOfTime>false</AllowPassageOfTime></Time><AllowSpawning>true</AllowSpawning></ServerInitialConditions><ServerHandlers><DefaultWorldGenerator forceReset="true" generatorOptions="{}"/><ServerQuitFromTimeUp timeLimitMs="720000" description="out_of_time"/><ServerQuitWhenAnyAgentFinishes/></ServerHandlers></ServerSection><AgentSection mode="Survival"><Name>MineRLAgent0</Name><AgentStart><LowLevelInputs>true</LowLevelInputs><GuiScale>1.0</GuiScale><GammaSetting>2.0</GammaSetting><FOVSetting>70.0</FOVSetting><FakeCursorSize>16</FakeCursorSize><Inventory><InventoryObject slot="0" type="crafting_table" quantity="47"/><InventoryObject slot="1" type="diamond_ore" quantity="3"/><InventoryObject slot="2" type="soul_sand" quantity="44"/><InventoryObject slot="3" type="sandstone" quantity="24"/><InventoryObject slot="4" type="iron_door" quantity="14"/><InventoryObject slot="5" type="daylight_detector" quantity="10"/><InventoryObject slot="6" type="stone_slab" quantity="53"/><InventoryObject slot="7" type="mossy_cobblestone" quantity="15"/><InventoryObject slot="8" type="dirt" quantity="3"/><InventoryObject slot="9" type="iron_trapdoor" quantity="40"/><InventoryObject slot="10" type="glass" quantity="54"/><InventoryObject slot="11" type="grass" quantity="1"/><InventoryObject slot="12" type="end_portal_frame" quantity="15"/><InventoryObject slot="13" type="crafting_table" quantity="29"/><InventoryObject slot="14" type="rail" quantity="14"/><InventoryObject slot="15" type="spruce_fence" quantity="2"/><InventoryObject slot="16" type="nether_brick_stairs" quantity="12"/><InventoryObject slot="17" type="diamond_ore" quantity="45"/><InventoryObject slot="18" type="red_mushroom_block" quantity="28"/><InventoryObject slot="19" type="packed_ice" quantity="18"/><InventoryObject slot="20" type="jungle_fence" quantity="29"/><InventoryObject slot="21" type="gold_block" quantity="44"/><InventoryObject slot="22" type="end_stone" quantity="6"/><InventoryObject slot="23" type="nether_wart" quantity="1"/><InventoryObject slot="24" type="redstone_lamp" quantity="21"/><InventoryObject slot="25" type="mossy_cobblestone" quantity="64"/><InventoryObject slot="26" type="chest" quantity="23"/><InventoryObject slot="27" type="brick_stairs" quantity="35"/><InventoryObject slot="28" type="iron_door" quantity="60"/><InventoryObject slot="29" type="obsidian" quantity="24"/><InventoryObject slot="30" type="tnt" quantity="42"/><InventoryObject slot="31" type="lapis_block" quantity="37"/><InventoryObject slot="32" type="stone" quantity="61"/><InventoryObject slot="33" type="dark_oak_door" quantity="4"/><InventoryObject slot="34" type="quartz_stairs" quantity="14"/><InventoryObject slot="35" type="farmland" quantity="31"/></Inventory><PreferredSpawnBiome>plains</PreferredSpawnBiome><DoneOnDeath>true</DoneOnDeath><SpawnInVillage>true</SpawnInVillage></AgentStart><AgentHandlers><FileBasedPerformanceProducer/><PauseCommand/><VideoProducer want_depth="false"><Width>640</Width><Height>360</Height></VideoProducer><HumanLevelCommands/><CameraCommands/></AgentHandlers></AgentSection></Mission><ExperimentUID>1fe62421-8b90-45de-a49b-6e8474189512</ExperimentUID><ClientRole>0</ClientRole><ClientAgentConnection><ClientIPAddress>127.0.0.1</ClientIPAddress><ClientMissionControlPort>0</ClientMissionControlPort><ClientCommandsPort>0</ClientCommandsPort><AgentIPAddress>127.0.0.1</AgentIPAddress><AgentMissionControlPort>0</AgentMissionControlPort><AgentVideoPort>0</AgentVideoPort><AgentDepthPort>0</AgentDepthPort><AgentLuminancePort>0</AgentLuminancePort><AgentObservationsPort>0</AgentObservationsPort><AgentRewardsPort>0</AgentRewardsPort><AgentColourMapPort>0</AgentColourMapPort></ClientAgentConnection></MissionInit>
[16:11:28] [Render thread/INFO]: [STDOUT]: *** creating fake mouse cursor ***
[16:11:28] [EnvServerSocketHandler/INFO]: [STDOUT]: Setting width, height to 640, 360
[16:11:28] [EnvServerSocketHandler/INFO]: [STDOUT]: Gamma: 2.0
[16:11:28] [EnvServerSocketHandler/INFO]: [STDOUT]: FOV: 70.0
[16:11:28] [EnvServerSocketHandler/INFO]: [STDOUT]: GuiScale: 1.0
[16:11:29] [Render thread/INFO]: [STDOUT]: Seed not provided, generating random one: -6311480396259196369
[16:11:30] [Render thread/WARN]: Ambiguity between arguments [teleport, destination] and [teleport, targets] with inputs: [Player, 0123, @e, dd12be42-52a9-4a91-a8a1-11c01849e498]
[16:11:30] [Render thread/WARN]: Ambiguity between arguments [teleport, location] and [teleport, destination] with inputs: [0.1 -0.5 .9, 0 0 0]
[16:11:30] [Render thread/WARN]: Ambiguity between arguments [teleport, location] and [teleport, targets] with inputs: [0.1 -0.5 .9, 0 0 0]
[16:11:30] [Render thread/WARN]: Ambiguity between arguments [teleport, targets] and [teleport, destination] with inputs: [Player, 0123, dd12be42-52a9-4a91-a8a1-11c01849e498]
[16:11:30] [Render thread/WARN]: Ambiguity between arguments [teleport, targets, location] and [teleport, targets, destination] with inputs: [0.1 -0.5 .9, 0 0 0]
[16:11:30] [Render thread/INFO]: Reloading ResourceManager: Default
[16:11:31] [Render thread/INFO]: Loaded 7 recipes
[16:11:31] [Render thread/INFO]: Loaded 927 advancements
[16:11:33] [Render thread/INFO]: Environment: authHost='https://authserver.mojang.com', accountsHost='https://api.mojang.com', sessionHost='https://sessionserver.mojang.com', servicesHost='https://api.minecraftservices.com', name='PROD'
[16:11:33] [Render thread/INFO]: Starting integrated minecraft server version 1.16.5
[16:11:33] [Render thread/INFO]: Generating keypair
[16:11:46] [Render thread/INFO]: Preparing start region for dimension minecraft:overworld
[16:11:53] [Render thread/INFO]: Changing view distance to 11, from 10
[16:11:54] [Render thread/INFO]: MineRLAgent0[local:E:47e10f4d] logged in with entity id 117 at (818.5, 64.0, -421.5)
[16:11:54] [Render thread/INFO]: MineRLAgent0 joined the game
[16:11:54] [Render thread/INFO]: Preparing spawn area: 0%
[16:11:54] [Render thread/INFO]: Time elapsed: 8 ms
[16:11:55] [Render thread/INFO]: [STDOUT]: Starting new video null
[16:11:55] [Render thread/INFO]: Saving and pausing game...
[16:11:55] [Render thread/INFO]: Saving chunks for level 'ServerLevel[mcpworldb7d5fd82f9c8]'/minecraft:overworld
[16:11:57] [Render thread/INFO]: Saving chunks for level 'ServerLevel[mcpworldb7d5fd82f9c8]'/minecraft:the_nether
[16:11:57] [Render thread/INFO]: Saving chunks for level 'ServerLevel[mcpworldb7d5fd82f9c8]'/minecraft:the_end
[16:11:58] [Render thread/INFO]: MineRLAgent0 has made the advancement [Ice Bucket Challenge]
[16:11:58] [Render thread/INFO]: [CHAT] MineRLAgent0 has made the advancement [Ice Bucket Challenge]
[16:11:58] [Render thread/INFO]: Loaded 82 advancements
[16:12:06] [EnvServerSocketHandler/INFO]: [STDOUT]: *** Stopping the replay, returning control to the inputs
