[16:01:35] [Thread-4/INFO]: [STDOUT]: SERVER enter state: DORMANT
[16:01:35] [EnvServerSocketHandler/INFO]: Received Mission token 895bea59-9cc3-4972-a83c-c18132021df2:0:0:1:true
[16:01:35] [EnvServerSocketHandler/INFO]: Received mission init command  <MissionInit xmlns="http://ProjectMalmo.microsoft.com" xmlns:xsi="http://www.w3.org/2001/XMLSchema-instance" SchemaVersion="" PlatformVersion="0.37.0"><Mission><About><Summary>MineRLBasaltBuildVillageHouse-v0</Summary></About><ModSettings><MsPerTick>50</MsPerTick></ModSettings><ServerSection><ServerInitialConditions><Time><AllowPassageOfTime>false</AllowPassageOfTime></Time><AllowSpawning>true</AllowSpawning></ServerInitialConditions><ServerHandlers><DefaultWorldGenerator forceReset="true" generatorOptions="{}"/><ServerQuitFromTimeUp timeLimitMs="720000" description="out_of_time"/><ServerQuitWhenAnyAgentFinishes/></ServerHandlers></ServerSection><AgentSection mode="Survival"><Name>MineRLAgent0</Name><AgentStart><LowLevelInputs>true</LowLevelInputs><GuiScale>1.0</GuiScale><GammaSetting>2.0</GammaSetting><FOVSetting>70.0</FOVSetting><FakeCursorSize>16</FakeCursorSize><Inventory><InventoryObject slot="0" type="cactus" quantity="54"/><InventoryObject slot="1" type="pumpkin" quantity="47"/><InventoryObject slot="2" type="dark_oak_stairs" quantity="44"/><InventoryObject slot="3" type="acacia_door" quantity="11"/><InventoryObject slot="4" type="ladder" quantity="24"/><InventoryObject slot="5" type="redstone_ore" quantity="42"/><InventoryObject slot="6" type="furnace" quantity="28"/><InventoryObject slot="7" type="acacia_fence_gate" quantity="23"/><InventoryObject slot="8" type="acacia_stairs" quantity="8"/><InventoryObject slot="9" type="red_mushroom_block" quantity="13"/><InventoryObject slot="10" type="redstone_block" quantity="21"/><InventoryObject slot="11" type="lever" quantity="42"/><InventoryObject slot="12" type="anvil" quantity="32"/><InventoryObject slot="13" type="sandstone" quantity="27"/><InventoryObject slot="14" type="dropper" quantity="10"/><InventoryObject slot="15" type="redstone_torch" quantity="22"/><InventoryObject slot="16" type="brick_stairs" quantity="6"/><InventoryObject slot="17" type="brewing_stand" quantity="49"/><InventoryObject slot="18" type="acacia_stairs" quantity="63"/><InventoryObject slot="19" type="jungle_fence" quantity="44"/><InventoryObject slot="20" type="glowstone" quantity="8"/><InventoryObject slot="21" type="glowstone" quantity="48"/><InventoryObject slot="22" type="gold_block" quantity="43"/><InventoryObject slot="23" type="furnace" quantity="18"/><InventoryObject slot="24" type="dark_oak_door" quantity="14"/><InventoryObject slot="25" type="vine" quantity="24"/><InventoryObject slot="26" type="red_mushroom_block" quantity="34"/><InventoryObject slot="27" type="coal_block" quantity="10"/><InventoryObject slot="28" type="birch_fence_gate" quantity="20"/><InventoryObject slot="29" type="lapis_block" quantity="56"/><InventoryObject slot="30" type="packed_ice" quantity="56"/><InventoryObject slot="31" type="nether_brick_stairs" quantity="25"/><InventoryObject slot="32" type="mossy_cobblestone" quantity="50"/><InventoryObject slot="33" type="brown_mushroom" quantity="21"/><InventoryObject slot="34" type="hay_block" quantity="51"/><InventoryObject slot="35" type="redstone_ore" quantity="44"/></Inventory><PreferredSpawnBiome>plains</PreferredSpawnBiome><DoneOnDeath>true</DoneOnDeath><SpawnInVillage>true</SpawnInVillage></AgentStart><AgentHandlers><FileBasedPerformanceProducer/><PauseCommand/><VideoProducer want_depth="false"><Width>640</Width><Height>360</Height></VideoProducer><HumanLevelCommands/><CameraCommands/></AgentHandlers></AgentSection></Mission><ExperimentUID>895bea59-9cc3-4972-a83c-c18132021df2</ExperimentUID><ClientRole>0</ClientRole><ClientAgentConnection><ClientIPAddress>127.0.0.1</ClientIPAddress><ClientMissionControlPort>0</ClientMissionControlPort><ClientCommandsPort>0</ClientCommandsPort><AgentIPAddress>127.0.0.1</AgentIPAddress><AgentMissionControlPort>0</AgentMissionControlPort><AgentVideoPort>0</AgentVideoPort><AgentDepthPort>0</AgentDepthPort><AgentLuminancePort>0</AgentLuminancePort><AgentObservationsPort>0</AgentObservationsPort><AgentRewardsPort>0</AgentRewardsPort><AgentColourMapPort>0</AgentColourMapPort></ClientAgentConnection></MissionInit>
[16:01:36] [Render thread/INFO]: [STDOUT]: *** creating fake mouse cursor ***
[16:01:36] [EnvServerSocketHandler/INFO]: [STDOUT]: Setting width, height to 640, 360
[16:01:36] [EnvServerSocketHandler/INFO]: [STDOUT]: Gamma: 2.0
[16:01:36] [EnvServerSocketHandler/INFO]: [STDOUT]: FOV: 70.0
[16:01:36] [EnvServerSocketHandler/INFO]: [STDOUT]: GuiScale: 1.0
[16:01:36] [Render thread/INFO]: [STDOUT]: Seed not provided, generating random one: 1657971661905150375
[16:01:38] [Render thread/WARN]: Ambiguity between arguments [teleport, destination] and [teleport, targets] with inputs: [Player, 0123, @e, dd12be42-52a9-4a91-a8a1-11c01849e498]
[16:01:38] [Render thread/WARN]: Ambiguity between arguments [teleport, location] and [teleport, destination] with inputs: [0.1 -0.5 .9, 0 0 0]
[16:01:38] [Render thread/WARN]: Ambiguity between arguments [teleport, location] and [teleport, targets] with inputs: [0.1 -0.5 .9, 0 0 0]
[16:01:38] [Render thread/WARN]: Ambiguity between arguments [teleport, targets] and [teleport, destination] with inputs: [Player, 0123, dd12be42-52a9-4a91-a8a1-11c01849e498]
[16:01:38] [Render thread/WARN]: Ambiguity between arguments [teleport, targets, location] and [teleport, targets, destination] with inputs: [0.1 -0.5 .9, 0 0 0]
[16:01:38] [Render thread/INFO]: Reloading ResourceManager: Default
[16:01:38] [Render thread/INFO]: Loaded 7 recipes
[16:01:39] [Render thread/INFO]: Loaded 927 advancements
[16:01:40] [Render thread/INFO]: Environment: authHost='https://authserver.mojang.com', accountsHost='https://api.mojang.com', sessionHost='https://sessionserver.mojang.com', servicesHost='https://api.minecraftservices.com', name='PROD'
[16:01:41] [Render thread/INFO]: Starting integrated minecraft server version 1.16.5
[16:01:41] [Render thread/INFO]: Generating keypair
[16:01:51] [Render thread/INFO]: Preparing start region for dimension minecraft:overworld
[16:02:21] [Render thread/INFO]: Changing view distance to 11, from 10
[16:02:22] [Render thread/INFO]: MineRLAgent0[local:E:8c1c6c4f] logged in with entity id 169 at (1437.5, 74.0, -2394.5)
[16:02:22] [Render thread/INFO]: MineRLAgent0 joined the game
[16:02:22] [Render thread/INFO]: Preparing spawn area: 0%
[16:02:22] [Render thread/INFO]: Time elapsed: 9 ms
[16:02:23] [Render thread/INFO]: [STDOUT]: Starting new video null
[16:02:23] [Render thread/INFO]: Saving and pausing game...
[16:02:23] [Render thread/INFO]: Saving chunks for level 'ServerLevel[mcpworldb7d5fd82f9c8]'/minecraft:overworld
[16:02:25] [Render thread/INFO]: Saving chunks for level 'ServerLevel[mcpworldb7d5fd82f9c8]'/minecraft:the_nether
[16:02:25] [Render thread/INFO]: Saving chunks for level 'ServerLevel[mcpworldb7d5fd82f9c8]'/minecraft:the_end
[16:02:26] [Render thread/INFO]: Loaded 39 advancements
[16:02:33] [EnvServerSocketHandler/INFO]: [STDOUT]: *** Stopping the replay, returning control to the inputs
