[15:41:45] [Thread-4/INFO]: [STDOUT]: SERVER enter state: DORMANT
[15:41:45] [EnvServerSocketHandler/INFO]: Received Mission token ac2982b6-65fe-46ef-9db6-0704b9c8f063:0:0:1:true
[15:41:45] [EnvServerSocketHandler/INFO]: Received mission init command  <MissionInit xmlns="http://ProjectMalmo.microsoft.com" xmlns:xsi="http://www.w3.org/2001/XMLSchema-instance" SchemaVersion="" PlatformVersion="0.37.0"><Mission><About><Summary>MineRLBasaltBuildVillageHouse-v0</Summary></About><ModSettings><MsPerTick>50</MsPerTick></ModSettings><ServerSection><ServerInitialConditions><Time><AllowPassageOfTime>false</AllowPassageOfTime></Time><AllowSpawning>true</AllowSpawning></ServerInitialConditions><ServerHandlers><DefaultWorldGenerator forceReset="true" generatorOptions="{}"/><ServerQuitFromTimeUp timeLimitMs="720000" description="out_of_time"/><ServerQuitWhenAnyAgentFinishes/></ServerHandlers></ServerSection><AgentSection mode="Survival"><Name>MineRLAgent0</Name><AgentStart><LowLevelInputs>true</LowLevelInputs><GuiScale>1.0</GuiScale><GammaSetting>2.0</GammaSetting><FOVSetting>70.0</FOVSetting><FakeCursorSize>16</FakeCursorSize><Inventory><InventoryObject slot="0" type="farmland" quantity="49"/><InventoryObject slot="1" type="jungle_fence" quantity="50"/><InventoryObject slot="2" type="acacia_fence" quantity="61"/><InventoryObject slot="3" type="red_mushroom" quantity="34"/><InventoryObject slot="4" type="ladder" quantity="22"/><InventoryObject slot="5" type="red_mushroom_block" quantity="51"/><InventoryObject slot="6" type="vine" quantity="8"/><InventoryObject slot="7" type="acacia_stairs" quantity="38"/><InventoryObject slot="8" type="soul_sand" quantity="25"/><InventoryObject slot="9" type="pumpkin" quantity="63"/><InventoryObject slot="10" type="brick_stairs" quantity="13"/><InventoryObject slot="11" type="iron_ore" quantity="43"/><InventoryObject slot="12" type="spruce_stairs" quantity="5"/><InventoryObject slot="13" type="sponge" quantity="43"/><InventoryObject slot="14" type="brewing_stand" quantity="39"/><InventoryObject slot="15" type="sticky_piston" quantity="36"/><InventoryObject slot="16" type="glass" quantity="37"/><InventoryObject slot="17" type="light_weighted_pressure_plate" quantity="41"/><InventoryObject slot="18" type="glowstone" quantity="2"/><InventoryObject slot="19" type="lapis_ore" quantity="15"/><InventoryObject slot="20" type="emerald_ore" quantity="27"/><InventoryObject slot="21" type="stone_brick_stairs" quantity="1"/><InventoryObject slot="22" type="torch" quantity="61"/><InventoryObject slot="23" type="sandstone_stairs" quantity="64"/><InventoryObject slot="24" type="iron_bars" quantity="6"/><InventoryObject slot="25" type="sponge" quantity="55"/><InventoryObject slot="26" type="cobblestone" quantity="8"/><InventoryObject slot="27" type="bedrock" quantity="57"/><InventoryObject slot="28" type="sandstone_stairs" quantity="54"/><InventoryObject slot="29" type="hay_block" quantity="8"/><InventoryObject slot="30" type="packed_ice" quantity="46"/><InventoryObject slot="31" type="obsidian" quantity="28"/><InventoryObject slot="32" type="glass" quantity="15"/><InventoryObject slot="33" type="lever" quantity="11"/><InventoryObject slot="34" type="iron_door" quantity="23"/><InventoryObject slot="35" type="command_block" quantity="61"/></Inventory><PreferredSpawnBiome>plains</PreferredSpawnBiome><DoneOnDeath>true</DoneOnDeath><SpawnInVillage>true</SpawnInVillage></AgentStart><AgentHandlers><FileBasedPerformanceProducer/><PauseCommand/><VideoProducer want_depth="false"><Width>640</Width><Height>360</Height></VideoProducer><HumanLevelCommands/><CameraCommands/></AgentHandlers></AgentSection></Mission><ExperimentUID>ac2982b6-65fe-46ef-9db6-0704b9c8f063</ExperimentUID><ClientRole>0</ClientRole><ClientAgentConnection><ClientIPAddress>127.0.0.1</ClientIPAddress><ClientMissionControlPort>0</ClientMissionControlPort><ClientCommandsPort>0</ClientCommandsPort><AgentIPAddress>127.0.0.1</AgentIPAddress><AgentMissionControlPort>0</AgentMissionControlPort><AgentVideoPort>0</AgentVideoPort><AgentDepthPort>0</AgentDepthPort><AgentLuminancePort>0</AgentLuminancePort><AgentObservationsPort>0</AgentObservationsPort><AgentRewardsPort>0</AgentRewardsPort><AgentColourMapPort>0</AgentColourMapPort></ClientAgentConnection></MissionInit>
[15:41:46] [EnvServerSocketHandler/INFO]: [STDOUT]: Setting width, height to 640, 360
[15:41:46] [EnvServerSocketHandler/INFO]: [STDOUT]: Gamma: 2.0
[15:41:46] [EnvServerSocketHandler/INFO]: [STDOUT]: FOV: 70.0
[15:41:46] [EnvServerSocketHandler/INFO]: [STDOUT]: GuiScale: 1.0
[15:41:47] [Render thread/INFO]: [STDOUT]: *** creating fake mouse cursor ***
[15:41:47] [Render thread/INFO]: [STDOUT]: Seed not provided, generating random one: -1815949486842728802
[15:41:48] [Render thread/WARN]: Ambiguity between arguments [teleport, destination] and [teleport, targets] with inputs: [Player, 0123, @e, dd12be42-52a9-4a91-a8a1-11c01849e498]
[15:41:48] [Render thread/WARN]: Ambiguity between arguments [teleport, location] and [teleport, destination] with inputs: [0.1 -0.5 .9, 0 0 0]
[15:41:48] [Render thread/WARN]: Ambiguity between arguments [teleport, location] and [teleport, targets] with inputs: [0.1 -0.5 .9, 0 0 0]
[15:41:48] [Render thread/WARN]: Ambiguity between arguments [teleport, targets] and [teleport, destination] with inputs: [Player, 0123, dd12be42-52a9-4a91-a8a1-11c01849e498]
[15:41:48] [Render thread/WARN]: Ambiguity between arguments [teleport, targets, location] and [teleport, targets, destination] with inputs: [0.1 -0.5 .9, 0 0 0]
[15:41:48] [Render thread/INFO]: Reloading ResourceManager: Default
[15:41:49] [Render thread/INFO]: Loaded 7 recipes
[15:41:49] [Render thread/INFO]: Loaded 927 advancements
[15:41:51] [Render thread/INFO]: Environment: authHost='https://authserver.mojang.com', accountsHost='https://api.mojang.com', sessionHost='https://sessionserver.mojang.com', servicesHost='https://api.minecraftservices.com', name='PROD'
[15:41:51] [Render thread/INFO]: Starting integrated minecraft server version 1.16.5
[15:41:51] [Render thread/INFO]: Generating keypair
[15:42:02] [Render thread/INFO]: Preparing start region for dimension minecraft:overworld
[15:42:37] [Render thread/INFO]: Changing view distance to 11, from 10
[15:42:38] [Render thread/INFO]: MineRLAgent0[local:E:065b1deb] logged in with entity id 354 at (-2541.5, 69.0, 762.5)
[15:42:38] [Render thread/INFO]: MineRLAgent0 joined the game
[15:42:38] [Render thread/INFO]: Preparing spawn area: 6%
[15:42:38] [Render thread/INFO]: Time elapsed: 5 ms
[15:42:39] [Render thread/INFO]: [STDOUT]: Starting new video null
[15:42:39] [Render thread/INFO]: Saving and pausing game...
[15:42:39] [Render thread/INFO]: Saving chunks for level 'ServerLevel[mcpworldb7d5fd82f9c8]'/minecraft:overworld
[15:42:41] [Render thread/INFO]: Saving chunks for level 'ServerLevel[mcpworldb7d5fd82f9c8]'/minecraft:the_nether
[15:42:41] [Render thread/INFO]: Saving chunks for level 'ServerLevel[mcpworldb7d5fd82f9c8]'/minecraft:the_end
[15:42:42] [Render thread/INFO]: MineRLAgent0 has made the advancement [Stone Age]
[15:42:42] [Render thread/INFO]: MineRLAgent0 has made the advancement [Ice Bucket Challenge]
[15:42:42] [Render thread/INFO]: [CHAT] MineRLAgent0 has made the advancement [Stone Age]
[15:42:42] [Render thread/INFO]: [CHAT] MineRLAgent0 has made the advancement [Ice Bucket Challenge]
[15:42:42] [Render thread/INFO]: Loaded 62 advancements
[15:42:51] [EnvServerSocketHandler/INFO]: [STDOUT]: *** Stopping the replay, returning control to the inputs
