[22:32:46] [Thread-4/INFO]: [STDOUT]: SERVER enter state: DORMANT
[22:32:46] [EnvServerSocketHandler/INFO]: Received Mission token 2453eb1d-d149-4b4c-b991-68ffda7980b5:0:0:1:true
[22:32:46] [EnvServerSocketHandler/INFO]: Received mission init command  <MissionInit xmlns="http://ProjectMalmo.microsoft.com" xmlns:xsi="http://www.w3.org/2001/XMLSchema-instance" SchemaVersion="" PlatformVersion="0.37.0"><Mission><About><Summary>MineRLBasaltBuildVillageHouse-v0</Summary></About><ModSettings><MsPerTick>50</MsPerTick></ModSettings><ServerSection><ServerInitialConditions><Time><AllowPassageOfTime>false</AllowPassageOfTime></Time><AllowSpawning>true</AllowSpawning></ServerInitialConditions><ServerHandlers><DefaultWorldGenerator forceReset="true" generatorOptions="{}"/><ServerQuitFromTimeUp timeLimitMs="720000" description="out_of_time"/><ServerQuitWhenAnyAgentFinishes/></ServerHandlers></ServerSection><AgentSection mode="Survival"><Name>MineRLAgent0</Name><AgentStart><LowLevelInputs>true</LowLevelInputs><GuiScale>1.0</GuiScale><GammaSetting>2.0</GammaSetting><FOVSetting>70.0</FOVSetting><FakeCursorSize>16</FakeCursorSize><Inventory><InventoryObject slot="0" type="jukebox" quantity="8"/><InventoryObject slot="1" type="gravel" quantity="61"/><InventoryObject slot="2" type="birch_stairs" quantity="48"/><InventoryObject slot="3" type="jukebox" quantity="11"/><InventoryObject slot="4" type="brown_mushroom_block" quantity="36"/><InventoryObject slot="5" type="iron_block" quantity="40"/><InventoryObject slot="6" type="glass_pane" quantity="12"/><InventoryObject slot="7" type="stone_button" quantity="10"/><InventoryObject slot="8" type="empty" quantity="23"/><InventoryObject slot="9" type="brown_mushroom" quantity="33"/><InventoryObject slot="10" type="redstone_torch" quantity="25"/><InventoryObject slot="11" type="obsidian" quantity="8"/><InventoryObject slot="12" type="brick_stairs" quantity="59"/><InventoryObject slot="13" type="ice" quantity="12"/><InventoryObject slot="14" type="torch" quantity="11"/><InventoryObject slot="15" type="dispenser" quantity="39"/><InventoryObject slot="16" type="iron_trapdoor" quantity="32"/><InventoryObject slot="17" type="crafting_table" quantity="58"/><InventoryObject slot="18" type="cake" quantity="42"/><InventoryObject slot="19" type="coal_ore" quantity="44"/><InventoryObject slot="20" type="stone" quantity="37"/><InventoryObject slot="21" type="red_mushroom" quantity="28"/><InventoryObject slot="22" type="mossy_cobblestone" quantity="17"/><InventoryObject slot="23" type="snow" quantity="3"/><InventoryObject slot="24" type="packed_ice" quantity="33"/><InventoryObject slot="25" type="dropper" quantity="50"/><InventoryObject slot="26" type="brick_stairs" quantity="31"/><InventoryObject slot="27" type="spruce_fence_gate" quantity="50"/><InventoryObject slot="28" type="red_sandstone_stairs" quantity="32"/><InventoryObject slot="29" type="daylight_detector" quantity="61"/><InventoryObject slot="30" type="emerald_block" quantity="22"/><InventoryObject slot="31" type="dispenser" quantity="50"/><InventoryObject slot="32" type="sand" quantity="63"/><InventoryObject slot="33" type="emerald_block" quantity="41"/><InventoryObject slot="34" type="ice" quantity="44"/><InventoryObject slot="35" type="stone_stairs" quantity="31"/></Inventory><PreferredSpawnBiome>plains</PreferredSpawnBiome><DoneOnDeath>true</DoneOnDeath><SpawnInVillage>true</SpawnInVillage></AgentStart><AgentHandlers><FileBasedPerformanceProducer/><PauseCommand/><VideoProducer want_depth="false"><Width>640</Width><Height>360</Height></VideoProducer><HumanLevelCommands/><CameraCommands/></AgentHandlers></AgentSection></Mission><ExperimentUID>2453eb1d-d149-4b4c-b991-68ffda7980b5</ExperimentUID><ClientRole>0</ClientRole><ClientAgentConnection><ClientIPAddress>127.0.0.1</ClientIPAddress><ClientMissionControlPort>0</ClientMissionControlPort><ClientCommandsPort>0</ClientCommandsPort><AgentIPAddress>127.0.0.1</AgentIPAddress><AgentMissionControlPort>0</AgentMissionControlPort><AgentVideoPort>0</AgentVideoPort><AgentDepthPort>0</AgentDepthPort><AgentLuminancePort>0</AgentLuminancePort><AgentObservationsPort>0</AgentObservationsPort><AgentRewardsPort>0</AgentRewardsPort><AgentColourMapPort>0</AgentColourMapPort></ClientAgentConnection></MissionInit>
[22:32:47] [EnvServerSocketHandler/INFO]: [STDOUT]: Setting width, height to 640, 360
[22:32:47] [EnvServerSocketHandler/INFO]: [STDOUT]: Gamma: 2.0
[22:32:47] [EnvServerSocketHandler/INFO]: [STDOUT]: FOV: 70.0
[22:32:47] [EnvServerSocketHandler/INFO]: [STDOUT]: GuiScale: 1.0
[22:32:47] [Render thread/INFO]: [STDOUT]: Seed not provided, generating random one: 3480917994953365118
[22:32:48] [Render thread/WARN]: Ambiguity between arguments [teleport, destination] and [teleport, targets] with inputs: [Player, 0123, @e, dd12be42-52a9-4a91-a8a1-11c01849e498]
[22:32:48] [Render thread/WARN]: Ambiguity between arguments [teleport, location] and [teleport, destination] with inputs: [0.1 -0.5 .9, 0 0 0]
[22:32:48] [Render thread/WARN]: Ambiguity between arguments [teleport, location] and [teleport, targets] with inputs: [0.1 -0.5 .9, 0 0 0]
[22:32:48] [Render thread/WARN]: Ambiguity between arguments [teleport, targets] and [teleport, destination] with inputs: [Player, 0123, dd12be42-52a9-4a91-a8a1-11c01849e498]
[22:32:48] [Render thread/WARN]: Ambiguity between arguments [teleport, targets, location] and [teleport, targets, destination] with inputs: [0.1 -0.5 .9, 0 0 0]
[22:32:48] [Render thread/INFO]: Reloading ResourceManager: Default
[22:32:49] [Render thread/INFO]: Loaded 7 recipes
[22:32:50] [Render thread/INFO]: Loaded 927 advancements
[22:32:50] [Render thread/INFO]: [STDOUT]: *** creating fake mouse cursor ***
[22:32:52] [Render thread/INFO]: Environment: authHost='https://authserver.mojang.com', accountsHost='https://api.mojang.com', sessionHost='https://sessionserver.mojang.com', servicesHost='https://api.minecraftservices.com', name='PROD'
[22:32:52] [Render thread/INFO]: Starting integrated minecraft server version 1.16.5
[22:32:52] [Render thread/INFO]: Generating keypair
[22:33:05] [Render thread/INFO]: Preparing start region for dimension minecraft:overworld
[22:33:08] [Render thread/INFO]: Changing view distance to 11, from 10
[22:33:09] [Render thread/INFO]: MineRLAgent0[local:E:d4ebc10c] logged in with entity id 130 at (834.5, 62.0, -1445.5)
[22:33:09] [Render thread/INFO]: MineRLAgent0 joined the game
[22:33:10] [Render thread/INFO]: Preparing spawn area: 0%
[22:33:10] [Render thread/INFO]: Time elapsed: 13 ms
[22:33:10] [Render thread/INFO]: [STDOUT]: Starting new video null
[22:33:10] [Render thread/INFO]: Saving and pausing game...
[22:33:10] [Render thread/INFO]: Saving chunks for level 'ServerLevel[mcpworldabfcf1c1b7d5]'/minecraft:overworld
[22:33:12] [Render thread/INFO]: Saving chunks for level 'ServerLevel[mcpworldabfcf1c1b7d5]'/minecraft:the_nether
[22:33:12] [Render thread/INFO]: Saving chunks for level 'ServerLevel[mcpworldabfcf1c1b7d5]'/minecraft:the_end
[22:33:13] [Render thread/INFO]: MineRLAgent0 has made the advancement [Ice Bucket Challenge]
[22:33:13] [Render thread/INFO]: [CHAT] MineRLAgent0 has made the advancement [Ice Bucket Challenge]
[22:33:13] [Render thread/INFO]: Loaded 79 advancements
[22:33:46] [EnvServerSocketHandler/INFO]: [STDOUT]: *** Stopping the replay, returning control to the inputs
