[15:03:39] [Thread-4/INFO]: [STDOUT]: SERVER enter state: DORMANT
[15:03:39] [EnvServerSocketHandler/INFO]: Received Mission token 5c42eeda-43fd-4dd1-ba55-c60cddb3e146:0:0:1:true
[15:03:39] [EnvServerSocketHandler/INFO]: Received mission init command  <MissionInit xmlns="http://ProjectMalmo.microsoft.com" xmlns:xsi="http://www.w3.org/2001/XMLSchema-instance" SchemaVersion="" PlatformVersion="0.37.0"><Mission><About><Summary>MineRLBasaltBuildVillageHouse-v0</Summary></About><ModSettings><MsPerTick>50</MsPerTick></ModSettings><ServerSection><ServerInitialConditions><Time><AllowPassageOfTime>false</AllowPassageOfTime></Time><AllowSpawning>true</AllowSpawning></ServerInitialConditions><ServerHandlers><DefaultWorldGenerator forceReset="true" generatorOptions="{}"/><ServerQuitFromTimeUp timeLimitMs="720000" description="out_of_time"/><ServerQuitWhenAnyAgentFinishes/></ServerHandlers></ServerSection><AgentSection mode="Survival"><Name>MineRLAgent0</Name><AgentStart><LowLevelInputs>true</LowLevelInputs><GuiScale>1.0</GuiScale><GammaSetting>2.0</GammaSetting><FOVSetting>70.0</FOVSetting><FakeCursorSize>16</FakeCursorSize><Inventory><InventoryObject slot="0" type="mossy_cobblestone" quantity="40"/><InventoryObject slot="1" type="torch" quantity="42"/><InventoryObject slot="2" type="end_stone" quantity="50"/><InventoryObject slot="3" type="stone_pressure_plate" quantity="32"/><InventoryObject slot="4" type="sea_lantern" quantity="64"/><InventoryObject slot="5" type="end_portal_frame" quantity="56"/><InventoryObject slot="6" type="birch_door" quantity="21"/><InventoryObject slot="7" type="sandstone" quantity="64"/><InventoryObject slot="8" type="acacia_fence_gate" quantity="14"/><InventoryObject slot="9" type="prismarine" quantity="37"/><InventoryObject slot="10" type="torch" quantity="43"/><InventoryObject slot="11" type="daylight_detector" quantity="33"/><InventoryObject slot="12" type="dark_oak_stairs" quantity="30"/><InventoryObject slot="13" type="activator_rail" quantity="44"/><InventoryObject slot="14" type="lapis_ore" quantity="56"/><InventoryObject slot="15" type="sea_lantern" quantity="61"/><InventoryObject slot="16" type="stone_brick_stairs" quantity="51"/><InventoryObject slot="17" type="redstone_torch" quantity="8"/><InventoryObject slot="18" type="prismarine" quantity="5"/><InventoryObject slot="19" type="enchanting_table" quantity="33"/><InventoryObject slot="20" type="red_mushroom" quantity="38"/><InventoryObject slot="21" type="ice" quantity="63"/><InventoryObject slot="22" type="jungle_fence_gate" quantity="21"/><InventoryObject slot="23" type="barrier" quantity="19"/><InventoryObject slot="24" type="sponge" quantity="3"/><InventoryObject slot="25" type="stone_slab" quantity="59"/><InventoryObject slot="26" type="jungle_fence" quantity="40"/><InventoryObject slot="27" type="birch_door" quantity="56"/><InventoryObject slot="28" type="trapped_chest" quantity="25"/><InventoryObject slot="29" type="prismarine" quantity="43"/><InventoryObject slot="30" type="gravel" quantity="46"/><InventoryObject slot="31" type="jungle_stairs" quantity="49"/><InventoryObject slot="32" type="pumpkin" quantity="50"/><InventoryObject slot="33" type="acacia_fence" quantity="21"/><InventoryObject slot="34" type="packed_ice" quantity="37"/><InventoryObject slot="35" type="red_sandstone_stairs" quantity="50"/></Inventory><PreferredSpawnBiome>plains</PreferredSpawnBiome><DoneOnDeath>true</DoneOnDeath><SpawnInVillage>true</SpawnInVillage></AgentStart><AgentHandlers><FileBasedPerformanceProducer/><PauseCommand/><VideoProducer want_depth="false"><Width>640</Width><Height>360</Height></VideoProducer><HumanLevelCommands/><CameraCommands/></AgentHandlers></AgentSection></Mission><ExperimentUID>5c42eeda-43fd-4dd1-ba55-c60cddb3e146</ExperimentUID><ClientRole>0</ClientRole><ClientAgentConnection><ClientIPAddress>127.0.0.1</ClientIPAddress><ClientMissionControlPort>0</ClientMissionControlPort><ClientCommandsPort>0</ClientCommandsPort><AgentIPAddress>127.0.0.1</AgentIPAddress><AgentMissionControlPort>0</AgentMissionControlPort><AgentVideoPort>0</AgentVideoPort><AgentDepthPort>0</AgentDepthPort><AgentLuminancePort>0</AgentLuminancePort><AgentObservationsPort>0</AgentObservationsPort><AgentRewardsPort>0</AgentRewardsPort><AgentColourMapPort>0</AgentColourMapPort></ClientAgentConnection></MissionInit>
[15:03:40] [Render thread/INFO]: [STDOUT]: *** creating fake mouse cursor ***
[15:03:40] [EnvServerSocketHandler/INFO]: [STDOUT]: Setting width, height to 640, 360
[15:03:40] [EnvServerSocketHandler/INFO]: [STDOUT]: Gamma: 2.0
[15:03:40] [EnvServerSocketHandler/INFO]: [STDOUT]: FOV: 70.0
[15:03:40] [EnvServerSocketHandler/INFO]: [STDOUT]: GuiScale: 1.0
[15:03:40] [Render thread/INFO]: [STDOUT]: Seed not provided, generating random one: 3786026271712344437
[15:03:42] [Render thread/WARN]: Ambiguity between arguments [teleport, destination] and [teleport, targets] with inputs: [Player, 0123, @e, dd12be42-52a9-4a91-a8a1-11c01849e498]
[15:03:42] [Render thread/WARN]: Ambiguity between arguments [teleport, location] and [teleport, destination] with inputs: [0.1 -0.5 .9, 0 0 0]
[15:03:42] [Render thread/WARN]: Ambiguity between arguments [teleport, location] and [teleport, targets] with inputs: [0.1 -0.5 .9, 0 0 0]
[15:03:42] [Render thread/WARN]: Ambiguity between arguments [teleport, targets] and [teleport, destination] with inputs: [Player, 0123, dd12be42-52a9-4a91-a8a1-11c01849e498]
[15:03:42] [Render thread/WARN]: Ambiguity between arguments [teleport, targets, location] and [teleport, targets, destination] with inputs: [0.1 -0.5 .9, 0 0 0]
[15:03:42] [Render thread/INFO]: Reloading ResourceManager: Default
[15:03:43] [Render thread/INFO]: Loaded 7 recipes
[15:03:43] [Render thread/INFO]: Loaded 927 advancements
[15:03:45] [Render thread/INFO]: Environment: authHost='https://authserver.mojang.com', accountsHost='https://api.mojang.com', sessionHost='https://sessionserver.mojang.com', servicesHost='https://api.minecraftservices.com', name='PROD'
[15:03:45] [Render thread/INFO]: Starting integrated minecraft server version 1.16.5
[15:03:45] [Render thread/INFO]: Generating keypair
[15:03:59] [Render thread/INFO]: Preparing start region for dimension minecraft:overworld
[15:04:24] [Render thread/INFO]: Changing view distance to 11, from 10
[15:04:25] [Render thread/INFO]: MineRLAgent0[local:E:944b0a71] logged in with entity id 166 at (1347.5, 70.0, 846.5)
[15:04:25] [Render thread/INFO]: MineRLAgent0 joined the game
[15:04:25] [Render thread/INFO]: Preparing spawn area: 0%
[15:04:25] [Render thread/INFO]: Time elapsed: 10 ms
[15:04:26] [Render thread/INFO]: [STDOUT]: Starting new video null
[15:04:26] [Render thread/INFO]: Saving and pausing game...
[15:04:26] [Render thread/INFO]: Saving chunks for level 'ServerLevel[mcpworldb7d5fd82f9c8]'/minecraft:overworld
[15:04:28] [Render thread/INFO]: Saving chunks for level 'ServerLevel[mcpworldb7d5fd82f9c8]'/minecraft:the_nether
[15:04:28] [Render thread/INFO]: Saving chunks for level 'ServerLevel[mcpworldb7d5fd82f9c8]'/minecraft:the_end
[15:04:29] [Render thread/INFO]: Loaded 59 advancements
[15:04:38] [EnvServerSocketHandler/INFO]: [STDOUT]: *** Stopping the replay, returning control to the inputs
