[16:29:23] [Thread-4/INFO]: [STDOUT]: SERVER enter state: DORMANT
[16:29:23] [EnvServerSocketHandler/INFO]: Received Mission token 0a5990a8-2f06-4a76-92e2-9bfcf54d00a5:0:0:1:true
[16:29:23] [EnvServerSocketHandler/INFO]: Received mission init command  <MissionInit xmlns="http://ProjectMalmo.microsoft.com" xmlns:xsi="http://www.w3.org/2001/XMLSchema-instance" SchemaVersion="" PlatformVersion="0.37.0"><Mission><About><Summary>MineRLBasaltBuildVillageHouse-v0</Summary></About><ModSettings><MsPerTick>50</MsPerTick></ModSettings><ServerSection><ServerInitialConditions><Time><AllowPassageOfTime>false</AllowPassageOfTime></Time><AllowSpawning>true</AllowSpawning></ServerInitialConditions><ServerHandlers><DefaultWorldGenerator forceReset="true" generatorOptions="{}"/><ServerQuitFromTimeUp timeLimitMs="720000" description="out_of_time"/><ServerQuitWhenAnyAgentFinishes/></ServerHandlers></ServerSection><AgentSection mode="Survival"><Name>MineRLAgent0</Name><AgentStart><LowLevelInputs>true</LowLevelInputs><GuiScale>1.0</GuiScale><GammaSetting>2.0</GammaSetting><FOVSetting>70.0</FOVSetting><FakeCursorSize>16</FakeCursorSize><Inventory><InventoryObject slot="0" type="spruce_stairs" quantity="34"/><InventoryObject slot="1" type="mycelium" quantity="41"/><InventoryObject slot="2" type="cobblestone_wall" quantity="60"/><InventoryObject slot="3" type="gold_block" quantity="37"/><InventoryObject slot="4" type="diamond_ore" quantity="56"/><InventoryObject slot="5" type="hay_block" quantity="60"/><InventoryObject slot="6" type="dark_oak_stairs" quantity="35"/><InventoryObject slot="7" type="sticky_piston" quantity="4"/><InventoryObject slot="8" type="daylight_detector" quantity="32"/><InventoryObject slot="9" type="spruce_door" quantity="8"/><InventoryObject slot="10" type="iron_door" quantity="63"/><InventoryObject slot="11" type="sand" quantity="63"/><InventoryObject slot="12" type="glass" quantity="51"/><InventoryObject slot="13" type="birch_stairs" quantity="4"/><InventoryObject slot="14" type="daylight_detector" quantity="13"/><InventoryObject slot="15" type="sponge" quantity="7"/><InventoryObject slot="16" type="iron_door" quantity="24"/><InventoryObject slot="17" type="nether_wart" quantity="44"/><InventoryObject slot="18" type="nether_brick_stairs" quantity="9"/><InventoryObject slot="19" type="jungle_door" quantity="27"/><InventoryObject slot="20" type="bookshelf" quantity="42"/><InventoryObject slot="21" type="sponge" quantity="45"/><InventoryObject slot="22" type="jungle_stairs" quantity="36"/><InventoryObject slot="23" type="sea_lantern" quantity="30"/><InventoryObject slot="24" type="redstone_torch" quantity="9"/><InventoryObject slot="25" type="stone_stairs" quantity="37"/><InventoryObject slot="26" type="detector_rail" quantity="13"/><InventoryObject slot="27" type="packed_ice" quantity="49"/><InventoryObject slot="28" type="trapped_chest" quantity="16"/><InventoryObject slot="29" type="tripwire_hook" quantity="56"/><InventoryObject slot="30" type="dirt" quantity="47"/><InventoryObject slot="31" type="chest" quantity="4"/><InventoryObject slot="32" type="sandstone_stairs" quantity="7"/><InventoryObject slot="33" type="redstone_ore" quantity="2"/><InventoryObject slot="34" type="lapis_ore" quantity="30"/><InventoryObject slot="35" type="acacia_door" quantity="51"/></Inventory><PreferredSpawnBiome>plains</PreferredSpawnBiome><DoneOnDeath>true</DoneOnDeath><SpawnInVillage>true</SpawnInVillage></AgentStart><AgentHandlers><FileBasedPerformanceProducer/><PauseCommand/><VideoProducer want_depth="false"><Width>640</Width><Height>360</Height></VideoProducer><HumanLevelCommands/><CameraCommands/></AgentHandlers></AgentSection></Mission><ExperimentUID>0a5990a8-2f06-4a76-92e2-9bfcf54d00a5</ExperimentUID><ClientRole>0</ClientRole><ClientAgentConnection><ClientIPAddress>127.0.0.1</ClientIPAddress><ClientMissionControlPort>0</ClientMissionControlPort><ClientCommandsPort>0</ClientCommandsPort><AgentIPAddress>127.0.0.1</AgentIPAddress><AgentMissionControlPort>0</AgentMissionControlPort><AgentVideoPort>0</AgentVideoPort><AgentDepthPort>0</AgentDepthPort><AgentLuminancePort>0</AgentLuminancePort><AgentObservationsPort>0</AgentObservationsPort><AgentRewardsPort>0</AgentRewardsPort><AgentColourMapPort>0</AgentColourMapPort></ClientAgentConnection></MissionInit>
[16:29:24] [Render thread/INFO]: [STDOUT]: *** creating fake mouse cursor ***
[16:29:24] [EnvServerSocketHandler/INFO]: [STDOUT]: Setting width, height to 640, 360
[16:29:24] [EnvServerSocketHandler/INFO]: [STDOUT]: Gamma: 2.0
[16:29:24] [EnvServerSocketHandler/INFO]: [STDOUT]: FOV: 70.0
[16:29:24] [EnvServerSocketHandler/INFO]: [STDOUT]: GuiScale: 1.0
[16:29:24] [Render thread/INFO]: [STDOUT]: Seed not provided, generating random one: -2314526092769802661
[16:29:26] [Render thread/WARN]: Ambiguity between arguments [teleport, destination] and [teleport, targets] with inputs: [Player, 0123, @e, dd12be42-52a9-4a91-a8a1-11c01849e498]
[16:29:26] [Render thread/WARN]: Ambiguity between arguments [teleport, location] and [teleport, destination] with inputs: [0.1 -0.5 .9, 0 0 0]
[16:29:26] [Render thread/WARN]: Ambiguity between arguments [teleport, location] and [teleport, targets] with inputs: [0.1 -0.5 .9, 0 0 0]
[16:29:26] [Render thread/WARN]: Ambiguity between arguments [teleport, targets] and [teleport, destination] with inputs: [Player, 0123, dd12be42-52a9-4a91-a8a1-11c01849e498]
[16:29:26] [Render thread/WARN]: Ambiguity between arguments [teleport, targets, location] and [teleport, targets, destination] with inputs: [0.1 -0.5 .9, 0 0 0]
[16:29:26] [Render thread/INFO]: Reloading ResourceManager: Default
[16:29:26] [Render thread/INFO]: Loaded 7 recipes
[16:29:27] [Render thread/INFO]: Loaded 927 advancements
[16:29:28] [Render thread/INFO]: Environment: authHost='https://authserver.mojang.com', accountsHost='https://api.mojang.com', sessionHost='https://sessionserver.mojang.com', servicesHost='https://api.minecraftservices.com', name='PROD'
[16:29:29] [Render thread/INFO]: Starting integrated minecraft server version 1.16.5
[16:29:29] [Render thread/INFO]: Generating keypair
[16:29:39] [Render thread/INFO]: Preparing start region for dimension minecraft:overworld
[16:30:09] [Render thread/INFO]: Changing view distance to 11, from 10
[16:30:10] [Render thread/INFO]: MineRLAgent0[local:E:31d7ac77] logged in with entity id 181 at (-441.5, 73.0, 1565.5)
[16:30:10] [Render thread/INFO]: MineRLAgent0 joined the game
[16:30:11] [Render thread/INFO]: Preparing spawn area: 0%
[16:30:11] [Render thread/INFO]: Time elapsed: 8 ms
[16:30:11] [Render thread/INFO]: [STDOUT]: Starting new video null
[16:30:11] [Render thread/INFO]: Saving and pausing game...
[16:30:11] [Render thread/INFO]: Saving chunks for level 'ServerLevel[mcpworldb7d5fd82f9c8]'/minecraft:overworld
[16:30:14] [Render thread/INFO]: Saving chunks for level 'ServerLevel[mcpworldb7d5fd82f9c8]'/minecraft:the_nether
[16:30:14] [Render thread/INFO]: Saving chunks for level 'ServerLevel[mcpworldb7d5fd82f9c8]'/minecraft:the_end
[16:30:15] [Render thread/INFO]: Loaded 53 advancements
[16:30:24] [EnvServerSocketHandler/INFO]: [STDOUT]: *** Stopping the replay, returning control to the inputs
