[15:52:08] [Thread-4/INFO]: [STDOUT]: SERVER enter state: DORMANT
[15:52:08] [EnvServerSocketHandler/INFO]: Received Mission token 2c403fd7-01c0-47ef-8838-df63d3a64be4:0:0:1:true
[15:52:08] [EnvServerSocketHandler/INFO]: Received mission init command  <MissionInit xmlns="http://ProjectMalmo.microsoft.com" xmlns:xsi="http://www.w3.org/2001/XMLSchema-instance" SchemaVersion="" PlatformVersion="0.37.0"><Mission><About><Summary>MineRLBasaltBuildVillageHouse-v0</Summary></About><ModSettings><MsPerTick>50</MsPerTick></ModSettings><ServerSection><ServerInitialConditions><Time><AllowPassageOfTime>false</AllowPassageOfTime></Time><AllowSpawning>true</AllowSpawning></ServerInitialConditions><ServerHandlers><DefaultWorldGenerator forceReset="true" generatorOptions="{}"/><ServerQuitFromTimeUp timeLimitMs="720000" description="out_of_time"/><ServerQuitWhenAnyAgentFinishes/></ServerHandlers></ServerSection><AgentSection mode="Survival"><Name>MineRLAgent0</Name><AgentStart><LowLevelInputs>true</LowLevelInputs><GuiScale>1.0</GuiScale><GammaSetting>2.0</GammaSetting><FOVSetting>70.0</FOVSetting><FakeCursorSize>16</FakeCursorSize><Inventory><InventoryObject slot="0" type="redstone_block" quantity="25"/><InventoryObject slot="1" type="glass" quantity="19"/><InventoryObject slot="2" type="stone_button" quantity="17"/><InventoryObject slot="3" type="torch" quantity="55"/><InventoryObject slot="4" type="sticky_piston" quantity="45"/><InventoryObject slot="5" type="wheat" quantity="41"/><InventoryObject slot="6" type="rail" quantity="31"/><InventoryObject slot="7" type="flower_pot" quantity="33"/><InventoryObject slot="8" type="lapis_block" quantity="25"/><InventoryObject slot="9" type="farmland" quantity="35"/><InventoryObject slot="10" type="activator_rail" quantity="16"/><InventoryObject slot="11" type="quartz_block" quantity="21"/><InventoryObject slot="12" type="dark_oak_fence" quantity="38"/><InventoryObject slot="13" type="nether_brick_fence" quantity="35"/><InventoryObject slot="14" type="gold_block" quantity="62"/><InventoryObject slot="15" type="stone_pressure_plate" quantity="26"/><InventoryObject slot="16" type="mycelium" quantity="42"/><InventoryObject slot="17" type="iron_ore" quantity="19"/><InventoryObject slot="18" type="gold_ore" quantity="8"/><InventoryObject slot="19" type="wheat" quantity="51"/><InventoryObject slot="20" type="glass_pane" quantity="27"/><InventoryObject slot="21" type="daylight_detector" quantity="5"/><InventoryObject slot="22" type="stone_pressure_plate" quantity="29"/><InventoryObject slot="23" type="acacia_stairs" quantity="16"/><InventoryObject slot="24" type="bedrock" quantity="8"/><InventoryObject slot="25" type="coal_block" quantity="48"/><InventoryObject slot="26" type="birch_door" quantity="7"/><InventoryObject slot="27" type="emerald_block" quantity="14"/><InventoryObject slot="28" type="birch_door" quantity="40"/><InventoryObject slot="29" type="iron_ore" quantity="19"/><InventoryObject slot="30" type="iron_ore" quantity="43"/><InventoryObject slot="31" type="dropper" quantity="32"/><InventoryObject slot="32" type="snow" quantity="61"/><InventoryObject slot="33" type="soul_sand" quantity="24"/><InventoryObject slot="34" type="dark_oak_stairs" quantity="47"/><InventoryObject slot="35" type="obsidian" quantity="7"/></Inventory><PreferredSpawnBiome>plains</PreferredSpawnBiome><DoneOnDeath>true</DoneOnDeath><SpawnInVillage>true</SpawnInVillage></AgentStart><AgentHandlers><FileBasedPerformanceProducer/><PauseCommand/><VideoProducer want_depth="false"><Width>640</Width><Height>360</Height></VideoProducer><HumanLevelCommands/><CameraCommands/></AgentHandlers></AgentSection></Mission><ExperimentUID>2c403fd7-01c0-47ef-8838-df63d3a64be4</ExperimentUID><ClientRole>0</ClientRole><ClientAgentConnection><ClientIPAddress>127.0.0.1</ClientIPAddress><ClientMissionControlPort>0</ClientMissionControlPort><ClientCommandsPort>0</ClientCommandsPort><AgentIPAddress>127.0.0.1</AgentIPAddress><AgentMissionControlPort>0</AgentMissionControlPort><AgentVideoPort>0</AgentVideoPort><AgentDepthPort>0</AgentDepthPort><AgentLuminancePort>0</AgentLuminancePort><AgentObservationsPort>0</AgentObservationsPort><AgentRewardsPort>0</AgentRewardsPort><AgentColourMapPort>0</AgentColourMapPort></ClientAgentConnection></MissionInit>
[15:52:09] [EnvServerSocketHandler/INFO]: [STDOUT]: Setting width, height to 640, 360
[15:52:09] [EnvServerSocketHandler/INFO]: [STDOUT]: Gamma: 2.0
[15:52:09] [EnvServerSocketHandler/INFO]: [STDOUT]: FOV: 70.0
[15:52:09] [EnvServerSocketHandler/INFO]: [STDOUT]: GuiScale: 1.0
[15:52:09] [Render thread/INFO]: [STDOUT]: Seed not provided, generating random one: -7414084767881643841
[15:52:10] [Render thread/WARN]: Ambiguity between arguments [teleport, destination] and [teleport, targets] with inputs: [Player, 0123, @e, dd12be42-52a9-4a91-a8a1-11c01849e498]
[15:52:10] [Render thread/WARN]: Ambiguity between arguments [teleport, location] and [teleport, destination] with inputs: [0.1 -0.5 .9, 0 0 0]
[15:52:10] [Render thread/WARN]: Ambiguity between arguments [teleport, location] and [teleport, targets] with inputs: [0.1 -0.5 .9, 0 0 0]
[15:52:10] [Render thread/WARN]: Ambiguity between arguments [teleport, targets] and [teleport, destination] with inputs: [Player, 0123, dd12be42-52a9-4a91-a8a1-11c01849e498]
[15:52:10] [Render thread/WARN]: Ambiguity between arguments [teleport, targets, location] and [teleport, targets, destination] with inputs: [0.1 -0.5 .9, 0 0 0]
[15:52:10] [Render thread/INFO]: Reloading ResourceManager: Default
[15:52:11] [Render thread/INFO]: Loaded 7 recipes
[15:52:11] [Render thread/INFO]: Loaded 927 advancements
[15:52:12] [Render thread/INFO]: [STDOUT]: *** creating fake mouse cursor ***
[15:52:13] [Render thread/INFO]: Environment: authHost='https://authserver.mojang.com', accountsHost='https://api.mojang.com', sessionHost='https://sessionserver.mojang.com', servicesHost='https://api.minecraftservices.com', name='PROD'
[15:52:14] [Render thread/INFO]: Starting integrated minecraft server version 1.16.5
[15:52:14] [Render thread/INFO]: Generating keypair
[15:52:18] [Render thread/INFO]: Preparing start region for dimension minecraft:overworld
[15:52:26] [Render thread/INFO]: Changing view distance to 11, from 10
[15:52:27] [Render thread/INFO]: MineRLAgent0[local:E:c0e94c1e] logged in with entity id 161 at (-253.5, 72.0, -709.5)
[15:52:27] [Render thread/INFO]: MineRLAgent0 joined the game
[15:52:28] [Render thread/INFO]: Preparing spawn area: 0%
[15:52:28] [Render thread/INFO]: Time elapsed: 13 ms
[15:52:28] [Render thread/INFO]: [STDOUT]: Starting new video null
[15:52:28] [Render thread/INFO]: Saving and pausing game...
[15:52:28] [Render thread/INFO]: Saving chunks for level 'ServerLevel[mcpworldabfcf1c1b7d5]'/minecraft:overworld
[15:52:29] [Render thread/INFO]: Saving chunks for level 'ServerLevel[mcpworldabfcf1c1b7d5]'/minecraft:the_nether
[15:52:29] [Render thread/INFO]: Saving chunks for level 'ServerLevel[mcpworldabfcf1c1b7d5]'/minecraft:the_end
[15:52:31] [Render thread/INFO]: MineRLAgent0 has made the advancement [Ice Bucket Challenge]
[15:52:31] [Render thread/INFO]: [CHAT] MineRLAgent0 has made the advancement [Ice Bucket Challenge]
[15:52:31] [Render thread/INFO]: Loaded 74 advancements
[15:52:41] [EnvServerSocketHandler/INFO]: [STDOUT]: *** Stopping the replay, returning control to the inputs
