[14:58:36] [Thread-4/INFO]: [STDOUT]: SERVER enter state: DORMANT
[14:58:36] [EnvServerSocketHandler/INFO]: Received Mission token bb8eb084-dcc7-4b48-9577-867d3c48ee41:0:0:1:true
[14:58:36] [EnvServerSocketHandler/INFO]: Received mission init command  <MissionInit xmlns="http://ProjectMalmo.microsoft.com" xmlns:xsi="http://www.w3.org/2001/XMLSchema-instance" SchemaVersion="" PlatformVersion="0.37.0"><Mission><About><Summary>MineRLBasaltBuildVillageHouse-v0</Summary></About><ModSettings><MsPerTick>50</MsPerTick></ModSettings><ServerSection><ServerInitialConditions><Time><AllowPassageOfTime>false</AllowPassageOfTime></Time><AllowSpawning>true</AllowSpawning></ServerInitialConditions><ServerHandlers><DefaultWorldGenerator forceReset="true" generatorOptions="{}"/><ServerQuitFromTimeUp timeLimitMs="720000" description="out_of_time"/><ServerQuitWhenAnyAgentFinishes/></ServerHandlers></ServerSection><AgentSection mode="Survival"><Name>MineRLAgent0</Name><AgentStart><LowLevelInputs>true</LowLevelInputs><GuiScale>1.0</GuiScale><GammaSetting>2.0</GammaSetting><FOVSetting>70.0</FOVSetting><FakeCursorSize>16</FakeCursorSize><Inventory><InventoryObject slot="0" type="snow" quantity="57"/><InventoryObject slot="1" type="glass" quantity="40"/><InventoryObject slot="2" type="pumpkin" quantity="63"/><InventoryObject slot="3" type="jungle_door" quantity="63"/><InventoryObject slot="4" type="jukebox" quantity="44"/><InventoryObject slot="5" type="acacia_stairs" quantity="58"/><InventoryObject slot="6" type="acacia_fence_gate" quantity="6"/><InventoryObject slot="7" type="iron_bars" quantity="38"/><InventoryObject slot="8" type="iron_trapdoor" quantity="5"/><InventoryObject slot="9" type="brewing_stand" quantity="54"/><InventoryObject slot="10" type="gravel" quantity="35"/><InventoryObject slot="11" type="beacon" quantity="7"/><InventoryObject slot="12" type="red_sandstone_stairs" quantity="13"/><InventoryObject slot="13" type="anvil" quantity="62"/><InventoryObject slot="14" type="birch_door" quantity="27"/><InventoryObject slot="15" type="dark_oak_fence" quantity="26"/><InventoryObject slot="16" type="jungle_fence" quantity="59"/><InventoryObject slot="17" type="prismarine" quantity="33"/><InventoryObject slot="18" type="red_mushroom_block" quantity="1"/><InventoryObject slot="19" type="stone_pressure_plate" quantity="6"/><InventoryObject slot="20" type="sticky_piston" quantity="22"/><InventoryObject slot="21" type="end_portal_frame" quantity="62"/><InventoryObject slot="22" type="jungle_fence" quantity="28"/><InventoryObject slot="23" type="ladder" quantity="41"/><InventoryObject slot="24" type="nether_brick_stairs" quantity="37"/><InventoryObject slot="25" type="tnt" quantity="22"/><InventoryObject slot="26" type="birch_stairs" quantity="46"/><InventoryObject slot="27" type="nether_brick_fence" quantity="20"/><InventoryObject slot="28" type="bookshelf" quantity="9"/><InventoryObject slot="29" type="ice" quantity="25"/><InventoryObject slot="30" type="iron_trapdoor" quantity="5"/><InventoryObject slot="31" type="sticky_piston" quantity="48"/><InventoryObject slot="32" type="beacon" quantity="17"/><InventoryObject slot="33" type="acacia_fence_gate" quantity="52"/><InventoryObject slot="34" type="quartz_block" quantity="10"/><InventoryObject slot="35" type="iron_ore" quantity="64"/></Inventory><PreferredSpawnBiome>plains</PreferredSpawnBiome><DoneOnDeath>true</DoneOnDeath><SpawnInVillage>true</SpawnInVillage></AgentStart><AgentHandlers><FileBasedPerformanceProducer/><PauseCommand/><VideoProducer want_depth="false"><Width>640</Width><Height>360</Height></VideoProducer><HumanLevelCommands/><CameraCommands/></AgentHandlers></AgentSection></Mission><ExperimentUID>bb8eb084-dcc7-4b48-9577-867d3c48ee41</ExperimentUID><ClientRole>0</ClientRole><ClientAgentConnection><ClientIPAddress>127.0.0.1</ClientIPAddress><ClientMissionControlPort>0</ClientMissionControlPort><ClientCommandsPort>0</ClientCommandsPort><AgentIPAddress>127.0.0.1</AgentIPAddress><AgentMissionControlPort>0</AgentMissionControlPort><AgentVideoPort>0</AgentVideoPort><AgentDepthPort>0</AgentDepthPort><AgentLuminancePort>0</AgentLuminancePort><AgentObservationsPort>0</AgentObservationsPort><AgentRewardsPort>0</AgentRewardsPort><AgentColourMapPort>0</AgentColourMapPort></ClientAgentConnection></MissionInit>
[14:58:37] [EnvServerSocketHandler/INFO]: [STDOUT]: Setting width, height to 640, 360
[14:58:37] [EnvServerSocketHandler/INFO]: [STDOUT]: Gamma: 2.0
[14:58:37] [EnvServerSocketHandler/INFO]: [STDOUT]: FOV: 70.0
[14:58:37] [EnvServerSocketHandler/INFO]: [STDOUT]: GuiScale: 1.0
[14:58:37] [Render thread/INFO]: [STDOUT]: *** creating fake mouse cursor ***
[14:58:38] [Render thread/INFO]: [STDOUT]: Seed not provided, generating random one: 3418273008270753108
[14:58:39] [Render thread/WARN]: Ambiguity between arguments [teleport, destination] and [teleport, targets] with inputs: [Player, 0123, @e, dd12be42-52a9-4a91-a8a1-11c01849e498]
[14:58:39] [Render thread/WARN]: Ambiguity between arguments [teleport, location] and [teleport, destination] with inputs: [0.1 -0.5 .9, 0 0 0]
[14:58:39] [Render thread/WARN]: Ambiguity between arguments [teleport, location] and [teleport, targets] with inputs: [0.1 -0.5 .9, 0 0 0]
[14:58:39] [Render thread/WARN]: Ambiguity between arguments [teleport, targets] and [teleport, destination] with inputs: [Player, 0123, dd12be42-52a9-4a91-a8a1-11c01849e498]
[14:58:39] [Render thread/WARN]: Ambiguity between arguments [teleport, targets, location] and [teleport, targets, destination] with inputs: [0.1 -0.5 .9, 0 0 0]
[14:58:39] [Render thread/INFO]: Reloading ResourceManager: Default
[14:58:40] [Render thread/INFO]: Loaded 7 recipes
[14:58:40] [Render thread/INFO]: Loaded 927 advancements
[14:58:42] [Render thread/INFO]: Environment: authHost='https://authserver.mojang.com', accountsHost='https://api.mojang.com', sessionHost='https://sessionserver.mojang.com', servicesHost='https://api.minecraftservices.com', name='PROD'
[14:58:42] [Render thread/INFO]: Starting integrated minecraft server version 1.16.5
[14:58:42] [Render thread/INFO]: Generating keypair
[14:58:52] [Render thread/INFO]: Preparing start region for dimension minecraft:overworld
[14:58:57] [Render thread/INFO]: Changing view distance to 11, from 10
[14:58:57] [Render thread/INFO]: MineRLAgent0[local:E:097f6861] logged in with entity id 142 at (-725.5, 63.0, 364.5)
[14:58:57] [Render thread/INFO]: MineRLAgent0 joined the game
[14:58:58] [Render thread/INFO]: Preparing spawn area: 0%
[14:58:58] [Render thread/INFO]: Time elapsed: 7 ms
[14:58:59] [Render thread/INFO]: [STDOUT]: Starting new video null
[14:58:59] [Render thread/INFO]: Saving and pausing game...
[14:58:59] [Render thread/INFO]: Saving chunks for level 'ServerLevel[mcpworldabfcf1c1b7d5]'/minecraft:overworld
[14:59:00] [Render thread/INFO]: Saving chunks for level 'ServerLevel[mcpworldabfcf1c1b7d5]'/minecraft:the_nether
[14:59:00] [Render thread/INFO]: Saving chunks for level 'ServerLevel[mcpworldabfcf1c1b7d5]'/minecraft:the_end
[14:59:01] [Render thread/INFO]: Loaded 59 advancements
[14:59:10] [EnvServerSocketHandler/INFO]: [STDOUT]: *** Stopping the replay, returning control to the inputs
