[15:32:12] [Thread-4/INFO]: [STDOUT]: SERVER enter state: DORMANT
[15:32:12] [EnvServerSocketHandler/INFO]: Received Mission token e6872610-7c19-4731-9e5e-4408fe5a0524:0:0:1:true
[15:32:12] [EnvServerSocketHandler/INFO]: Received mission init command  <MissionInit xmlns="http://ProjectMalmo.microsoft.com" xmlns:xsi="http://www.w3.org/2001/XMLSchema-instance" SchemaVersion="" PlatformVersion="0.37.0"><Mission><About><Summary>MineRLBasaltBuildVillageHouse-v0</Summary></About><ModSettings><MsPerTick>50</MsPerTick></ModSettings><ServerSection><ServerInitialConditions><Time><AllowPassageOfTime>false</AllowPassageOfTime></Time><AllowSpawning>true</AllowSpawning></ServerInitialConditions><ServerHandlers><DefaultWorldGenerator forceReset="true" generatorOptions="{}"/><ServerQuitFromTimeUp timeLimitMs="720000" description="out_of_time"/><ServerQuitWhenAnyAgentFinishes/></ServerHandlers></ServerSection><AgentSection mode="Survival"><Name>MineRLAgent0</Name><AgentStart><LowLevelInputs>true</LowLevelInputs><GuiScale>1.0</GuiScale><GammaSetting>2.0</GammaSetting><FOVSetting>70.0</FOVSetting><FakeCursorSize>16</FakeCursorSize><Inventory><InventoryObject slot="0" type="stone_slab" quantity="35"/><InventoryObject slot="1" type="grass" quantity="56"/><InventoryObject slot="2" type="birch_door" quantity="28"/><InventoryObject slot="3" type="pumpkin" quantity="51"/><InventoryObject slot="4" type="hay_block" quantity="51"/><InventoryObject slot="5" type="stone" quantity="23"/><InventoryObject slot="6" type="command_block" quantity="55"/><InventoryObject slot="7" type="acacia_door" quantity="20"/><InventoryObject slot="8" type="sand" quantity="44"/><InventoryObject slot="9" type="snow" quantity="62"/><InventoryObject slot="10" type="light_weighted_pressure_plate" quantity="22"/><InventoryObject slot="11" type="gold_block" quantity="13"/><InventoryObject slot="12" type="acacia_door" quantity="48"/><InventoryObject slot="13" type="dropper" quantity="13"/><InventoryObject slot="14" type="spruce_door" quantity="31"/><InventoryObject slot="15" type="ladder" quantity="27"/><InventoryObject slot="16" type="clay" quantity="9"/><InventoryObject slot="17" type="emerald_ore" quantity="55"/><InventoryObject slot="18" type="bedrock" quantity="32"/><InventoryObject slot="19" type="torch" quantity="21"/><InventoryObject slot="20" type="vine" quantity="29"/><InventoryObject slot="21" type="dropper" quantity="50"/><InventoryObject slot="22" type="dark_oak_fence_gate" quantity="8"/><InventoryObject slot="23" type="gold_block" quantity="42"/><InventoryObject slot="24" type="sponge" quantity="31"/><InventoryObject slot="25" type="dirt" quantity="17"/><InventoryObject slot="26" type="beacon" quantity="19"/><InventoryObject slot="27" type="acacia_fence" quantity="10"/><InventoryObject slot="28" type="torch" quantity="48"/><InventoryObject slot="29" type="birch_fence_gate" quantity="63"/><InventoryObject slot="30" type="spruce_stairs" quantity="32"/><InventoryObject slot="31" type="acacia_stairs" quantity="21"/><InventoryObject slot="32" type="beacon" quantity="23"/><InventoryObject slot="33" type="quartz_block" quantity="25"/><InventoryObject slot="34" type="red_sandstone" quantity="16"/><InventoryObject slot="35" type="iron_door" quantity="15"/></Inventory><PreferredSpawnBiome>plains</PreferredSpawnBiome><DoneOnDeath>true</DoneOnDeath><SpawnInVillage>true</SpawnInVillage></AgentStart><AgentHandlers><FileBasedPerformanceProducer/><PauseCommand/><VideoProducer want_depth="false"><Width>640</Width><Height>360</Height></VideoProducer><HumanLevelCommands/><CameraCommands/></AgentHandlers></AgentSection></Mission><ExperimentUID>e6872610-7c19-4731-9e5e-4408fe5a0524</ExperimentUID><ClientRole>0</ClientRole><ClientAgentConnection><ClientIPAddress>127.0.0.1</ClientIPAddress><ClientMissionControlPort>0</ClientMissionControlPort><ClientCommandsPort>0</ClientCommandsPort><AgentIPAddress>127.0.0.1</AgentIPAddress><AgentMissionControlPort>0</AgentMissionControlPort><AgentVideoPort>0</AgentVideoPort><AgentDepthPort>0</AgentDepthPort><AgentLuminancePort>0</AgentLuminancePort><AgentObservationsPort>0</AgentObservationsPort><AgentRewardsPort>0</AgentRewardsPort><AgentColourMapPort>0</AgentColourMapPort></ClientAgentConnection></MissionInit>
[15:32:13] [EnvServerSocketHandler/INFO]: [STDOUT]: Setting width, height to 640, 360
[15:32:13] [EnvServerSocketHandler/INFO]: [STDOUT]: Gamma: 2.0
[15:32:13] [EnvServerSocketHandler/INFO]: [STDOUT]: FOV: 70.0
[15:32:13] [EnvServerSocketHandler/INFO]: [STDOUT]: GuiScale: 1.0
[15:32:14] [Render thread/INFO]: [STDOUT]: Seed not provided, generating random one: -3010911649734542195
[15:32:15] [Render thread/WARN]: Ambiguity between arguments [teleport, destination] and [teleport, targets] with inputs: [Player, 0123, @e, dd12be42-52a9-4a91-a8a1-11c01849e498]
[15:32:15] [Render thread/WARN]: Ambiguity between arguments [teleport, location] and [teleport, destination] with inputs: [0.1 -0.5 .9, 0 0 0]
[15:32:15] [Render thread/WARN]: Ambiguity between arguments [teleport, location] and [teleport, targets] with inputs: [0.1 -0.5 .9, 0 0 0]
[15:32:15] [Render thread/WARN]: Ambiguity between arguments [teleport, targets] and [teleport, destination] with inputs: [Player, 0123, dd12be42-52a9-4a91-a8a1-11c01849e498]
[15:32:15] [Render thread/WARN]: Ambiguity between arguments [teleport, targets, location] and [teleport, targets, destination] with inputs: [0.1 -0.5 .9, 0 0 0]
[15:32:15] [Render thread/INFO]: Reloading ResourceManager: Default
[15:32:16] [Render thread/INFO]: Loaded 7 recipes
[15:32:16] [Render thread/INFO]: Loaded 927 advancements
[15:32:16] [Render thread/INFO]: [STDOUT]: *** creating fake mouse cursor ***
[15:32:18] [Render thread/INFO]: Environment: authHost='https://authserver.mojang.com', accountsHost='https://api.mojang.com', sessionHost='https://sessionserver.mojang.com', servicesHost='https://api.minecraftservices.com', name='PROD'
[15:32:18] [Render thread/INFO]: Starting integrated minecraft server version 1.16.5
[15:32:18] [Render thread/INFO]: Generating keypair
[15:32:31] [Render thread/INFO]: Preparing start region for dimension minecraft:overworld
[15:32:59] [Render thread/INFO]: Changing view distance to 11, from 10
[15:32:59] [Render thread/INFO]: MineRLAgent0[local:E:cf2c51b6] logged in with entity id 224 at (-2209.5, 70.0, -2260.5)
[15:33:00] [Render thread/INFO]: MineRLAgent0 joined the game
[15:33:00] [Render thread/INFO]: Preparing spawn area: 0%
[15:33:00] [Render thread/INFO]: Time elapsed: 10 ms
[15:33:01] [Render thread/INFO]: [STDOUT]: Starting new video null
[15:33:01] [Render thread/INFO]: Saving and pausing game...
[15:33:01] [Render thread/INFO]: Saving chunks for level 'ServerLevel[mcpworldabfcf1c1b7d5]'/minecraft:overworld
[15:33:03] [Render thread/INFO]: Saving chunks for level 'ServerLevel[mcpworldabfcf1c1b7d5]'/minecraft:the_nether
[15:33:03] [Render thread/INFO]: Saving chunks for level 'ServerLevel[mcpworldabfcf1c1b7d5]'/minecraft:the_end
[15:33:04] [Render thread/INFO]: Loaded 68 advancements
[15:33:13] [EnvServerSocketHandler/INFO]: [STDOUT]: *** Stopping the replay, returning control to the inputs
