[15:09:33] [Thread-4/INFO]: [STDOUT]: SERVER enter state: DORMANT
[15:09:33] [EnvServerSocketHandler/INFO]: Received Mission token 635e77f5-40cf-45f5-acd7-dd5821bf3734:0:0:1:true
[15:09:33] [EnvServerSocketHandler/INFO]: Received mission init command  <MissionInit xmlns="http://ProjectMalmo.microsoft.com" xmlns:xsi="http://www.w3.org/2001/XMLSchema-instance" SchemaVersion="" PlatformVersion="0.37.0"><Mission><About><Summary>MineRLBasaltBuildVillageHouse-v0</Summary></About><ModSettings><MsPerTick>50</MsPerTick></ModSettings><ServerSection><ServerInitialConditions><Time><AllowPassageOfTime>false</AllowPassageOfTime></Time><AllowSpawning>true</AllowSpawning></ServerInitialConditions><ServerHandlers><DefaultWorldGenerator forceReset="true" generatorOptions="{}"/><ServerQuitFromTimeUp timeLimitMs="720000" description="out_of_time"/><ServerQuitWhenAnyAgentFinishes/></ServerHandlers></ServerSection><AgentSection mode="Survival"><Name>MineRLAgent0</Name><AgentStart><LowLevelInputs>true</LowLevelInputs><GuiScale>1.0</GuiScale><GammaSetting>2.0</GammaSetting><FOVSetting>70.0</FOVSetting><FakeCursorSize>16</FakeCursorSize><Inventory><InventoryObject slot="0" type="gold_ore" quantity="2"/><InventoryObject slot="1" type="dark_oak_fence" quantity="55"/><InventoryObject slot="2" type="birch_fence" quantity="7"/><InventoryObject slot="3" type="nether_brick_fence" quantity="60"/><InventoryObject slot="4" type="sandstone_stairs" quantity="18"/><InventoryObject slot="5" type="cactus" quantity="57"/><InventoryObject slot="6" type="nether_wart" quantity="17"/><InventoryObject slot="7" type="gold_ore" quantity="14"/><InventoryObject slot="8" type="iron_bars" quantity="2"/><InventoryObject slot="9" type="gravel" quantity="54"/><InventoryObject slot="10" type="end_stone" quantity="30"/><InventoryObject slot="11" type="flower_pot" quantity="39"/><InventoryObject slot="12" type="nether_brick_stairs" quantity="2"/><InventoryObject slot="13" type="soul_sand" quantity="1"/><InventoryObject slot="14" type="trapped_chest" quantity="25"/><InventoryObject slot="15" type="spruce_fence_gate" quantity="15"/><InventoryObject slot="16" type="birch_fence_gate" quantity="44"/><InventoryObject slot="17" type="diamond_ore" quantity="63"/><InventoryObject slot="18" type="furnace" quantity="34"/><InventoryObject slot="19" type="trapped_chest" quantity="23"/><InventoryObject slot="20" type="daylight_detector" quantity="11"/><InventoryObject slot="21" type="redstone_lamp" quantity="63"/><InventoryObject slot="22" type="stone_button" quantity="1"/><InventoryObject slot="23" type="quartz_stairs" quantity="54"/><InventoryObject slot="24" type="beacon" quantity="47"/><InventoryObject slot="25" type="sponge" quantity="37"/><InventoryObject slot="26" type="gold_ore" quantity="44"/><InventoryObject slot="27" type="jungle_fence" quantity="29"/><InventoryObject slot="28" type="gravel" quantity="38"/><InventoryObject slot="29" type="hopper" quantity="4"/><InventoryObject slot="30" type="cactus" quantity="49"/><InventoryObject slot="31" type="birch_fence" quantity="11"/><InventoryObject slot="32" type="iron_trapdoor" quantity="48"/><InventoryObject slot="33" type="glowstone" quantity="13"/><InventoryObject slot="34" type="flower_pot" quantity="13"/><InventoryObject slot="35" type="acacia_door" quantity="27"/></Inventory><PreferredSpawnBiome>plains</PreferredSpawnBiome><DoneOnDeath>true</DoneOnDeath><SpawnInVillage>true</SpawnInVillage></AgentStart><AgentHandlers><FileBasedPerformanceProducer/><PauseCommand/><VideoProducer want_depth="false"><Width>640</Width><Height>360</Height></VideoProducer><HumanLevelCommands/><CameraCommands/></AgentHandlers></AgentSection></Mission><ExperimentUID>635e77f5-40cf-45f5-acd7-dd5821bf3734</ExperimentUID><ClientRole>0</ClientRole><ClientAgentConnection><ClientIPAddress>127.0.0.1</ClientIPAddress><ClientMissionControlPort>0</ClientMissionControlPort><ClientCommandsPort>0</ClientCommandsPort><AgentIPAddress>127.0.0.1</AgentIPAddress><AgentMissionControlPort>0</AgentMissionControlPort><AgentVideoPort>0</AgentVideoPort><AgentDepthPort>0</AgentDepthPort><AgentLuminancePort>0</AgentLuminancePort><AgentObservationsPort>0</AgentObservationsPort><AgentRewardsPort>0</AgentRewardsPort><AgentColourMapPort>0</AgentColourMapPort></ClientAgentConnection></MissionInit>
[15:09:34] [EnvServerSocketHandler/INFO]: [STDOUT]: Setting width, height to 640, 360
[15:09:34] [EnvServerSocketHandler/INFO]: [STDOUT]: Gamma: 2.0
[15:09:34] [EnvServerSocketHandler/INFO]: [STDOUT]: FOV: 70.0
[15:09:34] [EnvServerSocketHandler/INFO]: [STDOUT]: GuiScale: 1.0
[15:09:34] [Render thread/INFO]: [STDOUT]: *** creating fake mouse cursor ***
[15:09:35] [Render thread/INFO]: [STDOUT]: Seed not provided, generating random one: -1233285501322226036
[15:09:36] [Render thread/WARN]: Ambiguity between arguments [teleport, destination] and [teleport, targets] with inputs: [Player, 0123, @e, dd12be42-52a9-4a91-a8a1-11c01849e498]
[15:09:36] [Render thread/WARN]: Ambiguity between arguments [teleport, location] and [teleport, destination] with inputs: [0.1 -0.5 .9, 0 0 0]
[15:09:36] [Render thread/WARN]: Ambiguity between arguments [teleport, location] and [teleport, targets] with inputs: [0.1 -0.5 .9, 0 0 0]
[15:09:36] [Render thread/WARN]: Ambiguity between arguments [teleport, targets] and [teleport, destination] with inputs: [Player, 0123, dd12be42-52a9-4a91-a8a1-11c01849e498]
[15:09:36] [Render thread/WARN]: Ambiguity between arguments [teleport, targets, location] and [teleport, targets, destination] with inputs: [0.1 -0.5 .9, 0 0 0]
[15:09:36] [Render thread/INFO]: Reloading ResourceManager: Default
[15:09:37] [Render thread/INFO]: Loaded 7 recipes
[15:09:37] [Render thread/INFO]: Loaded 927 advancements
[15:09:39] [Render thread/INFO]: Environment: authHost='https://authserver.mojang.com', accountsHost='https://api.mojang.com', sessionHost='https://sessionserver.mojang.com', servicesHost='https://api.minecraftservices.com', name='PROD'
[15:09:39] [Render thread/INFO]: Starting integrated minecraft server version 1.16.5
[15:09:39] [Render thread/INFO]: Generating keypair
[15:09:52] [Render thread/INFO]: Preparing start region for dimension minecraft:overworld
[15:10:13] [Render thread/INFO]: Changing view distance to 11, from 10
[15:10:13] [Render thread/INFO]: MineRLAgent0[local:E:7a8ab8b9] logged in with entity id 125 at (-2329.5, 70.0, 286.5)
[15:10:13] [Render thread/INFO]: MineRLAgent0 joined the game
[15:10:14] [Render thread/INFO]: Preparing spawn area: 0%
[15:10:14] [Render thread/INFO]: Time elapsed: 6 ms
[15:10:14] [Render thread/INFO]: [STDOUT]: Starting new video null
[15:10:14] [Render thread/INFO]: Saving and pausing game...
[15:10:14] [Render thread/INFO]: Saving chunks for level 'ServerLevel[mcpworldabfcf1c1b7d5]'/minecraft:overworld
[15:10:16] [Render thread/INFO]: Saving chunks for level 'ServerLevel[mcpworldabfcf1c1b7d5]'/minecraft:the_nether
[15:10:16] [Render thread/INFO]: Saving chunks for level 'ServerLevel[mcpworldabfcf1c1b7d5]'/minecraft:the_end
[15:10:17] [Render thread/INFO]: Loaded 35 advancements
[15:10:26] [EnvServerSocketHandler/INFO]: [STDOUT]: *** Stopping the replay, returning control to the inputs
