[16:15:26] [Thread-4/INFO]: [STDOUT]: SERVER enter state: DORMANT
[16:15:26] [EnvServerSocketHandler/INFO]: Received Mission token effe6693-eb55-4074-b9ea-5f603dd3f8f1:0:0:1:true
[16:15:26] [EnvServerSocketHandler/INFO]: Received mission init command  <MissionInit xmlns="http://ProjectMalmo.microsoft.com" xmlns:xsi="http://www.w3.org/2001/XMLSchema-instance" SchemaVersion="" PlatformVersion="0.37.0"><Mission><About><Summary>MineRLBasaltBuildVillageHouse-v0</Summary></About><ModSettings><MsPerTick>50</MsPerTick></ModSettings><ServerSection><ServerInitialConditions><Time><AllowPassageOfTime>false</AllowPassageOfTime></Time><AllowSpawning>true</AllowSpawning></ServerInitialConditions><ServerHandlers><DefaultWorldGenerator forceReset="true" generatorOptions="{}"/><ServerQuitFromTimeUp timeLimitMs="720000" description="out_of_time"/><ServerQuitWhenAnyAgentFinishes/></ServerHandlers></ServerSection><AgentSection mode="Survival"><Name>MineRLAgent0</Name><AgentStart><LowLevelInputs>true</LowLevelInputs><GuiScale>1.0</GuiScale><GammaSetting>2.0</GammaSetting><FOVSetting>70.0</FOVSetting><FakeCursorSize>16</FakeCursorSize><Inventory><InventoryObject slot="0" type="hopper" quantity="40"/><InventoryObject slot="1" type="sponge" quantity="26"/><InventoryObject slot="2" type="acacia_stairs" quantity="43"/><InventoryObject slot="3" type="crafting_table" quantity="14"/><InventoryObject slot="4" type="iron_block" quantity="21"/><InventoryObject slot="5" type="enchanting_table" quantity="22"/><InventoryObject slot="6" type="detector_rail" quantity="2"/><InventoryObject slot="7" type="emerald_block" quantity="7"/><InventoryObject slot="8" type="jukebox" quantity="58"/><InventoryObject slot="9" type="anvil" quantity="1"/><InventoryObject slot="10" type="glowstone" quantity="38"/><InventoryObject slot="11" type="sticky_piston" quantity="51"/><InventoryObject slot="12" type="lapis_block" quantity="30"/><InventoryObject slot="13" type="redstone_lamp" quantity="40"/><InventoryObject slot="14" type="ladder" quantity="28"/><InventoryObject slot="15" type="stone_brick_stairs" quantity="52"/><InventoryObject slot="16" type="spruce_fence_gate" quantity="4"/><InventoryObject slot="17" type="mossy_cobblestone" quantity="49"/><InventoryObject slot="18" type="iron_ore" quantity="50"/><InventoryObject slot="19" type="red_sandstone_stairs" quantity="64"/><InventoryObject slot="20" type="cactus" quantity="31"/><InventoryObject slot="21" type="stone_stairs" quantity="29"/><InventoryObject slot="22" type="diamond_ore" quantity="36"/><InventoryObject slot="23" type="stone" quantity="22"/><InventoryObject slot="24" type="sticky_piston" quantity="46"/><InventoryObject slot="25" type="farmland" quantity="41"/><InventoryObject slot="26" type="brick_stairs" quantity="16"/><InventoryObject slot="27" type="command_block" quantity="36"/><InventoryObject slot="28" type="red_sandstone_stairs" quantity="31"/><InventoryObject slot="29" type="birch_door" quantity="43"/><InventoryObject slot="30" type="clay" quantity="59"/><InventoryObject slot="31" type="birch_fence" quantity="62"/><InventoryObject slot="32" type="brick_stairs" quantity="17"/><InventoryObject slot="33" type="heavy_weighted_pressure_plate" quantity="52"/><InventoryObject slot="34" type="acacia_door" quantity="34"/><InventoryObject slot="35" type="end_portal_frame" quantity="3"/></Inventory><PreferredSpawnBiome>plains</PreferredSpawnBiome><DoneOnDeath>true</DoneOnDeath><SpawnInVillage>true</SpawnInVillage></AgentStart><AgentHandlers><FileBasedPerformanceProducer/><PauseCommand/><VideoProducer want_depth="false"><Width>640</Width><Height>360</Height></VideoProducer><HumanLevelCommands/><CameraCommands/></AgentHandlers></AgentSection></Mission><ExperimentUID>effe6693-eb55-4074-b9ea-5f603dd3f8f1</ExperimentUID><ClientRole>0</ClientRole><ClientAgentConnection><ClientIPAddress>127.0.0.1</ClientIPAddress><ClientMissionControlPort>0</ClientMissionControlPort><ClientCommandsPort>0</ClientCommandsPort><AgentIPAddress>127.0.0.1</AgentIPAddress><AgentMissionControlPort>0</AgentMissionControlPort><AgentVideoPort>0</AgentVideoPort><AgentDepthPort>0</AgentDepthPort><AgentLuminancePort>0</AgentLuminancePort><AgentObservationsPort>0</AgentObservationsPort><AgentRewardsPort>0</AgentRewardsPort><AgentColourMapPort>0</AgentColourMapPort></ClientAgentConnection></MissionInit>
[16:15:27] [EnvServerSocketHandler/INFO]: [STDOUT]: Setting width, height to 640, 360
[16:15:27] [EnvServerSocketHandler/INFO]: [STDOUT]: Gamma: 2.0
[16:15:27] [EnvServerSocketHandler/INFO]: [STDOUT]: FOV: 70.0
[16:15:27] [EnvServerSocketHandler/INFO]: [STDOUT]: GuiScale: 1.0
[16:15:28] [Render thread/INFO]: [STDOUT]: *** creating fake mouse cursor ***
[16:15:28] [Render thread/INFO]: [STDOUT]: Seed not provided, generating random one: 8656321862355156178
[16:15:29] [Render thread/WARN]: Ambiguity between arguments [teleport, destination] and [teleport, targets] with inputs: [Player, 0123, @e, dd12be42-52a9-4a91-a8a1-11c01849e498]
[16:15:29] [Render thread/WARN]: Ambiguity between arguments [teleport, location] and [teleport, destination] with inputs: [0.1 -0.5 .9, 0 0 0]
[16:15:29] [Render thread/WARN]: Ambiguity between arguments [teleport, location] and [teleport, targets] with inputs: [0.1 -0.5 .9, 0 0 0]
[16:15:29] [Render thread/WARN]: Ambiguity between arguments [teleport, targets] and [teleport, destination] with inputs: [Player, 0123, dd12be42-52a9-4a91-a8a1-11c01849e498]
[16:15:29] [Render thread/WARN]: Ambiguity between arguments [teleport, targets, location] and [teleport, targets, destination] with inputs: [0.1 -0.5 .9, 0 0 0]
[16:15:29] [Render thread/INFO]: Reloading ResourceManager: Default
[16:15:30] [Render thread/INFO]: Loaded 7 recipes
[16:15:30] [Render thread/INFO]: Loaded 927 advancements
[16:15:32] [Render thread/INFO]: Environment: authHost='https://authserver.mojang.com', accountsHost='https://api.mojang.com', sessionHost='https://sessionserver.mojang.com', servicesHost='https://api.minecraftservices.com', name='PROD'
[16:15:32] [Render thread/INFO]: Starting integrated minecraft server version 1.16.5
[16:15:32] [Render thread/INFO]: Generating keypair
[16:15:44] [Render thread/INFO]: Preparing start region for dimension minecraft:overworld
[16:16:09] [Render thread/INFO]: Changing view distance to 11, from 10
[16:16:10] [Render thread/INFO]: MineRLAgent0[local:E:692e4175] logged in with entity id 158 at (1894.5, 64.0, -423.5)
[16:16:10] [Render thread/INFO]: MineRLAgent0 joined the game
[16:16:10] [Render thread/INFO]: Preparing spawn area: 0%
[16:16:10] [Render thread/INFO]: Time elapsed: 15 ms
[16:16:11] [Render thread/INFO]: [STDOUT]: Starting new video null
[16:16:11] [Render thread/INFO]: Saving and pausing game...
[16:16:11] [Render thread/INFO]: Saving chunks for level 'ServerLevel[mcpworldb7d5fd82f9c8]'/minecraft:overworld
[16:16:12] [Render thread/INFO]: Saving chunks for level 'ServerLevel[mcpworldb7d5fd82f9c8]'/minecraft:the_nether
[16:16:12] [Render thread/INFO]: Saving chunks for level 'ServerLevel[mcpworldb7d5fd82f9c8]'/minecraft:the_end
[16:16:13] [Render thread/INFO]: Loaded 37 advancements
[16:16:21] [EnvServerSocketHandler/INFO]: [STDOUT]: *** Stopping the replay, returning control to the inputs
