[15:06:44] [Thread-4/INFO]: [STDOUT]: SERVER enter state: DORMANT
[15:06:44] [EnvServerSocketHandler/INFO]: Received Mission token 8caee242-a721-462a-b9cb-922fcddf016b:0:0:1:true
[15:06:44] [EnvServerSocketHandler/INFO]: Received mission init command  <MissionInit xmlns="http://ProjectMalmo.microsoft.com" xmlns:xsi="http://www.w3.org/2001/XMLSchema-instance" SchemaVersion="" PlatformVersion="0.37.0"><Mission><About><Summary>MineRLBasaltBuildVillageHouse-v0</Summary></About><ModSettings><MsPerTick>50</MsPerTick></ModSettings><ServerSection><ServerInitialConditions><Time><AllowPassageOfTime>false</AllowPassageOfTime></Time><AllowSpawning>true</AllowSpawning></ServerInitialConditions><ServerHandlers><DefaultWorldGenerator forceReset="true" generatorOptions="{}"/><ServerQuitFromTimeUp timeLimitMs="720000" description="out_of_time"/><ServerQuitWhenAnyAgentFinishes/></ServerHandlers></ServerSection><AgentSection mode="Survival"><Name>MineRLAgent0</Name><AgentStart><LowLevelInputs>true</LowLevelInputs><GuiScale>1.0</GuiScale><GammaSetting>2.0</GammaSetting><FOVSetting>70.0</FOVSetting><FakeCursorSize>16</FakeCursorSize><Inventory><InventoryObject slot="0" type="red_mushroom_block" quantity="33"/><InventoryObject slot="1" type="light_weighted_pressure_plate" quantity="53"/><InventoryObject slot="2" type="red_mushroom_block" quantity="13"/><InventoryObject slot="3" type="gold_ore" quantity="37"/><InventoryObject slot="4" type="iron_bars" quantity="4"/><InventoryObject slot="5" type="daylight_detector" quantity="32"/><InventoryObject slot="6" type="furnace" quantity="53"/><InventoryObject slot="7" type="stone_button" quantity="8"/><InventoryObject slot="8" type="chest" quantity="38"/><InventoryObject slot="9" type="acacia_fence" quantity="41"/><InventoryObject slot="10" type="dirt" quantity="27"/><InventoryObject slot="11" type="redstone_ore" quantity="61"/><InventoryObject slot="12" type="cobblestone_wall" quantity="1"/><InventoryObject slot="13" type="gold_ore" quantity="14"/><InventoryObject slot="14" type="empty" quantity="1"/><InventoryObject slot="15" type="stone_brick_stairs" quantity="45"/><InventoryObject slot="16" type="stone_brick_stairs" quantity="2"/><InventoryObject slot="17" type="redstone_block" quantity="43"/><InventoryObject slot="18" type="jungle_fence_gate" quantity="11"/><InventoryObject slot="19" type="mycelium" quantity="13"/><InventoryObject slot="20" type="acacia_fence_gate" quantity="9"/><InventoryObject slot="21" type="flower_pot" quantity="12"/><InventoryObject slot="22" type="diamond_ore" quantity="44"/><InventoryObject slot="23" type="birch_fence_gate" quantity="2"/><InventoryObject slot="24" type="sea_lantern" quantity="55"/><InventoryObject slot="25" type="snow" quantity="29"/><InventoryObject slot="26" type="sticky_piston" quantity="8"/><InventoryObject slot="27" type="sandstone_stairs" quantity="55"/><InventoryObject slot="28" type="diamond_ore" quantity="5"/><InventoryObject slot="29" type="coal_ore" quantity="35"/><InventoryObject slot="30" type="snow" quantity="23"/><InventoryObject slot="31" type="torch" quantity="11"/><InventoryObject slot="32" type="crafting_table" quantity="20"/><InventoryObject slot="33" type="gold_block" quantity="47"/><InventoryObject slot="34" type="piston" quantity="4"/><InventoryObject slot="35" type="red_sandstone_stairs" quantity="7"/></Inventory><PreferredSpawnBiome>plains</PreferredSpawnBiome><DoneOnDeath>true</DoneOnDeath><SpawnInVillage>true</SpawnInVillage></AgentStart><AgentHandlers><FileBasedPerformanceProducer/><PauseCommand/><VideoProducer want_depth="false"><Width>640</Width><Height>360</Height></VideoProducer><HumanLevelCommands/><CameraCommands/></AgentHandlers></AgentSection></Mission><ExperimentUID>8caee242-a721-462a-b9cb-922fcddf016b</ExperimentUID><ClientRole>0</ClientRole><ClientAgentConnection><ClientIPAddress>127.0.0.1</ClientIPAddress><ClientMissionControlPort>0</ClientMissionControlPort><ClientCommandsPort>0</ClientCommandsPort><AgentIPAddress>127.0.0.1</AgentIPAddress><AgentMissionControlPort>0</AgentMissionControlPort><AgentVideoPort>0</AgentVideoPort><AgentDepthPort>0</AgentDepthPort><AgentLuminancePort>0</AgentLuminancePort><AgentObservationsPort>0</AgentObservationsPort><AgentRewardsPort>0</AgentRewardsPort><AgentColourMapPort>0</AgentColourMapPort></ClientAgentConnection></MissionInit>
[15:06:45] [EnvServerSocketHandler/INFO]: [STDOUT]: Setting width, height to 640, 360
[15:06:45] [EnvServerSocketHandler/INFO]: [STDOUT]: Gamma: 2.0
[15:06:45] [EnvServerSocketHandler/INFO]: [STDOUT]: FOV: 70.0
[15:06:45] [EnvServerSocketHandler/INFO]: [STDOUT]: GuiScale: 1.0
[15:06:45] [Render thread/INFO]: [STDOUT]: Seed not provided, generating random one: 3583077398379167665
[15:06:47] [Render thread/WARN]: Ambiguity between arguments [teleport, destination] and [teleport, targets] with inputs: [Player, 0123, @e, dd12be42-52a9-4a91-a8a1-11c01849e498]
[15:06:47] [Render thread/WARN]: Ambiguity between arguments [teleport, location] and [teleport, destination] with inputs: [0.1 -0.5 .9, 0 0 0]
[15:06:47] [Render thread/WARN]: Ambiguity between arguments [teleport, location] and [teleport, targets] with inputs: [0.1 -0.5 .9, 0 0 0]
[15:06:47] [Render thread/WARN]: Ambiguity between arguments [teleport, targets] and [teleport, destination] with inputs: [Player, 0123, dd12be42-52a9-4a91-a8a1-11c01849e498]
[15:06:47] [Render thread/WARN]: Ambiguity between arguments [teleport, targets, location] and [teleport, targets, destination] with inputs: [0.1 -0.5 .9, 0 0 0]
[15:06:47] [Render thread/INFO]: Reloading ResourceManager: Default
[15:06:47] [Render thread/INFO]: Loaded 7 recipes
[15:06:48] [Render thread/INFO]: Loaded 927 advancements
[15:06:48] [Render thread/INFO]: [STDOUT]: *** creating fake mouse cursor ***
[15:06:50] [Render thread/INFO]: Environment: authHost='https://authserver.mojang.com', accountsHost='https://api.mojang.com', sessionHost='https://sessionserver.mojang.com', servicesHost='https://api.minecraftservices.com', name='PROD'
[15:06:50] [Render thread/INFO]: Starting integrated minecraft server version 1.16.5
[15:06:50] [Render thread/INFO]: Generating keypair
[15:07:07] [Render thread/INFO]: Preparing start region for dimension minecraft:overworld
[15:07:33] [Render thread/INFO]: Changing view distance to 11, from 10
[15:07:34] [Render thread/INFO]: MineRLAgent0[local:E:0dff3ce3] logged in with entity id 142 at (1574.5, 91.0, -1714.5)
[15:07:34] [Render thread/INFO]: MineRLAgent0 joined the game
[15:07:34] [Render thread/INFO]: Preparing spawn area: 0%
[15:07:34] [Render thread/INFO]: Time elapsed: 18 ms
[15:07:35] [Render thread/INFO]: [STDOUT]: Starting new video null
[15:07:35] [Render thread/INFO]: Saving and pausing game...
[15:07:35] [Render thread/INFO]: Saving chunks for level 'ServerLevel[mcpworldabfcf1c1b7d5]'/minecraft:overworld
[15:07:37] [Render thread/INFO]: Saving chunks for level 'ServerLevel[mcpworldabfcf1c1b7d5]'/minecraft:the_nether
[15:07:37] [Render thread/INFO]: Saving chunks for level 'ServerLevel[mcpworldabfcf1c1b7d5]'/minecraft:the_end
[15:07:38] [Render thread/INFO]: Loaded 16 advancements
[15:07:47] [EnvServerSocketHandler/INFO]: [STDOUT]: *** Stopping the replay, returning control to the inputs
