[16:24:51] [Thread-4/INFO]: [STDOUT]: SERVER enter state: DORMANT
[16:24:51] [EnvServerSocketHandler/INFO]: Received Mission token 9589e061-aa75-4df3-af51-c749e2728cfc:0:0:1:true
[16:24:51] [EnvServerSocketHandler/INFO]: Received mission init command  <MissionInit xmlns="http://ProjectMalmo.microsoft.com" xmlns:xsi="http://www.w3.org/2001/XMLSchema-instance" SchemaVersion="" PlatformVersion="0.37.0"><Mission><About><Summary>MineRLBasaltBuildVillageHouse-v0</Summary></About><ModSettings><MsPerTick>50</MsPerTick></ModSettings><ServerSection><ServerInitialConditions><Time><AllowPassageOfTime>false</AllowPassageOfTime></Time><AllowSpawning>true</AllowSpawning></ServerInitialConditions><ServerHandlers><DefaultWorldGenerator forceReset="true" generatorOptions="{}"/><ServerQuitFromTimeUp timeLimitMs="720000" description="out_of_time"/><ServerQuitWhenAnyAgentFinishes/></ServerHandlers></ServerSection><AgentSection mode="Survival"><Name>MineRLAgent0</Name><AgentStart><LowLevelInputs>true</LowLevelInputs><GuiScale>1.0</GuiScale><GammaSetting>2.0</GammaSetting><FOVSetting>70.0</FOVSetting><FakeCursorSize>16</FakeCursorSize><Inventory><InventoryObject slot="0" type="sticky_piston" quantity="33"/><InventoryObject slot="1" type="activator_rail" quantity="9"/><InventoryObject slot="2" type="iron_ore" quantity="21"/><InventoryObject slot="3" type="end_portal_frame" quantity="10"/><InventoryObject slot="4" type="sand" quantity="2"/><InventoryObject slot="5" type="soul_sand" quantity="39"/><InventoryObject slot="6" type="hay_block" quantity="44"/><InventoryObject slot="7" type="iron_door" quantity="16"/><InventoryObject slot="8" type="iron_bars" quantity="31"/><InventoryObject slot="9" type="torch" quantity="48"/><InventoryObject slot="10" type="hay_block" quantity="57"/><InventoryObject slot="11" type="spruce_door" quantity="58"/><InventoryObject slot="12" type="nether_wart" quantity="15"/><InventoryObject slot="13" type="obsidian" quantity="3"/><InventoryObject slot="14" type="jukebox" quantity="24"/><InventoryObject slot="15" type="cobblestone" quantity="2"/><InventoryObject slot="16" type="brick_stairs" quantity="60"/><InventoryObject slot="17" type="birch_fence_gate" quantity="46"/><InventoryObject slot="18" type="dirt" quantity="62"/><InventoryObject slot="19" type="birch_stairs" quantity="58"/><InventoryObject slot="20" type="coal_block" quantity="64"/><InventoryObject slot="21" type="spruce_fence_gate" quantity="20"/><InventoryObject slot="22" type="acacia_stairs" quantity="15"/><InventoryObject slot="23" type="daylight_detector" quantity="48"/><InventoryObject slot="24" type="vine" quantity="19"/><InventoryObject slot="25" type="torch" quantity="56"/><InventoryObject slot="26" type="coal_ore" quantity="6"/><InventoryObject slot="27" type="jukebox" quantity="17"/><InventoryObject slot="28" type="brown_mushroom" quantity="57"/><InventoryObject slot="29" type="brown_mushroom_block" quantity="24"/><InventoryObject slot="30" type="jukebox" quantity="30"/><InventoryObject slot="31" type="birch_fence" quantity="26"/><InventoryObject slot="32" type="ladder" quantity="19"/><InventoryObject slot="33" type="redstone_torch" quantity="42"/><InventoryObject slot="34" type="oak_stairs" quantity="48"/><InventoryObject slot="35" type="birch_fence" quantity="3"/></Inventory><PreferredSpawnBiome>plains</PreferredSpawnBiome><DoneOnDeath>true</DoneOnDeath><SpawnInVillage>true</SpawnInVillage></AgentStart><AgentHandlers><FileBasedPerformanceProducer/><PauseCommand/><VideoProducer want_depth="false"><Width>640</Width><Height>360</Height></VideoProducer><HumanLevelCommands/><CameraCommands/></AgentHandlers></AgentSection></Mission><ExperimentUID>9589e061-aa75-4df3-af51-c749e2728cfc</ExperimentUID><ClientRole>0</ClientRole><ClientAgentConnection><ClientIPAddress>127.0.0.1</ClientIPAddress><ClientMissionControlPort>0</ClientMissionControlPort><ClientCommandsPort>0</ClientCommandsPort><AgentIPAddress>127.0.0.1</AgentIPAddress><AgentMissionControlPort>0</AgentMissionControlPort><AgentVideoPort>0</AgentVideoPort><AgentDepthPort>0</AgentDepthPort><AgentLuminancePort>0</AgentLuminancePort><AgentObservationsPort>0</AgentObservationsPort><AgentRewardsPort>0</AgentRewardsPort><AgentColourMapPort>0</AgentColourMapPort></ClientAgentConnection></MissionInit>
[16:24:53] [EnvServerSocketHandler/INFO]: [STDOUT]: Setting width, height to 640, 360
[16:24:53] [EnvServerSocketHandler/INFO]: [STDOUT]: Gamma: 2.0
[16:24:53] [EnvServerSocketHandler/INFO]: [STDOUT]: FOV: 70.0
[16:24:53] [EnvServerSocketHandler/INFO]: [STDOUT]: GuiScale: 1.0
[16:24:53] [Render thread/INFO]: [STDOUT]: *** creating fake mouse cursor ***
[16:24:53] [Render thread/INFO]: [STDOUT]: Seed not provided, generating random one: -7074328557125641413
[16:24:54] [Render thread/WARN]: Ambiguity between arguments [teleport, destination] and [teleport, targets] with inputs: [Player, 0123, @e, dd12be42-52a9-4a91-a8a1-11c01849e498]
[16:24:54] [Render thread/WARN]: Ambiguity between arguments [teleport, location] and [teleport, destination] with inputs: [0.1 -0.5 .9, 0 0 0]
[16:24:54] [Render thread/WARN]: Ambiguity between arguments [teleport, location] and [teleport, targets] with inputs: [0.1 -0.5 .9, 0 0 0]
[16:24:54] [Render thread/WARN]: Ambiguity between arguments [teleport, targets] and [teleport, destination] with inputs: [Player, 0123, dd12be42-52a9-4a91-a8a1-11c01849e498]
[16:24:54] [Render thread/WARN]: Ambiguity between arguments [teleport, targets, location] and [teleport, targets, destination] with inputs: [0.1 -0.5 .9, 0 0 0]
[16:24:54] [Render thread/INFO]: Reloading ResourceManager: Default
[16:24:55] [Render thread/INFO]: Loaded 7 recipes
[16:24:55] [Render thread/INFO]: Loaded 927 advancements
[16:24:57] [Render thread/INFO]: Environment: authHost='https://authserver.mojang.com', accountsHost='https://api.mojang.com', sessionHost='https://sessionserver.mojang.com', servicesHost='https://api.minecraftservices.com', name='PROD'
[16:24:57] [Render thread/INFO]: Starting integrated minecraft server version 1.16.5
[16:24:57] [Render thread/INFO]: Generating keypair
[16:25:10] [Render thread/INFO]: Preparing start region for dimension minecraft:overworld
[16:25:24] [Render thread/INFO]: Changing view distance to 11, from 10
[16:25:25] [Render thread/INFO]: MineRLAgent0[local:E:ca0e7e62] logged in with entity id 91 at (-2057.5, 63.0, -888.5)
[16:25:25] [Render thread/INFO]: MineRLAgent0 joined the game
[16:25:25] [Render thread/INFO]: Preparing spawn area: 0%
[16:25:25] [Render thread/INFO]: Time elapsed: 6 ms
[16:25:26] [Render thread/INFO]: [STDOUT]: Starting new video null
[16:25:26] [Render thread/INFO]: Saving and pausing game...
[16:25:26] [Render thread/INFO]: Saving chunks for level 'ServerLevel[mcpworldb7d5fd82f9c8]'/minecraft:overworld
[16:25:27] [Render thread/INFO]: Saving chunks for level 'ServerLevel[mcpworldb7d5fd82f9c8]'/minecraft:the_nether
[16:25:27] [Render thread/INFO]: Saving chunks for level 'ServerLevel[mcpworldb7d5fd82f9c8]'/minecraft:the_end
[16:25:28] [Render thread/INFO]: MineRLAgent0 has made the advancement [Ice Bucket Challenge]
[16:25:28] [Render thread/INFO]: MineRLAgent0 has made the advancement [Stone Age]
[16:25:28] [Render thread/INFO]: [CHAT] MineRLAgent0 has made the advancement [Ice Bucket Challenge]
[16:25:28] [Render thread/INFO]: [CHAT] MineRLAgent0 has made the advancement [Stone Age]
[16:25:29] [Render thread/INFO]: Loaded 60 advancements
[16:25:38] [EnvServerSocketHandler/INFO]: [STDOUT]: *** Stopping the replay, returning control to the inputs
