[15:47:48] [Thread-4/INFO]: [STDOUT]: SERVER enter state: DORMANT
[15:47:48] [EnvServerSocketHandler/INFO]: Received Mission token 0bfdd19b-cf36-405e-9610-70872a276253:0:0:1:true
[15:47:48] [EnvServerSocketHandler/INFO]: Received mission init command  <MissionInit xmlns="http://ProjectMalmo.microsoft.com" xmlns:xsi="http://www.w3.org/2001/XMLSchema-instance" SchemaVersion="" PlatformVersion="0.37.0"><Mission><About><Summary>MineRLBasaltBuildVillageHouse-v0</Summary></About><ModSettings><MsPerTick>50</MsPerTick></ModSettings><ServerSection><ServerInitialConditions><Time><AllowPassageOfTime>false</AllowPassageOfTime></Time><AllowSpawning>true</AllowSpawning></ServerInitialConditions><ServerHandlers><DefaultWorldGenerator forceReset="true" generatorOptions="{}"/><ServerQuitFromTimeUp timeLimitMs="720000" description="out_of_time"/><ServerQuitWhenAnyAgentFinishes/></ServerHandlers></ServerSection><AgentSection mode="Survival"><Name>MineRLAgent0</Name><AgentStart><LowLevelInputs>true</LowLevelInputs><GuiScale>1.0</GuiScale><GammaSetting>2.0</GammaSetting><FOVSetting>70.0</FOVSetting><FakeCursorSize>16</FakeCursorSize><Inventory><InventoryObject slot="0" type="glass" quantity="39"/><InventoryObject slot="1" type="jungle_stairs" quantity="56"/><InventoryObject slot="2" type="packed_ice" quantity="1"/><InventoryObject slot="3" type="iron_ore" quantity="20"/><InventoryObject slot="4" type="nether_brick" quantity="1"/><InventoryObject slot="5" type="prismarine" quantity="4"/><InventoryObject slot="6" type="dragon_egg" quantity="49"/><InventoryObject slot="7" type="lever" quantity="12"/><InventoryObject slot="8" type="sea_lantern" quantity="20"/><InventoryObject slot="9" type="enchanting_table" quantity="7"/><InventoryObject slot="10" type="redstone_block" quantity="5"/><InventoryObject slot="11" type="stone_stairs" quantity="9"/><InventoryObject slot="12" type="dropper" quantity="21"/><InventoryObject slot="13" type="gold_block" quantity="35"/><InventoryObject slot="14" type="bookshelf" quantity="41"/><InventoryObject slot="15" type="dispenser" quantity="51"/><InventoryObject slot="16" type="end_stone" quantity="55"/><InventoryObject slot="17" type="redstone_ore" quantity="48"/><InventoryObject slot="18" type="hopper" quantity="46"/><InventoryObject slot="19" type="bedrock" quantity="35"/><InventoryObject slot="20" type="emerald_ore" quantity="4"/><InventoryObject slot="21" type="quartz_stairs" quantity="14"/><InventoryObject slot="22" type="iron_door" quantity="50"/><InventoryObject slot="23" type="iron_ore" quantity="29"/><InventoryObject slot="24" type="gold_ore" quantity="25"/><InventoryObject slot="25" type="daylight_detector" quantity="47"/><InventoryObject slot="26" type="diamond_ore" quantity="15"/><InventoryObject slot="27" type="hopper" quantity="50"/><InventoryObject slot="28" type="stone_stairs" quantity="50"/><InventoryObject slot="29" type="iron_door" quantity="28"/><InventoryObject slot="30" type="glass" quantity="15"/><InventoryObject slot="31" type="iron_bars" quantity="2"/><InventoryObject slot="32" type="spruce_stairs" quantity="2"/><InventoryObject slot="33" type="activator_rail" quantity="52"/><InventoryObject slot="34" type="jungle_fence_gate" quantity="2"/><InventoryObject slot="35" type="sea_lantern" quantity="6"/></Inventory><PreferredSpawnBiome>plains</PreferredSpawnBiome><DoneOnDeath>true</DoneOnDeath><SpawnInVillage>true</SpawnInVillage></AgentStart><AgentHandlers><FileBasedPerformanceProducer/><PauseCommand/><VideoProducer want_depth="false"><Width>640</Width><Height>360</Height></VideoProducer><HumanLevelCommands/><CameraCommands/></AgentHandlers></AgentSection></Mission><ExperimentUID>0bfdd19b-cf36-405e-9610-70872a276253</ExperimentUID><ClientRole>0</ClientRole><ClientAgentConnection><ClientIPAddress>127.0.0.1</ClientIPAddress><ClientMissionControlPort>0</ClientMissionControlPort><ClientCommandsPort>0</ClientCommandsPort><AgentIPAddress>127.0.0.1</AgentIPAddress><AgentMissionControlPort>0</AgentMissionControlPort><AgentVideoPort>0</AgentVideoPort><AgentDepthPort>0</AgentDepthPort><AgentLuminancePort>0</AgentLuminancePort><AgentObservationsPort>0</AgentObservationsPort><AgentRewardsPort>0</AgentRewardsPort><AgentColourMapPort>0</AgentColourMapPort></ClientAgentConnection></MissionInit>
[15:47:50] [EnvServerSocketHandler/INFO]: [STDOUT]: Setting width, height to 640, 360
[15:47:50] [EnvServerSocketHandler/INFO]: [STDOUT]: Gamma: 2.0
[15:47:50] [EnvServerSocketHandler/INFO]: [STDOUT]: FOV: 70.0
[15:47:50] [EnvServerSocketHandler/INFO]: [STDOUT]: GuiScale: 1.0
[15:47:50] [Render thread/INFO]: [STDOUT]: Seed not provided, generating random one: -7032073433865600860
[15:47:51] [Render thread/WARN]: Ambiguity between arguments [teleport, destination] and [teleport, targets] with inputs: [Player, 0123, @e, dd12be42-52a9-4a91-a8a1-11c01849e498]
[15:47:51] [Render thread/WARN]: Ambiguity between arguments [teleport, location] and [teleport, destination] with inputs: [0.1 -0.5 .9, 0 0 0]
[15:47:51] [Render thread/WARN]: Ambiguity between arguments [teleport, location] and [teleport, targets] with inputs: [0.1 -0.5 .9, 0 0 0]
[15:47:51] [Render thread/WARN]: Ambiguity between arguments [teleport, targets] and [teleport, destination] with inputs: [Player, 0123, dd12be42-52a9-4a91-a8a1-11c01849e498]
[15:47:51] [Render thread/WARN]: Ambiguity between arguments [teleport, targets, location] and [teleport, targets, destination] with inputs: [0.1 -0.5 .9, 0 0 0]
[15:47:51] [Render thread/INFO]: Reloading ResourceManager: Default
[15:47:52] [Render thread/INFO]: Loaded 7 recipes
[15:47:52] [Render thread/INFO]: Loaded 927 advancements
[15:47:52] [Render thread/INFO]: [STDOUT]: *** creating fake mouse cursor ***
[15:47:54] [Render thread/INFO]: Environment: authHost='https://authserver.mojang.com', accountsHost='https://api.mojang.com', sessionHost='https://sessionserver.mojang.com', servicesHost='https://api.minecraftservices.com', name='PROD'
[15:47:54] [Render thread/INFO]: Starting integrated minecraft server version 1.16.5
[15:47:54] [Render thread/INFO]: Generating keypair
[15:47:57] [Render thread/INFO]: Preparing start region for dimension minecraft:overworld
[15:48:05] [Render thread/INFO]: Changing view distance to 11, from 10
[15:48:06] [Render thread/INFO]: MineRLAgent0[local:E:33b3fc64] logged in with entity id 158 at (-1025.5, 64.0, -212.5)
[15:48:06] [Render thread/INFO]: MineRLAgent0 joined the game
[15:48:07] [Render thread/INFO]: Preparing spawn area: 0%
[15:48:07] [Render thread/INFO]: Time elapsed: 9 ms
[15:48:07] [Render thread/INFO]: [STDOUT]: Starting new video null
[15:48:07] [Render thread/INFO]: Saving and pausing game...
[15:48:07] [Render thread/INFO]: Saving chunks for level 'ServerLevel[mcpworldabfcf1c1b7d5]'/minecraft:overworld
[15:48:09] [Render thread/INFO]: Saving chunks for level 'ServerLevel[mcpworldabfcf1c1b7d5]'/minecraft:the_nether
[15:48:09] [Render thread/INFO]: Saving chunks for level 'ServerLevel[mcpworldabfcf1c1b7d5]'/minecraft:the_end
[15:48:10] [Render thread/INFO]: MineRLAgent0 has reached the goal [The Next Generation]
[15:48:10] [Render thread/INFO]: [CHAT] MineRLAgent0 has reached the goal [The Next Generation]
[15:48:10] [Render thread/INFO]: Loaded 48 advancements
[15:48:18] [EnvServerSocketHandler/INFO]: [STDOUT]: *** Stopping the replay, returning control to the inputs
