[15:42:47] [Thread-4/INFO]: [STDOUT]: SERVER enter state: DORMANT
[15:42:47] [EnvServerSocketHandler/INFO]: Received Mission token 2cc70d29-5116-4278-9ebf-e752ea046689:0:0:1:true
[15:42:47] [EnvServerSocketHandler/INFO]: Received mission init command  <MissionInit xmlns="http://ProjectMalmo.microsoft.com" xmlns:xsi="http://www.w3.org/2001/XMLSchema-instance" SchemaVersion="" PlatformVersion="0.37.0"><Mission><About><Summary>MineRLBasaltBuildVillageHouse-v0</Summary></About><ModSettings><MsPerTick>50</MsPerTick></ModSettings><ServerSection><ServerInitialConditions><Time><AllowPassageOfTime>false</AllowPassageOfTime></Time><AllowSpawning>true</AllowSpawning></ServerInitialConditions><ServerHandlers><DefaultWorldGenerator forceReset="true" generatorOptions="{}"/><ServerQuitFromTimeUp timeLimitMs="720000" description="out_of_time"/><ServerQuitWhenAnyAgentFinishes/></ServerHandlers></ServerSection><AgentSection mode="Survival"><Name>MineRLAgent0</Name><AgentStart><LowLevelInputs>true</LowLevelInputs><GuiScale>1.0</GuiScale><GammaSetting>2.0</GammaSetting><FOVSetting>70.0</FOVSetting><FakeCursorSize>16</FakeCursorSize><Inventory><InventoryObject slot="0" type="coal_block" quantity="62"/><InventoryObject slot="1" type="heavy_weighted_pressure_plate" quantity="43"/><InventoryObject slot="2" type="stone_button" quantity="26"/><InventoryObject slot="3" type="soul_sand" quantity="30"/><InventoryObject slot="4" type="stone" quantity="57"/><InventoryObject slot="5" type="mycelium" quantity="51"/><InventoryObject slot="6" type="daylight_detector" quantity="2"/><InventoryObject slot="7" type="spruce_fence" quantity="29"/><InventoryObject slot="8" type="mossy_cobblestone" quantity="31"/><InventoryObject slot="9" type="netherrack" quantity="37"/><InventoryObject slot="10" type="soul_sand" quantity="48"/><InventoryObject slot="11" type="nether_brick_stairs" quantity="10"/><InventoryObject slot="12" type="wheat" quantity="62"/><InventoryObject slot="13" type="gold_block" quantity="55"/><InventoryObject slot="14" type="red_mushroom" quantity="11"/><InventoryObject slot="15" type="birch_stairs" quantity="56"/><InventoryObject slot="16" type="dark_oak_door" quantity="15"/><InventoryObject slot="17" type="trapped_chest" quantity="28"/><InventoryObject slot="18" type="lapis_block" quantity="38"/><InventoryObject slot="19" type="iron_trapdoor" quantity="59"/><InventoryObject slot="20" type="spruce_stairs" quantity="21"/><InventoryObject slot="21" type="glowstone" quantity="16"/><InventoryObject slot="22" type="spruce_stairs" quantity="32"/><InventoryObject slot="23" type="iron_block" quantity="31"/><InventoryObject slot="24" type="farmland" quantity="40"/><InventoryObject slot="25" type="empty" quantity="31"/><InventoryObject slot="26" type="diamond_block" quantity="51"/><InventoryObject slot="27" type="end_portal_frame" quantity="12"/><InventoryObject slot="28" type="light_weighted_pressure_plate" quantity="22"/><InventoryObject slot="29" type="gold_ore" quantity="48"/><InventoryObject slot="30" type="red_mushroom" quantity="61"/><InventoryObject slot="31" type="red_sandstone_stairs" quantity="3"/><InventoryObject slot="32" type="emerald_block" quantity="46"/><InventoryObject slot="33" type="daylight_detector" quantity="13"/><InventoryObject slot="34" type="sandstone" quantity="57"/><InventoryObject slot="35" type="diamond_ore" quantity="51"/></Inventory><PreferredSpawnBiome>plains</PreferredSpawnBiome><DoneOnDeath>true</DoneOnDeath><SpawnInVillage>true</SpawnInVillage></AgentStart><AgentHandlers><FileBasedPerformanceProducer/><PauseCommand/><VideoProducer want_depth="false"><Width>640</Width><Height>360</Height></VideoProducer><HumanLevelCommands/><CameraCommands/></AgentHandlers></AgentSection></Mission><ExperimentUID>2cc70d29-5116-4278-9ebf-e752ea046689</ExperimentUID><ClientRole>0</ClientRole><ClientAgentConnection><ClientIPAddress>127.0.0.1</ClientIPAddress><ClientMissionControlPort>0</ClientMissionControlPort><ClientCommandsPort>0</ClientCommandsPort><AgentIPAddress>127.0.0.1</AgentIPAddress><AgentMissionControlPort>0</AgentMissionControlPort><AgentVideoPort>0</AgentVideoPort><AgentDepthPort>0</AgentDepthPort><AgentLuminancePort>0</AgentLuminancePort><AgentObservationsPort>0</AgentObservationsPort><AgentRewardsPort>0</AgentRewardsPort><AgentColourMapPort>0</AgentColourMapPort></ClientAgentConnection></MissionInit>
[15:42:49] [EnvServerSocketHandler/INFO]: [STDOUT]: Setting width, height to 640, 360
[15:42:49] [EnvServerSocketHandler/INFO]: [STDOUT]: Gamma: 2.0
[15:42:49] [EnvServerSocketHandler/INFO]: [STDOUT]: FOV: 70.0
[15:42:49] [EnvServerSocketHandler/INFO]: [STDOUT]: GuiScale: 1.0
[15:42:49] [Render thread/INFO]: [STDOUT]: Seed not provided, generating random one: -6497270071307978124
[15:42:50] [Render thread/WARN]: Ambiguity between arguments [teleport, destination] and [teleport, targets] with inputs: [Player, 0123, @e, dd12be42-52a9-4a91-a8a1-11c01849e498]
[15:42:50] [Render thread/WARN]: Ambiguity between arguments [teleport, location] and [teleport, destination] with inputs: [0.1 -0.5 .9, 0 0 0]
[15:42:50] [Render thread/WARN]: Ambiguity between arguments [teleport, location] and [teleport, targets] with inputs: [0.1 -0.5 .9, 0 0 0]
[15:42:50] [Render thread/WARN]: Ambiguity between arguments [teleport, targets] and [teleport, destination] with inputs: [Player, 0123, dd12be42-52a9-4a91-a8a1-11c01849e498]
[15:42:50] [Render thread/WARN]: Ambiguity between arguments [teleport, targets, location] and [teleport, targets, destination] with inputs: [0.1 -0.5 .9, 0 0 0]
[15:42:50] [Render thread/INFO]: Reloading ResourceManager: Default
[15:42:51] [Render thread/INFO]: Loaded 7 recipes
[15:42:51] [Render thread/INFO]: Loaded 927 advancements
[15:42:51] [Render thread/INFO]: [STDOUT]: *** creating fake mouse cursor ***
[15:42:53] [Render thread/INFO]: Environment: authHost='https://authserver.mojang.com', accountsHost='https://api.mojang.com', sessionHost='https://sessionserver.mojang.com', servicesHost='https://api.minecraftservices.com', name='PROD'
[15:42:53] [Render thread/INFO]: Starting integrated minecraft server version 1.16.5
[15:42:53] [Render thread/INFO]: Generating keypair
[15:43:06] [Render thread/INFO]: Preparing start region for dimension minecraft:overworld
[15:43:19] [Render thread/INFO]: Changing view distance to 11, from 10
[15:43:19] [Render thread/INFO]: MineRLAgent0[local:E:cc2735cb] logged in with entity id 169 at (594.5, 64.0, -277.5)
[15:43:19] [Render thread/INFO]: MineRLAgent0 joined the game
[15:43:20] [Render thread/INFO]: Preparing spawn area: 0%
[15:43:20] [Render thread/INFO]: Time elapsed: 5 ms
[15:43:20] [Render thread/INFO]: [STDOUT]: Starting new video null
[15:43:20] [Render thread/INFO]: Saving and pausing game...
[15:43:20] [Render thread/INFO]: Saving chunks for level 'ServerLevel[mcpworldabfcf1c1b7d5]'/minecraft:overworld
[15:43:22] [Render thread/INFO]: Saving chunks for level 'ServerLevel[mcpworldabfcf1c1b7d5]'/minecraft:the_nether
[15:43:22] [Render thread/INFO]: Saving chunks for level 'ServerLevel[mcpworldabfcf1c1b7d5]'/minecraft:the_end
[15:43:23] [Render thread/INFO]: Loaded 54 advancements
[15:43:31] [EnvServerSocketHandler/INFO]: [STDOUT]: *** Stopping the replay, returning control to the inputs
