[15:35:11] [Thread-4/INFO]: [STDOUT]: SERVER enter state: DORMANT
[15:35:11] [EnvServerSocketHandler/INFO]: Received Mission token 8694eb43-1f5e-4757-bdcc-e0af5bff4709:0:0:1:true
[15:35:11] [EnvServerSocketHandler/INFO]: Received mission init command  <MissionInit xmlns="http://ProjectMalmo.microsoft.com" xmlns:xsi="http://www.w3.org/2001/XMLSchema-instance" SchemaVersion="" PlatformVersion="0.37.0"><Mission><About><Summary>MineRLBasaltBuildVillageHouse-v0</Summary></About><ModSettings><MsPerTick>50</MsPerTick></ModSettings><ServerSection><ServerInitialConditions><Time><AllowPassageOfTime>false</AllowPassageOfTime></Time><AllowSpawning>true</AllowSpawning></ServerInitialConditions><ServerHandlers><DefaultWorldGenerator forceReset="true" generatorOptions="{}"/><ServerQuitFromTimeUp timeLimitMs="720000" description="out_of_time"/><ServerQuitWhenAnyAgentFinishes/></ServerHandlers></ServerSection><AgentSection mode="Survival"><Name>MineRLAgent0</Name><AgentStart><LowLevelInputs>true</LowLevelInputs><GuiScale>1.0</GuiScale><GammaSetting>2.0</GammaSetting><FOVSetting>70.0</FOVSetting><FakeCursorSize>16</FakeCursorSize><Inventory><InventoryObject slot="0" type="grass" quantity="35"/><InventoryObject slot="1" type="red_sandstone" quantity="47"/><InventoryObject slot="2" type="spruce_fence" quantity="37"/><InventoryObject slot="3" type="quartz_block" quantity="23"/><InventoryObject slot="4" type="redstone_ore" quantity="12"/><InventoryObject slot="5" type="flower_pot" quantity="4"/><InventoryObject slot="6" type="quartz_stairs" quantity="8"/><InventoryObject slot="7" type="birch_stairs" quantity="43"/><InventoryObject slot="8" type="spruce_fence" quantity="18"/><InventoryObject slot="9" type="stone_button" quantity="31"/><InventoryObject slot="10" type="emerald_block" quantity="57"/><InventoryObject slot="11" type="jukebox" quantity="13"/><InventoryObject slot="12" type="dark_oak_fence" quantity="16"/><InventoryObject slot="13" type="prismarine" quantity="23"/><InventoryObject slot="14" type="ender_chest" quantity="40"/><InventoryObject slot="15" type="sponge" quantity="52"/><InventoryObject slot="16" type="end_stone" quantity="15"/><InventoryObject slot="17" type="command_block" quantity="61"/><InventoryObject slot="18" type="lapis_block" quantity="24"/><InventoryObject slot="19" type="brown_mushroom" quantity="20"/><InventoryObject slot="20" type="emerald_block" quantity="11"/><InventoryObject slot="21" type="sand" quantity="29"/><InventoryObject slot="22" type="birch_door" quantity="41"/><InventoryObject slot="23" type="stone_brick_stairs" quantity="8"/><InventoryObject slot="24" type="gold_block" quantity="14"/><InventoryObject slot="25" type="packed_ice" quantity="45"/><InventoryObject slot="26" type="glowstone" quantity="30"/><InventoryObject slot="27" type="torch" quantity="3"/><InventoryObject slot="28" type="ladder" quantity="55"/><InventoryObject slot="29" type="activator_rail" quantity="22"/><InventoryObject slot="30" type="farmland" quantity="16"/><InventoryObject slot="31" type="ladder" quantity="32"/><InventoryObject slot="32" type="acacia_fence" quantity="57"/><InventoryObject slot="33" type="gold_block" quantity="3"/><InventoryObject slot="34" type="emerald_block" quantity="54"/><InventoryObject slot="35" type="wheat" quantity="31"/></Inventory><PreferredSpawnBiome>plains</PreferredSpawnBiome><DoneOnDeath>true</DoneOnDeath><SpawnInVillage>true</SpawnInVillage></AgentStart><AgentHandlers><FileBasedPerformanceProducer/><PauseCommand/><VideoProducer want_depth="false"><Width>640</Width><Height>360</Height></VideoProducer><HumanLevelCommands/><CameraCommands/></AgentHandlers></AgentSection></Mission><ExperimentUID>8694eb43-1f5e-4757-bdcc-e0af5bff4709</ExperimentUID><ClientRole>0</ClientRole><ClientAgentConnection><ClientIPAddress>127.0.0.1</ClientIPAddress><ClientMissionControlPort>0</ClientMissionControlPort><ClientCommandsPort>0</ClientCommandsPort><AgentIPAddress>127.0.0.1</AgentIPAddress><AgentMissionControlPort>0</AgentMissionControlPort><AgentVideoPort>0</AgentVideoPort><AgentDepthPort>0</AgentDepthPort><AgentLuminancePort>0</AgentLuminancePort><AgentObservationsPort>0</AgentObservationsPort><AgentRewardsPort>0</AgentRewardsPort><AgentColourMapPort>0</AgentColourMapPort></ClientAgentConnection></MissionInit>
[15:35:12] [EnvServerSocketHandler/INFO]: [STDOUT]: Setting width, height to 640, 360
[15:35:12] [EnvServerSocketHandler/INFO]: [STDOUT]: Gamma: 2.0
[15:35:12] [EnvServerSocketHandler/INFO]: [STDOUT]: FOV: 70.0
[15:35:12] [EnvServerSocketHandler/INFO]: [STDOUT]: GuiScale: 1.0
[15:35:12] [Render thread/INFO]: [STDOUT]: Seed not provided, generating random one: 8387004145295333723
[15:35:13] [Render thread/WARN]: Ambiguity between arguments [teleport, destination] and [teleport, targets] with inputs: [Player, 0123, @e, dd12be42-52a9-4a91-a8a1-11c01849e498]
[15:35:13] [Render thread/WARN]: Ambiguity between arguments [teleport, location] and [teleport, destination] with inputs: [0.1 -0.5 .9, 0 0 0]
[15:35:13] [Render thread/WARN]: Ambiguity between arguments [teleport, location] and [teleport, targets] with inputs: [0.1 -0.5 .9, 0 0 0]
[15:35:13] [Render thread/WARN]: Ambiguity between arguments [teleport, targets] and [teleport, destination] with inputs: [Player, 0123, dd12be42-52a9-4a91-a8a1-11c01849e498]
[15:35:13] [Render thread/WARN]: Ambiguity between arguments [teleport, targets, location] and [teleport, targets, destination] with inputs: [0.1 -0.5 .9, 0 0 0]
[15:35:13] [Render thread/INFO]: Reloading ResourceManager: Default
[15:35:14] [Render thread/INFO]: Loaded 7 recipes
[15:35:14] [Render thread/INFO]: Loaded 927 advancements
[15:35:15] [Render thread/INFO]: [STDOUT]: *** creating fake mouse cursor ***
[15:35:16] [Render thread/INFO]: Environment: authHost='https://authserver.mojang.com', accountsHost='https://api.mojang.com', sessionHost='https://sessionserver.mojang.com', servicesHost='https://api.minecraftservices.com', name='PROD'
[15:35:16] [Render thread/INFO]: Starting integrated minecraft server version 1.16.5
[15:35:16] [Render thread/INFO]: Generating keypair
[15:35:20] [Render thread/INFO]: Preparing start region for dimension minecraft:overworld
[15:35:30] [Render thread/INFO]: Changing view distance to 11, from 10
[15:35:30] [Render thread/INFO]: MineRLAgent0[local:E:f84ceb75] logged in with entity id 98 at (727.5, 68.0, 1796.5)
[15:35:31] [Render thread/INFO]: MineRLAgent0 joined the game
[15:35:31] [Render thread/INFO]: Preparing spawn area: 0%
[15:35:31] [Render thread/INFO]: Time elapsed: 6 ms
[15:35:32] [Render thread/INFO]: [STDOUT]: Starting new video null
[15:35:32] [Render thread/INFO]: Saving and pausing game...
[15:35:32] [Render thread/INFO]: Saving chunks for level 'ServerLevel[mcpworldabfcf1c1b7d5]'/minecraft:overworld
[15:35:33] [Render thread/INFO]: Saving chunks for level 'ServerLevel[mcpworldabfcf1c1b7d5]'/minecraft:the_nether
[15:35:33] [Render thread/INFO]: Saving chunks for level 'ServerLevel[mcpworldabfcf1c1b7d5]'/minecraft:the_end
[15:35:34] [Render thread/INFO]: Loaded 66 advancements
[15:35:42] [EnvServerSocketHandler/INFO]: [STDOUT]: *** Stopping the replay, returning control to the inputs
