[15:50:59] [Thread-4/INFO]: [STDOUT]: SERVER enter state: DORMANT
[15:50:59] [EnvServerSocketHandler/INFO]: Received Mission token 25e62071-20a6-46c1-9690-90ce77b8d069:0:0:1:true
[15:50:59] [EnvServerSocketHandler/INFO]: Received mission init command  <MissionInit xmlns="http://ProjectMalmo.microsoft.com" xmlns:xsi="http://www.w3.org/2001/XMLSchema-instance" SchemaVersion="" PlatformVersion="0.37.0"><Mission><About><Summary>MineRLBasaltBuildVillageHouse-v0</Summary></About><ModSettings><MsPerTick>50</MsPerTick></ModSettings><ServerSection><ServerInitialConditions><Time><AllowPassageOfTime>false</AllowPassageOfTime></Time><AllowSpawning>true</AllowSpawning></ServerInitialConditions><ServerHandlers><DefaultWorldGenerator forceReset="true" generatorOptions="{}"/><ServerQuitFromTimeUp timeLimitMs="720000" description="out_of_time"/><ServerQuitWhenAnyAgentFinishes/></ServerHandlers></ServerSection><AgentSection mode="Survival"><Name>MineRLAgent0</Name><AgentStart><LowLevelInputs>true</LowLevelInputs><GuiScale>1.0</GuiScale><GammaSetting>2.0</GammaSetting><FOVSetting>70.0</FOVSetting><FakeCursorSize>16</FakeCursorSize><Inventory><InventoryObject slot="0" type="nether_brick_fence" quantity="9"/><InventoryObject slot="1" type="dark_oak_door" quantity="10"/><InventoryObject slot="2" type="obsidian" quantity="24"/><InventoryObject slot="3" type="iron_block" quantity="11"/><InventoryObject slot="4" type="coal_block" quantity="60"/><InventoryObject slot="5" type="spruce_stairs" quantity="50"/><InventoryObject slot="6" type="stone_button" quantity="16"/><InventoryObject slot="7" type="enchanting_table" quantity="63"/><InventoryObject slot="8" type="gold_block" quantity="21"/><InventoryObject slot="9" type="stone_button" quantity="3"/><InventoryObject slot="10" type="brick_stairs" quantity="16"/><InventoryObject slot="11" type="stone_slab" quantity="39"/><InventoryObject slot="12" type="dirt" quantity="31"/><InventoryObject slot="13" type="flower_pot" quantity="32"/><InventoryObject slot="14" type="gold_ore" quantity="62"/><InventoryObject slot="15" type="nether_wart" quantity="46"/><InventoryObject slot="16" type="lever" quantity="10"/><InventoryObject slot="17" type="spruce_fence" quantity="60"/><InventoryObject slot="18" type="dark_oak_fence" quantity="24"/><InventoryObject slot="19" type="stone_slab" quantity="48"/><InventoryObject slot="20" type="sandstone" quantity="27"/><InventoryObject slot="21" type="redstone_block" quantity="4"/><InventoryObject slot="22" type="rail" quantity="20"/><InventoryObject slot="23" type="packed_ice" quantity="12"/><InventoryObject slot="24" type="acacia_stairs" quantity="42"/><InventoryObject slot="25" type="jungle_door" quantity="9"/><InventoryObject slot="26" type="hopper" quantity="61"/><InventoryObject slot="27" type="light_weighted_pressure_plate" quantity="49"/><InventoryObject slot="28" type="mossy_cobblestone" quantity="57"/><InventoryObject slot="29" type="snow" quantity="40"/><InventoryObject slot="30" type="dispenser" quantity="41"/><InventoryObject slot="31" type="acacia_door" quantity="43"/><InventoryObject slot="32" type="brewing_stand" quantity="53"/><InventoryObject slot="33" type="gravel" quantity="52"/><InventoryObject slot="34" type="flower_pot" quantity="46"/><InventoryObject slot="35" type="red_mushroom" quantity="63"/></Inventory><PreferredSpawnBiome>plains</PreferredSpawnBiome><DoneOnDeath>true</DoneOnDeath><SpawnInVillage>true</SpawnInVillage></AgentStart><AgentHandlers><FileBasedPerformanceProducer/><PauseCommand/><VideoProducer want_depth="false"><Width>640</Width><Height>360</Height></VideoProducer><HumanLevelCommands/><CameraCommands/></AgentHandlers></AgentSection></Mission><ExperimentUID>25e62071-20a6-46c1-9690-90ce77b8d069</ExperimentUID><ClientRole>0</ClientRole><ClientAgentConnection><ClientIPAddress>127.0.0.1</ClientIPAddress><ClientMissionControlPort>0</ClientMissionControlPort><ClientCommandsPort>0</ClientCommandsPort><AgentIPAddress>127.0.0.1</AgentIPAddress><AgentMissionControlPort>0</AgentMissionControlPort><AgentVideoPort>0</AgentVideoPort><AgentDepthPort>0</AgentDepthPort><AgentLuminancePort>0</AgentLuminancePort><AgentObservationsPort>0</AgentObservationsPort><AgentRewardsPort>0</AgentRewardsPort><AgentColourMapPort>0</AgentColourMapPort></ClientAgentConnection></MissionInit>
[15:51:00] [EnvServerSocketHandler/INFO]: [STDOUT]: Setting width, height to 640, 360
[15:51:00] [EnvServerSocketHandler/INFO]: [STDOUT]: Gamma: 2.0
[15:51:00] [EnvServerSocketHandler/INFO]: [STDOUT]: FOV: 70.0
[15:51:00] [EnvServerSocketHandler/INFO]: [STDOUT]: GuiScale: 1.0
[15:51:01] [Render thread/INFO]: [STDOUT]: Seed not provided, generating random one: 1580342805346634620
[15:51:02] [Render thread/WARN]: Ambiguity between arguments [teleport, destination] and [teleport, targets] with inputs: [Player, 0123, @e, dd12be42-52a9-4a91-a8a1-11c01849e498]
[15:51:02] [Render thread/WARN]: Ambiguity between arguments [teleport, location] and [teleport, destination] with inputs: [0.1 -0.5 .9, 0 0 0]
[15:51:02] [Render thread/WARN]: Ambiguity between arguments [teleport, location] and [teleport, targets] with inputs: [0.1 -0.5 .9, 0 0 0]
[15:51:02] [Render thread/WARN]: Ambiguity between arguments [teleport, targets] and [teleport, destination] with inputs: [Player, 0123, dd12be42-52a9-4a91-a8a1-11c01849e498]
[15:51:02] [Render thread/WARN]: Ambiguity between arguments [teleport, targets, location] and [teleport, targets, destination] with inputs: [0.1 -0.5 .9, 0 0 0]
[15:51:02] [Render thread/INFO]: Reloading ResourceManager: Default
[15:51:03] [Render thread/INFO]: Loaded 7 recipes
[15:51:03] [Render thread/INFO]: Loaded 927 advancements
[15:51:03] [Render thread/INFO]: [STDOUT]: *** creating fake mouse cursor ***
[15:51:05] [Render thread/INFO]: Environment: authHost='https://authserver.mojang.com', accountsHost='https://api.mojang.com', sessionHost='https://sessionserver.mojang.com', servicesHost='https://api.minecraftservices.com', name='PROD'
[15:51:05] [Render thread/INFO]: Starting integrated minecraft server version 1.16.5
[15:51:05] [Render thread/INFO]: Generating keypair
[15:51:18] [Render thread/INFO]: Preparing start region for dimension minecraft:overworld
[15:51:30] [Render thread/INFO]: Changing view distance to 11, from 10
[15:51:30] [Render thread/INFO]: MineRLAgent0[local:E:08798b96] logged in with entity id 192 at (-413.5, 69.0, -165.5)
[15:51:31] [Render thread/INFO]: MineRLAgent0 joined the game
[15:51:31] [Render thread/INFO]: Preparing spawn area: 0%
[15:51:31] [Render thread/INFO]: Time elapsed: 24 ms
[15:51:31] [Render thread/INFO]: [STDOUT]: Starting new video null
[15:51:31] [Render thread/INFO]: Saving and pausing game...
[15:51:31] [Render thread/INFO]: Saving chunks for level 'ServerLevel[mcpworldabfcf1c1b7d5]'/minecraft:overworld
[15:51:33] [Render thread/INFO]: Saving chunks for level 'ServerLevel[mcpworldabfcf1c1b7d5]'/minecraft:the_nether
[15:51:33] [Render thread/INFO]: Saving chunks for level 'ServerLevel[mcpworldabfcf1c1b7d5]'/minecraft:the_end
[15:51:34] [Render thread/INFO]: MineRLAgent0 has made the advancement [Ice Bucket Challenge]
[15:51:34] [Render thread/INFO]: [CHAT] MineRLAgent0 has made the advancement [Ice Bucket Challenge]
[15:51:34] [Render thread/INFO]: Loaded 65 advancements
[15:51:44] [EnvServerSocketHandler/INFO]: [STDOUT]: *** Stopping the replay, returning control to the inputs
