[15:27:37] [Thread-4/INFO]: [STDOUT]: SERVER enter state: DORMANT
[15:27:37] [EnvServerSocketHandler/INFO]: Received Mission token bfe43990-42af-4cb5-a53a-b9e6646a6313:0:0:1:true
[15:27:37] [EnvServerSocketHandler/INFO]: Received mission init command  <MissionInit xmlns="http://ProjectMalmo.microsoft.com" xmlns:xsi="http://www.w3.org/2001/XMLSchema-instance" SchemaVersion="" PlatformVersion="0.37.0"><Mission><About><Summary>MineRLBasaltBuildVillageHouse-v0</Summary></About><ModSettings><MsPerTick>50</MsPerTick></ModSettings><ServerSection><ServerInitialConditions><Time><AllowPassageOfTime>false</AllowPassageOfTime></Time><AllowSpawning>true</AllowSpawning></ServerInitialConditions><ServerHandlers><DefaultWorldGenerator forceReset="true" generatorOptions="{}"/><ServerQuitFromTimeUp timeLimitMs="720000" description="out_of_time"/><ServerQuitWhenAnyAgentFinishes/></ServerHandlers></ServerSection><AgentSection mode="Survival"><Name>MineRLAgent0</Name><AgentStart><LowLevelInputs>true</LowLevelInputs><GuiScale>1.0</GuiScale><GammaSetting>2.0</GammaSetting><FOVSetting>70.0</FOVSetting><FakeCursorSize>16</FakeCursorSize><Inventory><InventoryObject slot="0" type="emerald_block" quantity="32"/><InventoryObject slot="1" type="sand" quantity="21"/><InventoryObject slot="2" type="quartz_stairs" quantity="2"/><InventoryObject slot="3" type="lapis_block" quantity="29"/><InventoryObject slot="4" type="birch_fence" quantity="35"/><InventoryObject slot="5" type="iron_trapdoor" quantity="45"/><InventoryObject slot="6" type="packed_ice" quantity="18"/><InventoryObject slot="7" type="chest" quantity="40"/><InventoryObject slot="8" type="quartz_block" quantity="52"/><InventoryObject slot="9" type="pumpkin" quantity="29"/><InventoryObject slot="10" type="beacon" quantity="34"/><InventoryObject slot="11" type="lapis_ore" quantity="42"/><InventoryObject slot="12" type="dragon_egg" quantity="39"/><InventoryObject slot="13" type="emerald_block" quantity="18"/><InventoryObject slot="14" type="end_portal_frame" quantity="21"/><InventoryObject slot="15" type="grass" quantity="38"/><InventoryObject slot="16" type="dropper" quantity="28"/><InventoryObject slot="17" type="tnt" quantity="28"/><InventoryObject slot="18" type="birch_stairs" quantity="30"/><InventoryObject slot="19" type="clay" quantity="27"/><InventoryObject slot="20" type="mycelium" quantity="60"/><InventoryObject slot="21" type="wheat" quantity="45"/><InventoryObject slot="22" type="glass" quantity="28"/><InventoryObject slot="23" type="brewing_stand" quantity="25"/><InventoryObject slot="24" type="torch" quantity="45"/><InventoryObject slot="25" type="grass" quantity="38"/><InventoryObject slot="26" type="enchanting_table" quantity="60"/><InventoryObject slot="27" type="birch_fence" quantity="7"/><InventoryObject slot="28" type="coal_block" quantity="17"/><InventoryObject slot="29" type="end_stone" quantity="62"/><InventoryObject slot="30" type="jungle_fence_gate" quantity="40"/><InventoryObject slot="31" type="acacia_fence" quantity="62"/><InventoryObject slot="32" type="iron_block" quantity="32"/><InventoryObject slot="33" type="hay_block" quantity="22"/><InventoryObject slot="34" type="prismarine" quantity="6"/><InventoryObject slot="35" type="gold_ore" quantity="23"/></Inventory><PreferredSpawnBiome>plains</PreferredSpawnBiome><DoneOnDeath>true</DoneOnDeath><SpawnInVillage>true</SpawnInVillage></AgentStart><AgentHandlers><FileBasedPerformanceProducer/><PauseCommand/><VideoProducer want_depth="false"><Width>640</Width><Height>360</Height></VideoProducer><HumanLevelCommands/><CameraCommands/></AgentHandlers></AgentSection></Mission><ExperimentUID>bfe43990-42af-4cb5-a53a-b9e6646a6313</ExperimentUID><ClientRole>0</ClientRole><ClientAgentConnection><ClientIPAddress>127.0.0.1</ClientIPAddress><ClientMissionControlPort>0</ClientMissionControlPort><ClientCommandsPort>0</ClientCommandsPort><AgentIPAddress>127.0.0.1</AgentIPAddress><AgentMissionControlPort>0</AgentMissionControlPort><AgentVideoPort>0</AgentVideoPort><AgentDepthPort>0</AgentDepthPort><AgentLuminancePort>0</AgentLuminancePort><AgentObservationsPort>0</AgentObservationsPort><AgentRewardsPort>0</AgentRewardsPort><AgentColourMapPort>0</AgentColourMapPort></ClientAgentConnection></MissionInit>
[15:27:38] [EnvServerSocketHandler/INFO]: [STDOUT]: Setting width, height to 640, 360
[15:27:38] [EnvServerSocketHandler/INFO]: [STDOUT]: Gamma: 2.0
[15:27:38] [EnvServerSocketHandler/INFO]: [STDOUT]: FOV: 70.0
[15:27:38] [EnvServerSocketHandler/INFO]: [STDOUT]: GuiScale: 1.0
[15:27:38] [Render thread/INFO]: [STDOUT]: Seed not provided, generating random one: 4877812119809466823
[15:27:39] [Render thread/WARN]: Ambiguity between arguments [teleport, destination] and [teleport, targets] with inputs: [Player, 0123, @e, dd12be42-52a9-4a91-a8a1-11c01849e498]
[15:27:39] [Render thread/WARN]: Ambiguity between arguments [teleport, location] and [teleport, destination] with inputs: [0.1 -0.5 .9, 0 0 0]
[15:27:39] [Render thread/WARN]: Ambiguity between arguments [teleport, location] and [teleport, targets] with inputs: [0.1 -0.5 .9, 0 0 0]
[15:27:39] [Render thread/WARN]: Ambiguity between arguments [teleport, targets] and [teleport, destination] with inputs: [Player, 0123, dd12be42-52a9-4a91-a8a1-11c01849e498]
[15:27:39] [Render thread/WARN]: Ambiguity between arguments [teleport, targets, location] and [teleport, targets, destination] with inputs: [0.1 -0.5 .9, 0 0 0]
[15:27:39] [Render thread/INFO]: Reloading ResourceManager: Default
[15:27:40] [Render thread/INFO]: Loaded 7 recipes
[15:27:41] [Render thread/INFO]: Loaded 927 advancements
[15:27:41] [Render thread/INFO]: [STDOUT]: *** creating fake mouse cursor ***
[15:27:43] [Render thread/INFO]: Environment: authHost='https://authserver.mojang.com', accountsHost='https://api.mojang.com', sessionHost='https://sessionserver.mojang.com', servicesHost='https://api.minecraftservices.com', name='PROD'
[15:27:43] [Render thread/INFO]: Starting integrated minecraft server version 1.16.5
[15:27:43] [Render thread/INFO]: Generating keypair
[15:27:53] [Render thread/INFO]: Preparing start region for dimension minecraft:overworld
[15:28:32] [Render thread/INFO]: Changing view distance to 11, from 10
[15:28:33] [Render thread/INFO]: MineRLAgent0[local:E:e2b1f356] logged in with entity id 383 at (1343.5, 64.0, 1247.5)
[15:28:33] [Render thread/INFO]: MineRLAgent0 joined the game
[15:28:33] [Render thread/INFO]: Preparing spawn area: 0%
[15:28:33] [Render thread/INFO]: Time elapsed: 5 ms
[15:28:34] [Render thread/INFO]: [STDOUT]: Starting new video null
[15:28:34] [Render thread/INFO]: Saving and pausing game...
[15:28:34] [Render thread/INFO]: Saving chunks for level 'ServerLevel[mcpworldabfcf1c1b7d5]'/minecraft:overworld
[15:28:37] [Render thread/INFO]: Saving chunks for level 'ServerLevel[mcpworldabfcf1c1b7d5]'/minecraft:the_nether
[15:28:37] [Render thread/INFO]: Saving chunks for level 'ServerLevel[mcpworldabfcf1c1b7d5]'/minecraft:the_end
[15:28:37] [Render thread/INFO]: MineRLAgent0 has reached the goal [The Next Generation]
[15:28:38] [Render thread/INFO]: [CHAT] MineRLAgent0 has reached the goal [The Next Generation]
[15:28:38] [Render thread/INFO]: Loaded 80 advancements
[15:28:46] [EnvServerSocketHandler/INFO]: [STDOUT]: *** Stopping the replay, returning control to the inputs
