[15:36:53] [Thread-4/INFO]: [STDOUT]: SERVER enter state: DORMANT
[15:36:53] [EnvServerSocketHandler/INFO]: Received Mission token ea886aa2-7070-411d-8d9a-b49cb1c80ad6:0:0:1:true
[15:36:53] [EnvServerSocketHandler/INFO]: Received mission init command  <MissionInit xmlns="http://ProjectMalmo.microsoft.com" xmlns:xsi="http://www.w3.org/2001/XMLSchema-instance" SchemaVersion="" PlatformVersion="0.37.0"><Mission><About><Summary>MineRLBasaltBuildVillageHouse-v0</Summary></About><ModSettings><MsPerTick>50</MsPerTick></ModSettings><ServerSection><ServerInitialConditions><Time><AllowPassageOfTime>false</AllowPassageOfTime></Time><AllowSpawning>true</AllowSpawning></ServerInitialConditions><ServerHandlers><DefaultWorldGenerator forceReset="true" generatorOptions="{}"/><ServerQuitFromTimeUp timeLimitMs="720000" description="out_of_time"/><ServerQuitWhenAnyAgentFinishes/></ServerHandlers></ServerSection><AgentSection mode="Survival"><Name>MineRLAgent0</Name><AgentStart><LowLevelInputs>true</LowLevelInputs><GuiScale>1.0</GuiScale><GammaSetting>2.0</GammaSetting><FOVSetting>70.0</FOVSetting><FakeCursorSize>16</FakeCursorSize><Inventory><InventoryObject slot="0" type="ladder" quantity="55"/><InventoryObject slot="1" type="oak_stairs" quantity="39"/><InventoryObject slot="2" type="cobblestone_wall" quantity="26"/><InventoryObject slot="3" type="stone_slab" quantity="23"/><InventoryObject slot="4" type="netherrack" quantity="53"/><InventoryObject slot="5" type="spruce_door" quantity="48"/><InventoryObject slot="6" type="emerald_ore" quantity="36"/><InventoryObject slot="7" type="brick_stairs" quantity="24"/><InventoryObject slot="8" type="tnt" quantity="13"/><InventoryObject slot="9" type="mycelium" quantity="59"/><InventoryObject slot="10" type="stone_slab" quantity="26"/><InventoryObject slot="11" type="cactus" quantity="7"/><InventoryObject slot="12" type="jungle_stairs" quantity="55"/><InventoryObject slot="13" type="emerald_ore" quantity="11"/><InventoryObject slot="14" type="cobblestone" quantity="58"/><InventoryObject slot="15" type="hay_block" quantity="5"/><InventoryObject slot="16" type="dark_oak_stairs" quantity="31"/><InventoryObject slot="17" type="iron_bars" quantity="7"/><InventoryObject slot="18" type="stone" quantity="59"/><InventoryObject slot="19" type="tnt" quantity="44"/><InventoryObject slot="20" type="dirt" quantity="63"/><InventoryObject slot="21" type="sticky_piston" quantity="64"/><InventoryObject slot="22" type="soul_sand" quantity="46"/><InventoryObject slot="23" type="cobblestone_wall" quantity="8"/><InventoryObject slot="24" type="diamond_ore" quantity="34"/><InventoryObject slot="25" type="mycelium" quantity="16"/><InventoryObject slot="26" type="sticky_piston" quantity="31"/><InventoryObject slot="27" type="soul_sand" quantity="59"/><InventoryObject slot="28" type="empty" quantity="22"/><InventoryObject slot="29" type="dragon_egg" quantity="11"/><InventoryObject slot="30" type="prismarine" quantity="5"/><InventoryObject slot="31" type="wheat" quantity="17"/><InventoryObject slot="32" type="cauldron" quantity="27"/><InventoryObject slot="33" type="gold_block" quantity="38"/><InventoryObject slot="34" type="end_portal_frame" quantity="63"/><InventoryObject slot="35" type="jungle_fence_gate" quantity="49"/></Inventory><PreferredSpawnBiome>plains</PreferredSpawnBiome><DoneOnDeath>true</DoneOnDeath><SpawnInVillage>true</SpawnInVillage></AgentStart><AgentHandlers><FileBasedPerformanceProducer/><PauseCommand/><VideoProducer want_depth="false"><Width>640</Width><Height>360</Height></VideoProducer><HumanLevelCommands/><CameraCommands/></AgentHandlers></AgentSection></Mission><ExperimentUID>ea886aa2-7070-411d-8d9a-b49cb1c80ad6</ExperimentUID><ClientRole>0</ClientRole><ClientAgentConnection><ClientIPAddress>127.0.0.1</ClientIPAddress><ClientMissionControlPort>0</ClientMissionControlPort><ClientCommandsPort>0</ClientCommandsPort><AgentIPAddress>127.0.0.1</AgentIPAddress><AgentMissionControlPort>0</AgentMissionControlPort><AgentVideoPort>0</AgentVideoPort><AgentDepthPort>0</AgentDepthPort><AgentLuminancePort>0</AgentLuminancePort><AgentObservationsPort>0</AgentObservationsPort><AgentRewardsPort>0</AgentRewardsPort><AgentColourMapPort>0</AgentColourMapPort></ClientAgentConnection></MissionInit>
[15:36:55] [EnvServerSocketHandler/INFO]: [STDOUT]: Setting width, height to 640, 360
[15:36:55] [EnvServerSocketHandler/INFO]: [STDOUT]: Gamma: 2.0
[15:36:55] [EnvServerSocketHandler/INFO]: [STDOUT]: FOV: 70.0
[15:36:55] [EnvServerSocketHandler/INFO]: [STDOUT]: GuiScale: 1.0
[15:36:55] [Render thread/INFO]: [STDOUT]: Seed not provided, generating random one: -4329422197734546138
[15:36:56] [Render thread/WARN]: Ambiguity between arguments [teleport, destination] and [teleport, targets] with inputs: [Player, 0123, @e, dd12be42-52a9-4a91-a8a1-11c01849e498]
[15:36:56] [Render thread/WARN]: Ambiguity between arguments [teleport, location] and [teleport, destination] with inputs: [0.1 -0.5 .9, 0 0 0]
[15:36:56] [Render thread/WARN]: Ambiguity between arguments [teleport, location] and [teleport, targets] with inputs: [0.1 -0.5 .9, 0 0 0]
[15:36:56] [Render thread/WARN]: Ambiguity between arguments [teleport, targets] and [teleport, destination] with inputs: [Player, 0123, dd12be42-52a9-4a91-a8a1-11c01849e498]
[15:36:56] [Render thread/WARN]: Ambiguity between arguments [teleport, targets, location] and [teleport, targets, destination] with inputs: [0.1 -0.5 .9, 0 0 0]
[15:36:56] [Render thread/INFO]: Reloading ResourceManager: Default
[15:36:57] [Render thread/INFO]: Loaded 7 recipes
[15:36:57] [Render thread/INFO]: Loaded 927 advancements
[15:36:57] [Render thread/INFO]: [STDOUT]: *** creating fake mouse cursor ***
[15:36:59] [Render thread/INFO]: Environment: authHost='https://authserver.mojang.com', accountsHost='https://api.mojang.com', sessionHost='https://sessionserver.mojang.com', servicesHost='https://api.minecraftservices.com', name='PROD'
[15:36:59] [Render thread/INFO]: Starting integrated minecraft server version 1.16.5
[15:36:59] [Render thread/INFO]: Generating keypair
[15:37:10] [Render thread/INFO]: Preparing start region for dimension minecraft:overworld
[15:37:45] [Render thread/INFO]: Changing view distance to 11, from 10
[15:37:46] [Render thread/INFO]: MineRLAgent0[local:E:ea291e60] logged in with entity id 203 at (622.5, 72.0, -1960.5)
[15:37:46] [Render thread/INFO]: MineRLAgent0 joined the game
[15:37:46] [Render thread/INFO]: Preparing spawn area: 0%
[15:37:46] [Render thread/INFO]: Time elapsed: 7 ms
[15:37:47] [Render thread/INFO]: [STDOUT]: Starting new video null
[15:37:47] [Render thread/INFO]: Saving and pausing game...
[15:37:47] [Render thread/INFO]: Saving chunks for level 'ServerLevel[mcpworldabfcf1c1b7d5]'/minecraft:overworld
[15:37:49] [Render thread/INFO]: Saving chunks for level 'ServerLevel[mcpworldabfcf1c1b7d5]'/minecraft:the_nether
[15:37:49] [Render thread/INFO]: Saving chunks for level 'ServerLevel[mcpworldabfcf1c1b7d5]'/minecraft:the_end
[15:37:50] [Render thread/INFO]: MineRLAgent0 has made the advancement [Stone Age]
[15:37:50] [Render thread/INFO]: MineRLAgent0 has reached the goal [The Next Generation]
[15:37:50] [Render thread/INFO]: [CHAT] MineRLAgent0 has made the advancement [Stone Age]
[15:37:51] [Render thread/INFO]: [CHAT] MineRLAgent0 has reached the goal [The Next Generation]
[15:37:51] [Render thread/INFO]: Loaded 57 advancements
[15:37:58] [EnvServerSocketHandler/INFO]: [STDOUT]: *** Stopping the replay, returning control to the inputs
