[15:13:50] [Thread-4/INFO]: [STDOUT]: SERVER enter state: DORMANT
[15:13:51] [EnvServerSocketHandler/INFO]: Received Mission token dcb63deb-a607-4251-a5fd-eb3a34145a2c:0:0:1:true
[15:13:51] [EnvServerSocketHandler/INFO]: Received mission init command  <MissionInit xmlns="http://ProjectMalmo.microsoft.com" xmlns:xsi="http://www.w3.org/2001/XMLSchema-instance" SchemaVersion="" PlatformVersion="0.37.0"><Mission><About><Summary>MineRLBasaltBuildVillageHouse-v0</Summary></About><ModSettings><MsPerTick>50</MsPerTick></ModSettings><ServerSection><ServerInitialConditions><Time><AllowPassageOfTime>false</AllowPassageOfTime></Time><AllowSpawning>true</AllowSpawning></ServerInitialConditions><ServerHandlers><DefaultWorldGenerator forceReset="true" generatorOptions="{}"/><ServerQuitFromTimeUp timeLimitMs="720000" description="out_of_time"/><ServerQuitWhenAnyAgentFinishes/></ServerHandlers></ServerSection><AgentSection mode="Survival"><Name>MineRLAgent0</Name><AgentStart><LowLevelInputs>true</LowLevelInputs><GuiScale>1.0</GuiScale><GammaSetting>2.0</GammaSetting><FOVSetting>70.0</FOVSetting><FakeCursorSize>16</FakeCursorSize><Inventory><InventoryObject slot="0" type="mossy_cobblestone" quantity="8"/><InventoryObject slot="1" type="acacia_stairs" quantity="19"/><InventoryObject slot="2" type="nether_brick_stairs" quantity="8"/><InventoryObject slot="3" type="dropper" quantity="26"/><InventoryObject slot="4" type="spruce_fence_gate" quantity="12"/><InventoryObject slot="5" type="acacia_door" quantity="11"/><InventoryObject slot="6" type="jukebox" quantity="34"/><InventoryObject slot="7" type="soul_sand" quantity="45"/><InventoryObject slot="8" type="coal_ore" quantity="33"/><InventoryObject slot="9" type="spruce_fence" quantity="1"/><InventoryObject slot="10" type="iron_trapdoor" quantity="55"/><InventoryObject slot="11" type="piston" quantity="18"/><InventoryObject slot="12" type="gravel" quantity="33"/><InventoryObject slot="13" type="wheat" quantity="44"/><InventoryObject slot="14" type="acacia_fence_gate" quantity="56"/><InventoryObject slot="15" type="iron_bars" quantity="32"/><InventoryObject slot="16" type="spruce_fence_gate" quantity="16"/><InventoryObject slot="17" type="oak_stairs" quantity="15"/><InventoryObject slot="18" type="acacia_stairs" quantity="20"/><InventoryObject slot="19" type="acacia_door" quantity="7"/><InventoryObject slot="20" type="dark_oak_fence" quantity="15"/><InventoryObject slot="21" type="quartz_block" quantity="41"/><InventoryObject slot="22" type="dark_oak_stairs" quantity="24"/><InventoryObject slot="23" type="dark_oak_fence_gate" quantity="54"/><InventoryObject slot="24" type="dark_oak_door" quantity="38"/><InventoryObject slot="25" type="stone_slab" quantity="42"/><InventoryObject slot="26" type="cobblestone_wall" quantity="18"/><InventoryObject slot="27" type="gold_ore" quantity="38"/><InventoryObject slot="28" type="red_sandstone" quantity="55"/><InventoryObject slot="29" type="hay_block" quantity="36"/><InventoryObject slot="30" type="heavy_weighted_pressure_plate" quantity="61"/><InventoryObject slot="31" type="gold_block" quantity="47"/><InventoryObject slot="32" type="spruce_fence" quantity="45"/><InventoryObject slot="33" type="redstone_torch" quantity="50"/><InventoryObject slot="34" type="diamond_block" quantity="52"/><InventoryObject slot="35" type="brick_stairs" quantity="44"/></Inventory><PreferredSpawnBiome>plains</PreferredSpawnBiome><DoneOnDeath>true</DoneOnDeath><SpawnInVillage>true</SpawnInVillage></AgentStart><AgentHandlers><FileBasedPerformanceProducer/><PauseCommand/><VideoProducer want_depth="false"><Width>640</Width><Height>360</Height></VideoProducer><HumanLevelCommands/><CameraCommands/></AgentHandlers></AgentSection></Mission><ExperimentUID>dcb63deb-a607-4251-a5fd-eb3a34145a2c</ExperimentUID><ClientRole>0</ClientRole><ClientAgentConnection><ClientIPAddress>127.0.0.1</ClientIPAddress><ClientMissionControlPort>0</ClientMissionControlPort><ClientCommandsPort>0</ClientCommandsPort><AgentIPAddress>127.0.0.1</AgentIPAddress><AgentMissionControlPort>0</AgentMissionControlPort><AgentVideoPort>0</AgentVideoPort><AgentDepthPort>0</AgentDepthPort><AgentLuminancePort>0</AgentLuminancePort><AgentObservationsPort>0</AgentObservationsPort><AgentRewardsPort>0</AgentRewardsPort><AgentColourMapPort>0</AgentColourMapPort></ClientAgentConnection></MissionInit>
[15:13:52] [Render thread/INFO]: [STDOUT]: *** creating fake mouse cursor ***
[15:13:52] [EnvServerSocketHandler/INFO]: [STDOUT]: Setting width, height to 640, 360
[15:13:52] [EnvServerSocketHandler/INFO]: [STDOUT]: Gamma: 2.0
[15:13:52] [EnvServerSocketHandler/INFO]: [STDOUT]: FOV: 70.0
[15:13:52] [EnvServerSocketHandler/INFO]: [STDOUT]: GuiScale: 1.0
[15:13:52] [Render thread/INFO]: [STDOUT]: Seed not provided, generating random one: 1244931604048510410
[15:13:54] [Render thread/WARN]: Ambiguity between arguments [teleport, destination] and [teleport, targets] with inputs: [Player, 0123, @e, dd12be42-52a9-4a91-a8a1-11c01849e498]
[15:13:54] [Render thread/WARN]: Ambiguity between arguments [teleport, location] and [teleport, destination] with inputs: [0.1 -0.5 .9, 0 0 0]
[15:13:54] [Render thread/WARN]: Ambiguity between arguments [teleport, location] and [teleport, targets] with inputs: [0.1 -0.5 .9, 0 0 0]
[15:13:54] [Render thread/WARN]: Ambiguity between arguments [teleport, targets] and [teleport, destination] with inputs: [Player, 0123, dd12be42-52a9-4a91-a8a1-11c01849e498]
[15:13:54] [Render thread/WARN]: Ambiguity between arguments [teleport, targets, location] and [teleport, targets, destination] with inputs: [0.1 -0.5 .9, 0 0 0]
[15:13:54] [Render thread/INFO]: Reloading ResourceManager: Default
[15:13:54] [Render thread/INFO]: Loaded 7 recipes
[15:13:55] [Render thread/INFO]: Loaded 927 advancements
[15:13:57] [Render thread/INFO]: Environment: authHost='https://authserver.mojang.com', accountsHost='https://api.mojang.com', sessionHost='https://sessionserver.mojang.com', servicesHost='https://api.minecraftservices.com', name='PROD'
[15:13:57] [Render thread/INFO]: Starting integrated minecraft server version 1.16.5
[15:13:57] [Render thread/INFO]: Generating keypair
[15:14:09] [Render thread/INFO]: Preparing start region for dimension minecraft:overworld
[15:14:36] [Render thread/INFO]: Changing view distance to 11, from 10
[15:14:37] [Render thread/INFO]: MineRLAgent0[local:E:a8017711] logged in with entity id 253 at (-2253.5, 67.0, -1381.5)
[15:14:37] [Render thread/INFO]: MineRLAgent0 joined the game
[15:14:38] [Render thread/INFO]: Preparing spawn area: 0%
[15:14:38] [Render thread/INFO]: Time elapsed: 11 ms
[15:14:38] [Render thread/INFO]: [STDOUT]: Starting new video null
[15:14:38] [Render thread/INFO]: Saving and pausing game...
[15:14:38] [Render thread/INFO]: Saving chunks for level 'ServerLevel[mcpworldb7d5fd82f9c8]'/minecraft:overworld
[15:14:40] [Render thread/INFO]: Saving chunks for level 'ServerLevel[mcpworldb7d5fd82f9c8]'/minecraft:the_nether
[15:14:40] [Render thread/INFO]: Saving chunks for level 'ServerLevel[mcpworldb7d5fd82f9c8]'/minecraft:the_end
[15:14:41] [Render thread/INFO]: Loaded 64 advancements
[15:14:51] [EnvServerSocketHandler/INFO]: [STDOUT]: *** Stopping the replay, returning control to the inputs
