[16:01:15] [Thread-4/INFO]: [STDOUT]: SERVER enter state: DORMANT
[16:01:15] [EnvServerSocketHandler/INFO]: Received Mission token c8060214-1fb8-4744-92cb-9ab7d2863fed:0:0:1:true
[16:01:15] [EnvServerSocketHandler/INFO]: Received mission init command  <MissionInit xmlns="http://ProjectMalmo.microsoft.com" xmlns:xsi="http://www.w3.org/2001/XMLSchema-instance" SchemaVersion="" PlatformVersion="0.37.0"><Mission><About><Summary>MineRLBasaltBuildVillageHouse-v0</Summary></About><ModSettings><MsPerTick>50</MsPerTick></ModSettings><ServerSection><ServerInitialConditions><Time><AllowPassageOfTime>false</AllowPassageOfTime></Time><AllowSpawning>true</AllowSpawning></ServerInitialConditions><ServerHandlers><DefaultWorldGenerator forceReset="true" generatorOptions="{}"/><ServerQuitFromTimeUp timeLimitMs="720000" description="out_of_time"/><ServerQuitWhenAnyAgentFinishes/></ServerHandlers></ServerSection><AgentSection mode="Survival"><Name>MineRLAgent0</Name><AgentStart><LowLevelInputs>true</LowLevelInputs><GuiScale>1.0</GuiScale><GammaSetting>2.0</GammaSetting><FOVSetting>70.0</FOVSetting><FakeCursorSize>16</FakeCursorSize><Inventory><InventoryObject slot="0" type="piston" quantity="60"/><InventoryObject slot="1" type="gold_ore" quantity="15"/><InventoryObject slot="2" type="piston" quantity="5"/><InventoryObject slot="3" type="dark_oak_stairs" quantity="54"/><InventoryObject slot="4" type="ladder" quantity="25"/><InventoryObject slot="5" type="chest" quantity="8"/><InventoryObject slot="6" type="trapped_chest" quantity="43"/><InventoryObject slot="7" type="brick_stairs" quantity="10"/><InventoryObject slot="8" type="dark_oak_fence" quantity="33"/><InventoryObject slot="9" type="acacia_door" quantity="18"/><InventoryObject slot="10" type="barrier" quantity="63"/><InventoryObject slot="11" type="glass" quantity="34"/><InventoryObject slot="12" type="lapis_ore" quantity="26"/><InventoryObject slot="13" type="brown_mushroom" quantity="4"/><InventoryObject slot="14" type="command_block" quantity="42"/><InventoryObject slot="15" type="brick_stairs" quantity="26"/><InventoryObject slot="16" type="stone_pressure_plate" quantity="6"/><InventoryObject slot="17" type="stone_slab" quantity="37"/><InventoryObject slot="18" type="obsidian" quantity="53"/><InventoryObject slot="19" type="diamond_ore" quantity="46"/><InventoryObject slot="20" type="redstone_ore" quantity="39"/><InventoryObject slot="21" type="prismarine" quantity="12"/><InventoryObject slot="22" type="sticky_piston" quantity="62"/><InventoryObject slot="23" type="sandstone" quantity="64"/><InventoryObject slot="24" type="acacia_fence" quantity="15"/><InventoryObject slot="25" type="emerald_ore" quantity="11"/><InventoryObject slot="26" type="dark_oak_fence_gate" quantity="21"/><InventoryObject slot="27" type="diamond_ore" quantity="48"/><InventoryObject slot="28" type="red_mushroom_block" quantity="5"/><InventoryObject slot="29" type="spruce_fence" quantity="23"/><InventoryObject slot="30" type="hopper" quantity="36"/><InventoryObject slot="31" type="spruce_fence" quantity="38"/><InventoryObject slot="32" type="lapis_block" quantity="57"/><InventoryObject slot="33" type="brown_mushroom" quantity="17"/><InventoryObject slot="34" type="acacia_fence" quantity="37"/><InventoryObject slot="35" type="hopper" quantity="26"/></Inventory><PreferredSpawnBiome>plains</PreferredSpawnBiome><DoneOnDeath>true</DoneOnDeath><SpawnInVillage>true</SpawnInVillage></AgentStart><AgentHandlers><FileBasedPerformanceProducer/><PauseCommand/><VideoProducer want_depth="false"><Width>640</Width><Height>360</Height></VideoProducer><HumanLevelCommands/><CameraCommands/></AgentHandlers></AgentSection></Mission><ExperimentUID>c8060214-1fb8-4744-92cb-9ab7d2863fed</ExperimentUID><ClientRole>0</ClientRole><ClientAgentConnection><ClientIPAddress>127.0.0.1</ClientIPAddress><ClientMissionControlPort>0</ClientMissionControlPort><ClientCommandsPort>0</ClientCommandsPort><AgentIPAddress>127.0.0.1</AgentIPAddress><AgentMissionControlPort>0</AgentMissionControlPort><AgentVideoPort>0</AgentVideoPort><AgentDepthPort>0</AgentDepthPort><AgentLuminancePort>0</AgentLuminancePort><AgentObservationsPort>0</AgentObservationsPort><AgentRewardsPort>0</AgentRewardsPort><AgentColourMapPort>0</AgentColourMapPort></ClientAgentConnection></MissionInit>
[16:01:16] [EnvServerSocketHandler/INFO]: [STDOUT]: Setting width, height to 640, 360
[16:01:16] [EnvServerSocketHandler/INFO]: [STDOUT]: Gamma: 2.0
[16:01:16] [EnvServerSocketHandler/INFO]: [STDOUT]: FOV: 70.0
[16:01:16] [EnvServerSocketHandler/INFO]: [STDOUT]: GuiScale: 1.0
[16:01:16] [Render thread/INFO]: [STDOUT]: *** creating fake mouse cursor ***
[16:01:16] [Render thread/INFO]: [STDOUT]: Seed not provided, generating random one: -2565448275982453620
[16:01:18] [Render thread/WARN]: Ambiguity between arguments [teleport, destination] and [teleport, targets] with inputs: [Player, 0123, @e, dd12be42-52a9-4a91-a8a1-11c01849e498]
[16:01:18] [Render thread/WARN]: Ambiguity between arguments [teleport, location] and [teleport, destination] with inputs: [0.1 -0.5 .9, 0 0 0]
[16:01:18] [Render thread/WARN]: Ambiguity between arguments [teleport, location] and [teleport, targets] with inputs: [0.1 -0.5 .9, 0 0 0]
[16:01:18] [Render thread/WARN]: Ambiguity between arguments [teleport, targets] and [teleport, destination] with inputs: [Player, 0123, dd12be42-52a9-4a91-a8a1-11c01849e498]
[16:01:18] [Render thread/WARN]: Ambiguity between arguments [teleport, targets, location] and [teleport, targets, destination] with inputs: [0.1 -0.5 .9, 0 0 0]
[16:01:18] [Render thread/INFO]: Reloading ResourceManager: Default
[16:01:19] [Render thread/INFO]: Loaded 7 recipes
[16:01:19] [Render thread/INFO]: Loaded 927 advancements
[16:01:21] [Render thread/INFO]: Environment: authHost='https://authserver.mojang.com', accountsHost='https://api.mojang.com', sessionHost='https://sessionserver.mojang.com', servicesHost='https://api.minecraftservices.com', name='PROD'
[16:01:21] [Render thread/INFO]: Starting integrated minecraft server version 1.16.5
[16:01:21] [Render thread/INFO]: Generating keypair
[16:01:33] [Render thread/INFO]: Preparing start region for dimension minecraft:overworld
[16:02:02] [Render thread/INFO]: Changing view distance to 11, from 10
[16:02:02] [Render thread/INFO]: MineRLAgent0[local:E:b8586b15] logged in with entity id 144 at (-1902.5, 68.0, 219.5)
[16:02:02] [Render thread/INFO]: MineRLAgent0 joined the game
[16:02:03] [Render thread/INFO]: Preparing spawn area: 0%
[16:02:03] [Render thread/INFO]: Time elapsed: 7 ms
[16:02:04] [Render thread/INFO]: [STDOUT]: Starting new video null
[16:02:04] [Render thread/INFO]: Saving and pausing game...
[16:02:04] [Render thread/INFO]: Saving chunks for level 'ServerLevel[mcpworldb7d5fd82f9c8]'/minecraft:overworld
[16:02:05] [Render thread/INFO]: Saving chunks for level 'ServerLevel[mcpworldb7d5fd82f9c8]'/minecraft:the_nether
[16:02:05] [Render thread/INFO]: Saving chunks for level 'ServerLevel[mcpworldb7d5fd82f9c8]'/minecraft:the_end
[16:02:06] [Render thread/INFO]: MineRLAgent0 has made the advancement [Ice Bucket Challenge]
[16:02:06] [Render thread/INFO]: [CHAT] MineRLAgent0 has made the advancement [Ice Bucket Challenge]
[16:02:06] [Render thread/INFO]: Loaded 63 advancements
[16:02:14] [EnvServerSocketHandler/INFO]: [STDOUT]: *** Stopping the replay, returning control to the inputs
