[15:27:54] [Thread-4/INFO]: [STDOUT]: SERVER enter state: DORMANT
[15:27:54] [EnvServerSocketHandler/INFO]: Received Mission token 02a67896-1f0d-42e7-ac49-ffada47640d9:0:0:1:true
[15:27:54] [EnvServerSocketHandler/INFO]: Received mission init command  <MissionInit xmlns="http://ProjectMalmo.microsoft.com" xmlns:xsi="http://www.w3.org/2001/XMLSchema-instance" SchemaVersion="" PlatformVersion="0.37.0"><Mission><About><Summary>MineRLBasaltBuildVillageHouse-v0</Summary></About><ModSettings><MsPerTick>50</MsPerTick></ModSettings><ServerSection><ServerInitialConditions><Time><AllowPassageOfTime>false</AllowPassageOfTime></Time><AllowSpawning>true</AllowSpawning></ServerInitialConditions><ServerHandlers><DefaultWorldGenerator forceReset="true" generatorOptions="{}"/><ServerQuitFromTimeUp timeLimitMs="720000" description="out_of_time"/><ServerQuitWhenAnyAgentFinishes/></ServerHandlers></ServerSection><AgentSection mode="Survival"><Name>MineRLAgent0</Name><AgentStart><LowLevelInputs>true</LowLevelInputs><GuiScale>1.0</GuiScale><GammaSetting>2.0</GammaSetting><FOVSetting>70.0</FOVSetting><FakeCursorSize>16</FakeCursorSize><Inventory><InventoryObject slot="0" type="dropper" quantity="49"/><InventoryObject slot="1" type="trapped_chest" quantity="48"/><InventoryObject slot="2" type="pumpkin" quantity="21"/><InventoryObject slot="3" type="obsidian" quantity="3"/><InventoryObject slot="4" type="pumpkin" quantity="14"/><InventoryObject slot="5" type="emerald_ore" quantity="64"/><InventoryObject slot="6" type="dark_oak_stairs" quantity="21"/><InventoryObject slot="7" type="grass" quantity="52"/><InventoryObject slot="8" type="emerald_block" quantity="7"/><InventoryObject slot="9" type="pumpkin" quantity="9"/><InventoryObject slot="10" type="sandstone_stairs" quantity="52"/><InventoryObject slot="11" type="farmland" quantity="60"/><InventoryObject slot="12" type="grass" quantity="36"/><InventoryObject slot="13" type="enchanting_table" quantity="24"/><InventoryObject slot="14" type="lapis_ore" quantity="63"/><InventoryObject slot="15" type="packed_ice" quantity="50"/><InventoryObject slot="16" type="wheat" quantity="27"/><InventoryObject slot="17" type="clay" quantity="12"/><InventoryObject slot="18" type="nether_brick_stairs" quantity="32"/><InventoryObject slot="19" type="dark_oak_fence_gate" quantity="24"/><InventoryObject slot="20" type="birch_fence" quantity="51"/><InventoryObject slot="21" type="flower_pot" quantity="9"/><InventoryObject slot="22" type="tnt" quantity="22"/><InventoryObject slot="23" type="sandstone_stairs" quantity="45"/><InventoryObject slot="24" type="sticky_piston" quantity="33"/><InventoryObject slot="25" type="wheat" quantity="48"/><InventoryObject slot="26" type="furnace" quantity="18"/><InventoryObject slot="27" type="piston" quantity="64"/><InventoryObject slot="28" type="heavy_weighted_pressure_plate" quantity="60"/><InventoryObject slot="29" type="sticky_piston" quantity="20"/><InventoryObject slot="30" type="jungle_fence" quantity="35"/><InventoryObject slot="31" type="rail" quantity="19"/><InventoryObject slot="32" type="glass" quantity="14"/><InventoryObject slot="33" type="netherrack" quantity="13"/><InventoryObject slot="34" type="birch_fence" quantity="43"/><InventoryObject slot="35" type="mossy_cobblestone" quantity="9"/></Inventory><PreferredSpawnBiome>plains</PreferredSpawnBiome><DoneOnDeath>true</DoneOnDeath><SpawnInVillage>true</SpawnInVillage></AgentStart><AgentHandlers><FileBasedPerformanceProducer/><PauseCommand/><VideoProducer want_depth="false"><Width>640</Width><Height>360</Height></VideoProducer><HumanLevelCommands/><CameraCommands/></AgentHandlers></AgentSection></Mission><ExperimentUID>02a67896-1f0d-42e7-ac49-ffada47640d9</ExperimentUID><ClientRole>0</ClientRole><ClientAgentConnection><ClientIPAddress>127.0.0.1</ClientIPAddress><ClientMissionControlPort>0</ClientMissionControlPort><ClientCommandsPort>0</ClientCommandsPort><AgentIPAddress>127.0.0.1</AgentIPAddress><AgentMissionControlPort>0</AgentMissionControlPort><AgentVideoPort>0</AgentVideoPort><AgentDepthPort>0</AgentDepthPort><AgentLuminancePort>0</AgentLuminancePort><AgentObservationsPort>0</AgentObservationsPort><AgentRewardsPort>0</AgentRewardsPort><AgentColourMapPort>0</AgentColourMapPort></ClientAgentConnection></MissionInit>
[15:27:56] [EnvServerSocketHandler/INFO]: [STDOUT]: Setting width, height to 640, 360
[15:27:56] [EnvServerSocketHandler/INFO]: [STDOUT]: Gamma: 2.0
[15:27:56] [EnvServerSocketHandler/INFO]: [STDOUT]: FOV: 70.0
[15:27:56] [EnvServerSocketHandler/INFO]: [STDOUT]: GuiScale: 1.0
[15:27:56] [Render thread/INFO]: [STDOUT]: Seed not provided, generating random one: -3552212542343640391
[15:27:57] [Render thread/WARN]: Ambiguity between arguments [teleport, destination] and [teleport, targets] with inputs: [Player, 0123, @e, dd12be42-52a9-4a91-a8a1-11c01849e498]
[15:27:57] [Render thread/WARN]: Ambiguity between arguments [teleport, location] and [teleport, destination] with inputs: [0.1 -0.5 .9, 0 0 0]
[15:27:57] [Render thread/WARN]: Ambiguity between arguments [teleport, location] and [teleport, targets] with inputs: [0.1 -0.5 .9, 0 0 0]
[15:27:57] [Render thread/WARN]: Ambiguity between arguments [teleport, targets] and [teleport, destination] with inputs: [Player, 0123, dd12be42-52a9-4a91-a8a1-11c01849e498]
[15:27:57] [Render thread/WARN]: Ambiguity between arguments [teleport, targets, location] and [teleport, targets, destination] with inputs: [0.1 -0.5 .9, 0 0 0]
[15:27:57] [Render thread/INFO]: Reloading ResourceManager: Default
[15:27:58] [Render thread/INFO]: Loaded 7 recipes
[15:27:58] [Render thread/INFO]: Loaded 927 advancements
[15:27:59] [Render thread/INFO]: [STDOUT]: *** creating fake mouse cursor ***
[15:28:00] [Render thread/INFO]: Environment: authHost='https://authserver.mojang.com', accountsHost='https://api.mojang.com', sessionHost='https://sessionserver.mojang.com', servicesHost='https://api.minecraftservices.com', name='PROD'
[15:28:00] [Render thread/INFO]: Starting integrated minecraft server version 1.16.5
[15:28:00] [Render thread/INFO]: Generating keypair
[15:28:13] [Render thread/INFO]: Preparing start region for dimension minecraft:overworld
[15:28:45] [Render thread/INFO]: Changing view distance to 11, from 10
[15:28:45] [Render thread/INFO]: MineRLAgent0[local:E:04f935b7] logged in with entity id 187 at (2226.5, 73.0, -1685.5)
[15:28:46] [Render thread/INFO]: MineRLAgent0 joined the game
[15:28:46] [Render thread/INFO]: Preparing spawn area: 0%
[15:28:46] [Render thread/INFO]: Time elapsed: 5 ms
[15:28:47] [Render thread/INFO]: [STDOUT]: Starting new video null
[15:28:47] [Render thread/INFO]: Saving and pausing game...
[15:28:47] [Render thread/INFO]: Saving chunks for level 'ServerLevel[mcpworldabfcf1c1b7d5]'/minecraft:overworld
[15:28:49] [Render thread/INFO]: Saving chunks for level 'ServerLevel[mcpworldabfcf1c1b7d5]'/minecraft:the_nether
[15:28:49] [Render thread/INFO]: Saving chunks for level 'ServerLevel[mcpworldabfcf1c1b7d5]'/minecraft:the_end
[15:28:50] [Render thread/INFO]: MineRLAgent0 has made the advancement [Ice Bucket Challenge]
[15:28:50] [Render thread/INFO]: [CHAT] MineRLAgent0 has made the advancement [Ice Bucket Challenge]
[15:28:50] [Render thread/INFO]: Loaded 54 advancements
[15:28:58] [EnvServerSocketHandler/INFO]: [STDOUT]: *** Stopping the replay, returning control to the inputs
