[15:17:44] [Thread-4/INFO]: [STDOUT]: SERVER enter state: DORMANT
[15:17:44] [EnvServerSocketHandler/INFO]: Received Mission token b61c332c-ed91-4f87-824b-2b231c64e238:0:0:1:true
[15:17:44] [EnvServerSocketHandler/INFO]: Received mission init command  <MissionInit xmlns="http://ProjectMalmo.microsoft.com" xmlns:xsi="http://www.w3.org/2001/XMLSchema-instance" SchemaVersion="" PlatformVersion="0.37.0"><Mission><About><Summary>MineRLBasaltBuildVillageHouse-v0</Summary></About><ModSettings><MsPerTick>50</MsPerTick></ModSettings><ServerSection><ServerInitialConditions><Time><AllowPassageOfTime>false</AllowPassageOfTime></Time><AllowSpawning>true</AllowSpawning></ServerInitialConditions><ServerHandlers><DefaultWorldGenerator forceReset="true" generatorOptions="{}"/><ServerQuitFromTimeUp timeLimitMs="720000" description="out_of_time"/><ServerQuitWhenAnyAgentFinishes/></ServerHandlers></ServerSection><AgentSection mode="Survival"><Name>MineRLAgent0</Name><AgentStart><LowLevelInputs>true</LowLevelInputs><GuiScale>1.0</GuiScale><GammaSetting>2.0</GammaSetting><FOVSetting>70.0</FOVSetting><FakeCursorSize>16</FakeCursorSize><Inventory><InventoryObject slot="0" type="obsidian" quantity="10"/><InventoryObject slot="1" type="red_mushroom" quantity="56"/><InventoryObject slot="2" type="dragon_egg" quantity="48"/><InventoryObject slot="3" type="gold_block" quantity="10"/><InventoryObject slot="4" type="pumpkin" quantity="22"/><InventoryObject slot="5" type="iron_door" quantity="21"/><InventoryObject slot="6" type="iron_bars" quantity="37"/><InventoryObject slot="7" type="quartz_block" quantity="40"/><InventoryObject slot="8" type="redstone_ore" quantity="41"/><InventoryObject slot="9" type="ladder" quantity="9"/><InventoryObject slot="10" type="ice" quantity="35"/><InventoryObject slot="11" type="brown_mushroom" quantity="27"/><InventoryObject slot="12" type="gravel" quantity="34"/><InventoryObject slot="13" type="tripwire_hook" quantity="23"/><InventoryObject slot="14" type="jungle_fence_gate" quantity="14"/><InventoryObject slot="15" type="light_weighted_pressure_plate" quantity="11"/><InventoryObject slot="16" type="dragon_egg" quantity="18"/><InventoryObject slot="17" type="glowstone" quantity="22"/><InventoryObject slot="18" type="redstone_ore" quantity="21"/><InventoryObject slot="19" type="jungle_fence_gate" quantity="6"/><InventoryObject slot="20" type="glowstone" quantity="38"/><InventoryObject slot="21" type="grass" quantity="16"/><InventoryObject slot="22" type="nether_brick_fence" quantity="45"/><InventoryObject slot="23" type="stone" quantity="14"/><InventoryObject slot="24" type="cobblestone" quantity="38"/><InventoryObject slot="25" type="nether_wart" quantity="15"/><InventoryObject slot="26" type="brick_stairs" quantity="48"/><InventoryObject slot="27" type="glowstone" quantity="40"/><InventoryObject slot="28" type="nether_brick_fence" quantity="32"/><InventoryObject slot="29" type="lapis_block" quantity="21"/><InventoryObject slot="30" type="mycelium" quantity="3"/><InventoryObject slot="31" type="spruce_door" quantity="36"/><InventoryObject slot="32" type="furnace" quantity="56"/><InventoryObject slot="33" type="hay_block" quantity="51"/><InventoryObject slot="34" type="stone" quantity="2"/><InventoryObject slot="35" type="end_portal_frame" quantity="23"/></Inventory><PreferredSpawnBiome>plains</PreferredSpawnBiome><DoneOnDeath>true</DoneOnDeath><SpawnInVillage>true</SpawnInVillage></AgentStart><AgentHandlers><FileBasedPerformanceProducer/><PauseCommand/><VideoProducer want_depth="false"><Width>640</Width><Height>360</Height></VideoProducer><HumanLevelCommands/><CameraCommands/></AgentHandlers></AgentSection></Mission><ExperimentUID>b61c332c-ed91-4f87-824b-2b231c64e238</ExperimentUID><ClientRole>0</ClientRole><ClientAgentConnection><ClientIPAddress>127.0.0.1</ClientIPAddress><ClientMissionControlPort>0</ClientMissionControlPort><ClientCommandsPort>0</ClientCommandsPort><AgentIPAddress>127.0.0.1</AgentIPAddress><AgentMissionControlPort>0</AgentMissionControlPort><AgentVideoPort>0</AgentVideoPort><AgentDepthPort>0</AgentDepthPort><AgentLuminancePort>0</AgentLuminancePort><AgentObservationsPort>0</AgentObservationsPort><AgentRewardsPort>0</AgentRewardsPort><AgentColourMapPort>0</AgentColourMapPort></ClientAgentConnection></MissionInit>
[15:17:45] [EnvServerSocketHandler/INFO]: [STDOUT]: Setting width, height to 640, 360
[15:17:45] [EnvServerSocketHandler/INFO]: [STDOUT]: Gamma: 2.0
[15:17:45] [EnvServerSocketHandler/INFO]: [STDOUT]: FOV: 70.0
[15:17:45] [EnvServerSocketHandler/INFO]: [STDOUT]: GuiScale: 1.0
[15:17:46] [Render thread/INFO]: [STDOUT]: Seed not provided, generating random one: 159171833038377298
[15:17:47] [Render thread/WARN]: Ambiguity between arguments [teleport, destination] and [teleport, targets] with inputs: [Player, 0123, @e, dd12be42-52a9-4a91-a8a1-11c01849e498]
[15:17:47] [Render thread/WARN]: Ambiguity between arguments [teleport, location] and [teleport, destination] with inputs: [0.1 -0.5 .9, 0 0 0]
[15:17:47] [Render thread/WARN]: Ambiguity between arguments [teleport, location] and [teleport, targets] with inputs: [0.1 -0.5 .9, 0 0 0]
[15:17:47] [Render thread/WARN]: Ambiguity between arguments [teleport, targets] and [teleport, destination] with inputs: [Player, 0123, dd12be42-52a9-4a91-a8a1-11c01849e498]
[15:17:47] [Render thread/WARN]: Ambiguity between arguments [teleport, targets, location] and [teleport, targets, destination] with inputs: [0.1 -0.5 .9, 0 0 0]
[15:17:47] [Render thread/INFO]: Reloading ResourceManager: Default
[15:17:48] [Render thread/INFO]: Loaded 7 recipes
[15:17:48] [Render thread/INFO]: Loaded 927 advancements
[15:17:48] [Render thread/INFO]: [STDOUT]: *** creating fake mouse cursor ***
[15:17:50] [Render thread/INFO]: Environment: authHost='https://authserver.mojang.com', accountsHost='https://api.mojang.com', sessionHost='https://sessionserver.mojang.com', servicesHost='https://api.minecraftservices.com', name='PROD'
[15:17:50] [Render thread/INFO]: Starting integrated minecraft server version 1.16.5
[15:17:50] [Render thread/INFO]: Generating keypair
[15:18:01] [Render thread/INFO]: Preparing start region for dimension minecraft:overworld
[15:18:12] [Render thread/INFO]: Changing view distance to 11, from 10
[15:18:13] [Render thread/INFO]: MineRLAgent0[local:E:95d5ff4f] logged in with entity id 151 at (567.5, 63.0, -1250.5)
[15:18:13] [Render thread/INFO]: MineRLAgent0 joined the game
[15:18:13] [Render thread/INFO]: Preparing spawn area: 0%
[15:18:13] [Render thread/INFO]: Time elapsed: 10 ms
[15:18:14] [Render thread/INFO]: [STDOUT]: Starting new video null
[15:18:14] [Render thread/INFO]: Saving and pausing game...
[15:18:14] [Render thread/INFO]: Saving chunks for level 'ServerLevel[mcpworldb7d5fd82f9c8]'/minecraft:overworld
[15:18:15] [Render thread/INFO]: Saving chunks for level 'ServerLevel[mcpworldb7d5fd82f9c8]'/minecraft:the_nether
[15:18:15] [Render thread/INFO]: Saving chunks for level 'ServerLevel[mcpworldb7d5fd82f9c8]'/minecraft:the_end
[15:18:16] [Render thread/INFO]: MineRLAgent0 has reached the goal [The Next Generation]
[15:18:16] [Render thread/INFO]: MineRLAgent0 has made the advancement [Stone Age]
[15:18:16] [Render thread/INFO]: MineRLAgent0 has made the advancement [Ice Bucket Challenge]
[15:18:17] [Render thread/INFO]: [CHAT] MineRLAgent0 has reached the goal [The Next Generation]
[15:18:17] [Render thread/INFO]: [CHAT] MineRLAgent0 has made the advancement [Stone Age]
[15:18:17] [Render thread/INFO]: [CHAT] MineRLAgent0 has made the advancement [Ice Bucket Challenge]
[15:18:17] [Render thread/INFO]: Loaded 89 advancements
[15:18:25] [EnvServerSocketHandler/INFO]: [STDOUT]: *** Stopping the replay, returning control to the inputs
