[15:07:49] [Thread-4/INFO]: [STDOUT]: SERVER enter state: DORMANT
[15:07:49] [EnvServerSocketHandler/INFO]: Received Mission token e308fe1b-2487-4017-9294-4b50c9dc516b:0:0:1:true
[15:07:49] [EnvServerSocketHandler/INFO]: Received mission init command  <MissionInit xmlns="http://ProjectMalmo.microsoft.com" xmlns:xsi="http://www.w3.org/2001/XMLSchema-instance" SchemaVersion="" PlatformVersion="0.37.0"><Mission><About><Summary>MineRLBasaltBuildVillageHouse-v0</Summary></About><ModSettings><MsPerTick>50</MsPerTick></ModSettings><ServerSection><ServerInitialConditions><Time><AllowPassageOfTime>false</AllowPassageOfTime></Time><AllowSpawning>true</AllowSpawning></ServerInitialConditions><ServerHandlers><DefaultWorldGenerator forceReset="true" generatorOptions="{}"/><ServerQuitFromTimeUp timeLimitMs="720000" description="out_of_time"/><ServerQuitWhenAnyAgentFinishes/></ServerHandlers></ServerSection><AgentSection mode="Survival"><Name>MineRLAgent0</Name><AgentStart><LowLevelInputs>true</LowLevelInputs><GuiScale>1.0</GuiScale><GammaSetting>2.0</GammaSetting><FOVSetting>70.0</FOVSetting><FakeCursorSize>16</FakeCursorSize><Inventory><InventoryObject slot="0" type="jungle_stairs" quantity="12"/><InventoryObject slot="1" type="red_mushroom_block" quantity="51"/><InventoryObject slot="2" type="activator_rail" quantity="59"/><InventoryObject slot="3" type="end_stone" quantity="46"/><InventoryObject slot="4" type="nether_brick" quantity="15"/><InventoryObject slot="5" type="red_mushroom_block" quantity="13"/><InventoryObject slot="6" type="iron_trapdoor" quantity="4"/><InventoryObject slot="7" type="stone_pressure_plate" quantity="30"/><InventoryObject slot="8" type="emerald_block" quantity="2"/><InventoryObject slot="9" type="cobblestone" quantity="16"/><InventoryObject slot="10" type="brick_stairs" quantity="43"/><InventoryObject slot="11" type="brewing_stand" quantity="47"/><InventoryObject slot="12" type="dark_oak_fence_gate" quantity="55"/><InventoryObject slot="13" type="enchanting_table" quantity="13"/><InventoryObject slot="14" type="light_weighted_pressure_plate" quantity="13"/><InventoryObject slot="15" type="netherrack" quantity="46"/><InventoryObject slot="16" type="birch_door" quantity="53"/><InventoryObject slot="17" type="ender_chest" quantity="27"/><InventoryObject slot="18" type="jungle_door" quantity="36"/><InventoryObject slot="19" type="command_block" quantity="59"/><InventoryObject slot="20" type="birch_stairs" quantity="7"/><InventoryObject slot="21" type="rail" quantity="57"/><InventoryObject slot="22" type="tripwire_hook" quantity="21"/><InventoryObject slot="23" type="sponge" quantity="22"/><InventoryObject slot="24" type="stone_brick_stairs" quantity="9"/><InventoryObject slot="25" type="brewing_stand" quantity="59"/><InventoryObject slot="26" type="gold_block" quantity="55"/><InventoryObject slot="27" type="brick_stairs" quantity="17"/><InventoryObject slot="28" type="mycelium" quantity="4"/><InventoryObject slot="29" type="glass" quantity="40"/><InventoryObject slot="30" type="rail" quantity="46"/><InventoryObject slot="31" type="coal_block" quantity="25"/><InventoryObject slot="32" type="light_weighted_pressure_plate" quantity="54"/><InventoryObject slot="33" type="ladder" quantity="53"/><InventoryObject slot="34" type="torch" quantity="62"/><InventoryObject slot="35" type="brewing_stand" quantity="29"/></Inventory><PreferredSpawnBiome>plains</PreferredSpawnBiome><DoneOnDeath>true</DoneOnDeath><SpawnInVillage>true</SpawnInVillage></AgentStart><AgentHandlers><FileBasedPerformanceProducer/><PauseCommand/><VideoProducer want_depth="false"><Width>640</Width><Height>360</Height></VideoProducer><HumanLevelCommands/><CameraCommands/></AgentHandlers></AgentSection></Mission><ExperimentUID>e308fe1b-2487-4017-9294-4b50c9dc516b</ExperimentUID><ClientRole>0</ClientRole><ClientAgentConnection><ClientIPAddress>127.0.0.1</ClientIPAddress><ClientMissionControlPort>0</ClientMissionControlPort><ClientCommandsPort>0</ClientCommandsPort><AgentIPAddress>127.0.0.1</AgentIPAddress><AgentMissionControlPort>0</AgentMissionControlPort><AgentVideoPort>0</AgentVideoPort><AgentDepthPort>0</AgentDepthPort><AgentLuminancePort>0</AgentLuminancePort><AgentObservationsPort>0</AgentObservationsPort><AgentRewardsPort>0</AgentRewardsPort><AgentColourMapPort>0</AgentColourMapPort></ClientAgentConnection></MissionInit>
[15:07:50] [EnvServerSocketHandler/INFO]: [STDOUT]: Setting width, height to 640, 360
[15:07:50] [EnvServerSocketHandler/INFO]: [STDOUT]: Gamma: 2.0
[15:07:50] [EnvServerSocketHandler/INFO]: [STDOUT]: FOV: 70.0
[15:07:50] [EnvServerSocketHandler/INFO]: [STDOUT]: GuiScale: 1.0
[15:07:51] [Render thread/INFO]: [STDOUT]: Seed not provided, generating random one: 7315180402998258363
[15:07:52] [Render thread/WARN]: Ambiguity between arguments [teleport, destination] and [teleport, targets] with inputs: [Player, 0123, @e, dd12be42-52a9-4a91-a8a1-11c01849e498]
[15:07:52] [Render thread/WARN]: Ambiguity between arguments [teleport, location] and [teleport, destination] with inputs: [0.1 -0.5 .9, 0 0 0]
[15:07:52] [Render thread/WARN]: Ambiguity between arguments [teleport, location] and [teleport, targets] with inputs: [0.1 -0.5 .9, 0 0 0]
[15:07:52] [Render thread/WARN]: Ambiguity between arguments [teleport, targets] and [teleport, destination] with inputs: [Player, 0123, dd12be42-52a9-4a91-a8a1-11c01849e498]
[15:07:52] [Render thread/WARN]: Ambiguity between arguments [teleport, targets, location] and [teleport, targets, destination] with inputs: [0.1 -0.5 .9, 0 0 0]
[15:07:52] [Render thread/INFO]: Reloading ResourceManager: Default
[15:07:53] [Render thread/INFO]: Loaded 7 recipes
[15:07:53] [Render thread/INFO]: Loaded 927 advancements
[15:07:53] [Render thread/INFO]: [STDOUT]: *** creating fake mouse cursor ***
[15:07:55] [Render thread/INFO]: Environment: authHost='https://authserver.mojang.com', accountsHost='https://api.mojang.com', sessionHost='https://sessionserver.mojang.com', servicesHost='https://api.minecraftservices.com', name='PROD'
[15:07:55] [Render thread/INFO]: Starting integrated minecraft server version 1.16.5
[15:07:55] [Render thread/INFO]: Generating keypair
[15:08:01] [Render thread/INFO]: Preparing start region for dimension minecraft:overworld
[15:08:08] [Render thread/INFO]: Changing view distance to 11, from 10
[15:08:09] [Render thread/INFO]: MineRLAgent0[local:E:9c379f50] logged in with entity id 131 at (-205.5, 69.0, -1269.5)
[15:08:09] [Render thread/INFO]: MineRLAgent0 joined the game
[15:08:10] [Render thread/INFO]: Preparing spawn area: 0%
[15:08:10] [Render thread/INFO]: Time elapsed: 3 ms
[15:08:10] [Render thread/INFO]: [STDOUT]: Starting new video null
[15:08:10] [Render thread/INFO]: Saving and pausing game...
[15:08:10] [Render thread/INFO]: Saving chunks for level 'ServerLevel[mcpworldabfcf1c1b7d5]'/minecraft:overworld
[15:08:11] [Render thread/INFO]: Saving chunks for level 'ServerLevel[mcpworldabfcf1c1b7d5]'/minecraft:the_nether
[15:08:11] [Render thread/INFO]: Saving chunks for level 'ServerLevel[mcpworldabfcf1c1b7d5]'/minecraft:the_end
[15:08:12] [Render thread/INFO]: MineRLAgent0 has made the advancement [Stone Age]
[15:08:13] [Render thread/INFO]: [CHAT] MineRLAgent0 has made the advancement [Stone Age]
[15:08:13] [Render thread/INFO]: Loaded 53 advancements
[15:08:23] [EnvServerSocketHandler/INFO]: [STDOUT]: *** Stopping the replay, returning control to the inputs
