[15:24:09] [Thread-4/INFO]: [STDOUT]: SERVER enter state: DORMANT
[15:24:09] [EnvServerSocketHandler/INFO]: Received Mission token 2d62380c-12c7-4b0c-b806-c567ad0d6055:0:0:1:true
[15:24:09] [EnvServerSocketHandler/INFO]: Received mission init command  <MissionInit xmlns="http://ProjectMalmo.microsoft.com" xmlns:xsi="http://www.w3.org/2001/XMLSchema-instance" SchemaVersion="" PlatformVersion="0.37.0"><Mission><About><Summary>MineRLBasaltBuildVillageHouse-v0</Summary></About><ModSettings><MsPerTick>50</MsPerTick></ModSettings><ServerSection><ServerInitialConditions><Time><AllowPassageOfTime>false</AllowPassageOfTime></Time><AllowSpawning>true</AllowSpawning></ServerInitialConditions><ServerHandlers><DefaultWorldGenerator forceReset="true" generatorOptions="{}"/><ServerQuitFromTimeUp timeLimitMs="720000" description="out_of_time"/><ServerQuitWhenAnyAgentFinishes/></ServerHandlers></ServerSection><AgentSection mode="Survival"><Name>MineRLAgent0</Name><AgentStart><LowLevelInputs>true</LowLevelInputs><GuiScale>1.0</GuiScale><GammaSetting>2.0</GammaSetting><FOVSetting>70.0</FOVSetting><FakeCursorSize>16</FakeCursorSize><Inventory><InventoryObject slot="0" type="jungle_door" quantity="26"/><InventoryObject slot="1" type="emerald_ore" quantity="8"/><InventoryObject slot="2" type="diamond_block" quantity="23"/><InventoryObject slot="3" type="prismarine" quantity="40"/><InventoryObject slot="4" type="quartz_stairs" quantity="28"/><InventoryObject slot="5" type="redstone_ore" quantity="49"/><InventoryObject slot="6" type="anvil" quantity="63"/><InventoryObject slot="7" type="red_mushroom_block" quantity="12"/><InventoryObject slot="8" type="lapis_block" quantity="42"/><InventoryObject slot="9" type="furnace" quantity="15"/><InventoryObject slot="10" type="iron_door" quantity="9"/><InventoryObject slot="11" type="hay_block" quantity="19"/><InventoryObject slot="12" type="obsidian" quantity="20"/><InventoryObject slot="13" type="tnt" quantity="25"/><InventoryObject slot="14" type="dark_oak_stairs" quantity="20"/><InventoryObject slot="15" type="redstone_block" quantity="10"/><InventoryObject slot="16" type="birch_stairs" quantity="32"/><InventoryObject slot="17" type="spruce_stairs" quantity="24"/><InventoryObject slot="18" type="ice" quantity="18"/><InventoryObject slot="19" type="sandstone_stairs" quantity="12"/><InventoryObject slot="20" type="detector_rail" quantity="55"/><InventoryObject slot="21" type="farmland" quantity="19"/><InventoryObject slot="22" type="end_portal_frame" quantity="31"/><InventoryObject slot="23" type="redstone_block" quantity="29"/><InventoryObject slot="24" type="stone_button" quantity="53"/><InventoryObject slot="25" type="crafting_table" quantity="47"/><InventoryObject slot="26" type="piston" quantity="35"/><InventoryObject slot="27" type="jungle_door" quantity="21"/><InventoryObject slot="28" type="command_block" quantity="39"/><InventoryObject slot="29" type="sea_lantern" quantity="56"/><InventoryObject slot="30" type="sandstone" quantity="32"/><InventoryObject slot="31" type="dark_oak_stairs" quantity="12"/><InventoryObject slot="32" type="brick_stairs" quantity="20"/><InventoryObject slot="33" type="birch_door" quantity="59"/><InventoryObject slot="34" type="jungle_fence_gate" quantity="29"/><InventoryObject slot="35" type="glass" quantity="42"/></Inventory><PreferredSpawnBiome>plains</PreferredSpawnBiome><DoneOnDeath>true</DoneOnDeath><SpawnInVillage>true</SpawnInVillage></AgentStart><AgentHandlers><FileBasedPerformanceProducer/><PauseCommand/><VideoProducer want_depth="false"><Width>640</Width><Height>360</Height></VideoProducer><HumanLevelCommands/><CameraCommands/></AgentHandlers></AgentSection></Mission><ExperimentUID>2d62380c-12c7-4b0c-b806-c567ad0d6055</ExperimentUID><ClientRole>0</ClientRole><ClientAgentConnection><ClientIPAddress>127.0.0.1</ClientIPAddress><ClientMissionControlPort>0</ClientMissionControlPort><ClientCommandsPort>0</ClientCommandsPort><AgentIPAddress>127.0.0.1</AgentIPAddress><AgentMissionControlPort>0</AgentMissionControlPort><AgentVideoPort>0</AgentVideoPort><AgentDepthPort>0</AgentDepthPort><AgentLuminancePort>0</AgentLuminancePort><AgentObservationsPort>0</AgentObservationsPort><AgentRewardsPort>0</AgentRewardsPort><AgentColourMapPort>0</AgentColourMapPort></ClientAgentConnection></MissionInit>
[15:24:10] [EnvServerSocketHandler/INFO]: [STDOUT]: Setting width, height to 640, 360
[15:24:10] [EnvServerSocketHandler/INFO]: [STDOUT]: Gamma: 2.0
[15:24:10] [EnvServerSocketHandler/INFO]: [STDOUT]: FOV: 70.0
[15:24:10] [EnvServerSocketHandler/INFO]: [STDOUT]: GuiScale: 1.0
[15:24:11] [Render thread/INFO]: [STDOUT]: Seed not provided, generating random one: 9014407146790379629
[15:24:12] [Render thread/WARN]: Ambiguity between arguments [teleport, destination] and [teleport, targets] with inputs: [Player, 0123, @e, dd12be42-52a9-4a91-a8a1-11c01849e498]
[15:24:12] [Render thread/WARN]: Ambiguity between arguments [teleport, location] and [teleport, destination] with inputs: [0.1 -0.5 .9, 0 0 0]
[15:24:12] [Render thread/WARN]: Ambiguity between arguments [teleport, location] and [teleport, targets] with inputs: [0.1 -0.5 .9, 0 0 0]
[15:24:12] [Render thread/WARN]: Ambiguity between arguments [teleport, targets] and [teleport, destination] with inputs: [Player, 0123, dd12be42-52a9-4a91-a8a1-11c01849e498]
[15:24:12] [Render thread/WARN]: Ambiguity between arguments [teleport, targets, location] and [teleport, targets, destination] with inputs: [0.1 -0.5 .9, 0 0 0]
[15:24:12] [Render thread/INFO]: Reloading ResourceManager: Default
[15:24:13] [Render thread/INFO]: Loaded 7 recipes
[15:24:13] [Render thread/INFO]: Loaded 927 advancements
[15:24:13] [Render thread/INFO]: [STDOUT]: *** creating fake mouse cursor ***
[15:24:15] [Render thread/INFO]: Environment: authHost='https://authserver.mojang.com', accountsHost='https://api.mojang.com', sessionHost='https://sessionserver.mojang.com', servicesHost='https://api.minecraftservices.com', name='PROD'
[15:24:15] [Render thread/INFO]: Starting integrated minecraft server version 1.16.5
[15:24:15] [Render thread/INFO]: Generating keypair
[15:24:27] [Render thread/INFO]: Preparing start region for dimension minecraft:overworld
[15:24:40] [Render thread/INFO]: Changing view distance to 11, from 10
[15:24:41] [Render thread/INFO]: MineRLAgent0[local:E:fb3cf0fa] logged in with entity id 210 at (-1185.5, 64.0, 27.5)
[15:24:41] [Render thread/INFO]: MineRLAgent0 joined the game
[15:24:42] [Render thread/INFO]: Preparing spawn area: 0%
[15:24:42] [Render thread/INFO]: Time elapsed: 7 ms
[15:24:42] [Render thread/INFO]: [STDOUT]: Starting new video null
[15:24:42] [Render thread/INFO]: Saving and pausing game...
[15:24:42] [Render thread/INFO]: Saving chunks for level 'ServerLevel[mcpworldabfcf1c1b7d5]'/minecraft:overworld
[15:24:44] [Render thread/INFO]: Saving chunks for level 'ServerLevel[mcpworldabfcf1c1b7d5]'/minecraft:the_nether
[15:24:44] [Render thread/INFO]: Saving chunks for level 'ServerLevel[mcpworldabfcf1c1b7d5]'/minecraft:the_end
[15:24:45] [Render thread/INFO]: MineRLAgent0 has made the advancement [Ice Bucket Challenge]
[15:24:45] [Render thread/INFO]: [CHAT] MineRLAgent0 has made the advancement [Ice Bucket Challenge]
[15:24:45] [Render thread/INFO]: Loaded 60 advancements
[15:24:54] [EnvServerSocketHandler/INFO]: [STDOUT]: *** Stopping the replay, returning control to the inputs
