[15:21:53] [Thread-4/INFO]: [STDOUT]: SERVER enter state: DORMANT
[15:21:53] [EnvServerSocketHandler/INFO]: Received Mission token 7ed8a708-5b62-4e00-a3c5-be2d04cf0e41:0:0:1:true
[15:21:53] [EnvServerSocketHandler/INFO]: Received mission init command  <MissionInit xmlns="http://ProjectMalmo.microsoft.com" xmlns:xsi="http://www.w3.org/2001/XMLSchema-instance" SchemaVersion="" PlatformVersion="0.37.0"><Mission><About><Summary>MineRLBasaltBuildVillageHouse-v0</Summary></About><ModSettings><MsPerTick>50</MsPerTick></ModSettings><ServerSection><ServerInitialConditions><Time><AllowPassageOfTime>false</AllowPassageOfTime></Time><AllowSpawning>true</AllowSpawning></ServerInitialConditions><ServerHandlers><DefaultWorldGenerator forceReset="true" generatorOptions="{}"/><ServerQuitFromTimeUp timeLimitMs="720000" description="out_of_time"/><ServerQuitWhenAnyAgentFinishes/></ServerHandlers></ServerSection><AgentSection mode="Survival"><Name>MineRLAgent0</Name><AgentStart><LowLevelInputs>true</LowLevelInputs><GuiScale>1.0</GuiScale><GammaSetting>2.0</GammaSetting><FOVSetting>70.0</FOVSetting><FakeCursorSize>16</FakeCursorSize><Inventory><InventoryObject slot="0" type="quartz_block" quantity="52"/><InventoryObject slot="1" type="tripwire_hook" quantity="60"/><InventoryObject slot="2" type="ender_chest" quantity="51"/><InventoryObject slot="3" type="brown_mushroom_block" quantity="40"/><InventoryObject slot="4" type="glass_pane" quantity="38"/><InventoryObject slot="5" type="spruce_fence" quantity="27"/><InventoryObject slot="6" type="acacia_stairs" quantity="19"/><InventoryObject slot="7" type="acacia_door" quantity="39"/><InventoryObject slot="8" type="diamond_ore" quantity="54"/><InventoryObject slot="9" type="sandstone" quantity="1"/><InventoryObject slot="10" type="tripwire_hook" quantity="3"/><InventoryObject slot="11" type="ladder" quantity="22"/><InventoryObject slot="12" type="flower_pot" quantity="46"/><InventoryObject slot="13" type="flower_pot" quantity="53"/><InventoryObject slot="14" type="dark_oak_fence_gate" quantity="2"/><InventoryObject slot="15" type="vine" quantity="15"/><InventoryObject slot="16" type="anvil" quantity="44"/><InventoryObject slot="17" type="clay" quantity="6"/><InventoryObject slot="18" type="end_portal_frame" quantity="55"/><InventoryObject slot="19" type="glowstone" quantity="20"/><InventoryObject slot="20" type="dark_oak_door" quantity="56"/><InventoryObject slot="21" type="oak_stairs" quantity="51"/><InventoryObject slot="22" type="emerald_ore" quantity="44"/><InventoryObject slot="23" type="lapis_block" quantity="64"/><InventoryObject slot="24" type="crafting_table" quantity="46"/><InventoryObject slot="25" type="enchanting_table" quantity="41"/><InventoryObject slot="26" type="emerald_block" quantity="50"/><InventoryObject slot="27" type="spruce_fence" quantity="22"/><InventoryObject slot="28" type="brown_mushroom" quantity="63"/><InventoryObject slot="29" type="pumpkin" quantity="59"/><InventoryObject slot="30" type="cobblestone" quantity="38"/><InventoryObject slot="31" type="iron_trapdoor" quantity="42"/><InventoryObject slot="32" type="ender_chest" quantity="35"/><InventoryObject slot="33" type="activator_rail" quantity="63"/><InventoryObject slot="34" type="emerald_block" quantity="24"/><InventoryObject slot="35" type="diamond_ore" quantity="40"/></Inventory><PreferredSpawnBiome>plains</PreferredSpawnBiome><DoneOnDeath>true</DoneOnDeath><SpawnInVillage>true</SpawnInVillage></AgentStart><AgentHandlers><FileBasedPerformanceProducer/><PauseCommand/><VideoProducer want_depth="false"><Width>640</Width><Height>360</Height></VideoProducer><HumanLevelCommands/><CameraCommands/></AgentHandlers></AgentSection></Mission><ExperimentUID>7ed8a708-5b62-4e00-a3c5-be2d04cf0e41</ExperimentUID><ClientRole>0</ClientRole><ClientAgentConnection><ClientIPAddress>127.0.0.1</ClientIPAddress><ClientMissionControlPort>0</ClientMissionControlPort><ClientCommandsPort>0</ClientCommandsPort><AgentIPAddress>127.0.0.1</AgentIPAddress><AgentMissionControlPort>0</AgentMissionControlPort><AgentVideoPort>0</AgentVideoPort><AgentDepthPort>0</AgentDepthPort><AgentLuminancePort>0</AgentLuminancePort><AgentObservationsPort>0</AgentObservationsPort><AgentRewardsPort>0</AgentRewardsPort><AgentColourMapPort>0</AgentColourMapPort></ClientAgentConnection></MissionInit>
[15:21:54] [EnvServerSocketHandler/INFO]: [STDOUT]: Setting width, height to 640, 360
[15:21:54] [EnvServerSocketHandler/INFO]: [STDOUT]: Gamma: 2.0
[15:21:54] [EnvServerSocketHandler/INFO]: [STDOUT]: FOV: 70.0
[15:21:54] [EnvServerSocketHandler/INFO]: [STDOUT]: GuiScale: 1.0
[15:21:54] [Render thread/INFO]: [STDOUT]: Seed not provided, generating random one: 3313369293449882478
[15:21:56] [Render thread/WARN]: Ambiguity between arguments [teleport, destination] and [teleport, targets] with inputs: [Player, 0123, @e, dd12be42-52a9-4a91-a8a1-11c01849e498]
[15:21:56] [Render thread/WARN]: Ambiguity between arguments [teleport, location] and [teleport, destination] with inputs: [0.1 -0.5 .9, 0 0 0]
[15:21:56] [Render thread/WARN]: Ambiguity between arguments [teleport, location] and [teleport, targets] with inputs: [0.1 -0.5 .9, 0 0 0]
[15:21:56] [Render thread/WARN]: Ambiguity between arguments [teleport, targets] and [teleport, destination] with inputs: [Player, 0123, dd12be42-52a9-4a91-a8a1-11c01849e498]
[15:21:56] [Render thread/WARN]: Ambiguity between arguments [teleport, targets, location] and [teleport, targets, destination] with inputs: [0.1 -0.5 .9, 0 0 0]
[15:21:56] [Render thread/INFO]: Reloading ResourceManager: Default
[15:21:57] [Render thread/INFO]: Loaded 7 recipes
[15:21:57] [Render thread/INFO]: Loaded 927 advancements
[15:21:57] [Render thread/INFO]: [STDOUT]: *** creating fake mouse cursor ***
[15:21:59] [Render thread/INFO]: Environment: authHost='https://authserver.mojang.com', accountsHost='https://api.mojang.com', sessionHost='https://sessionserver.mojang.com', servicesHost='https://api.minecraftservices.com', name='PROD'
[15:21:59] [Render thread/INFO]: Starting integrated minecraft server version 1.16.5
[15:21:59] [Render thread/INFO]: Generating keypair
[15:22:04] [Render thread/INFO]: Preparing start region for dimension minecraft:overworld
[15:22:11] [Render thread/INFO]: Changing view distance to 11, from 10
[15:22:12] [Render thread/INFO]: MineRLAgent0[local:E:2f77939b] logged in with entity id 137 at (-1176.5, 69.0, 1182.5)
[15:22:12] [Render thread/INFO]: MineRLAgent0 joined the game
[15:22:13] [Render thread/INFO]: Preparing spawn area: 0%
[15:22:13] [Render thread/INFO]: Time elapsed: 8 ms
[15:22:13] [Render thread/INFO]: [STDOUT]: Starting new video null
[15:22:13] [Render thread/INFO]: Saving and pausing game...
[15:22:13] [Render thread/INFO]: Saving chunks for level 'ServerLevel[mcpworldabfcf1c1b7d5]'/minecraft:overworld
[15:22:15] [Render thread/INFO]: Saving chunks for level 'ServerLevel[mcpworldabfcf1c1b7d5]'/minecraft:the_nether
[15:22:15] [Render thread/INFO]: Saving chunks for level 'ServerLevel[mcpworldabfcf1c1b7d5]'/minecraft:the_end
[15:22:16] [Render thread/INFO]: MineRLAgent0 has made the advancement [Stone Age]
[15:22:16] [Render thread/INFO]: [CHAT] MineRLAgent0 has made the advancement [Stone Age]
[15:22:16] [Render thread/INFO]: Loaded 74 advancements
[15:22:25] [EnvServerSocketHandler/INFO]: [STDOUT]: *** Stopping the replay, returning control to the inputs
