[16:20:44] [Thread-4/INFO]: [STDOUT]: SERVER enter state: DORMANT
[16:20:45] [EnvServerSocketHandler/INFO]: Received Mission token c1da1761-abc5-4d9c-a758-5a5c626fd60c:0:0:1:true
[16:20:45] [EnvServerSocketHandler/INFO]: Received mission init command  <MissionInit xmlns="http://ProjectMalmo.microsoft.com" xmlns:xsi="http://www.w3.org/2001/XMLSchema-instance" SchemaVersion="" PlatformVersion="0.37.0"><Mission><About><Summary>MineRLBasaltBuildVillageHouse-v0</Summary></About><ModSettings><MsPerTick>50</MsPerTick></ModSettings><ServerSection><ServerInitialConditions><Time><AllowPassageOfTime>false</AllowPassageOfTime></Time><AllowSpawning>true</AllowSpawning></ServerInitialConditions><ServerHandlers><DefaultWorldGenerator forceReset="true" generatorOptions="{}"/><ServerQuitFromTimeUp timeLimitMs="720000" description="out_of_time"/><ServerQuitWhenAnyAgentFinishes/></ServerHandlers></ServerSection><AgentSection mode="Survival"><Name>MineRLAgent0</Name><AgentStart><LowLevelInputs>true</LowLevelInputs><GuiScale>1.0</GuiScale><GammaSetting>2.0</GammaSetting><FOVSetting>70.0</FOVSetting><FakeCursorSize>16</FakeCursorSize><Inventory><InventoryObject slot="0" type="mossy_cobblestone" quantity="24"/><InventoryObject slot="1" type="quartz_stairs" quantity="52"/><InventoryObject slot="2" type="flower_pot" quantity="56"/><InventoryObject slot="3" type="gravel" quantity="22"/><InventoryObject slot="4" type="lever" quantity="11"/><InventoryObject slot="5" type="gold_ore" quantity="13"/><InventoryObject slot="6" type="sticky_piston" quantity="31"/><InventoryObject slot="7" type="soul_sand" quantity="13"/><InventoryObject slot="8" type="wheat" quantity="38"/><InventoryObject slot="9" type="dark_oak_fence" quantity="24"/><InventoryObject slot="10" type="brown_mushroom" quantity="49"/><InventoryObject slot="11" type="nether_brick_stairs" quantity="13"/><InventoryObject slot="12" type="quartz_block" quantity="37"/><InventoryObject slot="13" type="nether_brick" quantity="2"/><InventoryObject slot="14" type="birch_door" quantity="9"/><InventoryObject slot="15" type="acacia_fence" quantity="42"/><InventoryObject slot="16" type="brick_stairs" quantity="36"/><InventoryObject slot="17" type="hopper" quantity="49"/><InventoryObject slot="18" type="rail" quantity="22"/><InventoryObject slot="19" type="sea_lantern" quantity="14"/><InventoryObject slot="20" type="stone_pressure_plate" quantity="11"/><InventoryObject slot="21" type="redstone_lamp" quantity="41"/><InventoryObject slot="22" type="dark_oak_fence_gate" quantity="55"/><InventoryObject slot="23" type="quartz_stairs" quantity="21"/><InventoryObject slot="24" type="heavy_weighted_pressure_plate" quantity="9"/><InventoryObject slot="25" type="dark_oak_door" quantity="59"/><InventoryObject slot="26" type="lapis_ore" quantity="62"/><InventoryObject slot="27" type="red_mushroom" quantity="28"/><InventoryObject slot="28" type="mossy_cobblestone" quantity="45"/><InventoryObject slot="29" type="furnace" quantity="9"/><InventoryObject slot="30" type="iron_trapdoor" quantity="3"/><InventoryObject slot="31" type="grass" quantity="50"/><InventoryObject slot="32" type="glass_pane" quantity="19"/><InventoryObject slot="33" type="activator_rail" quantity="17"/><InventoryObject slot="34" type="cake" quantity="23"/><InventoryObject slot="35" type="heavy_weighted_pressure_plate" quantity="27"/></Inventory><PreferredSpawnBiome>plains</PreferredSpawnBiome><DoneOnDeath>true</DoneOnDeath><SpawnInVillage>true</SpawnInVillage></AgentStart><AgentHandlers><FileBasedPerformanceProducer/><PauseCommand/><VideoProducer want_depth="false"><Width>640</Width><Height>360</Height></VideoProducer><HumanLevelCommands/><CameraCommands/></AgentHandlers></AgentSection></Mission><ExperimentUID>c1da1761-abc5-4d9c-a758-5a5c626fd60c</ExperimentUID><ClientRole>0</ClientRole><ClientAgentConnection><ClientIPAddress>127.0.0.1</ClientIPAddress><ClientMissionControlPort>0</ClientMissionControlPort><ClientCommandsPort>0</ClientCommandsPort><AgentIPAddress>127.0.0.1</AgentIPAddress><AgentMissionControlPort>0</AgentMissionControlPort><AgentVideoPort>0</AgentVideoPort><AgentDepthPort>0</AgentDepthPort><AgentLuminancePort>0</AgentLuminancePort><AgentObservationsPort>0</AgentObservationsPort><AgentRewardsPort>0</AgentRewardsPort><AgentColourMapPort>0</AgentColourMapPort></ClientAgentConnection></MissionInit>
[16:20:46] [EnvServerSocketHandler/INFO]: [STDOUT]: Setting width, height to 640, 360
[16:20:46] [EnvServerSocketHandler/INFO]: [STDOUT]: Gamma: 2.0
[16:20:46] [EnvServerSocketHandler/INFO]: [STDOUT]: FOV: 70.0
[16:20:46] [EnvServerSocketHandler/INFO]: [STDOUT]: GuiScale: 1.0
[16:20:46] [Render thread/INFO]: [STDOUT]: *** creating fake mouse cursor ***
[16:20:46] [Render thread/INFO]: [STDOUT]: Seed not provided, generating random one: -7907219004922959117
[16:20:48] [Render thread/WARN]: Ambiguity between arguments [teleport, destination] and [teleport, targets] with inputs: [Player, 0123, @e, dd12be42-52a9-4a91-a8a1-11c01849e498]
[16:20:48] [Render thread/WARN]: Ambiguity between arguments [teleport, location] and [teleport, destination] with inputs: [0.1 -0.5 .9, 0 0 0]
[16:20:48] [Render thread/WARN]: Ambiguity between arguments [teleport, location] and [teleport, targets] with inputs: [0.1 -0.5 .9, 0 0 0]
[16:20:48] [Render thread/WARN]: Ambiguity between arguments [teleport, targets] and [teleport, destination] with inputs: [Player, 0123, dd12be42-52a9-4a91-a8a1-11c01849e498]
[16:20:48] [Render thread/WARN]: Ambiguity between arguments [teleport, targets, location] and [teleport, targets, destination] with inputs: [0.1 -0.5 .9, 0 0 0]
[16:20:48] [Render thread/INFO]: Reloading ResourceManager: Default
[16:20:48] [Render thread/INFO]: Loaded 7 recipes
[16:20:49] [Render thread/INFO]: Loaded 927 advancements
[16:20:51] [Render thread/INFO]: Environment: authHost='https://authserver.mojang.com', accountsHost='https://api.mojang.com', sessionHost='https://sessionserver.mojang.com', servicesHost='https://api.minecraftservices.com', name='PROD'
[16:20:51] [Render thread/INFO]: Starting integrated minecraft server version 1.16.5
[16:20:51] [Render thread/INFO]: Generating keypair
[16:21:02] [Render thread/INFO]: Preparing start region for dimension minecraft:overworld
[16:21:12] [Render thread/INFO]: Changing view distance to 11, from 10
[16:21:13] [Render thread/INFO]: MineRLAgent0[local:E:021e2e4b] logged in with entity id 111 at (-1013.5, 70.0, 542.5)
[16:21:13] [Render thread/INFO]: MineRLAgent0 joined the game
[16:21:13] [Render thread/INFO]: Preparing spawn area: 0%
[16:21:13] [Render thread/INFO]: Time elapsed: 7 ms
[16:21:14] [Render thread/INFO]: [STDOUT]: Starting new video null
[16:21:14] [Render thread/INFO]: Saving and pausing game...
[16:21:14] [Render thread/INFO]: Saving chunks for level 'ServerLevel[mcpworldabfcf1c1b7d5]'/minecraft:overworld
[16:21:15] [Render thread/INFO]: Saving chunks for level 'ServerLevel[mcpworldabfcf1c1b7d5]'/minecraft:the_nether
[16:21:15] [Render thread/INFO]: Saving chunks for level 'ServerLevel[mcpworldabfcf1c1b7d5]'/minecraft:the_end
[16:21:16] [Render thread/INFO]: Loaded 68 advancements
[16:21:24] [EnvServerSocketHandler/INFO]: [STDOUT]: *** Stopping the replay, returning control to the inputs
