[16:25:17] [Thread-4/INFO]: [STDOUT]: SERVER enter state: DORMANT
[16:25:17] [EnvServerSocketHandler/INFO]: Received Mission token d14d4416-8e47-4ac4-9135-6b85eebf3554:0:0:1:true
[16:25:17] [EnvServerSocketHandler/INFO]: Received mission init command  <MissionInit xmlns="http://ProjectMalmo.microsoft.com" xmlns:xsi="http://www.w3.org/2001/XMLSchema-instance" SchemaVersion="" PlatformVersion="0.37.0"><Mission><About><Summary>MineRLBasaltBuildVillageHouse-v0</Summary></About><ModSettings><MsPerTick>50</MsPerTick></ModSettings><ServerSection><ServerInitialConditions><Time><AllowPassageOfTime>false</AllowPassageOfTime></Time><AllowSpawning>true</AllowSpawning></ServerInitialConditions><ServerHandlers><DefaultWorldGenerator forceReset="true" generatorOptions="{}"/><ServerQuitFromTimeUp timeLimitMs="720000" description="out_of_time"/><ServerQuitWhenAnyAgentFinishes/></ServerHandlers></ServerSection><AgentSection mode="Survival"><Name>MineRLAgent0</Name><AgentStart><LowLevelInputs>true</LowLevelInputs><GuiScale>1.0</GuiScale><GammaSetting>2.0</GammaSetting><FOVSetting>70.0</FOVSetting><FakeCursorSize>16</FakeCursorSize><Inventory><InventoryObject slot="0" type="snow" quantity="35"/><InventoryObject slot="1" type="enchanting_table" quantity="25"/><InventoryObject slot="2" type="soul_sand" quantity="52"/><InventoryObject slot="3" type="red_mushroom" quantity="32"/><InventoryObject slot="4" type="red_mushroom_block" quantity="48"/><InventoryObject slot="5" type="quartz_block" quantity="25"/><InventoryObject slot="6" type="stone_button" quantity="36"/><InventoryObject slot="7" type="nether_brick_fence" quantity="44"/><InventoryObject slot="8" type="acacia_door" quantity="32"/><InventoryObject slot="9" type="iron_door" quantity="37"/><InventoryObject slot="10" type="tnt" quantity="46"/><InventoryObject slot="11" type="redstone_torch" quantity="15"/><InventoryObject slot="12" type="jungle_stairs" quantity="19"/><InventoryObject slot="13" type="diamond_block" quantity="3"/><InventoryObject slot="14" type="activator_rail" quantity="26"/><InventoryObject slot="15" type="beacon" quantity="56"/><InventoryObject slot="16" type="beacon" quantity="33"/><InventoryObject slot="17" type="spruce_door" quantity="3"/><InventoryObject slot="18" type="bookshelf" quantity="21"/><InventoryObject slot="19" type="furnace" quantity="11"/><InventoryObject slot="20" type="spruce_stairs" quantity="63"/><InventoryObject slot="21" type="stone_brick_stairs" quantity="58"/><InventoryObject slot="22" type="iron_block" quantity="49"/><InventoryObject slot="23" type="red_sandstone_stairs" quantity="55"/><InventoryObject slot="24" type="light_weighted_pressure_plate" quantity="20"/><InventoryObject slot="25" type="sticky_piston" quantity="13"/><InventoryObject slot="26" type="sponge" quantity="7"/><InventoryObject slot="27" type="nether_brick" quantity="26"/><InventoryObject slot="28" type="dark_oak_fence" quantity="41"/><InventoryObject slot="29" type="barrier" quantity="25"/><InventoryObject slot="30" type="brick_stairs" quantity="6"/><InventoryObject slot="31" type="torch" quantity="22"/><InventoryObject slot="32" type="obsidian" quantity="30"/><InventoryObject slot="33" type="brown_mushroom_block" quantity="57"/><InventoryObject slot="34" type="brown_mushroom_block" quantity="59"/><InventoryObject slot="35" type="emerald_ore" quantity="59"/></Inventory><PreferredSpawnBiome>plains</PreferredSpawnBiome><DoneOnDeath>true</DoneOnDeath><SpawnInVillage>true</SpawnInVillage></AgentStart><AgentHandlers><FileBasedPerformanceProducer/><PauseCommand/><VideoProducer want_depth="false"><Width>640</Width><Height>360</Height></VideoProducer><HumanLevelCommands/><CameraCommands/></AgentHandlers></AgentSection></Mission><ExperimentUID>d14d4416-8e47-4ac4-9135-6b85eebf3554</ExperimentUID><ClientRole>0</ClientRole><ClientAgentConnection><ClientIPAddress>127.0.0.1</ClientIPAddress><ClientMissionControlPort>0</ClientMissionControlPort><ClientCommandsPort>0</ClientCommandsPort><AgentIPAddress>127.0.0.1</AgentIPAddress><AgentMissionControlPort>0</AgentMissionControlPort><AgentVideoPort>0</AgentVideoPort><AgentDepthPort>0</AgentDepthPort><AgentLuminancePort>0</AgentLuminancePort><AgentObservationsPort>0</AgentObservationsPort><AgentRewardsPort>0</AgentRewardsPort><AgentColourMapPort>0</AgentColourMapPort></ClientAgentConnection></MissionInit>
[16:25:19] [EnvServerSocketHandler/INFO]: [STDOUT]: Setting width, height to 640, 360
[16:25:19] [EnvServerSocketHandler/INFO]: [STDOUT]: Gamma: 2.0
[16:25:19] [Render thread/INFO]: [STDOUT]: *** creating fake mouse cursor ***
[16:25:19] [EnvServerSocketHandler/INFO]: [STDOUT]: FOV: 70.0
[16:25:19] [EnvServerSocketHandler/INFO]: [STDOUT]: GuiScale: 1.0
[16:25:19] [Render thread/INFO]: [STDOUT]: Seed not provided, generating random one: 5902640621136127130
[16:25:20] [Render thread/WARN]: Ambiguity between arguments [teleport, destination] and [teleport, targets] with inputs: [Player, 0123, @e, dd12be42-52a9-4a91-a8a1-11c01849e498]
[16:25:20] [Render thread/WARN]: Ambiguity between arguments [teleport, location] and [teleport, destination] with inputs: [0.1 -0.5 .9, 0 0 0]
[16:25:20] [Render thread/WARN]: Ambiguity between arguments [teleport, location] and [teleport, targets] with inputs: [0.1 -0.5 .9, 0 0 0]
[16:25:20] [Render thread/WARN]: Ambiguity between arguments [teleport, targets] and [teleport, destination] with inputs: [Player, 0123, dd12be42-52a9-4a91-a8a1-11c01849e498]
[16:25:20] [Render thread/WARN]: Ambiguity between arguments [teleport, targets, location] and [teleport, targets, destination] with inputs: [0.1 -0.5 .9, 0 0 0]
[16:25:20] [Render thread/INFO]: Reloading ResourceManager: Default
[16:25:21] [Render thread/INFO]: Loaded 7 recipes
[16:25:22] [Render thread/INFO]: Loaded 927 advancements
[16:25:23] [Render thread/INFO]: Environment: authHost='https://authserver.mojang.com', accountsHost='https://api.mojang.com', sessionHost='https://sessionserver.mojang.com', servicesHost='https://api.minecraftservices.com', name='PROD'
[16:25:23] [Render thread/INFO]: Starting integrated minecraft server version 1.16.5
[16:25:23] [Render thread/INFO]: Generating keypair
[16:25:35] [Render thread/INFO]: Preparing start region for dimension minecraft:overworld
[16:25:43] [Render thread/INFO]: Changing view distance to 11, from 10
[16:25:44] [Render thread/INFO]: MineRLAgent0[local:E:e9e44f52] logged in with entity id 135 at (1110.5, 70.0, -1691.5)
[16:25:44] [Render thread/INFO]: MineRLAgent0 joined the game
[16:25:44] [Render thread/INFO]: Preparing spawn area: 0%
[16:25:44] [Render thread/INFO]: Time elapsed: 12 ms
[16:25:45] [Render thread/INFO]: [STDOUT]: Starting new video null
[16:25:45] [Render thread/INFO]: Saving and pausing game...
[16:25:45] [Render thread/INFO]: Saving chunks for level 'ServerLevel[mcpworldabfcf1c1b7d5]'/minecraft:overworld
[16:25:46] [Render thread/INFO]: Saving chunks for level 'ServerLevel[mcpworldabfcf1c1b7d5]'/minecraft:the_nether
[16:25:46] [Render thread/INFO]: Saving chunks for level 'ServerLevel[mcpworldabfcf1c1b7d5]'/minecraft:the_end
[16:25:47] [Render thread/INFO]: MineRLAgent0 has made the advancement [Ice Bucket Challenge]
[16:25:48] [Render thread/INFO]: [CHAT] MineRLAgent0 has made the advancement [Ice Bucket Challenge]
[16:25:48] [Render thread/INFO]: Loaded 36 advancements
[16:25:55] [EnvServerSocketHandler/INFO]: [STDOUT]: *** Stopping the replay, returning control to the inputs
