[15:58:44] [Thread-4/INFO]: [STDOUT]: SERVER enter state: DORMANT
[15:58:44] [EnvServerSocketHandler/INFO]: Received Mission token 81b597e8-c1b6-448b-a2c4-ef5d2019f308:0:0:1:true
[15:58:44] [EnvServerSocketHandler/INFO]: Received mission init command  <MissionInit xmlns="http://ProjectMalmo.microsoft.com" xmlns:xsi="http://www.w3.org/2001/XMLSchema-instance" SchemaVersion="" PlatformVersion="0.37.0"><Mission><About><Summary>MineRLBasaltBuildVillageHouse-v0</Summary></About><ModSettings><MsPerTick>50</MsPerTick></ModSettings><ServerSection><ServerInitialConditions><Time><AllowPassageOfTime>false</AllowPassageOfTime></Time><AllowSpawning>true</AllowSpawning></ServerInitialConditions><ServerHandlers><DefaultWorldGenerator forceReset="true" generatorOptions="{}"/><ServerQuitFromTimeUp timeLimitMs="720000" description="out_of_time"/><ServerQuitWhenAnyAgentFinishes/></ServerHandlers></ServerSection><AgentSection mode="Survival"><Name>MineRLAgent0</Name><AgentStart><LowLevelInputs>true</LowLevelInputs><GuiScale>1.0</GuiScale><GammaSetting>2.0</GammaSetting><FOVSetting>70.0</FOVSetting><FakeCursorSize>16</FakeCursorSize><Inventory><InventoryObject slot="0" type="birch_fence_gate" quantity="21"/><InventoryObject slot="1" type="iron_trapdoor" quantity="32"/><InventoryObject slot="2" type="furnace" quantity="32"/><InventoryObject slot="3" type="end_stone" quantity="34"/><InventoryObject slot="4" type="obsidian" quantity="44"/><InventoryObject slot="5" type="coal_ore" quantity="39"/><InventoryObject slot="6" type="brown_mushroom" quantity="3"/><InventoryObject slot="7" type="sandstone_stairs" quantity="32"/><InventoryObject slot="8" type="chest" quantity="25"/><InventoryObject slot="9" type="prismarine" quantity="45"/><InventoryObject slot="10" type="spruce_fence" quantity="27"/><InventoryObject slot="11" type="dragon_egg" quantity="45"/><InventoryObject slot="12" type="red_sandstone" quantity="18"/><InventoryObject slot="13" type="jukebox" quantity="22"/><InventoryObject slot="14" type="clay" quantity="7"/><InventoryObject slot="15" type="iron_trapdoor" quantity="39"/><InventoryObject slot="16" type="crafting_table" quantity="58"/><InventoryObject slot="17" type="acacia_stairs" quantity="3"/><InventoryObject slot="18" type="nether_brick_stairs" quantity="9"/><InventoryObject slot="19" type="dark_oak_fence" quantity="49"/><InventoryObject slot="20" type="cobblestone_wall" quantity="38"/><InventoryObject slot="21" type="redstone_lamp" quantity="2"/><InventoryObject slot="22" type="acacia_stairs" quantity="17"/><InventoryObject slot="23" type="redstone_torch" quantity="4"/><InventoryObject slot="24" type="bedrock" quantity="30"/><InventoryObject slot="25" type="mycelium" quantity="25"/><InventoryObject slot="26" type="emerald_ore" quantity="8"/><InventoryObject slot="27" type="glass" quantity="18"/><InventoryObject slot="28" type="iron_ore" quantity="24"/><InventoryObject slot="29" type="coal_ore" quantity="30"/><InventoryObject slot="30" type="nether_wart" quantity="24"/><InventoryObject slot="31" type="nether_brick_stairs" quantity="41"/><InventoryObject slot="32" type="hopper" quantity="50"/><InventoryObject slot="33" type="ice" quantity="1"/><InventoryObject slot="34" type="jungle_stairs" quantity="18"/><InventoryObject slot="35" type="wheat" quantity="30"/></Inventory><PreferredSpawnBiome>plains</PreferredSpawnBiome><DoneOnDeath>true</DoneOnDeath><SpawnInVillage>true</SpawnInVillage></AgentStart><AgentHandlers><FileBasedPerformanceProducer/><PauseCommand/><VideoProducer want_depth="false"><Width>640</Width><Height>360</Height></VideoProducer><HumanLevelCommands/><CameraCommands/></AgentHandlers></AgentSection></Mission><ExperimentUID>81b597e8-c1b6-448b-a2c4-ef5d2019f308</ExperimentUID><ClientRole>0</ClientRole><ClientAgentConnection><ClientIPAddress>127.0.0.1</ClientIPAddress><ClientMissionControlPort>0</ClientMissionControlPort><ClientCommandsPort>0</ClientCommandsPort><AgentIPAddress>127.0.0.1</AgentIPAddress><AgentMissionControlPort>0</AgentMissionControlPort><AgentVideoPort>0</AgentVideoPort><AgentDepthPort>0</AgentDepthPort><AgentLuminancePort>0</AgentLuminancePort><AgentObservationsPort>0</AgentObservationsPort><AgentRewardsPort>0</AgentRewardsPort><AgentColourMapPort>0</AgentColourMapPort></ClientAgentConnection></MissionInit>
[15:58:45] [EnvServerSocketHandler/INFO]: [STDOUT]: Setting width, height to 640, 360
[15:58:45] [EnvServerSocketHandler/INFO]: [STDOUT]: Gamma: 2.0
[15:58:45] [EnvServerSocketHandler/INFO]: [STDOUT]: FOV: 70.0
[15:58:45] [EnvServerSocketHandler/INFO]: [STDOUT]: GuiScale: 1.0
[15:58:45] [Render thread/INFO]: [STDOUT]: Seed not provided, generating random one: -3271797131575016986
[15:58:47] [Render thread/WARN]: Ambiguity between arguments [teleport, destination] and [teleport, targets] with inputs: [Player, 0123, @e, dd12be42-52a9-4a91-a8a1-11c01849e498]
[15:58:47] [Render thread/WARN]: Ambiguity between arguments [teleport, location] and [teleport, destination] with inputs: [0.1 -0.5 .9, 0 0 0]
[15:58:47] [Render thread/WARN]: Ambiguity between arguments [teleport, location] and [teleport, targets] with inputs: [0.1 -0.5 .9, 0 0 0]
[15:58:47] [Render thread/WARN]: Ambiguity between arguments [teleport, targets] and [teleport, destination] with inputs: [Player, 0123, dd12be42-52a9-4a91-a8a1-11c01849e498]
[15:58:47] [Render thread/WARN]: Ambiguity between arguments [teleport, targets, location] and [teleport, targets, destination] with inputs: [0.1 -0.5 .9, 0 0 0]
[15:58:47] [Render thread/INFO]: Reloading ResourceManager: Default
[15:58:47] [Render thread/INFO]: Loaded 7 recipes
[15:58:48] [Render thread/INFO]: Loaded 927 advancements
[15:58:48] [Render thread/INFO]: [STDOUT]: *** creating fake mouse cursor ***
[15:58:50] [Render thread/INFO]: Environment: authHost='https://authserver.mojang.com', accountsHost='https://api.mojang.com', sessionHost='https://sessionserver.mojang.com', servicesHost='https://api.minecraftservices.com', name='PROD'
[15:58:50] [Render thread/INFO]: Starting integrated minecraft server version 1.16.5
[15:58:50] [Render thread/INFO]: Generating keypair
[15:58:58] [Render thread/INFO]: Preparing start region for dimension minecraft:overworld
[15:59:24] [Render thread/INFO]: Changing view distance to 11, from 10
[15:59:25] [Render thread/INFO]: MineRLAgent0[local:E:04d8aeed] logged in with entity id 254 at (-2461.5, 69.0, 40.5)
[15:59:25] [Render thread/INFO]: MineRLAgent0 joined the game
[15:59:25] [Render thread/INFO]: Preparing spawn area: 0%
[15:59:25] [Render thread/INFO]: Time elapsed: 11 ms
[15:59:26] [Render thread/INFO]: [STDOUT]: Starting new video null
[15:59:26] [Render thread/INFO]: Saving and pausing game...
[15:59:26] [Render thread/INFO]: Saving chunks for level 'ServerLevel[mcpworldabfcf1c1b7d5]'/minecraft:overworld
[15:59:27] [Render thread/INFO]: Saving chunks for level 'ServerLevel[mcpworldabfcf1c1b7d5]'/minecraft:the_nether
[15:59:27] [Render thread/INFO]: Saving chunks for level 'ServerLevel[mcpworldabfcf1c1b7d5]'/minecraft:the_end
[15:59:28] [Render thread/INFO]: MineRLAgent0 has reached the goal [The Next Generation]
[15:59:28] [Render thread/INFO]: MineRLAgent0 has made the advancement [Ice Bucket Challenge]
[15:59:29] [Render thread/INFO]: [CHAT] MineRLAgent0 has reached the goal [The Next Generation]
[15:59:29] [Render thread/INFO]: [CHAT] MineRLAgent0 has made the advancement [Ice Bucket Challenge]
[15:59:29] [Render thread/INFO]: Loaded 74 advancements
[15:59:37] [EnvServerSocketHandler/INFO]: [STDOUT]: *** Stopping the replay, returning control to the inputs
