[15:56:54] [Thread-4/INFO]: [STDOUT]: SERVER enter state: DORMANT
[15:56:54] [EnvServerSocketHandler/INFO]: Received Mission token 461da6d5-160b-44e1-b084-5a9656c2aee7:0:0:1:true
[15:56:54] [EnvServerSocketHandler/INFO]: Received mission init command  <MissionInit xmlns="http://ProjectMalmo.microsoft.com" xmlns:xsi="http://www.w3.org/2001/XMLSchema-instance" SchemaVersion="" PlatformVersion="0.37.0"><Mission><About><Summary>MineRLBasaltBuildVillageHouse-v0</Summary></About><ModSettings><MsPerTick>50</MsPerTick></ModSettings><ServerSection><ServerInitialConditions><Time><AllowPassageOfTime>false</AllowPassageOfTime></Time><AllowSpawning>true</AllowSpawning></ServerInitialConditions><ServerHandlers><DefaultWorldGenerator forceReset="true" generatorOptions="{}"/><ServerQuitFromTimeUp timeLimitMs="720000" description="out_of_time"/><ServerQuitWhenAnyAgentFinishes/></ServerHandlers></ServerSection><AgentSection mode="Survival"><Name>MineRLAgent0</Name><AgentStart><LowLevelInputs>true</LowLevelInputs><GuiScale>1.0</GuiScale><GammaSetting>2.0</GammaSetting><FOVSetting>70.0</FOVSetting><FakeCursorSize>16</FakeCursorSize><Inventory><InventoryObject slot="0" type="acacia_stairs" quantity="48"/><InventoryObject slot="1" type="anvil" quantity="34"/><InventoryObject slot="2" type="barrier" quantity="10"/><InventoryObject slot="3" type="wheat" quantity="12"/><InventoryObject slot="4" type="dark_oak_stairs" quantity="54"/><InventoryObject slot="5" type="dark_oak_door" quantity="40"/><InventoryObject slot="6" type="acacia_door" quantity="45"/><InventoryObject slot="7" type="jungle_door" quantity="22"/><InventoryObject slot="8" type="jungle_stairs" quantity="62"/><InventoryObject slot="9" type="spruce_fence" quantity="22"/><InventoryObject slot="10" type="stone_slab" quantity="58"/><InventoryObject slot="11" type="red_mushroom_block" quantity="18"/><InventoryObject slot="12" type="iron_door" quantity="15"/><InventoryObject slot="13" type="packed_ice" quantity="36"/><InventoryObject slot="14" type="iron_door" quantity="31"/><InventoryObject slot="15" type="spruce_door" quantity="42"/><InventoryObject slot="16" type="stone_brick_stairs" quantity="6"/><InventoryObject slot="17" type="iron_door" quantity="50"/><InventoryObject slot="18" type="birch_fence_gate" quantity="42"/><InventoryObject slot="19" type="stone" quantity="2"/><InventoryObject slot="20" type="red_mushroom" quantity="42"/><InventoryObject slot="21" type="clay" quantity="30"/><InventoryObject slot="22" type="enchanting_table" quantity="51"/><InventoryObject slot="23" type="quartz_block" quantity="2"/><InventoryObject slot="24" type="redstone_torch" quantity="46"/><InventoryObject slot="25" type="iron_bars" quantity="52"/><InventoryObject slot="26" type="glowstone" quantity="38"/><InventoryObject slot="27" type="ender_chest" quantity="23"/><InventoryObject slot="28" type="chest" quantity="6"/><InventoryObject slot="29" type="command_block" quantity="48"/><InventoryObject slot="30" type="furnace" quantity="32"/><InventoryObject slot="31" type="end_portal_frame" quantity="15"/><InventoryObject slot="32" type="iron_trapdoor" quantity="46"/><InventoryObject slot="33" type="diamond_ore" quantity="19"/><InventoryObject slot="34" type="spruce_fence" quantity="15"/><InventoryObject slot="35" type="coal_block" quantity="11"/></Inventory><PreferredSpawnBiome>plains</PreferredSpawnBiome><DoneOnDeath>true</DoneOnDeath><SpawnInVillage>true</SpawnInVillage></AgentStart><AgentHandlers><FileBasedPerformanceProducer/><PauseCommand/><VideoProducer want_depth="false"><Width>640</Width><Height>360</Height></VideoProducer><HumanLevelCommands/><CameraCommands/></AgentHandlers></AgentSection></Mission><ExperimentUID>461da6d5-160b-44e1-b084-5a9656c2aee7</ExperimentUID><ClientRole>0</ClientRole><ClientAgentConnection><ClientIPAddress>127.0.0.1</ClientIPAddress><ClientMissionControlPort>0</ClientMissionControlPort><ClientCommandsPort>0</ClientCommandsPort><AgentIPAddress>127.0.0.1</AgentIPAddress><AgentMissionControlPort>0</AgentMissionControlPort><AgentVideoPort>0</AgentVideoPort><AgentDepthPort>0</AgentDepthPort><AgentLuminancePort>0</AgentLuminancePort><AgentObservationsPort>0</AgentObservationsPort><AgentRewardsPort>0</AgentRewardsPort><AgentColourMapPort>0</AgentColourMapPort></ClientAgentConnection></MissionInit>
[15:56:55] [EnvServerSocketHandler/INFO]: [STDOUT]: Setting width, height to 640, 360
[15:56:55] [EnvServerSocketHandler/INFO]: [STDOUT]: Gamma: 2.0
[15:56:55] [EnvServerSocketHandler/INFO]: [STDOUT]: FOV: 70.0
[15:56:55] [EnvServerSocketHandler/INFO]: [STDOUT]: GuiScale: 1.0
[15:56:55] [Render thread/INFO]: [STDOUT]: Seed not provided, generating random one: -445753592805857481
[15:56:57] [Render thread/WARN]: Ambiguity between arguments [teleport, destination] and [teleport, targets] with inputs: [Player, 0123, @e, dd12be42-52a9-4a91-a8a1-11c01849e498]
[15:56:57] [Render thread/WARN]: Ambiguity between arguments [teleport, location] and [teleport, destination] with inputs: [0.1 -0.5 .9, 0 0 0]
[15:56:57] [Render thread/WARN]: Ambiguity between arguments [teleport, location] and [teleport, targets] with inputs: [0.1 -0.5 .9, 0 0 0]
[15:56:57] [Render thread/WARN]: Ambiguity between arguments [teleport, targets] and [teleport, destination] with inputs: [Player, 0123, dd12be42-52a9-4a91-a8a1-11c01849e498]
[15:56:57] [Render thread/WARN]: Ambiguity between arguments [teleport, targets, location] and [teleport, targets, destination] with inputs: [0.1 -0.5 .9, 0 0 0]
[15:56:57] [Render thread/INFO]: Reloading ResourceManager: Default
[15:56:57] [Render thread/INFO]: Loaded 7 recipes
[15:56:58] [Render thread/INFO]: Loaded 927 advancements
[15:56:58] [Render thread/INFO]: [STDOUT]: *** creating fake mouse cursor ***
[15:57:00] [Render thread/INFO]: Environment: authHost='https://authserver.mojang.com', accountsHost='https://api.mojang.com', sessionHost='https://sessionserver.mojang.com', servicesHost='https://api.minecraftservices.com', name='PROD'
[15:57:00] [Render thread/INFO]: Starting integrated minecraft server version 1.16.5
[15:57:00] [Render thread/INFO]: Generating keypair
[15:57:15] [Render thread/INFO]: Preparing start region for dimension minecraft:overworld
[15:57:43] [Render thread/INFO]: Changing view distance to 11, from 10
[15:57:44] [Render thread/INFO]: MineRLAgent0[local:E:79054721] logged in with entity id 171 at (-925.5, 66.0, -1813.5)
[15:57:44] [Render thread/INFO]: MineRLAgent0 joined the game
[15:57:45] [Render thread/INFO]: Preparing spawn area: 0%
[15:57:45] [Render thread/INFO]: Time elapsed: 8 ms
[15:57:45] [Render thread/INFO]: [STDOUT]: Starting new video null
[15:57:45] [Render thread/INFO]: Saving and pausing game...
[15:57:45] [Render thread/INFO]: Saving chunks for level 'ServerLevel[mcpworldabfcf1c1b7d5]'/minecraft:overworld
[15:57:47] [Render thread/INFO]: Saving chunks for level 'ServerLevel[mcpworldabfcf1c1b7d5]'/minecraft:the_nether
[15:57:47] [Render thread/INFO]: Saving chunks for level 'ServerLevel[mcpworldabfcf1c1b7d5]'/minecraft:the_end
[15:57:49] [Render thread/INFO]: Loaded 40 advancements
[15:57:57] [EnvServerSocketHandler/INFO]: [STDOUT]: *** Stopping the replay, returning control to the inputs
