[20:25:56] [Thread-4/INFO]: [STDOUT]: SERVER enter state: DORMANT
[20:25:57] [EnvServerSocketHandler/INFO]: Received Mission token 58e9cfff-6ca1-4df2-9e63-6129aa79f9a0:0:0:1:true
[20:25:57] [EnvServerSocketHandler/INFO]: Received mission init command  <MissionInit xmlns="http://ProjectMalmo.microsoft.com" xmlns:xsi="http://www.w3.org/2001/XMLSchema-instance" SchemaVersion="" PlatformVersion="0.37.0"><Mission><About><Summary>MineRLBasaltBuildVillageHouse-v0</Summary></About><ModSettings><MsPerTick>50</MsPerTick></ModSettings><ServerSection><ServerInitialConditions><Time><AllowPassageOfTime>false</AllowPassageOfTime></Time><AllowSpawning>true</AllowSpawning></ServerInitialConditions><ServerHandlers><DefaultWorldGenerator forceReset="true" generatorOptions="{}"/><ServerQuitFromTimeUp timeLimitMs="720000" description="out_of_time"/><ServerQuitWhenAnyAgentFinishes/></ServerHandlers></ServerSection><AgentSection mode="Survival"><Name>MineRLAgent0</Name><AgentStart><LowLevelInputs>true</LowLevelInputs><GuiScale>1.0</GuiScale><GammaSetting>2.0</GammaSetting><FOVSetting>70.0</FOVSetting><FakeCursorSize>16</FakeCursorSize><Inventory><InventoryObject slot="0" type="iron_door" quantity="17"/><InventoryObject slot="1" type="spruce_stairs" quantity="63"/><InventoryObject slot="2" type="daylight_detector" quantity="1"/><InventoryObject slot="3" type="bookshelf" quantity="16"/><InventoryObject slot="4" type="clay" quantity="12"/><InventoryObject slot="5" type="tripwire_hook" quantity="25"/><InventoryObject slot="6" type="stone_button" quantity="8"/><InventoryObject slot="7" type="iron_trapdoor" quantity="30"/><InventoryObject slot="8" type="birch_fence_gate" quantity="64"/><InventoryObject slot="9" type="cake" quantity="54"/><InventoryObject slot="10" type="cake" quantity="32"/><InventoryObject slot="11" type="tnt" quantity="24"/><InventoryObject slot="12" type="spruce_door" quantity="54"/><InventoryObject slot="13" type="flower_pot" quantity="45"/><InventoryObject slot="14" type="dark_oak_fence_gate" quantity="60"/><InventoryObject slot="15" type="jungle_fence_gate" quantity="57"/><InventoryObject slot="16" type="gold_ore" quantity="48"/><InventoryObject slot="17" type="acacia_fence_gate" quantity="48"/><InventoryObject slot="18" type="glass" quantity="37"/><InventoryObject slot="19" type="redstone_block" quantity="26"/><InventoryObject slot="20" type="brewing_stand" quantity="29"/><InventoryObject slot="21" type="heavy_weighted_pressure_plate" quantity="14"/><InventoryObject slot="22" type="red_sandstone" quantity="14"/><InventoryObject slot="23" type="heavy_weighted_pressure_plate" quantity="27"/><InventoryObject slot="24" type="stone" quantity="31"/><InventoryObject slot="25" type="stone_pressure_plate" quantity="56"/><InventoryObject slot="26" type="gold_ore" quantity="2"/><InventoryObject slot="27" type="dropper" quantity="13"/><InventoryObject slot="28" type="brown_mushroom_block" quantity="57"/><InventoryObject slot="29" type="iron_ore" quantity="31"/><InventoryObject slot="30" type="nether_brick" quantity="33"/><InventoryObject slot="31" type="birch_door" quantity="4"/><InventoryObject slot="32" type="birch_fence_gate" quantity="13"/><InventoryObject slot="33" type="redstone_lamp" quantity="6"/><InventoryObject slot="34" type="stone_pressure_plate" quantity="50"/><InventoryObject slot="35" type="ice" quantity="18"/></Inventory><PreferredSpawnBiome>plains</PreferredSpawnBiome><DoneOnDeath>true</DoneOnDeath><SpawnInVillage>true</SpawnInVillage></AgentStart><AgentHandlers><FileBasedPerformanceProducer/><PauseCommand/><VideoProducer want_depth="false"><Width>640</Width><Height>360</Height></VideoProducer><HumanLevelCommands/><CameraCommands/></AgentHandlers></AgentSection></Mission><ExperimentUID>58e9cfff-6ca1-4df2-9e63-6129aa79f9a0</ExperimentUID><ClientRole>0</ClientRole><ClientAgentConnection><ClientIPAddress>127.0.0.1</ClientIPAddress><ClientMissionControlPort>0</ClientMissionControlPort><ClientCommandsPort>0</ClientCommandsPort><AgentIPAddress>127.0.0.1</AgentIPAddress><AgentMissionControlPort>0</AgentMissionControlPort><AgentVideoPort>0</AgentVideoPort><AgentDepthPort>0</AgentDepthPort><AgentLuminancePort>0</AgentLuminancePort><AgentObservationsPort>0</AgentObservationsPort><AgentRewardsPort>0</AgentRewardsPort><AgentColourMapPort>0</AgentColourMapPort></ClientAgentConnection></MissionInit>
[20:25:58] [EnvServerSocketHandler/INFO]: [STDOUT]: Setting width, height to 640, 360
[20:25:58] [EnvServerSocketHandler/INFO]: [STDOUT]: Gamma: 2.0
[20:25:58] [EnvServerSocketHandler/INFO]: [STDOUT]: FOV: 70.0
[20:25:58] [EnvServerSocketHandler/INFO]: [STDOUT]: GuiScale: 1.0
[20:25:58] [Render thread/INFO]: [STDOUT]: Seed not provided, generating random one: -6675958981343609893
[20:25:59] [Render thread/WARN]: Ambiguity between arguments [teleport, destination] and [teleport, targets] with inputs: [Player, 0123, @e, dd12be42-52a9-4a91-a8a1-11c01849e498]
[20:25:59] [Render thread/WARN]: Ambiguity between arguments [teleport, location] and [teleport, destination] with inputs: [0.1 -0.5 .9, 0 0 0]
[20:25:59] [Render thread/WARN]: Ambiguity between arguments [teleport, location] and [teleport, targets] with inputs: [0.1 -0.5 .9, 0 0 0]
[20:25:59] [Render thread/WARN]: Ambiguity between arguments [teleport, targets] and [teleport, destination] with inputs: [Player, 0123, dd12be42-52a9-4a91-a8a1-11c01849e498]
[20:25:59] [Render thread/WARN]: Ambiguity between arguments [teleport, targets, location] and [teleport, targets, destination] with inputs: [0.1 -0.5 .9, 0 0 0]
[20:25:59] [Render thread/INFO]: Reloading ResourceManager: Default
[20:26:00] [Render thread/INFO]: Loaded 7 recipes
[20:26:01] [Render thread/INFO]: Loaded 927 advancements
[20:26:01] [Render thread/INFO]: [STDOUT]: *** creating fake mouse cursor ***
[20:26:03] [Render thread/INFO]: Environment: authHost='https://authserver.mojang.com', accountsHost='https://api.mojang.com', sessionHost='https://sessionserver.mojang.com', servicesHost='https://api.minecraftservices.com', name='PROD'
[20:26:03] [Render thread/INFO]: Starting integrated minecraft server version 1.16.5
[20:26:03] [Render thread/INFO]: Generating keypair
[20:26:14] [Render thread/INFO]: Preparing start region for dimension minecraft:overworld
