[15:33:43] [Thread-4/INFO]: [STDOUT]: SERVER enter state: DORMANT
[15:33:43] [EnvServerSocketHandler/INFO]: Received Mission token 7454f6b6-abbc-40f3-be79-a5745ab8ca7a:0:0:1:true
[15:33:43] [EnvServerSocketHandler/INFO]: Received mission init command  <MissionInit xmlns="http://ProjectMalmo.microsoft.com" xmlns:xsi="http://www.w3.org/2001/XMLSchema-instance" SchemaVersion="" PlatformVersion="0.37.0"><Mission><About><Summary>MineRLBasaltBuildVillageHouse-v0</Summary></About><ModSettings><MsPerTick>50</MsPerTick></ModSettings><ServerSection><ServerInitialConditions><Time><AllowPassageOfTime>false</AllowPassageOfTime></Time><AllowSpawning>true</AllowSpawning></ServerInitialConditions><ServerHandlers><DefaultWorldGenerator forceReset="true" generatorOptions="{}"/><ServerQuitFromTimeUp timeLimitMs="720000" description="out_of_time"/><ServerQuitWhenAnyAgentFinishes/></ServerHandlers></ServerSection><AgentSection mode="Survival"><Name>MineRLAgent0</Name><AgentStart><LowLevelInputs>true</LowLevelInputs><GuiScale>1.0</GuiScale><GammaSetting>2.0</GammaSetting><FOVSetting>70.0</FOVSetting><FakeCursorSize>16</FakeCursorSize><Inventory><InventoryObject slot="0" type="sea_lantern" quantity="29"/><InventoryObject slot="1" type="dark_oak_door" quantity="20"/><InventoryObject slot="2" type="brown_mushroom_block" quantity="39"/><InventoryObject slot="3" type="detector_rail" quantity="31"/><InventoryObject slot="4" type="end_portal_frame" quantity="46"/><InventoryObject slot="5" type="stone_brick_stairs" quantity="5"/><InventoryObject slot="6" type="emerald_ore" quantity="19"/><InventoryObject slot="7" type="piston" quantity="40"/><InventoryObject slot="8" type="coal_block" quantity="43"/><InventoryObject slot="9" type="jungle_fence" quantity="16"/><InventoryObject slot="10" type="dark_oak_fence_gate" quantity="30"/><InventoryObject slot="11" type="gold_ore" quantity="10"/><InventoryObject slot="12" type="jungle_door" quantity="38"/><InventoryObject slot="13" type="brown_mushroom" quantity="43"/><InventoryObject slot="14" type="sticky_piston" quantity="62"/><InventoryObject slot="15" type="gold_block" quantity="22"/><InventoryObject slot="16" type="acacia_stairs" quantity="57"/><InventoryObject slot="17" type="stone_button" quantity="6"/><InventoryObject slot="18" type="sandstone" quantity="19"/><InventoryObject slot="19" type="sponge" quantity="47"/><InventoryObject slot="20" type="flower_pot" quantity="56"/><InventoryObject slot="21" type="diamond_ore" quantity="64"/><InventoryObject slot="22" type="sponge" quantity="38"/><InventoryObject slot="23" type="redstone_lamp" quantity="21"/><InventoryObject slot="24" type="chest" quantity="44"/><InventoryObject slot="25" type="gravel" quantity="41"/><InventoryObject slot="26" type="netherrack" quantity="15"/><InventoryObject slot="27" type="jungle_fence" quantity="11"/><InventoryObject slot="28" type="diamond_block" quantity="62"/><InventoryObject slot="29" type="prismarine" quantity="27"/><InventoryObject slot="30" type="end_stone" quantity="41"/><InventoryObject slot="31" type="coal_ore" quantity="22"/><InventoryObject slot="32" type="gravel" quantity="63"/><InventoryObject slot="33" type="redstone_block" quantity="44"/><InventoryObject slot="34" type="red_sandstone_stairs" quantity="7"/><InventoryObject slot="35" type="dark_oak_fence_gate" quantity="30"/></Inventory><PreferredSpawnBiome>plains</PreferredSpawnBiome><DoneOnDeath>true</DoneOnDeath><SpawnInVillage>true</SpawnInVillage></AgentStart><AgentHandlers><FileBasedPerformanceProducer/><PauseCommand/><VideoProducer want_depth="false"><Width>640</Width><Height>360</Height></VideoProducer><HumanLevelCommands/><CameraCommands/></AgentHandlers></AgentSection></Mission><ExperimentUID>7454f6b6-abbc-40f3-be79-a5745ab8ca7a</ExperimentUID><ClientRole>0</ClientRole><ClientAgentConnection><ClientIPAddress>127.0.0.1</ClientIPAddress><ClientMissionControlPort>0</ClientMissionControlPort><ClientCommandsPort>0</ClientCommandsPort><AgentIPAddress>127.0.0.1</AgentIPAddress><AgentMissionControlPort>0</AgentMissionControlPort><AgentVideoPort>0</AgentVideoPort><AgentDepthPort>0</AgentDepthPort><AgentLuminancePort>0</AgentLuminancePort><AgentObservationsPort>0</AgentObservationsPort><AgentRewardsPort>0</AgentRewardsPort><AgentColourMapPort>0</AgentColourMapPort></ClientAgentConnection></MissionInit>
[15:33:44] [EnvServerSocketHandler/INFO]: [STDOUT]: Setting width, height to 640, 360
[15:33:44] [EnvServerSocketHandler/INFO]: [STDOUT]: Gamma: 2.0
[15:33:44] [EnvServerSocketHandler/INFO]: [STDOUT]: FOV: 70.0
[15:33:44] [EnvServerSocketHandler/INFO]: [STDOUT]: GuiScale: 1.0
[15:33:45] [Render thread/INFO]: [STDOUT]: Seed not provided, generating random one: 3004270784051846398
[15:33:46] [Render thread/WARN]: Ambiguity between arguments [teleport, destination] and [teleport, targets] with inputs: [Player, 0123, @e, dd12be42-52a9-4a91-a8a1-11c01849e498]
[15:33:46] [Render thread/WARN]: Ambiguity between arguments [teleport, location] and [teleport, destination] with inputs: [0.1 -0.5 .9, 0 0 0]
[15:33:46] [Render thread/WARN]: Ambiguity between arguments [teleport, location] and [teleport, targets] with inputs: [0.1 -0.5 .9, 0 0 0]
[15:33:46] [Render thread/WARN]: Ambiguity between arguments [teleport, targets] and [teleport, destination] with inputs: [Player, 0123, dd12be42-52a9-4a91-a8a1-11c01849e498]
[15:33:46] [Render thread/WARN]: Ambiguity between arguments [teleport, targets, location] and [teleport, targets, destination] with inputs: [0.1 -0.5 .9, 0 0 0]
[15:33:46] [Render thread/INFO]: Reloading ResourceManager: Default
[15:33:47] [Render thread/INFO]: Loaded 7 recipes
[15:33:47] [Render thread/INFO]: Loaded 927 advancements
[15:33:47] [Render thread/INFO]: [STDOUT]: *** creating fake mouse cursor ***
[15:33:49] [Render thread/INFO]: Environment: authHost='https://authserver.mojang.com', accountsHost='https://api.mojang.com', sessionHost='https://sessionserver.mojang.com', servicesHost='https://api.minecraftservices.com', name='PROD'
[15:33:49] [Render thread/INFO]: Starting integrated minecraft server version 1.16.5
[15:33:49] [Render thread/INFO]: Generating keypair
[15:34:02] [Render thread/INFO]: Preparing start region for dimension minecraft:overworld
[15:34:24] [Render thread/INFO]: Changing view distance to 11, from 10
[15:34:25] [Render thread/INFO]: MineRLAgent0[local:E:38ca5ee9] logged in with entity id 100 at (2194.5, 63.0, -1925.5)
[15:34:25] [Render thread/INFO]: MineRLAgent0 joined the game
[15:34:26] [Render thread/INFO]: Preparing spawn area: 0%
[15:34:26] [Render thread/INFO]: Time elapsed: 10 ms
[15:34:26] [Render thread/INFO]: [STDOUT]: Starting new video null
[15:34:26] [Render thread/INFO]: Saving and pausing game...
[15:34:26] [Render thread/INFO]: Saving chunks for level 'ServerLevel[mcpworldabfcf1c1b7d5]'/minecraft:overworld
[15:34:28] [Render thread/INFO]: Saving chunks for level 'ServerLevel[mcpworldabfcf1c1b7d5]'/minecraft:the_nether
[15:34:28] [Render thread/INFO]: Saving chunks for level 'ServerLevel[mcpworldabfcf1c1b7d5]'/minecraft:the_end
[15:34:29] [Render thread/INFO]: Loaded 57 advancements
[15:34:38] [EnvServerSocketHandler/INFO]: [STDOUT]: *** Stopping the replay, returning control to the inputs
