[14:45:51] [Thread-4/INFO]: [STDOUT]: SERVER enter state: DORMANT
[14:45:51] [EnvServerSocketHandler/INFO]: Received Mission token f3a994cf-341e-41ce-bfc0-175eb3c95ab1:0:0:1:true
[14:45:51] [EnvServerSocketHandler/INFO]: Received mission init command  <MissionInit xmlns="http://ProjectMalmo.microsoft.com" xmlns:xsi="http://www.w3.org/2001/XMLSchema-instance" SchemaVersion="" PlatformVersion="0.37.0"><Mission><About><Summary>MineRLBasaltBuildVillageHouse-v0</Summary></About><ModSettings><MsPerTick>50</MsPerTick></ModSettings><ServerSection><ServerInitialConditions><Time><AllowPassageOfTime>false</AllowPassageOfTime></Time><AllowSpawning>true</AllowSpawning></ServerInitialConditions><ServerHandlers><DefaultWorldGenerator forceReset="true" generatorOptions="{}"/><ServerQuitFromTimeUp timeLimitMs="720000" description="out_of_time"/><ServerQuitWhenAnyAgentFinishes/></ServerHandlers></ServerSection><AgentSection mode="Survival"><Name>MineRLAgent0</Name><AgentStart><LowLevelInputs>true</LowLevelInputs><GuiScale>1.0</GuiScale><GammaSetting>2.0</GammaSetting><FOVSetting>70.0</FOVSetting><FakeCursorSize>16</FakeCursorSize><Inventory><InventoryObject slot="0" type="tnt" quantity="9"/><InventoryObject slot="1" type="iron_bars" quantity="48"/><InventoryObject slot="2" type="spruce_door" quantity="19"/><InventoryObject slot="3" type="stone_button" quantity="50"/><InventoryObject slot="4" type="ice" quantity="30"/><InventoryObject slot="5" type="end_stone" quantity="62"/><InventoryObject slot="6" type="torch" quantity="23"/><InventoryObject slot="7" type="snow" quantity="46"/><InventoryObject slot="8" type="stone" quantity="49"/><InventoryObject slot="9" type="nether_brick" quantity="48"/><InventoryObject slot="10" type="dark_oak_stairs" quantity="4"/><InventoryObject slot="11" type="oak_stairs" quantity="18"/><InventoryObject slot="12" type="pumpkin" quantity="32"/><InventoryObject slot="13" type="farmland" quantity="8"/><InventoryObject slot="14" type="wheat" quantity="38"/><InventoryObject slot="15" type="birch_fence_gate" quantity="9"/><InventoryObject slot="16" type="quartz_block" quantity="2"/><InventoryObject slot="17" type="iron_block" quantity="7"/><InventoryObject slot="18" type="emerald_block" quantity="30"/><InventoryObject slot="19" type="oak_stairs" quantity="24"/><InventoryObject slot="20" type="jungle_stairs" quantity="32"/><InventoryObject slot="21" type="hay_block" quantity="45"/><InventoryObject slot="22" type="sand" quantity="25"/><InventoryObject slot="23" type="flower_pot" quantity="39"/><InventoryObject slot="24" type="diamond_ore" quantity="59"/><InventoryObject slot="25" type="jungle_stairs" quantity="39"/><InventoryObject slot="26" type="anvil" quantity="9"/><InventoryObject slot="27" type="redstone_ore" quantity="2"/><InventoryObject slot="28" type="heavy_weighted_pressure_plate" quantity="31"/><InventoryObject slot="29" type="tripwire_hook" quantity="5"/><InventoryObject slot="30" type="nether_brick" quantity="23"/><InventoryObject slot="31" type="end_stone" quantity="15"/><InventoryObject slot="32" type="sea_lantern" quantity="40"/><InventoryObject slot="33" type="dropper" quantity="60"/><InventoryObject slot="34" type="sponge" quantity="21"/><InventoryObject slot="35" type="bookshelf" quantity="51"/></Inventory><PreferredSpawnBiome>plains</PreferredSpawnBiome><DoneOnDeath>true</DoneOnDeath><SpawnInVillage>true</SpawnInVillage></AgentStart><AgentHandlers><FileBasedPerformanceProducer/><PauseCommand/><VideoProducer want_depth="false"><Width>640</Width><Height>360</Height></VideoProducer><HumanLevelCommands/><CameraCommands/></AgentHandlers></AgentSection></Mission><ExperimentUID>f3a994cf-341e-41ce-bfc0-175eb3c95ab1</ExperimentUID><ClientRole>0</ClientRole><ClientAgentConnection><ClientIPAddress>127.0.0.1</ClientIPAddress><ClientMissionControlPort>0</ClientMissionControlPort><ClientCommandsPort>0</ClientCommandsPort><AgentIPAddress>127.0.0.1</AgentIPAddress><AgentMissionControlPort>0</AgentMissionControlPort><AgentVideoPort>0</AgentVideoPort><AgentDepthPort>0</AgentDepthPort><AgentLuminancePort>0</AgentLuminancePort><AgentObservationsPort>0</AgentObservationsPort><AgentRewardsPort>0</AgentRewardsPort><AgentColourMapPort>0</AgentColourMapPort></ClientAgentConnection></MissionInit>
[14:45:52] [EnvServerSocketHandler/INFO]: [STDOUT]: Setting width, height to 640, 360
[14:45:52] [EnvServerSocketHandler/INFO]: [STDOUT]: Gamma: 2.0
[14:45:52] [EnvServerSocketHandler/INFO]: [STDOUT]: FOV: 70.0
[14:45:52] [EnvServerSocketHandler/INFO]: [STDOUT]: GuiScale: 1.0
[14:45:52] [Render thread/INFO]: [STDOUT]: *** creating fake mouse cursor ***
[14:45:52] [Render thread/INFO]: [STDOUT]: Seed not provided, generating random one: -4862369639420897060
[14:45:54] [Render thread/WARN]: Ambiguity between arguments [teleport, destination] and [teleport, targets] with inputs: [Player, 0123, @e, dd12be42-52a9-4a91-a8a1-11c01849e498]
[14:45:54] [Render thread/WARN]: Ambiguity between arguments [teleport, location] and [teleport, destination] with inputs: [0.1 -0.5 .9, 0 0 0]
[14:45:54] [Render thread/WARN]: Ambiguity between arguments [teleport, location] and [teleport, targets] with inputs: [0.1 -0.5 .9, 0 0 0]
[14:45:54] [Render thread/WARN]: Ambiguity between arguments [teleport, targets] and [teleport, destination] with inputs: [Player, 0123, dd12be42-52a9-4a91-a8a1-11c01849e498]
[14:45:54] [Render thread/WARN]: Ambiguity between arguments [teleport, targets, location] and [teleport, targets, destination] with inputs: [0.1 -0.5 .9, 0 0 0]
[14:45:54] [Render thread/INFO]: Reloading ResourceManager: Default
[14:45:55] [Render thread/INFO]: Loaded 7 recipes
[14:45:55] [Render thread/INFO]: Loaded 927 advancements
[14:45:57] [Render thread/INFO]: Environment: authHost='https://authserver.mojang.com', accountsHost='https://api.mojang.com', sessionHost='https://sessionserver.mojang.com', servicesHost='https://api.minecraftservices.com', name='PROD'
[14:45:57] [Render thread/INFO]: Starting integrated minecraft server version 1.16.5
[14:45:57] [Render thread/INFO]: Generating keypair
[14:46:10] [Render thread/INFO]: Preparing start region for dimension minecraft:overworld
[14:46:33] [Render thread/INFO]: Changing view distance to 11, from 10
[14:46:34] [Render thread/INFO]: MineRLAgent0[local:E:0e7e39f0] logged in with entity id 159 at (2174.5, 63.0, -1364.5)
[14:46:34] [Render thread/INFO]: MineRLAgent0 joined the game
[14:46:34] [Render thread/INFO]: Preparing spawn area: 0%
[14:46:34] [Render thread/INFO]: Time elapsed: 6 ms
[14:46:35] [Render thread/INFO]: [STDOUT]: Starting new video null
[14:46:35] [Render thread/INFO]: Saving and pausing game...
[14:46:35] [Render thread/INFO]: Saving chunks for level 'ServerLevel[mcpworldabfcf1c1b7d5]'/minecraft:overworld
[14:46:37] [Render thread/INFO]: Saving chunks for level 'ServerLevel[mcpworldabfcf1c1b7d5]'/minecraft:the_nether
[14:46:37] [Render thread/INFO]: Saving chunks for level 'ServerLevel[mcpworldabfcf1c1b7d5]'/minecraft:the_end
[14:46:37] [Render thread/INFO]: Loaded 67 advancements
[14:46:48] [EnvServerSocketHandler/INFO]: [STDOUT]: *** Stopping the replay, returning control to the inputs
