[16:11:26] [Thread-4/INFO]: [STDOUT]: SERVER enter state: DORMANT
[16:11:26] [EnvServerSocketHandler/INFO]: Received Mission token f38ed488-22b6-4ead-8423-f94a29ec451f:0:0:1:true
[16:11:26] [EnvServerSocketHandler/INFO]: Received mission init command  <MissionInit xmlns="http://ProjectMalmo.microsoft.com" xmlns:xsi="http://www.w3.org/2001/XMLSchema-instance" SchemaVersion="" PlatformVersion="0.37.0"><Mission><About><Summary>MineRLBasaltBuildVillageHouse-v0</Summary></About><ModSettings><MsPerTick>50</MsPerTick></ModSettings><ServerSection><ServerInitialConditions><Time><AllowPassageOfTime>false</AllowPassageOfTime></Time><AllowSpawning>true</AllowSpawning></ServerInitialConditions><ServerHandlers><DefaultWorldGenerator forceReset="true" generatorOptions="{}"/><ServerQuitFromTimeUp timeLimitMs="720000" description="out_of_time"/><ServerQuitWhenAnyAgentFinishes/></ServerHandlers></ServerSection><AgentSection mode="Survival"><Name>MineRLAgent0</Name><AgentStart><LowLevelInputs>true</LowLevelInputs><GuiScale>1.0</GuiScale><GammaSetting>2.0</GammaSetting><FOVSetting>70.0</FOVSetting><FakeCursorSize>16</FakeCursorSize><Inventory><InventoryObject slot="0" type="red_mushroom_block" quantity="28"/><InventoryObject slot="1" type="stone_brick_stairs" quantity="6"/><InventoryObject slot="2" type="glowstone" quantity="14"/><InventoryObject slot="3" type="red_sandstone" quantity="9"/><InventoryObject slot="4" type="end_portal_frame" quantity="17"/><InventoryObject slot="5" type="cobblestone" quantity="22"/><InventoryObject slot="6" type="end_portal_frame" quantity="40"/><InventoryObject slot="7" type="anvil" quantity="9"/><InventoryObject slot="8" type="redstone_lamp" quantity="59"/><InventoryObject slot="9" type="cobblestone_wall" quantity="58"/><InventoryObject slot="10" type="pumpkin" quantity="47"/><InventoryObject slot="11" type="sandstone" quantity="17"/><InventoryObject slot="12" type="emerald_block" quantity="22"/><InventoryObject slot="13" type="mossy_cobblestone" quantity="7"/><InventoryObject slot="14" type="lapis_block" quantity="24"/><InventoryObject slot="15" type="snow" quantity="42"/><InventoryObject slot="16" type="chest" quantity="47"/><InventoryObject slot="17" type="iron_bars" quantity="9"/><InventoryObject slot="18" type="sponge" quantity="1"/><InventoryObject slot="19" type="stone_brick_stairs" quantity="21"/><InventoryObject slot="20" type="diamond_block" quantity="2"/><InventoryObject slot="21" type="dark_oak_stairs" quantity="22"/><InventoryObject slot="22" type="spruce_door" quantity="43"/><InventoryObject slot="23" type="stone" quantity="56"/><InventoryObject slot="24" type="furnace" quantity="11"/><InventoryObject slot="25" type="redstone_ore" quantity="34"/><InventoryObject slot="26" type="birch_door" quantity="4"/><InventoryObject slot="27" type="mycelium" quantity="60"/><InventoryObject slot="28" type="end_portal_frame" quantity="34"/><InventoryObject slot="29" type="diamond_ore" quantity="44"/><InventoryObject slot="30" type="nether_brick_stairs" quantity="54"/><InventoryObject slot="31" type="mycelium" quantity="5"/><InventoryObject slot="32" type="emerald_ore" quantity="58"/><InventoryObject slot="33" type="red_mushroom_block" quantity="8"/><InventoryObject slot="34" type="jungle_door" quantity="53"/><InventoryObject slot="35" type="redstone_lamp" quantity="13"/></Inventory><PreferredSpawnBiome>plains</PreferredSpawnBiome><DoneOnDeath>true</DoneOnDeath><SpawnInVillage>true</SpawnInVillage></AgentStart><AgentHandlers><FileBasedPerformanceProducer/><PauseCommand/><VideoProducer want_depth="false"><Width>640</Width><Height>360</Height></VideoProducer><HumanLevelCommands/><CameraCommands/></AgentHandlers></AgentSection></Mission><ExperimentUID>f38ed488-22b6-4ead-8423-f94a29ec451f</ExperimentUID><ClientRole>0</ClientRole><ClientAgentConnection><ClientIPAddress>127.0.0.1</ClientIPAddress><ClientMissionControlPort>0</ClientMissionControlPort><ClientCommandsPort>0</ClientCommandsPort><AgentIPAddress>127.0.0.1</AgentIPAddress><AgentMissionControlPort>0</AgentMissionControlPort><AgentVideoPort>0</AgentVideoPort><AgentDepthPort>0</AgentDepthPort><AgentLuminancePort>0</AgentLuminancePort><AgentObservationsPort>0</AgentObservationsPort><AgentRewardsPort>0</AgentRewardsPort><AgentColourMapPort>0</AgentColourMapPort></ClientAgentConnection></MissionInit>
[16:11:27] [EnvServerSocketHandler/INFO]: [STDOUT]: Setting width, height to 640, 360
[16:11:27] [EnvServerSocketHandler/INFO]: [STDOUT]: Gamma: 2.0
[16:11:27] [EnvServerSocketHandler/INFO]: [STDOUT]: FOV: 70.0
[16:11:27] [EnvServerSocketHandler/INFO]: [STDOUT]: GuiScale: 1.0
[16:11:27] [Render thread/INFO]: [STDOUT]: Seed not provided, generating random one: -6112337783710050327
[16:11:29] [Render thread/WARN]: Ambiguity between arguments [teleport, destination] and [teleport, targets] with inputs: [Player, 0123, @e, dd12be42-52a9-4a91-a8a1-11c01849e498]
[16:11:29] [Render thread/WARN]: Ambiguity between arguments [teleport, location] and [teleport, destination] with inputs: [0.1 -0.5 .9, 0 0 0]
[16:11:29] [Render thread/WARN]: Ambiguity between arguments [teleport, location] and [teleport, targets] with inputs: [0.1 -0.5 .9, 0 0 0]
[16:11:29] [Render thread/WARN]: Ambiguity between arguments [teleport, targets] and [teleport, destination] with inputs: [Player, 0123, dd12be42-52a9-4a91-a8a1-11c01849e498]
[16:11:29] [Render thread/WARN]: Ambiguity between arguments [teleport, targets, location] and [teleport, targets, destination] with inputs: [0.1 -0.5 .9, 0 0 0]
[16:11:29] [Render thread/INFO]: Reloading ResourceManager: Default
[16:11:29] [Render thread/INFO]: Loaded 7 recipes
[16:11:30] [Render thread/INFO]: Loaded 927 advancements
[16:11:30] [Render thread/INFO]: [STDOUT]: *** creating fake mouse cursor ***
[16:11:32] [Render thread/INFO]: Environment: authHost='https://authserver.mojang.com', accountsHost='https://api.mojang.com', sessionHost='https://sessionserver.mojang.com', servicesHost='https://api.minecraftservices.com', name='PROD'
[16:11:32] [Render thread/INFO]: Starting integrated minecraft server version 1.16.5
[16:11:32] [Render thread/INFO]: Generating keypair
[16:11:43] [Render thread/INFO]: Preparing start region for dimension minecraft:overworld
[16:12:22] [Render thread/INFO]: Changing view distance to 11, from 10
[16:12:23] [Render thread/INFO]: MineRLAgent0[local:E:af11d31b] logged in with entity id 370 at (-365.5, 72.0, -3061.5)
[16:12:23] [Render thread/INFO]: MineRLAgent0 joined the game
[16:12:23] [Render thread/INFO]: Preparing spawn area: 8%
[16:12:23] [Render thread/INFO]: Time elapsed: 5 ms
[16:12:24] [Render thread/INFO]: [STDOUT]: Starting new video null
[16:12:24] [Render thread/INFO]: Saving and pausing game...
[16:12:24] [Render thread/INFO]: Saving chunks for level 'ServerLevel[mcpworldabfcf1c1b7d5]'/minecraft:overworld
[16:12:26] [Render thread/INFO]: Saving chunks for level 'ServerLevel[mcpworldabfcf1c1b7d5]'/minecraft:the_nether
[16:12:26] [Render thread/INFO]: Saving chunks for level 'ServerLevel[mcpworldabfcf1c1b7d5]'/minecraft:the_end
[16:12:27] [Render thread/INFO]: MineRLAgent0 has made the advancement [Stone Age]
[16:12:27] [Render thread/INFO]: [CHAT] MineRLAgent0 has made the advancement [Stone Age]
[16:12:27] [Render thread/INFO]: Loaded 79 advancements
[16:12:36] [EnvServerSocketHandler/INFO]: [STDOUT]: *** Stopping the replay, returning control to the inputs
