[15:57:25] [Thread-4/INFO]: [STDOUT]: SERVER enter state: DORMANT
[15:57:25] [EnvServerSocketHandler/INFO]: Received Mission token 6af9ad04-b91a-4f79-bba3-5909acd4c9dd:0:0:1:true
[15:57:25] [EnvServerSocketHandler/INFO]: Received mission init command  <MissionInit xmlns="http://ProjectMalmo.microsoft.com" xmlns:xsi="http://www.w3.org/2001/XMLSchema-instance" SchemaVersion="" PlatformVersion="0.37.0"><Mission><About><Summary>MineRLBasaltBuildVillageHouse-v0</Summary></About><ModSettings><MsPerTick>50</MsPerTick></ModSettings><ServerSection><ServerInitialConditions><Time><AllowPassageOfTime>false</AllowPassageOfTime></Time><AllowSpawning>true</AllowSpawning></ServerInitialConditions><ServerHandlers><DefaultWorldGenerator forceReset="true" generatorOptions="{}"/><ServerQuitFromTimeUp timeLimitMs="720000" description="out_of_time"/><ServerQuitWhenAnyAgentFinishes/></ServerHandlers></ServerSection><AgentSection mode="Survival"><Name>MineRLAgent0</Name><AgentStart><LowLevelInputs>true</LowLevelInputs><GuiScale>1.0</GuiScale><GammaSetting>2.0</GammaSetting><FOVSetting>70.0</FOVSetting><FakeCursorSize>16</FakeCursorSize><Inventory><InventoryObject slot="0" type="jungle_fence" quantity="60"/><InventoryObject slot="1" type="torch" quantity="60"/><InventoryObject slot="2" type="tnt" quantity="2"/><InventoryObject slot="3" type="cauldron" quantity="20"/><InventoryObject slot="4" type="mycelium" quantity="21"/><InventoryObject slot="5" type="iron_block" quantity="49"/><InventoryObject slot="6" type="dark_oak_fence_gate" quantity="49"/><InventoryObject slot="7" type="glowstone" quantity="23"/><InventoryObject slot="8" type="sea_lantern" quantity="38"/><InventoryObject slot="9" type="dark_oak_fence" quantity="16"/><InventoryObject slot="10" type="dirt" quantity="38"/><InventoryObject slot="11" type="clay" quantity="43"/><InventoryObject slot="12" type="spruce_stairs" quantity="62"/><InventoryObject slot="13" type="command_block" quantity="21"/><InventoryObject slot="14" type="flower_pot" quantity="57"/><InventoryObject slot="15" type="nether_brick_fence" quantity="42"/><InventoryObject slot="16" type="flower_pot" quantity="5"/><InventoryObject slot="17" type="red_mushroom" quantity="47"/><InventoryObject slot="18" type="coal_ore" quantity="48"/><InventoryObject slot="19" type="iron_ore" quantity="63"/><InventoryObject slot="20" type="birch_stairs" quantity="34"/><InventoryObject slot="21" type="dark_oak_fence" quantity="47"/><InventoryObject slot="22" type="coal_block" quantity="41"/><InventoryObject slot="23" type="barrier" quantity="47"/><InventoryObject slot="24" type="detector_rail" quantity="16"/><InventoryObject slot="25" type="netherrack" quantity="43"/><InventoryObject slot="26" type="iron_trapdoor" quantity="20"/><InventoryObject slot="27" type="empty" quantity="36"/><InventoryObject slot="28" type="glass_pane" quantity="36"/><InventoryObject slot="29" type="tripwire_hook" quantity="13"/><InventoryObject slot="30" type="red_sandstone" quantity="63"/><InventoryObject slot="31" type="spruce_door" quantity="22"/><InventoryObject slot="32" type="birch_stairs" quantity="37"/><InventoryObject slot="33" type="sandstone" quantity="50"/><InventoryObject slot="34" type="cake" quantity="53"/><InventoryObject slot="35" type="rail" quantity="6"/></Inventory><PreferredSpawnBiome>plains</PreferredSpawnBiome><DoneOnDeath>true</DoneOnDeath><SpawnInVillage>true</SpawnInVillage></AgentStart><AgentHandlers><FileBasedPerformanceProducer/><PauseCommand/><VideoProducer want_depth="false"><Width>640</Width><Height>360</Height></VideoProducer><HumanLevelCommands/><CameraCommands/></AgentHandlers></AgentSection></Mission><ExperimentUID>6af9ad04-b91a-4f79-bba3-5909acd4c9dd</ExperimentUID><ClientRole>0</ClientRole><ClientAgentConnection><ClientIPAddress>127.0.0.1</ClientIPAddress><ClientMissionControlPort>0</ClientMissionControlPort><ClientCommandsPort>0</ClientCommandsPort><AgentIPAddress>127.0.0.1</AgentIPAddress><AgentMissionControlPort>0</AgentMissionControlPort><AgentVideoPort>0</AgentVideoPort><AgentDepthPort>0</AgentDepthPort><AgentLuminancePort>0</AgentLuminancePort><AgentObservationsPort>0</AgentObservationsPort><AgentRewardsPort>0</AgentRewardsPort><AgentColourMapPort>0</AgentColourMapPort></ClientAgentConnection></MissionInit>
[15:57:26] [EnvServerSocketHandler/INFO]: [STDOUT]: Setting width, height to 640, 360
[15:57:26] [EnvServerSocketHandler/INFO]: [STDOUT]: Gamma: 2.0
[15:57:26] [EnvServerSocketHandler/INFO]: [STDOUT]: FOV: 70.0
[15:57:26] [EnvServerSocketHandler/INFO]: [STDOUT]: GuiScale: 1.0
[15:57:26] [Render thread/INFO]: [STDOUT]: Seed not provided, generating random one: -6866683489589430724
[15:57:28] [Render thread/WARN]: Ambiguity between arguments [teleport, destination] and [teleport, targets] with inputs: [Player, 0123, @e, dd12be42-52a9-4a91-a8a1-11c01849e498]
[15:57:28] [Render thread/WARN]: Ambiguity between arguments [teleport, location] and [teleport, destination] with inputs: [0.1 -0.5 .9, 0 0 0]
[15:57:28] [Render thread/WARN]: Ambiguity between arguments [teleport, location] and [teleport, targets] with inputs: [0.1 -0.5 .9, 0 0 0]
[15:57:28] [Render thread/WARN]: Ambiguity between arguments [teleport, targets] and [teleport, destination] with inputs: [Player, 0123, dd12be42-52a9-4a91-a8a1-11c01849e498]
[15:57:28] [Render thread/WARN]: Ambiguity between arguments [teleport, targets, location] and [teleport, targets, destination] with inputs: [0.1 -0.5 .9, 0 0 0]
[15:57:28] [Render thread/INFO]: Reloading ResourceManager: Default
[15:57:28] [Render thread/INFO]: Loaded 7 recipes
[15:57:29] [Render thread/INFO]: Loaded 927 advancements
[15:57:29] [Render thread/INFO]: [STDOUT]: *** creating fake mouse cursor ***
[15:57:30] [Render thread/INFO]: Environment: authHost='https://authserver.mojang.com', accountsHost='https://api.mojang.com', sessionHost='https://sessionserver.mojang.com', servicesHost='https://api.minecraftservices.com', name='PROD'
[15:57:30] [Render thread/INFO]: Starting integrated minecraft server version 1.16.5
[15:57:30] [Render thread/INFO]: Generating keypair
[15:57:39] [Render thread/INFO]: Preparing start region for dimension minecraft:overworld
[15:57:57] [Render thread/INFO]: Changing view distance to 11, from 10
[15:57:58] [Render thread/INFO]: MineRLAgent0[local:E:70e944d0] logged in with entity id 115 at (-253.5, 71.0, -1797.5)
[15:57:58] [Render thread/INFO]: MineRLAgent0 joined the game
[15:57:58] [Render thread/INFO]: Preparing spawn area: 0%
[15:57:58] [Render thread/INFO]: Time elapsed: 10 ms
[15:57:59] [Render thread/INFO]: [STDOUT]: Starting new video null
[15:57:59] [Render thread/INFO]: Saving and pausing game...
[15:57:59] [Render thread/INFO]: Saving chunks for level 'ServerLevel[mcpworldb7d5fd82f9c8]'/minecraft:overworld
[15:58:01] [Render thread/INFO]: Saving chunks for level 'ServerLevel[mcpworldb7d5fd82f9c8]'/minecraft:the_nether
[15:58:01] [Render thread/INFO]: Saving chunks for level 'ServerLevel[mcpworldb7d5fd82f9c8]'/minecraft:the_end
[15:58:02] [Render thread/INFO]: Loaded 60 advancements
[15:58:11] [EnvServerSocketHandler/INFO]: [STDOUT]: *** Stopping the replay, returning control to the inputs
