[15:43:25] [Thread-4/INFO]: [STDOUT]: SERVER enter state: DORMANT
[15:43:25] [EnvServerSocketHandler/INFO]: Received Mission token 64b0755a-a54e-4835-b682-3a46aa6afb49:0:0:1:true
[15:43:25] [EnvServerSocketHandler/INFO]: Received mission init command  <MissionInit xmlns="http://ProjectMalmo.microsoft.com" xmlns:xsi="http://www.w3.org/2001/XMLSchema-instance" SchemaVersion="" PlatformVersion="0.37.0"><Mission><About><Summary>MineRLBasaltBuildVillageHouse-v0</Summary></About><ModSettings><MsPerTick>50</MsPerTick></ModSettings><ServerSection><ServerInitialConditions><Time><AllowPassageOfTime>false</AllowPassageOfTime></Time><AllowSpawning>true</AllowSpawning></ServerInitialConditions><ServerHandlers><DefaultWorldGenerator forceReset="true" generatorOptions="{}"/><ServerQuitFromTimeUp timeLimitMs="720000" description="out_of_time"/><ServerQuitWhenAnyAgentFinishes/></ServerHandlers></ServerSection><AgentSection mode="Survival"><Name>MineRLAgent0</Name><AgentStart><LowLevelInputs>true</LowLevelInputs><GuiScale>1.0</GuiScale><GammaSetting>2.0</GammaSetting><FOVSetting>70.0</FOVSetting><FakeCursorSize>16</FakeCursorSize><Inventory><InventoryObject slot="0" type="gold_block" quantity="17"/><InventoryObject slot="1" type="sticky_piston" quantity="24"/><InventoryObject slot="2" type="bedrock" quantity="39"/><InventoryObject slot="3" type="spruce_fence" quantity="57"/><InventoryObject slot="4" type="spruce_door" quantity="57"/><InventoryObject slot="5" type="stone_brick_stairs" quantity="5"/><InventoryObject slot="6" type="brown_mushroom_block" quantity="60"/><InventoryObject slot="7" type="birch_fence_gate" quantity="2"/><InventoryObject slot="8" type="detector_rail" quantity="35"/><InventoryObject slot="9" type="acacia_fence_gate" quantity="10"/><InventoryObject slot="10" type="light_weighted_pressure_plate" quantity="17"/><InventoryObject slot="11" type="nether_brick" quantity="9"/><InventoryObject slot="12" type="red_sandstone" quantity="64"/><InventoryObject slot="13" type="dropper" quantity="51"/><InventoryObject slot="14" type="wheat" quantity="15"/><InventoryObject slot="15" type="nether_brick_fence" quantity="22"/><InventoryObject slot="16" type="daylight_detector" quantity="29"/><InventoryObject slot="17" type="bookshelf" quantity="23"/><InventoryObject slot="18" type="brown_mushroom" quantity="32"/><InventoryObject slot="19" type="acacia_fence" quantity="18"/><InventoryObject slot="20" type="bookshelf" quantity="15"/><InventoryObject slot="21" type="glowstone" quantity="53"/><InventoryObject slot="22" type="stone_stairs" quantity="28"/><InventoryObject slot="23" type="birch_stairs" quantity="59"/><InventoryObject slot="24" type="iron_block" quantity="37"/><InventoryObject slot="25" type="redstone_ore" quantity="9"/><InventoryObject slot="26" type="jungle_fence" quantity="47"/><InventoryObject slot="27" type="stone_stairs" quantity="39"/><InventoryObject slot="28" type="jungle_fence" quantity="22"/><InventoryObject slot="29" type="grass" quantity="51"/><InventoryObject slot="30" type="coal_ore" quantity="13"/><InventoryObject slot="31" type="hopper" quantity="8"/><InventoryObject slot="32" type="furnace" quantity="14"/><InventoryObject slot="33" type="redstone_torch" quantity="58"/><InventoryObject slot="34" type="dark_oak_fence" quantity="49"/><InventoryObject slot="35" type="clay" quantity="24"/></Inventory><PreferredSpawnBiome>plains</PreferredSpawnBiome><DoneOnDeath>true</DoneOnDeath><SpawnInVillage>true</SpawnInVillage></AgentStart><AgentHandlers><FileBasedPerformanceProducer/><PauseCommand/><VideoProducer want_depth="false"><Width>640</Width><Height>360</Height></VideoProducer><HumanLevelCommands/><CameraCommands/></AgentHandlers></AgentSection></Mission><ExperimentUID>64b0755a-a54e-4835-b682-3a46aa6afb49</ExperimentUID><ClientRole>0</ClientRole><ClientAgentConnection><ClientIPAddress>127.0.0.1</ClientIPAddress><ClientMissionControlPort>0</ClientMissionControlPort><ClientCommandsPort>0</ClientCommandsPort><AgentIPAddress>127.0.0.1</AgentIPAddress><AgentMissionControlPort>0</AgentMissionControlPort><AgentVideoPort>0</AgentVideoPort><AgentDepthPort>0</AgentDepthPort><AgentLuminancePort>0</AgentLuminancePort><AgentObservationsPort>0</AgentObservationsPort><AgentRewardsPort>0</AgentRewardsPort><AgentColourMapPort>0</AgentColourMapPort></ClientAgentConnection></MissionInit>
[15:43:26] [EnvServerSocketHandler/INFO]: [STDOUT]: Setting width, height to 640, 360
[15:43:26] [EnvServerSocketHandler/INFO]: [STDOUT]: Gamma: 2.0
[15:43:26] [EnvServerSocketHandler/INFO]: [STDOUT]: FOV: 70.0
[15:43:26] [EnvServerSocketHandler/INFO]: [STDOUT]: GuiScale: 1.0
[15:43:26] [Render thread/INFO]: [STDOUT]: Seed not provided, generating random one: 598544377414167879
[15:43:28] [Render thread/WARN]: Ambiguity between arguments [teleport, destination] and [teleport, targets] with inputs: [Player, 0123, @e, dd12be42-52a9-4a91-a8a1-11c01849e498]
[15:43:28] [Render thread/WARN]: Ambiguity between arguments [teleport, location] and [teleport, destination] with inputs: [0.1 -0.5 .9, 0 0 0]
[15:43:28] [Render thread/WARN]: Ambiguity between arguments [teleport, location] and [teleport, targets] with inputs: [0.1 -0.5 .9, 0 0 0]
[15:43:28] [Render thread/WARN]: Ambiguity between arguments [teleport, targets] and [teleport, destination] with inputs: [Player, 0123, dd12be42-52a9-4a91-a8a1-11c01849e498]
[15:43:28] [Render thread/WARN]: Ambiguity between arguments [teleport, targets, location] and [teleport, targets, destination] with inputs: [0.1 -0.5 .9, 0 0 0]
[15:43:28] [Render thread/INFO]: Reloading ResourceManager: Default
[15:43:29] [Render thread/INFO]: Loaded 7 recipes
[15:43:29] [Render thread/INFO]: Loaded 927 advancements
[15:43:29] [Render thread/INFO]: [STDOUT]: *** creating fake mouse cursor ***
[15:43:31] [Render thread/INFO]: Environment: authHost='https://authserver.mojang.com', accountsHost='https://api.mojang.com', sessionHost='https://sessionserver.mojang.com', servicesHost='https://api.minecraftservices.com', name='PROD'
[15:43:31] [Render thread/INFO]: Starting integrated minecraft server version 1.16.5
[15:43:31] [Render thread/INFO]: Generating keypair
[15:43:42] [Render thread/INFO]: Preparing start region for dimension minecraft:overworld
[15:44:14] [Render thread/INFO]: Changing view distance to 11, from 10
[15:44:15] [Render thread/INFO]: MineRLAgent0[local:E:93118220] logged in with entity id 309 at (846.5, 72.0, -2484.5)
[15:44:15] [Render thread/INFO]: MineRLAgent0 joined the game
[15:44:15] [Render thread/INFO]: Preparing spawn area: 0%
[15:44:15] [Render thread/INFO]: Time elapsed: 7 ms
[15:44:16] [Render thread/INFO]: [STDOUT]: Starting new video null
[15:44:16] [Render thread/INFO]: Saving and pausing game...
[15:44:16] [Render thread/INFO]: Saving chunks for level 'ServerLevel[mcpworldabfcf1c1b7d5]'/minecraft:overworld
[15:44:18] [Render thread/INFO]: Saving chunks for level 'ServerLevel[mcpworldabfcf1c1b7d5]'/minecraft:the_nether
[15:44:18] [Render thread/INFO]: Saving chunks for level 'ServerLevel[mcpworldabfcf1c1b7d5]'/minecraft:the_end
[15:44:19] [Render thread/INFO]: Loaded 31 advancements
[15:44:27] [EnvServerSocketHandler/INFO]: [STDOUT]: *** Stopping the replay, returning control to the inputs
