[16:16:55] [Thread-4/INFO]: [STDOUT]: SERVER enter state: DORMANT
[16:16:55] [EnvServerSocketHandler/INFO]: Received Mission token b7dd645f-c2f7-4758-83cc-8b38fb2d05d8:0:0:1:true
[16:16:55] [EnvServerSocketHandler/INFO]: Received mission init command  <MissionInit xmlns="http://ProjectMalmo.microsoft.com" xmlns:xsi="http://www.w3.org/2001/XMLSchema-instance" SchemaVersion="" PlatformVersion="0.37.0"><Mission><About><Summary>MineRLBasaltBuildVillageHouse-v0</Summary></About><ModSettings><MsPerTick>50</MsPerTick></ModSettings><ServerSection><ServerInitialConditions><Time><AllowPassageOfTime>false</AllowPassageOfTime></Time><AllowSpawning>true</AllowSpawning></ServerInitialConditions><ServerHandlers><DefaultWorldGenerator forceReset="true" generatorOptions="{}"/><ServerQuitFromTimeUp timeLimitMs="720000" description="out_of_time"/><ServerQuitWhenAnyAgentFinishes/></ServerHandlers></ServerSection><AgentSection mode="Survival"><Name>MineRLAgent0</Name><AgentStart><LowLevelInputs>true</LowLevelInputs><GuiScale>1.0</GuiScale><GammaSetting>2.0</GammaSetting><FOVSetting>70.0</FOVSetting><FakeCursorSize>16</FakeCursorSize><Inventory><InventoryObject slot="0" type="spruce_fence" quantity="35"/><InventoryObject slot="1" type="dark_oak_stairs" quantity="53"/><InventoryObject slot="2" type="redstone_ore" quantity="36"/><InventoryObject slot="3" type="heavy_weighted_pressure_plate" quantity="28"/><InventoryObject slot="4" type="hay_block" quantity="6"/><InventoryObject slot="5" type="dark_oak_stairs" quantity="45"/><InventoryObject slot="6" type="dispenser" quantity="47"/><InventoryObject slot="7" type="quartz_block" quantity="44"/><InventoryObject slot="8" type="ice" quantity="9"/><InventoryObject slot="9" type="stone" quantity="18"/><InventoryObject slot="10" type="stone_pressure_plate" quantity="1"/><InventoryObject slot="11" type="empty" quantity="15"/><InventoryObject slot="12" type="nether_brick" quantity="16"/><InventoryObject slot="13" type="stone_button" quantity="63"/><InventoryObject slot="14" type="birch_door" quantity="37"/><InventoryObject slot="15" type="nether_wart" quantity="64"/><InventoryObject slot="16" type="pumpkin" quantity="15"/><InventoryObject slot="17" type="iron_trapdoor" quantity="60"/><InventoryObject slot="18" type="stone_slab" quantity="52"/><InventoryObject slot="19" type="brown_mushroom" quantity="61"/><InventoryObject slot="20" type="chest" quantity="28"/><InventoryObject slot="21" type="redstone_block" quantity="58"/><InventoryObject slot="22" type="jungle_stairs" quantity="17"/><InventoryObject slot="23" type="stone_brick_stairs" quantity="1"/><InventoryObject slot="24" type="furnace" quantity="22"/><InventoryObject slot="25" type="detector_rail" quantity="39"/><InventoryObject slot="26" type="tripwire_hook" quantity="9"/><InventoryObject slot="27" type="netherrack" quantity="24"/><InventoryObject slot="28" type="cauldron" quantity="39"/><InventoryObject slot="29" type="sea_lantern" quantity="14"/><InventoryObject slot="30" type="gold_block" quantity="9"/><InventoryObject slot="31" type="dirt" quantity="56"/><InventoryObject slot="32" type="jungle_door" quantity="28"/><InventoryObject slot="33" type="gold_ore" quantity="13"/><InventoryObject slot="34" type="jungle_door" quantity="19"/><InventoryObject slot="35" type="brewing_stand" quantity="51"/></Inventory><PreferredSpawnBiome>plains</PreferredSpawnBiome><DoneOnDeath>true</DoneOnDeath><SpawnInVillage>true</SpawnInVillage></AgentStart><AgentHandlers><FileBasedPerformanceProducer/><PauseCommand/><VideoProducer want_depth="false"><Width>640</Width><Height>360</Height></VideoProducer><HumanLevelCommands/><CameraCommands/></AgentHandlers></AgentSection></Mission><ExperimentUID>b7dd645f-c2f7-4758-83cc-8b38fb2d05d8</ExperimentUID><ClientRole>0</ClientRole><ClientAgentConnection><ClientIPAddress>127.0.0.1</ClientIPAddress><ClientMissionControlPort>0</ClientMissionControlPort><ClientCommandsPort>0</ClientCommandsPort><AgentIPAddress>127.0.0.1</AgentIPAddress><AgentMissionControlPort>0</AgentMissionControlPort><AgentVideoPort>0</AgentVideoPort><AgentDepthPort>0</AgentDepthPort><AgentLuminancePort>0</AgentLuminancePort><AgentObservationsPort>0</AgentObservationsPort><AgentRewardsPort>0</AgentRewardsPort><AgentColourMapPort>0</AgentColourMapPort></ClientAgentConnection></MissionInit>
[16:16:56] [EnvServerSocketHandler/INFO]: [STDOUT]: Setting width, height to 640, 360
[16:16:56] [EnvServerSocketHandler/INFO]: [STDOUT]: Gamma: 2.0
[16:16:56] [EnvServerSocketHandler/INFO]: [STDOUT]: FOV: 70.0
[16:16:56] [EnvServerSocketHandler/INFO]: [STDOUT]: GuiScale: 1.0
[16:16:56] [Render thread/INFO]: [STDOUT]: Seed not provided, generating random one: 7661138688968501726
[16:16:57] [Render thread/WARN]: Ambiguity between arguments [teleport, destination] and [teleport, targets] with inputs: [Player, 0123, @e, dd12be42-52a9-4a91-a8a1-11c01849e498]
[16:16:57] [Render thread/WARN]: Ambiguity between arguments [teleport, location] and [teleport, destination] with inputs: [0.1 -0.5 .9, 0 0 0]
[16:16:57] [Render thread/WARN]: Ambiguity between arguments [teleport, location] and [teleport, targets] with inputs: [0.1 -0.5 .9, 0 0 0]
[16:16:57] [Render thread/WARN]: Ambiguity between arguments [teleport, targets] and [teleport, destination] with inputs: [Player, 0123, dd12be42-52a9-4a91-a8a1-11c01849e498]
[16:16:57] [Render thread/WARN]: Ambiguity between arguments [teleport, targets, location] and [teleport, targets, destination] with inputs: [0.1 -0.5 .9, 0 0 0]
[16:16:57] [Render thread/INFO]: Reloading ResourceManager: Default
[16:16:58] [Render thread/INFO]: Loaded 7 recipes
[16:16:59] [Render thread/INFO]: Loaded 927 advancements
[16:16:59] [Render thread/INFO]: [STDOUT]: *** creating fake mouse cursor ***
[16:17:00] [Render thread/INFO]: Environment: authHost='https://authserver.mojang.com', accountsHost='https://api.mojang.com', sessionHost='https://sessionserver.mojang.com', servicesHost='https://api.minecraftservices.com', name='PROD'
[16:17:00] [Render thread/INFO]: Starting integrated minecraft server version 1.16.5
[16:17:00] [Render thread/INFO]: Generating keypair
[16:17:11] [Render thread/INFO]: Preparing start region for dimension minecraft:overworld
[16:17:21] [Render thread/INFO]: Changing view distance to 11, from 10
[16:17:22] [Render thread/INFO]: MineRLAgent0[local:E:c737f5c9] logged in with entity id 109 at (-340.5, 71.0, -2046.5)
[16:17:22] [Render thread/INFO]: MineRLAgent0 joined the game
[16:17:22] [Render thread/INFO]: Preparing spawn area: 0%
[16:17:22] [Render thread/INFO]: Time elapsed: 6 ms
[16:17:23] [Render thread/INFO]: [STDOUT]: Starting new video null
[16:17:23] [Render thread/INFO]: Saving and pausing game...
[16:17:23] [Render thread/INFO]: Saving chunks for level 'ServerLevel[mcpworldabfcf1c1b7d5]'/minecraft:overworld
[16:17:24] [Render thread/INFO]: Saving chunks for level 'ServerLevel[mcpworldabfcf1c1b7d5]'/minecraft:the_nether
[16:17:24] [Render thread/INFO]: Saving chunks for level 'ServerLevel[mcpworldabfcf1c1b7d5]'/minecraft:the_end
[16:17:26] [Render thread/INFO]: Loaded 48 advancements
[16:17:35] [EnvServerSocketHandler/INFO]: [STDOUT]: *** Stopping the replay, returning control to the inputs
