[15:15:26] [Thread-4/INFO]: [STDOUT]: SERVER enter state: DORMANT
[15:15:26] [EnvServerSocketHandler/INFO]: Received Mission token 8513211c-6b26-4853-a40e-8075a0fb8dae:0:0:1:true
[15:15:26] [EnvServerSocketHandler/INFO]: Received mission init command  <MissionInit xmlns="http://ProjectMalmo.microsoft.com" xmlns:xsi="http://www.w3.org/2001/XMLSchema-instance" SchemaVersion="" PlatformVersion="0.37.0"><Mission><About><Summary>MineRLBasaltBuildVillageHouse-v0</Summary></About><ModSettings><MsPerTick>50</MsPerTick></ModSettings><ServerSection><ServerInitialConditions><Time><AllowPassageOfTime>false</AllowPassageOfTime></Time><AllowSpawning>true</AllowSpawning></ServerInitialConditions><ServerHandlers><DefaultWorldGenerator forceReset="true" generatorOptions="{}"/><ServerQuitFromTimeUp timeLimitMs="720000" description="out_of_time"/><ServerQuitWhenAnyAgentFinishes/></ServerHandlers></ServerSection><AgentSection mode="Survival"><Name>MineRLAgent0</Name><AgentStart><LowLevelInputs>true</LowLevelInputs><GuiScale>1.0</GuiScale><GammaSetting>2.0</GammaSetting><FOVSetting>70.0</FOVSetting><FakeCursorSize>16</FakeCursorSize><Inventory><InventoryObject slot="0" type="end_portal_frame" quantity="45"/><InventoryObject slot="1" type="farmland" quantity="26"/><InventoryObject slot="2" type="ice" quantity="62"/><InventoryObject slot="3" type="spruce_fence" quantity="58"/><InventoryObject slot="4" type="end_portal_frame" quantity="59"/><InventoryObject slot="5" type="redstone_ore" quantity="51"/><InventoryObject slot="6" type="brown_mushroom_block" quantity="31"/><InventoryObject slot="7" type="redstone_block" quantity="21"/><InventoryObject slot="8" type="heavy_weighted_pressure_plate" quantity="28"/><InventoryObject slot="9" type="packed_ice" quantity="50"/><InventoryObject slot="10" type="nether_brick" quantity="4"/><InventoryObject slot="11" type="soul_sand" quantity="1"/><InventoryObject slot="12" type="end_portal_frame" quantity="50"/><InventoryObject slot="13" type="tripwire_hook" quantity="58"/><InventoryObject slot="14" type="beacon" quantity="50"/><InventoryObject slot="15" type="cobblestone_wall" quantity="42"/><InventoryObject slot="16" type="sandstone" quantity="44"/><InventoryObject slot="17" type="cactus" quantity="5"/><InventoryObject slot="18" type="brick_stairs" quantity="57"/><InventoryObject slot="19" type="sandstone_stairs" quantity="28"/><InventoryObject slot="20" type="stone_slab" quantity="23"/><InventoryObject slot="21" type="gold_ore" quantity="58"/><InventoryObject slot="22" type="birch_fence" quantity="40"/><InventoryObject slot="23" type="cobblestone_wall" quantity="44"/><InventoryObject slot="24" type="iron_trapdoor" quantity="36"/><InventoryObject slot="25" type="wheat" quantity="47"/><InventoryObject slot="26" type="gravel" quantity="29"/><InventoryObject slot="27" type="sandstone_stairs" quantity="16"/><InventoryObject slot="28" type="jungle_fence_gate" quantity="39"/><InventoryObject slot="29" type="coal_ore" quantity="4"/><InventoryObject slot="30" type="acacia_fence_gate" quantity="23"/><InventoryObject slot="31" type="daylight_detector" quantity="2"/><InventoryObject slot="32" type="crafting_table" quantity="63"/><InventoryObject slot="33" type="jungle_fence_gate" quantity="57"/><InventoryObject slot="34" type="dropper" quantity="59"/><InventoryObject slot="35" type="furnace" quantity="22"/></Inventory><PreferredSpawnBiome>plains</PreferredSpawnBiome><DoneOnDeath>true</DoneOnDeath><SpawnInVillage>true</SpawnInVillage></AgentStart><AgentHandlers><FileBasedPerformanceProducer/><PauseCommand/><VideoProducer want_depth="false"><Width>640</Width><Height>360</Height></VideoProducer><HumanLevelCommands/><CameraCommands/></AgentHandlers></AgentSection></Mission><ExperimentUID>8513211c-6b26-4853-a40e-8075a0fb8dae</ExperimentUID><ClientRole>0</ClientRole><ClientAgentConnection><ClientIPAddress>127.0.0.1</ClientIPAddress><ClientMissionControlPort>0</ClientMissionControlPort><ClientCommandsPort>0</ClientCommandsPort><AgentIPAddress>127.0.0.1</AgentIPAddress><AgentMissionControlPort>0</AgentMissionControlPort><AgentVideoPort>0</AgentVideoPort><AgentDepthPort>0</AgentDepthPort><AgentLuminancePort>0</AgentLuminancePort><AgentObservationsPort>0</AgentObservationsPort><AgentRewardsPort>0</AgentRewardsPort><AgentColourMapPort>0</AgentColourMapPort></ClientAgentConnection></MissionInit>
[15:15:27] [Render thread/INFO]: [STDOUT]: *** creating fake mouse cursor ***
[15:15:27] [EnvServerSocketHandler/INFO]: [STDOUT]: Setting width, height to 640, 360
[15:15:27] [EnvServerSocketHandler/INFO]: [STDOUT]: Gamma: 2.0
[15:15:27] [EnvServerSocketHandler/INFO]: [STDOUT]: FOV: 70.0
[15:15:27] [EnvServerSocketHandler/INFO]: [STDOUT]: GuiScale: 1.0
[15:15:27] [Render thread/INFO]: [STDOUT]: Seed not provided, generating random one: 7877051009080544658
[15:15:29] [Render thread/WARN]: Ambiguity between arguments [teleport, destination] and [teleport, targets] with inputs: [Player, 0123, @e, dd12be42-52a9-4a91-a8a1-11c01849e498]
[15:15:29] [Render thread/WARN]: Ambiguity between arguments [teleport, location] and [teleport, destination] with inputs: [0.1 -0.5 .9, 0 0 0]
[15:15:29] [Render thread/WARN]: Ambiguity between arguments [teleport, location] and [teleport, targets] with inputs: [0.1 -0.5 .9, 0 0 0]
[15:15:29] [Render thread/WARN]: Ambiguity between arguments [teleport, targets] and [teleport, destination] with inputs: [Player, 0123, dd12be42-52a9-4a91-a8a1-11c01849e498]
[15:15:29] [Render thread/WARN]: Ambiguity between arguments [teleport, targets, location] and [teleport, targets, destination] with inputs: [0.1 -0.5 .9, 0 0 0]
[15:15:29] [Render thread/INFO]: Reloading ResourceManager: Default
[15:15:30] [Render thread/INFO]: Loaded 7 recipes
[15:15:30] [Render thread/INFO]: Loaded 927 advancements
[15:15:32] [Render thread/INFO]: Environment: authHost='https://authserver.mojang.com', accountsHost='https://api.mojang.com', sessionHost='https://sessionserver.mojang.com', servicesHost='https://api.minecraftservices.com', name='PROD'
[15:15:32] [Render thread/INFO]: Starting integrated minecraft server version 1.16.5
[15:15:32] [Render thread/INFO]: Generating keypair
[15:15:43] [Render thread/INFO]: Preparing start region for dimension minecraft:overworld
[15:15:48] [Render thread/INFO]: Changing view distance to 11, from 10
[15:15:49] [Render thread/INFO]: MineRLAgent0[local:E:dd1acc51] logged in with entity id 171 at (-492.5, 64.0, 68.5)
[15:15:49] [Render thread/INFO]: MineRLAgent0 joined the game
[15:15:49] [Render thread/INFO]: Preparing spawn area: 0%
[15:15:49] [Render thread/INFO]: Time elapsed: 6 ms
[15:15:50] [Render thread/INFO]: [STDOUT]: Starting new video null
[15:15:50] [Render thread/INFO]: Saving and pausing game...
[15:15:50] [Render thread/INFO]: Saving chunks for level 'ServerLevel[mcpworldb7d5fd82f9c8]'/minecraft:overworld
[15:15:51] [Render thread/INFO]: Saving chunks for level 'ServerLevel[mcpworldb7d5fd82f9c8]'/minecraft:the_nether
[15:15:51] [Render thread/INFO]: Saving chunks for level 'ServerLevel[mcpworldb7d5fd82f9c8]'/minecraft:the_end
[15:15:52] [Render thread/INFO]: Loaded 53 advancements
[15:16:02] [EnvServerSocketHandler/INFO]: [STDOUT]: *** Stopping the replay, returning control to the inputs
