[16:07:52] [Thread-4/INFO]: [STDOUT]: SERVER enter state: DORMANT
[16:07:52] [EnvServerSocketHandler/INFO]: Received Mission token 477d2801-2c02-402b-81e4-7d8825cf2bf8:0:0:1:true
[16:07:52] [EnvServerSocketHandler/INFO]: Received mission init command  <MissionInit xmlns="http://ProjectMalmo.microsoft.com" xmlns:xsi="http://www.w3.org/2001/XMLSchema-instance" SchemaVersion="" PlatformVersion="0.37.0"><Mission><About><Summary>MineRLBasaltBuildVillageHouse-v0</Summary></About><ModSettings><MsPerTick>50</MsPerTick></ModSettings><ServerSection><ServerInitialConditions><Time><AllowPassageOfTime>false</AllowPassageOfTime></Time><AllowSpawning>true</AllowSpawning></ServerInitialConditions><ServerHandlers><DefaultWorldGenerator forceReset="true" generatorOptions="{}"/><ServerQuitFromTimeUp timeLimitMs="720000" description="out_of_time"/><ServerQuitWhenAnyAgentFinishes/></ServerHandlers></ServerSection><AgentSection mode="Survival"><Name>MineRLAgent0</Name><AgentStart><LowLevelInputs>true</LowLevelInputs><GuiScale>1.0</GuiScale><GammaSetting>2.0</GammaSetting><FOVSetting>70.0</FOVSetting><FakeCursorSize>16</FakeCursorSize><Inventory><InventoryObject slot="0" type="gold_ore" quantity="18"/><InventoryObject slot="1" type="jukebox" quantity="41"/><InventoryObject slot="2" type="lever" quantity="29"/><InventoryObject slot="3" type="cobblestone" quantity="9"/><InventoryObject slot="4" type="quartz_stairs" quantity="32"/><InventoryObject slot="5" type="mossy_cobblestone" quantity="52"/><InventoryObject slot="6" type="grass" quantity="32"/><InventoryObject slot="7" type="red_sandstone_stairs" quantity="35"/><InventoryObject slot="8" type="enchanting_table" quantity="46"/><InventoryObject slot="9" type="light_weighted_pressure_plate" quantity="60"/><InventoryObject slot="10" type="red_sandstone_stairs" quantity="39"/><InventoryObject slot="11" type="sea_lantern" quantity="50"/><InventoryObject slot="12" type="lapis_ore" quantity="56"/><InventoryObject slot="13" type="quartz_stairs" quantity="54"/><InventoryObject slot="14" type="flower_pot" quantity="26"/><InventoryObject slot="15" type="soul_sand" quantity="42"/><InventoryObject slot="16" type="torch" quantity="23"/><InventoryObject slot="17" type="stone_slab" quantity="61"/><InventoryObject slot="18" type="diamond_block" quantity="56"/><InventoryObject slot="19" type="end_portal_frame" quantity="24"/><InventoryObject slot="20" type="flower_pot" quantity="36"/><InventoryObject slot="21" type="mossy_cobblestone" quantity="44"/><InventoryObject slot="22" type="stone" quantity="29"/><InventoryObject slot="23" type="acacia_fence" quantity="52"/><InventoryObject slot="24" type="coal_block" quantity="51"/><InventoryObject slot="25" type="dark_oak_fence_gate" quantity="10"/><InventoryObject slot="26" type="gold_block" quantity="8"/><InventoryObject slot="27" type="iron_block" quantity="57"/><InventoryObject slot="28" type="acacia_stairs" quantity="62"/><InventoryObject slot="29" type="birch_fence" quantity="33"/><InventoryObject slot="30" type="coal_block" quantity="13"/><InventoryObject slot="31" type="dark_oak_door" quantity="46"/><InventoryObject slot="32" type="flower_pot" quantity="48"/><InventoryObject slot="33" type="nether_brick_stairs" quantity="27"/><InventoryObject slot="34" type="wheat" quantity="47"/><InventoryObject slot="35" type="ladder" quantity="30"/></Inventory><PreferredSpawnBiome>plains</PreferredSpawnBiome><DoneOnDeath>true</DoneOnDeath><SpawnInVillage>true</SpawnInVillage></AgentStart><AgentHandlers><FileBasedPerformanceProducer/><PauseCommand/><VideoProducer want_depth="false"><Width>640</Width><Height>360</Height></VideoProducer><HumanLevelCommands/><CameraCommands/></AgentHandlers></AgentSection></Mission><ExperimentUID>477d2801-2c02-402b-81e4-7d8825cf2bf8</ExperimentUID><ClientRole>0</ClientRole><ClientAgentConnection><ClientIPAddress>127.0.0.1</ClientIPAddress><ClientMissionControlPort>0</ClientMissionControlPort><ClientCommandsPort>0</ClientCommandsPort><AgentIPAddress>127.0.0.1</AgentIPAddress><AgentMissionControlPort>0</AgentMissionControlPort><AgentVideoPort>0</AgentVideoPort><AgentDepthPort>0</AgentDepthPort><AgentLuminancePort>0</AgentLuminancePort><AgentObservationsPort>0</AgentObservationsPort><AgentRewardsPort>0</AgentRewardsPort><AgentColourMapPort>0</AgentColourMapPort></ClientAgentConnection></MissionInit>
[16:07:53] [EnvServerSocketHandler/INFO]: [STDOUT]: Setting width, height to 640, 360
[16:07:53] [EnvServerSocketHandler/INFO]: [STDOUT]: Gamma: 2.0
[16:07:53] [EnvServerSocketHandler/INFO]: [STDOUT]: FOV: 70.0
[16:07:53] [EnvServerSocketHandler/INFO]: [STDOUT]: GuiScale: 1.0
[16:07:53] [Render thread/INFO]: [STDOUT]: Seed not provided, generating random one: 5164114685554812397
[16:07:55] [Render thread/WARN]: Ambiguity between arguments [teleport, destination] and [teleport, targets] with inputs: [Player, 0123, @e, dd12be42-52a9-4a91-a8a1-11c01849e498]
[16:07:55] [Render thread/WARN]: Ambiguity between arguments [teleport, location] and [teleport, destination] with inputs: [0.1 -0.5 .9, 0 0 0]
[16:07:55] [Render thread/WARN]: Ambiguity between arguments [teleport, location] and [teleport, targets] with inputs: [0.1 -0.5 .9, 0 0 0]
[16:07:55] [Render thread/WARN]: Ambiguity between arguments [teleport, targets] and [teleport, destination] with inputs: [Player, 0123, dd12be42-52a9-4a91-a8a1-11c01849e498]
[16:07:55] [Render thread/WARN]: Ambiguity between arguments [teleport, targets, location] and [teleport, targets, destination] with inputs: [0.1 -0.5 .9, 0 0 0]
[16:07:55] [Render thread/INFO]: Reloading ResourceManager: Default
[16:07:56] [Render thread/INFO]: Loaded 7 recipes
[16:07:56] [Render thread/INFO]: Loaded 927 advancements
[16:07:56] [Render thread/INFO]: [STDOUT]: *** creating fake mouse cursor ***
[16:07:58] [Render thread/INFO]: Environment: authHost='https://authserver.mojang.com', accountsHost='https://api.mojang.com', sessionHost='https://sessionserver.mojang.com', servicesHost='https://api.minecraftservices.com', name='PROD'
[16:07:58] [Render thread/INFO]: Starting integrated minecraft server version 1.16.5
[16:07:58] [Render thread/INFO]: Generating keypair
[16:08:02] [Render thread/INFO]: Preparing start region for dimension minecraft:overworld
[16:08:11] [Render thread/INFO]: Changing view distance to 11, from 10
[16:08:12] [Render thread/INFO]: MineRLAgent0[local:E:6874c13e] logged in with entity id 116 at (-749.5, 85.0, -997.5)
[16:08:12] [Render thread/INFO]: MineRLAgent0 joined the game
[16:08:13] [Render thread/INFO]: Preparing spawn area: 0%
[16:08:13] [Render thread/INFO]: Time elapsed: 6 ms
[16:08:13] [Render thread/INFO]: [STDOUT]: Starting new video null
[16:08:13] [Render thread/INFO]: Saving and pausing game...
[16:08:13] [Render thread/INFO]: Saving chunks for level 'ServerLevel[mcpworldabfcf1c1b7d5]'/minecraft:overworld
[16:08:14] [Render thread/INFO]: Saving chunks for level 'ServerLevel[mcpworldabfcf1c1b7d5]'/minecraft:the_nether
[16:08:14] [Render thread/INFO]: Saving chunks for level 'ServerLevel[mcpworldabfcf1c1b7d5]'/minecraft:the_end
[16:08:15] [Render thread/INFO]: MineRLAgent0 has made the advancement [Stone Age]
[16:08:16] [Render thread/INFO]: [CHAT] MineRLAgent0 has made the advancement [Stone Age]
[16:08:16] [Render thread/INFO]: Loaded 55 advancements
[16:08:25] [EnvServerSocketHandler/INFO]: [STDOUT]: *** Stopping the replay, returning control to the inputs
