[16:06:42] [Thread-4/INFO]: [STDOUT]: SERVER enter state: DORMANT
[16:06:42] [EnvServerSocketHandler/INFO]: Received Mission token 38d7a888-d847-4af1-b23f-b26814ad16d5:0:0:1:true
[16:06:42] [EnvServerSocketHandler/INFO]: Received mission init command  <MissionInit xmlns="http://ProjectMalmo.microsoft.com" xmlns:xsi="http://www.w3.org/2001/XMLSchema-instance" SchemaVersion="" PlatformVersion="0.37.0"><Mission><About><Summary>MineRLBasaltBuildVillageHouse-v0</Summary></About><ModSettings><MsPerTick>50</MsPerTick></ModSettings><ServerSection><ServerInitialConditions><Time><AllowPassageOfTime>false</AllowPassageOfTime></Time><AllowSpawning>true</AllowSpawning></ServerInitialConditions><ServerHandlers><DefaultWorldGenerator forceReset="true" generatorOptions="{}"/><ServerQuitFromTimeUp timeLimitMs="720000" description="out_of_time"/><ServerQuitWhenAnyAgentFinishes/></ServerHandlers></ServerSection><AgentSection mode="Survival"><Name>MineRLAgent0</Name><AgentStart><LowLevelInputs>true</LowLevelInputs><GuiScale>1.0</GuiScale><GammaSetting>2.0</GammaSetting><FOVSetting>70.0</FOVSetting><FakeCursorSize>16</FakeCursorSize><Inventory><InventoryObject slot="0" type="red_sandstone_stairs" quantity="46"/><InventoryObject slot="1" type="stone_brick_stairs" quantity="32"/><InventoryObject slot="2" type="dark_oak_door" quantity="26"/><InventoryObject slot="3" type="stone_stairs" quantity="27"/><InventoryObject slot="4" type="red_mushroom_block" quantity="33"/><InventoryObject slot="5" type="jungle_stairs" quantity="60"/><InventoryObject slot="6" type="nether_brick_fence" quantity="5"/><InventoryObject slot="7" type="barrier" quantity="3"/><InventoryObject slot="8" type="sticky_piston" quantity="25"/><InventoryObject slot="9" type="ender_chest" quantity="62"/><InventoryObject slot="10" type="jukebox" quantity="4"/><InventoryObject slot="11" type="hopper" quantity="50"/><InventoryObject slot="12" type="clay" quantity="46"/><InventoryObject slot="13" type="jungle_fence" quantity="41"/><InventoryObject slot="14" type="grass" quantity="30"/><InventoryObject slot="15" type="red_mushroom" quantity="38"/><InventoryObject slot="16" type="dragon_egg" quantity="61"/><InventoryObject slot="17" type="sponge" quantity="44"/><InventoryObject slot="18" type="emerald_ore" quantity="58"/><InventoryObject slot="19" type="redstone_ore" quantity="11"/><InventoryObject slot="20" type="dark_oak_stairs" quantity="63"/><InventoryObject slot="21" type="packed_ice" quantity="30"/><InventoryObject slot="22" type="hopper" quantity="49"/><InventoryObject slot="23" type="activator_rail" quantity="25"/><InventoryObject slot="24" type="ladder" quantity="53"/><InventoryObject slot="25" type="coal_block" quantity="27"/><InventoryObject slot="26" type="wheat" quantity="29"/><InventoryObject slot="27" type="rail" quantity="32"/><InventoryObject slot="28" type="piston" quantity="25"/><InventoryObject slot="29" type="dragon_egg" quantity="18"/><InventoryObject slot="30" type="brewing_stand" quantity="28"/><InventoryObject slot="31" type="command_block" quantity="30"/><InventoryObject slot="32" type="acacia_stairs" quantity="55"/><InventoryObject slot="33" type="obsidian" quantity="38"/><InventoryObject slot="34" type="flower_pot" quantity="5"/><InventoryObject slot="35" type="dark_oak_fence_gate" quantity="64"/></Inventory><PreferredSpawnBiome>plains</PreferredSpawnBiome><DoneOnDeath>true</DoneOnDeath><SpawnInVillage>true</SpawnInVillage></AgentStart><AgentHandlers><FileBasedPerformanceProducer/><PauseCommand/><VideoProducer want_depth="false"><Width>640</Width><Height>360</Height></VideoProducer><HumanLevelCommands/><CameraCommands/></AgentHandlers></AgentSection></Mission><ExperimentUID>38d7a888-d847-4af1-b23f-b26814ad16d5</ExperimentUID><ClientRole>0</ClientRole><ClientAgentConnection><ClientIPAddress>127.0.0.1</ClientIPAddress><ClientMissionControlPort>0</ClientMissionControlPort><ClientCommandsPort>0</ClientCommandsPort><AgentIPAddress>127.0.0.1</AgentIPAddress><AgentMissionControlPort>0</AgentMissionControlPort><AgentVideoPort>0</AgentVideoPort><AgentDepthPort>0</AgentDepthPort><AgentLuminancePort>0</AgentLuminancePort><AgentObservationsPort>0</AgentObservationsPort><AgentRewardsPort>0</AgentRewardsPort><AgentColourMapPort>0</AgentColourMapPort></ClientAgentConnection></MissionInit>
[16:06:43] [EnvServerSocketHandler/INFO]: [STDOUT]: Setting width, height to 640, 360
[16:06:43] [EnvServerSocketHandler/INFO]: [STDOUT]: Gamma: 2.0
[16:06:43] [EnvServerSocketHandler/INFO]: [STDOUT]: FOV: 70.0
[16:06:43] [EnvServerSocketHandler/INFO]: [STDOUT]: GuiScale: 1.0
[16:06:43] [Render thread/INFO]: [STDOUT]: *** creating fake mouse cursor ***
[16:06:43] [Render thread/INFO]: [STDOUT]: Seed not provided, generating random one: -3336328040967416081
[16:06:45] [Render thread/WARN]: Ambiguity between arguments [teleport, destination] and [teleport, targets] with inputs: [Player, 0123, @e, dd12be42-52a9-4a91-a8a1-11c01849e498]
[16:06:45] [Render thread/WARN]: Ambiguity between arguments [teleport, location] and [teleport, destination] with inputs: [0.1 -0.5 .9, 0 0 0]
[16:06:45] [Render thread/WARN]: Ambiguity between arguments [teleport, location] and [teleport, targets] with inputs: [0.1 -0.5 .9, 0 0 0]
[16:06:45] [Render thread/WARN]: Ambiguity between arguments [teleport, targets] and [teleport, destination] with inputs: [Player, 0123, dd12be42-52a9-4a91-a8a1-11c01849e498]
[16:06:45] [Render thread/WARN]: Ambiguity between arguments [teleport, targets, location] and [teleport, targets, destination] with inputs: [0.1 -0.5 .9, 0 0 0]
[16:06:45] [Render thread/INFO]: Reloading ResourceManager: Default
[16:06:46] [Render thread/INFO]: Loaded 7 recipes
[16:06:47] [Render thread/INFO]: Loaded 927 advancements
[16:06:49] [Render thread/INFO]: Environment: authHost='https://authserver.mojang.com', accountsHost='https://api.mojang.com', sessionHost='https://sessionserver.mojang.com', servicesHost='https://api.minecraftservices.com', name='PROD'
[16:06:49] [Render thread/INFO]: Starting integrated minecraft server version 1.16.5
[16:06:49] [Render thread/INFO]: Generating keypair
[16:06:56] [Render thread/INFO]: Preparing start region for dimension minecraft:overworld
[16:07:04] [Render thread/INFO]: Changing view distance to 11, from 10
[16:07:05] [Render thread/INFO]: MineRLAgent0[local:E:ec3291e0] logged in with entity id 115 at (594.5, 64.0, -277.5)
[16:07:05] [Render thread/INFO]: MineRLAgent0 joined the game
[16:07:05] [Render thread/INFO]: Preparing spawn area: 0%
[16:07:05] [Render thread/INFO]: Time elapsed: 7 ms
[16:07:06] [Render thread/INFO]: [STDOUT]: Starting new video null
[16:07:06] [Render thread/INFO]: Saving and pausing game...
[16:07:06] [Render thread/INFO]: Saving chunks for level 'ServerLevel[mcpworldabfcf1c1b7d5]'/minecraft:overworld
[16:07:07] [Render thread/INFO]: Saving chunks for level 'ServerLevel[mcpworldabfcf1c1b7d5]'/minecraft:the_nether
[16:07:07] [Render thread/INFO]: Saving chunks for level 'ServerLevel[mcpworldabfcf1c1b7d5]'/minecraft:the_end
[16:07:08] [Render thread/INFO]: MineRLAgent0 has reached the goal [The Next Generation]
[16:07:08] [Render thread/INFO]: MineRLAgent0 has made the advancement [Ice Bucket Challenge]
[16:07:08] [Render thread/INFO]: [CHAT] MineRLAgent0 has reached the goal [The Next Generation]
[16:07:08] [Render thread/INFO]: [CHAT] MineRLAgent0 has made the advancement [Ice Bucket Challenge]
[16:07:08] [Render thread/INFO]: Loaded 30 advancements
[16:07:18] [EnvServerSocketHandler/INFO]: [STDOUT]: *** Stopping the replay, returning control to the inputs
