[15:38:50] [Thread-4/INFO]: [STDOUT]: SERVER enter state: DORMANT
[15:38:50] [EnvServerSocketHandler/INFO]: Received Mission token 351baff5-fec8-4037-9827-8a33b4d55159:0:0:1:true
[15:38:50] [EnvServerSocketHandler/INFO]: Received mission init command  <MissionInit xmlns="http://ProjectMalmo.microsoft.com" xmlns:xsi="http://www.w3.org/2001/XMLSchema-instance" SchemaVersion="" PlatformVersion="0.37.0"><Mission><About><Summary>MineRLBasaltBuildVillageHouse-v0</Summary></About><ModSettings><MsPerTick>50</MsPerTick></ModSettings><ServerSection><ServerInitialConditions><Time><AllowPassageOfTime>false</AllowPassageOfTime></Time><AllowSpawning>true</AllowSpawning></ServerInitialConditions><ServerHandlers><DefaultWorldGenerator forceReset="true" generatorOptions="{}"/><ServerQuitFromTimeUp timeLimitMs="720000" description="out_of_time"/><ServerQuitWhenAnyAgentFinishes/></ServerHandlers></ServerSection><AgentSection mode="Survival"><Name>MineRLAgent0</Name><AgentStart><LowLevelInputs>true</LowLevelInputs><GuiScale>1.0</GuiScale><GammaSetting>2.0</GammaSetting><FOVSetting>70.0</FOVSetting><FakeCursorSize>16</FakeCursorSize><Inventory><InventoryObject slot="0" type="command_block" quantity="22"/><InventoryObject slot="1" type="torch" quantity="59"/><InventoryObject slot="2" type="soul_sand" quantity="22"/><InventoryObject slot="3" type="red_mushroom" quantity="15"/><InventoryObject slot="4" type="lapis_block" quantity="41"/><InventoryObject slot="5" type="nether_brick_stairs" quantity="55"/><InventoryObject slot="6" type="dark_oak_fence_gate" quantity="44"/><InventoryObject slot="7" type="sticky_piston" quantity="57"/><InventoryObject slot="8" type="birch_stairs" quantity="30"/><InventoryObject slot="9" type="tnt" quantity="24"/><InventoryObject slot="10" type="lapis_block" quantity="37"/><InventoryObject slot="11" type="redstone_torch" quantity="57"/><InventoryObject slot="12" type="redstone_ore" quantity="59"/><InventoryObject slot="13" type="red_mushroom" quantity="21"/><InventoryObject slot="14" type="iron_block" quantity="14"/><InventoryObject slot="15" type="iron_door" quantity="42"/><InventoryObject slot="16" type="cauldron" quantity="62"/><InventoryObject slot="17" type="brewing_stand" quantity="11"/><InventoryObject slot="18" type="redstone_torch" quantity="17"/><InventoryObject slot="19" type="brewing_stand" quantity="50"/><InventoryObject slot="20" type="cobblestone" quantity="1"/><InventoryObject slot="21" type="redstone_lamp" quantity="36"/><InventoryObject slot="22" type="sea_lantern" quantity="50"/><InventoryObject slot="23" type="lapis_block" quantity="8"/><InventoryObject slot="24" type="anvil" quantity="32"/><InventoryObject slot="25" type="stone" quantity="22"/><InventoryObject slot="26" type="bookshelf" quantity="48"/><InventoryObject slot="27" type="hopper" quantity="30"/><InventoryObject slot="28" type="pumpkin" quantity="22"/><InventoryObject slot="29" type="mossy_cobblestone" quantity="15"/><InventoryObject slot="30" type="sea_lantern" quantity="11"/><InventoryObject slot="31" type="jungle_fence_gate" quantity="34"/><InventoryObject slot="32" type="nether_brick" quantity="43"/><InventoryObject slot="33" type="grass" quantity="53"/><InventoryObject slot="34" type="trapped_chest" quantity="46"/><InventoryObject slot="35" type="sandstone" quantity="36"/></Inventory><PreferredSpawnBiome>plains</PreferredSpawnBiome><DoneOnDeath>true</DoneOnDeath><SpawnInVillage>true</SpawnInVillage></AgentStart><AgentHandlers><FileBasedPerformanceProducer/><PauseCommand/><VideoProducer want_depth="false"><Width>640</Width><Height>360</Height></VideoProducer><HumanLevelCommands/><CameraCommands/></AgentHandlers></AgentSection></Mission><ExperimentUID>351baff5-fec8-4037-9827-8a33b4d55159</ExperimentUID><ClientRole>0</ClientRole><ClientAgentConnection><ClientIPAddress>127.0.0.1</ClientIPAddress><ClientMissionControlPort>0</ClientMissionControlPort><ClientCommandsPort>0</ClientCommandsPort><AgentIPAddress>127.0.0.1</AgentIPAddress><AgentMissionControlPort>0</AgentMissionControlPort><AgentVideoPort>0</AgentVideoPort><AgentDepthPort>0</AgentDepthPort><AgentLuminancePort>0</AgentLuminancePort><AgentObservationsPort>0</AgentObservationsPort><AgentRewardsPort>0</AgentRewardsPort><AgentColourMapPort>0</AgentColourMapPort></ClientAgentConnection></MissionInit>
[15:38:51] [EnvServerSocketHandler/INFO]: [STDOUT]: Setting width, height to 640, 360
[15:38:51] [EnvServerSocketHandler/INFO]: [STDOUT]: Gamma: 2.0
[15:38:51] [EnvServerSocketHandler/INFO]: [STDOUT]: FOV: 70.0
[15:38:51] [EnvServerSocketHandler/INFO]: [STDOUT]: GuiScale: 1.0
[15:38:51] [Render thread/INFO]: [STDOUT]: Seed not provided, generating random one: 566186653830379395
[15:38:52] [Render thread/WARN]: Ambiguity between arguments [teleport, destination] and [teleport, targets] with inputs: [Player, 0123, @e, dd12be42-52a9-4a91-a8a1-11c01849e498]
[15:38:52] [Render thread/WARN]: Ambiguity between arguments [teleport, location] and [teleport, destination] with inputs: [0.1 -0.5 .9, 0 0 0]
[15:38:52] [Render thread/WARN]: Ambiguity between arguments [teleport, location] and [teleport, targets] with inputs: [0.1 -0.5 .9, 0 0 0]
[15:38:52] [Render thread/WARN]: Ambiguity between arguments [teleport, targets] and [teleport, destination] with inputs: [Player, 0123, dd12be42-52a9-4a91-a8a1-11c01849e498]
[15:38:52] [Render thread/WARN]: Ambiguity between arguments [teleport, targets, location] and [teleport, targets, destination] with inputs: [0.1 -0.5 .9, 0 0 0]
[15:38:52] [Render thread/INFO]: Reloading ResourceManager: Default
[15:38:53] [Render thread/INFO]: Loaded 7 recipes
[15:38:54] [Render thread/INFO]: Loaded 927 advancements
[15:38:54] [Render thread/INFO]: [STDOUT]: *** creating fake mouse cursor ***
[15:38:56] [Render thread/INFO]: Environment: authHost='https://authserver.mojang.com', accountsHost='https://api.mojang.com', sessionHost='https://sessionserver.mojang.com', servicesHost='https://api.minecraftservices.com', name='PROD'
[15:38:56] [Render thread/INFO]: Starting integrated minecraft server version 1.16.5
[15:38:56] [Render thread/INFO]: Generating keypair
[15:39:08] [Render thread/INFO]: Preparing start region for dimension minecraft:overworld
[15:39:34] [Render thread/INFO]: Changing view distance to 11, from 10
[15:39:34] [Render thread/INFO]: MineRLAgent0[local:E:7f264789] logged in with entity id 259 at (1146.5, 67.0, -2003.5)
[15:39:34] [Render thread/INFO]: MineRLAgent0 joined the game
[15:39:35] [Render thread/INFO]: Preparing spawn area: 0%
[15:39:35] [Render thread/INFO]: Time elapsed: 25 ms
[15:39:36] [Render thread/INFO]: [STDOUT]: Starting new video null
[15:39:36] [Render thread/INFO]: Saving and pausing game...
[15:39:36] [Render thread/INFO]: Saving chunks for level 'ServerLevel[mcpworldabfcf1c1b7d5]'/minecraft:overworld
[15:39:37] [Render thread/INFO]: Saving chunks for level 'ServerLevel[mcpworldabfcf1c1b7d5]'/minecraft:the_nether
[15:39:37] [Render thread/INFO]: Saving chunks for level 'ServerLevel[mcpworldabfcf1c1b7d5]'/minecraft:the_end
[15:39:38] [Render thread/INFO]: MineRLAgent0 has made the advancement [Stone Age]
[15:39:38] [Render thread/INFO]: [CHAT] MineRLAgent0 has made the advancement [Stone Age]
[15:39:38] [Render thread/INFO]: Loaded 66 advancements
[15:39:48] [EnvServerSocketHandler/INFO]: [STDOUT]: *** Stopping the replay, returning control to the inputs
