[15:08:57] [Thread-4/INFO]: [STDOUT]: SERVER enter state: DORMANT
[15:08:58] [EnvServerSocketHandler/INFO]: Received Mission token bbad00d3-5ed6-41d2-bb24-1d594d718bd5:0:0:1:true
[15:08:58] [EnvServerSocketHandler/INFO]: Received mission init command  <MissionInit xmlns="http://ProjectMalmo.microsoft.com" xmlns:xsi="http://www.w3.org/2001/XMLSchema-instance" SchemaVersion="" PlatformVersion="0.37.0"><Mission><About><Summary>MineRLBasaltBuildVillageHouse-v0</Summary></About><ModSettings><MsPerTick>50</MsPerTick></ModSettings><ServerSection><ServerInitialConditions><Time><AllowPassageOfTime>false</AllowPassageOfTime></Time><AllowSpawning>true</AllowSpawning></ServerInitialConditions><ServerHandlers><DefaultWorldGenerator forceReset="true" generatorOptions="{}"/><ServerQuitFromTimeUp timeLimitMs="720000" description="out_of_time"/><ServerQuitWhenAnyAgentFinishes/></ServerHandlers></ServerSection><AgentSection mode="Survival"><Name>MineRLAgent0</Name><AgentStart><LowLevelInputs>true</LowLevelInputs><GuiScale>1.0</GuiScale><GammaSetting>2.0</GammaSetting><FOVSetting>70.0</FOVSetting><FakeCursorSize>16</FakeCursorSize><Inventory><InventoryObject slot="0" type="bedrock" quantity="25"/><InventoryObject slot="1" type="spruce_door" quantity="57"/><InventoryObject slot="2" type="netherrack" quantity="62"/><InventoryObject slot="3" type="redstone_torch" quantity="46"/><InventoryObject slot="4" type="spruce_fence" quantity="55"/><InventoryObject slot="5" type="netherrack" quantity="16"/><InventoryObject slot="6" type="vine" quantity="44"/><InventoryObject slot="7" type="stone" quantity="27"/><InventoryObject slot="8" type="oak_stairs" quantity="33"/><InventoryObject slot="9" type="sea_lantern" quantity="15"/><InventoryObject slot="10" type="hay_block" quantity="1"/><InventoryObject slot="11" type="jungle_fence" quantity="7"/><InventoryObject slot="12" type="gold_block" quantity="35"/><InventoryObject slot="13" type="heavy_weighted_pressure_plate" quantity="19"/><InventoryObject slot="14" type="gold_ore" quantity="23"/><InventoryObject slot="15" type="detector_rail" quantity="13"/><InventoryObject slot="16" type="oak_stairs" quantity="49"/><InventoryObject slot="17" type="gold_block" quantity="32"/><InventoryObject slot="18" type="dirt" quantity="49"/><InventoryObject slot="19" type="lapis_ore" quantity="26"/><InventoryObject slot="20" type="glass_pane" quantity="33"/><InventoryObject slot="21" type="netherrack" quantity="31"/><InventoryObject slot="22" type="nether_brick_fence" quantity="20"/><InventoryObject slot="23" type="furnace" quantity="39"/><InventoryObject slot="24" type="light_weighted_pressure_plate" quantity="23"/><InventoryObject slot="25" type="cake" quantity="1"/><InventoryObject slot="26" type="torch" quantity="3"/><InventoryObject slot="27" type="spruce_stairs" quantity="64"/><InventoryObject slot="28" type="jungle_stairs" quantity="41"/><InventoryObject slot="29" type="brown_mushroom_block" quantity="40"/><InventoryObject slot="30" type="oak_stairs" quantity="19"/><InventoryObject slot="31" type="barrier" quantity="41"/><InventoryObject slot="32" type="dragon_egg" quantity="18"/><InventoryObject slot="33" type="obsidian" quantity="54"/><InventoryObject slot="34" type="gold_ore" quantity="61"/><InventoryObject slot="35" type="tnt" quantity="51"/></Inventory><PreferredSpawnBiome>plains</PreferredSpawnBiome><DoneOnDeath>true</DoneOnDeath><SpawnInVillage>true</SpawnInVillage></AgentStart><AgentHandlers><FileBasedPerformanceProducer/><PauseCommand/><VideoProducer want_depth="false"><Width>640</Width><Height>360</Height></VideoProducer><HumanLevelCommands/><CameraCommands/></AgentHandlers></AgentSection></Mission><ExperimentUID>bbad00d3-5ed6-41d2-bb24-1d594d718bd5</ExperimentUID><ClientRole>0</ClientRole><ClientAgentConnection><ClientIPAddress>127.0.0.1</ClientIPAddress><ClientMissionControlPort>0</ClientMissionControlPort><ClientCommandsPort>0</ClientCommandsPort><AgentIPAddress>127.0.0.1</AgentIPAddress><AgentMissionControlPort>0</AgentMissionControlPort><AgentVideoPort>0</AgentVideoPort><AgentDepthPort>0</AgentDepthPort><AgentLuminancePort>0</AgentLuminancePort><AgentObservationsPort>0</AgentObservationsPort><AgentRewardsPort>0</AgentRewardsPort><AgentColourMapPort>0</AgentColourMapPort></ClientAgentConnection></MissionInit>
[15:08:59] [Render thread/INFO]: [STDOUT]: *** creating fake mouse cursor ***
[15:08:59] [EnvServerSocketHandler/INFO]: [STDOUT]: Setting width, height to 640, 360
[15:08:59] [EnvServerSocketHandler/INFO]: [STDOUT]: Gamma: 2.0
[15:08:59] [EnvServerSocketHandler/INFO]: [STDOUT]: FOV: 70.0
[15:08:59] [EnvServerSocketHandler/INFO]: [STDOUT]: GuiScale: 1.0
[15:08:59] [Render thread/INFO]: [STDOUT]: Seed not provided, generating random one: 4600493093423402257
[15:09:01] [Render thread/WARN]: Ambiguity between arguments [teleport, destination] and [teleport, targets] with inputs: [Player, 0123, @e, dd12be42-52a9-4a91-a8a1-11c01849e498]
[15:09:01] [Render thread/WARN]: Ambiguity between arguments [teleport, location] and [teleport, destination] with inputs: [0.1 -0.5 .9, 0 0 0]
[15:09:01] [Render thread/WARN]: Ambiguity between arguments [teleport, location] and [teleport, targets] with inputs: [0.1 -0.5 .9, 0 0 0]
[15:09:01] [Render thread/WARN]: Ambiguity between arguments [teleport, targets] and [teleport, destination] with inputs: [Player, 0123, dd12be42-52a9-4a91-a8a1-11c01849e498]
[15:09:01] [Render thread/WARN]: Ambiguity between arguments [teleport, targets, location] and [teleport, targets, destination] with inputs: [0.1 -0.5 .9, 0 0 0]
[15:09:01] [Render thread/INFO]: Reloading ResourceManager: Default
[15:09:01] [Render thread/INFO]: Loaded 7 recipes
[15:09:02] [Render thread/INFO]: Loaded 927 advancements
[15:09:04] [Render thread/INFO]: Environment: authHost='https://authserver.mojang.com', accountsHost='https://api.mojang.com', sessionHost='https://sessionserver.mojang.com', servicesHost='https://api.minecraftservices.com', name='PROD'
[15:09:04] [Render thread/INFO]: Starting integrated minecraft server version 1.16.5
[15:09:04] [Render thread/INFO]: Generating keypair
[15:09:15] [Render thread/INFO]: Preparing start region for dimension minecraft:overworld
[15:09:58] [Render thread/INFO]: Changing view distance to 11, from 10
[15:09:59] [Render thread/INFO]: MineRLAgent0[local:E:10c150b4] logged in with entity id 271 at (-1973.5, 71.0, 2108.5)
[15:09:59] [Render thread/INFO]: MineRLAgent0 joined the game
[15:09:59] [Render thread/INFO]: Preparing spawn area: 0%
[15:09:59] [Render thread/INFO]: Time elapsed: 12 ms
[15:10:00] [Render thread/INFO]: [STDOUT]: Starting new video null
[15:10:00] [Render thread/INFO]: Saving and pausing game...
[15:10:00] [Render thread/INFO]: Saving chunks for level 'ServerLevel[mcpworldb7d5fd82f9c8]'/minecraft:overworld
[15:10:02] [Render thread/INFO]: Saving chunks for level 'ServerLevel[mcpworldb7d5fd82f9c8]'/minecraft:the_nether
[15:10:02] [Render thread/INFO]: Saving chunks for level 'ServerLevel[mcpworldb7d5fd82f9c8]'/minecraft:the_end
[15:10:03] [Render thread/INFO]: MineRLAgent0 has reached the goal [The Next Generation]
[15:10:03] [Render thread/INFO]: MineRLAgent0 has made the advancement [Ice Bucket Challenge]
[15:10:03] [Render thread/INFO]: [CHAT] MineRLAgent0 has reached the goal [The Next Generation]
[15:10:03] [Render thread/INFO]: [CHAT] MineRLAgent0 has made the advancement [Ice Bucket Challenge]
[15:10:03] [Render thread/INFO]: Loaded 57 advancements
[15:10:13] [EnvServerSocketHandler/INFO]: [STDOUT]: *** Stopping the replay, returning control to the inputs
