[15:11:00] [Thread-4/INFO]: [STDOUT]: SERVER enter state: DORMANT
[15:11:00] [EnvServerSocketHandler/INFO]: Received Mission token 14d64072-5745-4d94-a9d2-970f62fadd02:0:0:1:true
[15:11:00] [EnvServerSocketHandler/INFO]: Received mission init command  <MissionInit xmlns="http://ProjectMalmo.microsoft.com" xmlns:xsi="http://www.w3.org/2001/XMLSchema-instance" SchemaVersion="" PlatformVersion="0.37.0"><Mission><About><Summary>MineRLBasaltBuildVillageHouse-v0</Summary></About><ModSettings><MsPerTick>50</MsPerTick></ModSettings><ServerSection><ServerInitialConditions><Time><AllowPassageOfTime>false</AllowPassageOfTime></Time><AllowSpawning>true</AllowSpawning></ServerInitialConditions><ServerHandlers><DefaultWorldGenerator forceReset="true" generatorOptions="{}"/><ServerQuitFromTimeUp timeLimitMs="720000" description="out_of_time"/><ServerQuitWhenAnyAgentFinishes/></ServerHandlers></ServerSection><AgentSection mode="Survival"><Name>MineRLAgent0</Name><AgentStart><LowLevelInputs>true</LowLevelInputs><GuiScale>1.0</GuiScale><GammaSetting>2.0</GammaSetting><FOVSetting>70.0</FOVSetting><FakeCursorSize>16</FakeCursorSize><Inventory><InventoryObject slot="0" type="red_mushroom_block" quantity="25"/><InventoryObject slot="1" type="piston" quantity="51"/><InventoryObject slot="2" type="stone_brick_stairs" quantity="1"/><InventoryObject slot="3" type="acacia_stairs" quantity="2"/><InventoryObject slot="4" type="light_weighted_pressure_plate" quantity="34"/><InventoryObject slot="5" type="sandstone" quantity="10"/><InventoryObject slot="6" type="ladder" quantity="3"/><InventoryObject slot="7" type="snow" quantity="24"/><InventoryObject slot="8" type="redstone_ore" quantity="25"/><InventoryObject slot="9" type="iron_trapdoor" quantity="9"/><InventoryObject slot="10" type="dark_oak_door" quantity="22"/><InventoryObject slot="11" type="iron_ore" quantity="14"/><InventoryObject slot="12" type="crafting_table" quantity="40"/><InventoryObject slot="13" type="birch_door" quantity="36"/><InventoryObject slot="14" type="redstone_torch" quantity="20"/><InventoryObject slot="15" type="stone_stairs" quantity="62"/><InventoryObject slot="16" type="dark_oak_fence_gate" quantity="15"/><InventoryObject slot="17" type="glass_pane" quantity="13"/><InventoryObject slot="18" type="sponge" quantity="7"/><InventoryObject slot="19" type="iron_bars" quantity="34"/><InventoryObject slot="20" type="nether_brick_stairs" quantity="47"/><InventoryObject slot="21" type="jungle_fence" quantity="49"/><InventoryObject slot="22" type="mycelium" quantity="38"/><InventoryObject slot="23" type="birch_stairs" quantity="7"/><InventoryObject slot="24" type="gold_ore" quantity="62"/><InventoryObject slot="25" type="ender_chest" quantity="8"/><InventoryObject slot="26" type="cauldron" quantity="7"/><InventoryObject slot="27" type="ice" quantity="29"/><InventoryObject slot="28" type="jungle_door" quantity="2"/><InventoryObject slot="29" type="prismarine" quantity="3"/><InventoryObject slot="30" type="red_mushroom_block" quantity="9"/><InventoryObject slot="31" type="wheat" quantity="32"/><InventoryObject slot="32" type="glass" quantity="29"/><InventoryObject slot="33" type="farmland" quantity="58"/><InventoryObject slot="34" type="stone_slab" quantity="12"/><InventoryObject slot="35" type="chest" quantity="19"/></Inventory><PreferredSpawnBiome>plains</PreferredSpawnBiome><DoneOnDeath>true</DoneOnDeath><SpawnInVillage>true</SpawnInVillage></AgentStart><AgentHandlers><FileBasedPerformanceProducer/><PauseCommand/><VideoProducer want_depth="false"><Width>640</Width><Height>360</Height></VideoProducer><HumanLevelCommands/><CameraCommands/></AgentHandlers></AgentSection></Mission><ExperimentUID>14d64072-5745-4d94-a9d2-970f62fadd02</ExperimentUID><ClientRole>0</ClientRole><ClientAgentConnection><ClientIPAddress>127.0.0.1</ClientIPAddress><ClientMissionControlPort>0</ClientMissionControlPort><ClientCommandsPort>0</ClientCommandsPort><AgentIPAddress>127.0.0.1</AgentIPAddress><AgentMissionControlPort>0</AgentMissionControlPort><AgentVideoPort>0</AgentVideoPort><AgentDepthPort>0</AgentDepthPort><AgentLuminancePort>0</AgentLuminancePort><AgentObservationsPort>0</AgentObservationsPort><AgentRewardsPort>0</AgentRewardsPort><AgentColourMapPort>0</AgentColourMapPort></ClientAgentConnection></MissionInit>
[15:11:01] [EnvServerSocketHandler/INFO]: [STDOUT]: Setting width, height to 640, 360
[15:11:01] [EnvServerSocketHandler/INFO]: [STDOUT]: Gamma: 2.0
[15:11:01] [EnvServerSocketHandler/INFO]: [STDOUT]: FOV: 70.0
[15:11:01] [EnvServerSocketHandler/INFO]: [STDOUT]: GuiScale: 1.0
[15:11:01] [Render thread/INFO]: [STDOUT]: *** creating fake mouse cursor ***
[15:11:02] [Render thread/INFO]: [STDOUT]: Seed not provided, generating random one: 2556508073401186441
[15:11:03] [Render thread/WARN]: Ambiguity between arguments [teleport, destination] and [teleport, targets] with inputs: [Player, 0123, @e, dd12be42-52a9-4a91-a8a1-11c01849e498]
[15:11:03] [Render thread/WARN]: Ambiguity between arguments [teleport, location] and [teleport, destination] with inputs: [0.1 -0.5 .9, 0 0 0]
[15:11:03] [Render thread/WARN]: Ambiguity between arguments [teleport, location] and [teleport, targets] with inputs: [0.1 -0.5 .9, 0 0 0]
[15:11:03] [Render thread/WARN]: Ambiguity between arguments [teleport, targets] and [teleport, destination] with inputs: [Player, 0123, dd12be42-52a9-4a91-a8a1-11c01849e498]
[15:11:03] [Render thread/WARN]: Ambiguity between arguments [teleport, targets, location] and [teleport, targets, destination] with inputs: [0.1 -0.5 .9, 0 0 0]
[15:11:03] [Render thread/INFO]: Reloading ResourceManager: Default
[15:11:04] [Render thread/INFO]: Loaded 7 recipes
[15:11:04] [Render thread/INFO]: Loaded 927 advancements
[15:11:06] [Render thread/INFO]: Environment: authHost='https://authserver.mojang.com', accountsHost='https://api.mojang.com', sessionHost='https://sessionserver.mojang.com', servicesHost='https://api.minecraftservices.com', name='PROD'
[15:11:06] [Render thread/INFO]: Starting integrated minecraft server version 1.16.5
[15:11:06] [Render thread/INFO]: Generating keypair
[15:11:16] [Render thread/INFO]: Preparing start region for dimension minecraft:overworld
[15:11:31] [Render thread/INFO]: Changing view distance to 11, from 10
[15:11:32] [Render thread/INFO]: MineRLAgent0[local:E:8071411e] logged in with entity id 148 at (-2440.5, 65.0, -1006.5)
[15:11:32] [Render thread/INFO]: MineRLAgent0 joined the game
[15:11:32] [Render thread/INFO]: Preparing spawn area: 0%
[15:11:32] [Render thread/INFO]: Time elapsed: 9 ms
[15:11:33] [Render thread/INFO]: [STDOUT]: Starting new video null
[15:11:33] [Render thread/INFO]: Saving and pausing game...
[15:11:33] [Render thread/INFO]: Saving chunks for level 'ServerLevel[mcpworldabfcf1c1b7d5]'/minecraft:overworld
[15:11:34] [Render thread/INFO]: Saving chunks for level 'ServerLevel[mcpworldabfcf1c1b7d5]'/minecraft:the_nether
[15:11:34] [Render thread/INFO]: Saving chunks for level 'ServerLevel[mcpworldabfcf1c1b7d5]'/minecraft:the_end
[15:11:35] [Render thread/INFO]: Loaded 68 advancements
[15:11:44] [EnvServerSocketHandler/INFO]: [STDOUT]: *** Stopping the replay, returning control to the inputs
