[16:26:11] [Thread-4/INFO]: [STDOUT]: SERVER enter state: DORMANT
[16:26:11] [EnvServerSocketHandler/INFO]: Received Mission token 748a6e21-4add-48b5-bf8a-a5394c027fb6:0:0:1:true
[16:26:11] [EnvServerSocketHandler/INFO]: Received mission init command  <MissionInit xmlns="http://ProjectMalmo.microsoft.com" xmlns:xsi="http://www.w3.org/2001/XMLSchema-instance" SchemaVersion="" PlatformVersion="0.37.0"><Mission><About><Summary>MineRLBasaltBuildVillageHouse-v0</Summary></About><ModSettings><MsPerTick>50</MsPerTick></ModSettings><ServerSection><ServerInitialConditions><Time><AllowPassageOfTime>false</AllowPassageOfTime></Time><AllowSpawning>true</AllowSpawning></ServerInitialConditions><ServerHandlers><DefaultWorldGenerator forceReset="true" generatorOptions="{}"/><ServerQuitFromTimeUp timeLimitMs="720000" description="out_of_time"/><ServerQuitWhenAnyAgentFinishes/></ServerHandlers></ServerSection><AgentSection mode="Survival"><Name>MineRLAgent0</Name><AgentStart><LowLevelInputs>true</LowLevelInputs><GuiScale>1.0</GuiScale><GammaSetting>2.0</GammaSetting><FOVSetting>70.0</FOVSetting><FakeCursorSize>16</FakeCursorSize><Inventory><InventoryObject slot="0" type="packed_ice" quantity="6"/><InventoryObject slot="1" type="detector_rail" quantity="58"/><InventoryObject slot="2" type="nether_wart" quantity="9"/><InventoryObject slot="3" type="redstone_ore" quantity="3"/><InventoryObject slot="4" type="iron_trapdoor" quantity="47"/><InventoryObject slot="5" type="tnt" quantity="49"/><InventoryObject slot="6" type="redstone_ore" quantity="54"/><InventoryObject slot="7" type="spruce_stairs" quantity="35"/><InventoryObject slot="8" type="iron_bars" quantity="8"/><InventoryObject slot="9" type="redstone_ore" quantity="27"/><InventoryObject slot="10" type="redstone_torch" quantity="47"/><InventoryObject slot="11" type="birch_fence_gate" quantity="22"/><InventoryObject slot="12" type="end_portal_frame" quantity="22"/><InventoryObject slot="13" type="anvil" quantity="33"/><InventoryObject slot="14" type="gravel" quantity="31"/><InventoryObject slot="15" type="flower_pot" quantity="46"/><InventoryObject slot="16" type="farmland" quantity="56"/><InventoryObject slot="17" type="nether_brick" quantity="56"/><InventoryObject slot="18" type="quartz_stairs" quantity="55"/><InventoryObject slot="19" type="glowstone" quantity="7"/><InventoryObject slot="20" type="wheat" quantity="35"/><InventoryObject slot="21" type="quartz_stairs" quantity="40"/><InventoryObject slot="22" type="red_sandstone_stairs" quantity="16"/><InventoryObject slot="23" type="cobblestone_wall" quantity="36"/><InventoryObject slot="24" type="nether_brick" quantity="11"/><InventoryObject slot="25" type="emerald_ore" quantity="27"/><InventoryObject slot="26" type="sea_lantern" quantity="38"/><InventoryObject slot="27" type="light_weighted_pressure_plate" quantity="42"/><InventoryObject slot="28" type="lever" quantity="61"/><InventoryObject slot="29" type="redstone_block" quantity="43"/><InventoryObject slot="30" type="iron_door" quantity="44"/><InventoryObject slot="31" type="chest" quantity="58"/><InventoryObject slot="32" type="gravel" quantity="3"/><InventoryObject slot="33" type="tnt" quantity="48"/><InventoryObject slot="34" type="dirt" quantity="33"/><InventoryObject slot="35" type="sponge" quantity="50"/></Inventory><PreferredSpawnBiome>plains</PreferredSpawnBiome><DoneOnDeath>true</DoneOnDeath><SpawnInVillage>true</SpawnInVillage></AgentStart><AgentHandlers><FileBasedPerformanceProducer/><PauseCommand/><VideoProducer want_depth="false"><Width>640</Width><Height>360</Height></VideoProducer><HumanLevelCommands/><CameraCommands/></AgentHandlers></AgentSection></Mission><ExperimentUID>748a6e21-4add-48b5-bf8a-a5394c027fb6</ExperimentUID><ClientRole>0</ClientRole><ClientAgentConnection><ClientIPAddress>127.0.0.1</ClientIPAddress><ClientMissionControlPort>0</ClientMissionControlPort><ClientCommandsPort>0</ClientCommandsPort><AgentIPAddress>127.0.0.1</AgentIPAddress><AgentMissionControlPort>0</AgentMissionControlPort><AgentVideoPort>0</AgentVideoPort><AgentDepthPort>0</AgentDepthPort><AgentLuminancePort>0</AgentLuminancePort><AgentObservationsPort>0</AgentObservationsPort><AgentRewardsPort>0</AgentRewardsPort><AgentColourMapPort>0</AgentColourMapPort></ClientAgentConnection></MissionInit>
[16:26:12] [EnvServerSocketHandler/INFO]: [STDOUT]: Setting width, height to 640, 360
[16:26:12] [EnvServerSocketHandler/INFO]: [STDOUT]: Gamma: 2.0
[16:26:12] [EnvServerSocketHandler/INFO]: [STDOUT]: FOV: 70.0
[16:26:12] [EnvServerSocketHandler/INFO]: [STDOUT]: GuiScale: 1.0
[16:26:12] [Render thread/INFO]: [STDOUT]: *** creating fake mouse cursor ***
[16:26:12] [Render thread/INFO]: [STDOUT]: Seed not provided, generating random one: -1669989955163164679
[16:26:14] [Render thread/WARN]: Ambiguity between arguments [teleport, destination] and [teleport, targets] with inputs: [Player, 0123, @e, dd12be42-52a9-4a91-a8a1-11c01849e498]
[16:26:14] [Render thread/WARN]: Ambiguity between arguments [teleport, location] and [teleport, destination] with inputs: [0.1 -0.5 .9, 0 0 0]
[16:26:14] [Render thread/WARN]: Ambiguity between arguments [teleport, location] and [teleport, targets] with inputs: [0.1 -0.5 .9, 0 0 0]
[16:26:14] [Render thread/WARN]: Ambiguity between arguments [teleport, targets] and [teleport, destination] with inputs: [Player, 0123, dd12be42-52a9-4a91-a8a1-11c01849e498]
[16:26:14] [Render thread/WARN]: Ambiguity between arguments [teleport, targets, location] and [teleport, targets, destination] with inputs: [0.1 -0.5 .9, 0 0 0]
[16:26:14] [Render thread/INFO]: Reloading ResourceManager: Default
[16:26:14] [Render thread/INFO]: Loaded 7 recipes
[16:26:15] [Render thread/INFO]: Loaded 927 advancements
[16:26:17] [Render thread/INFO]: Environment: authHost='https://authserver.mojang.com', accountsHost='https://api.mojang.com', sessionHost='https://sessionserver.mojang.com', servicesHost='https://api.minecraftservices.com', name='PROD'
[16:26:17] [Render thread/INFO]: Starting integrated minecraft server version 1.16.5
[16:26:17] [Render thread/INFO]: Generating keypair
[16:26:28] [Render thread/INFO]: Preparing start region for dimension minecraft:overworld
[16:27:05] [Render thread/INFO]: Changing view distance to 11, from 10
[16:27:05] [Render thread/INFO]: MineRLAgent0[local:E:1432a17a] logged in with entity id 286 at (-421.5, 63.0, -797.5)
[16:27:05] [Render thread/INFO]: MineRLAgent0 joined the game
[16:27:06] [Render thread/INFO]: Preparing spawn area: 0%
[16:27:06] [Render thread/INFO]: Time elapsed: 20 ms
[16:27:06] [Render thread/INFO]: [STDOUT]: Starting new video null
[16:27:06] [Render thread/INFO]: Saving and pausing game...
[16:27:06] [Render thread/INFO]: Saving chunks for level 'ServerLevel[mcpworldabfcf1c1b7d5]'/minecraft:overworld
[16:27:09] [Render thread/INFO]: Saving chunks for level 'ServerLevel[mcpworldabfcf1c1b7d5]'/minecraft:the_nether
[16:27:09] [Render thread/INFO]: Saving chunks for level 'ServerLevel[mcpworldabfcf1c1b7d5]'/minecraft:the_end
[16:27:09] [Render thread/INFO]: Loaded 32 advancements
[16:27:20] [EnvServerSocketHandler/INFO]: [STDOUT]: *** Stopping the replay, returning control to the inputs
