[15:22:58] [Thread-4/INFO]: [STDOUT]: SERVER enter state: DORMANT
[15:22:58] [EnvServerSocketHandler/INFO]: Received Mission token 814bb283-fc60-4f6e-9cde-61bc67cf05cd:0:0:1:true
[15:22:58] [EnvServerSocketHandler/INFO]: Received mission init command  <MissionInit xmlns="http://ProjectMalmo.microsoft.com" xmlns:xsi="http://www.w3.org/2001/XMLSchema-instance" SchemaVersion="" PlatformVersion="0.37.0"><Mission><About><Summary>MineRLBasaltBuildVillageHouse-v0</Summary></About><ModSettings><MsPerTick>50</MsPerTick></ModSettings><ServerSection><ServerInitialConditions><Time><AllowPassageOfTime>false</AllowPassageOfTime></Time><AllowSpawning>true</AllowSpawning></ServerInitialConditions><ServerHandlers><DefaultWorldGenerator forceReset="true" generatorOptions="{}"/><ServerQuitFromTimeUp timeLimitMs="720000" description="out_of_time"/><ServerQuitWhenAnyAgentFinishes/></ServerHandlers></ServerSection><AgentSection mode="Survival"><Name>MineRLAgent0</Name><AgentStart><LowLevelInputs>true</LowLevelInputs><GuiScale>1.0</GuiScale><GammaSetting>2.0</GammaSetting><FOVSetting>70.0</FOVSetting><FakeCursorSize>16</FakeCursorSize><Inventory><InventoryObject slot="0" type="glowstone" quantity="18"/><InventoryObject slot="1" type="iron_door" quantity="27"/><InventoryObject slot="2" type="diamond_ore" quantity="17"/><InventoryObject slot="3" type="emerald_block" quantity="9"/><InventoryObject slot="4" type="stone" quantity="41"/><InventoryObject slot="5" type="nether_wart" quantity="40"/><InventoryObject slot="6" type="bedrock" quantity="46"/><InventoryObject slot="7" type="stone" quantity="22"/><InventoryObject slot="8" type="vine" quantity="47"/><InventoryObject slot="9" type="hopper" quantity="32"/><InventoryObject slot="10" type="red_sandstone" quantity="27"/><InventoryObject slot="11" type="packed_ice" quantity="45"/><InventoryObject slot="12" type="snow" quantity="40"/><InventoryObject slot="13" type="dark_oak_fence" quantity="51"/><InventoryObject slot="14" type="sponge" quantity="45"/><InventoryObject slot="15" type="glass_pane" quantity="38"/><InventoryObject slot="16" type="obsidian" quantity="35"/><InventoryObject slot="17" type="brown_mushroom" quantity="19"/><InventoryObject slot="18" type="iron_door" quantity="55"/><InventoryObject slot="19" type="lapis_ore" quantity="34"/><InventoryObject slot="20" type="iron_bars" quantity="36"/><InventoryObject slot="21" type="tnt" quantity="1"/><InventoryObject slot="22" type="brown_mushroom" quantity="4"/><InventoryObject slot="23" type="acacia_stairs" quantity="37"/><InventoryObject slot="24" type="torch" quantity="33"/><InventoryObject slot="25" type="brown_mushroom" quantity="14"/><InventoryObject slot="26" type="chest" quantity="4"/><InventoryObject slot="27" type="bedrock" quantity="60"/><InventoryObject slot="28" type="redstone_torch" quantity="32"/><InventoryObject slot="29" type="iron_trapdoor" quantity="35"/><InventoryObject slot="30" type="dropper" quantity="53"/><InventoryObject slot="31" type="piston" quantity="47"/><InventoryObject slot="32" type="quartz_block" quantity="7"/><InventoryObject slot="33" type="brick_stairs" quantity="5"/><InventoryObject slot="34" type="lapis_ore" quantity="64"/><InventoryObject slot="35" type="coal_ore" quantity="3"/></Inventory><PreferredSpawnBiome>plains</PreferredSpawnBiome><DoneOnDeath>true</DoneOnDeath><SpawnInVillage>true</SpawnInVillage></AgentStart><AgentHandlers><FileBasedPerformanceProducer/><PauseCommand/><VideoProducer want_depth="false"><Width>640</Width><Height>360</Height></VideoProducer><HumanLevelCommands/><CameraCommands/></AgentHandlers></AgentSection></Mission><ExperimentUID>814bb283-fc60-4f6e-9cde-61bc67cf05cd</ExperimentUID><ClientRole>0</ClientRole><ClientAgentConnection><ClientIPAddress>127.0.0.1</ClientIPAddress><ClientMissionControlPort>0</ClientMissionControlPort><ClientCommandsPort>0</ClientCommandsPort><AgentIPAddress>127.0.0.1</AgentIPAddress><AgentMissionControlPort>0</AgentMissionControlPort><AgentVideoPort>0</AgentVideoPort><AgentDepthPort>0</AgentDepthPort><AgentLuminancePort>0</AgentLuminancePort><AgentObservationsPort>0</AgentObservationsPort><AgentRewardsPort>0</AgentRewardsPort><AgentColourMapPort>0</AgentColourMapPort></ClientAgentConnection></MissionInit>
[15:22:59] [EnvServerSocketHandler/INFO]: [STDOUT]: Setting width, height to 640, 360
[15:22:59] [EnvServerSocketHandler/INFO]: [STDOUT]: Gamma: 2.0
[15:22:59] [EnvServerSocketHandler/INFO]: [STDOUT]: FOV: 70.0
[15:22:59] [EnvServerSocketHandler/INFO]: [STDOUT]: GuiScale: 1.0
[15:22:59] [Render thread/INFO]: [STDOUT]: Seed not provided, generating random one: 6346958907357641238
[15:23:01] [Render thread/WARN]: Ambiguity between arguments [teleport, destination] and [teleport, targets] with inputs: [Player, 0123, @e, dd12be42-52a9-4a91-a8a1-11c01849e498]
[15:23:01] [Render thread/WARN]: Ambiguity between arguments [teleport, location] and [teleport, destination] with inputs: [0.1 -0.5 .9, 0 0 0]
[15:23:01] [Render thread/WARN]: Ambiguity between arguments [teleport, location] and [teleport, targets] with inputs: [0.1 -0.5 .9, 0 0 0]
[15:23:01] [Render thread/WARN]: Ambiguity between arguments [teleport, targets] and [teleport, destination] with inputs: [Player, 0123, dd12be42-52a9-4a91-a8a1-11c01849e498]
[15:23:01] [Render thread/WARN]: Ambiguity between arguments [teleport, targets, location] and [teleport, targets, destination] with inputs: [0.1 -0.5 .9, 0 0 0]
[15:23:01] [Render thread/INFO]: Reloading ResourceManager: Default
[15:23:01] [Render thread/INFO]: Loaded 7 recipes
[15:23:02] [Render thread/INFO]: Loaded 927 advancements
[15:23:02] [Render thread/INFO]: [STDOUT]: *** creating fake mouse cursor ***
[15:23:04] [Render thread/INFO]: Environment: authHost='https://authserver.mojang.com', accountsHost='https://api.mojang.com', sessionHost='https://sessionserver.mojang.com', servicesHost='https://api.minecraftservices.com', name='PROD'
[15:23:04] [Render thread/INFO]: Starting integrated minecraft server version 1.16.5
[15:23:04] [Render thread/INFO]: Generating keypair
[15:23:13] [Render thread/INFO]: Preparing start region for dimension minecraft:overworld
[15:23:36] [Render thread/INFO]: Changing view distance to 11, from 10
[15:23:37] [Render thread/INFO]: MineRLAgent0[local:E:97fcc98c] logged in with entity id 147 at (-1923.5, 64.0, -459.5)
[15:23:37] [Render thread/INFO]: MineRLAgent0 joined the game
[15:23:37] [Render thread/INFO]: Preparing spawn area: 0%
[15:23:37] [Render thread/INFO]: Time elapsed: 8 ms
[15:23:38] [Render thread/INFO]: [STDOUT]: Starting new video null
[15:23:38] [Render thread/INFO]: Saving and pausing game...
[15:23:38] [Render thread/INFO]: Saving chunks for level 'ServerLevel[mcpworldabfcf1c1b7d5]'/minecraft:overworld
[15:23:40] [Render thread/INFO]: Saving chunks for level 'ServerLevel[mcpworldabfcf1c1b7d5]'/minecraft:the_nether
[15:23:40] [Render thread/INFO]: Saving chunks for level 'ServerLevel[mcpworldabfcf1c1b7d5]'/minecraft:the_end
[15:23:40] [Render thread/INFO]: MineRLAgent0 has made the advancement [Ice Bucket Challenge]
[15:23:41] [Render thread/INFO]: [CHAT] MineRLAgent0 has made the advancement [Ice Bucket Challenge]
[15:23:41] [Render thread/INFO]: Loaded 82 advancements
[15:23:49] [EnvServerSocketHandler/INFO]: [STDOUT]: *** Stopping the replay, returning control to the inputs
