[15:05:23] [Thread-4/INFO]: [STDOUT]: SERVER enter state: DORMANT
[15:05:23] [EnvServerSocketHandler/INFO]: Received Mission token 34a53131-4e69-4021-ae52-4fac1d701f96:0:0:1:true
[15:05:23] [EnvServerSocketHandler/INFO]: Received mission init command  <MissionInit xmlns="http://ProjectMalmo.microsoft.com" xmlns:xsi="http://www.w3.org/2001/XMLSchema-instance" SchemaVersion="" PlatformVersion="0.37.0"><Mission><About><Summary>MineRLBasaltBuildVillageHouse-v0</Summary></About><ModSettings><MsPerTick>50</MsPerTick></ModSettings><ServerSection><ServerInitialConditions><Time><AllowPassageOfTime>false</AllowPassageOfTime></Time><AllowSpawning>true</AllowSpawning></ServerInitialConditions><ServerHandlers><DefaultWorldGenerator forceReset="true" generatorOptions="{}"/><ServerQuitFromTimeUp timeLimitMs="720000" description="out_of_time"/><ServerQuitWhenAnyAgentFinishes/></ServerHandlers></ServerSection><AgentSection mode="Survival"><Name>MineRLAgent0</Name><AgentStart><LowLevelInputs>true</LowLevelInputs><GuiScale>1.0</GuiScale><GammaSetting>2.0</GammaSetting><FOVSetting>70.0</FOVSetting><FakeCursorSize>16</FakeCursorSize><Inventory><InventoryObject slot="0" type="stone_slab" quantity="57"/><InventoryObject slot="1" type="farmland" quantity="42"/><InventoryObject slot="2" type="glass_pane" quantity="7"/><InventoryObject slot="3" type="nether_brick" quantity="48"/><InventoryObject slot="4" type="anvil" quantity="8"/><InventoryObject slot="5" type="acacia_fence_gate" quantity="41"/><InventoryObject slot="6" type="piston" quantity="23"/><InventoryObject slot="7" type="jungle_stairs" quantity="39"/><InventoryObject slot="8" type="brown_mushroom" quantity="53"/><InventoryObject slot="9" type="wheat" quantity="14"/><InventoryObject slot="10" type="sea_lantern" quantity="17"/><InventoryObject slot="11" type="hay_block" quantity="48"/><InventoryObject slot="12" type="birch_fence" quantity="45"/><InventoryObject slot="13" type="iron_block" quantity="21"/><InventoryObject slot="14" type="redstone_block" quantity="28"/><InventoryObject slot="15" type="brown_mushroom_block" quantity="41"/><InventoryObject slot="16" type="spruce_door" quantity="18"/><InventoryObject slot="17" type="barrier" quantity="52"/><InventoryObject slot="18" type="gold_block" quantity="14"/><InventoryObject slot="19" type="spruce_fence" quantity="32"/><InventoryObject slot="20" type="ice" quantity="40"/><InventoryObject slot="21" type="beacon" quantity="39"/><InventoryObject slot="22" type="acacia_fence" quantity="16"/><InventoryObject slot="23" type="birch_fence" quantity="33"/><InventoryObject slot="24" type="daylight_detector" quantity="33"/><InventoryObject slot="25" type="snow" quantity="15"/><InventoryObject slot="26" type="acacia_door" quantity="17"/><InventoryObject slot="27" type="glass" quantity="31"/><InventoryObject slot="28" type="beacon" quantity="59"/><InventoryObject slot="29" type="coal_ore" quantity="5"/><InventoryObject slot="30" type="anvil" quantity="61"/><InventoryObject slot="31" type="jungle_stairs" quantity="37"/><InventoryObject slot="32" type="daylight_detector" quantity="50"/><InventoryObject slot="33" type="packed_ice" quantity="19"/><InventoryObject slot="34" type="coal_block" quantity="40"/><InventoryObject slot="35" type="glass_pane" quantity="42"/></Inventory><PreferredSpawnBiome>plains</PreferredSpawnBiome><DoneOnDeath>true</DoneOnDeath><SpawnInVillage>true</SpawnInVillage></AgentStart><AgentHandlers><FileBasedPerformanceProducer/><PauseCommand/><VideoProducer want_depth="false"><Width>640</Width><Height>360</Height></VideoProducer><HumanLevelCommands/><CameraCommands/></AgentHandlers></AgentSection></Mission><ExperimentUID>34a53131-4e69-4021-ae52-4fac1d701f96</ExperimentUID><ClientRole>0</ClientRole><ClientAgentConnection><ClientIPAddress>127.0.0.1</ClientIPAddress><ClientMissionControlPort>0</ClientMissionControlPort><ClientCommandsPort>0</ClientCommandsPort><AgentIPAddress>127.0.0.1</AgentIPAddress><AgentMissionControlPort>0</AgentMissionControlPort><AgentVideoPort>0</AgentVideoPort><AgentDepthPort>0</AgentDepthPort><AgentLuminancePort>0</AgentLuminancePort><AgentObservationsPort>0</AgentObservationsPort><AgentRewardsPort>0</AgentRewardsPort><AgentColourMapPort>0</AgentColourMapPort></ClientAgentConnection></MissionInit>
[15:05:24] [EnvServerSocketHandler/INFO]: [STDOUT]: Setting width, height to 640, 360
[15:05:24] [EnvServerSocketHandler/INFO]: [STDOUT]: Gamma: 2.0
[15:05:24] [EnvServerSocketHandler/INFO]: [STDOUT]: FOV: 70.0
[15:05:24] [EnvServerSocketHandler/INFO]: [STDOUT]: GuiScale: 1.0
[15:05:24] [Render thread/INFO]: [STDOUT]: Seed not provided, generating random one: 5226994098554987361
[15:05:26] [Render thread/WARN]: Ambiguity between arguments [teleport, destination] and [teleport, targets] with inputs: [Player, 0123, @e, dd12be42-52a9-4a91-a8a1-11c01849e498]
[15:05:26] [Render thread/WARN]: Ambiguity between arguments [teleport, location] and [teleport, destination] with inputs: [0.1 -0.5 .9, 0 0 0]
[15:05:26] [Render thread/WARN]: Ambiguity between arguments [teleport, location] and [teleport, targets] with inputs: [0.1 -0.5 .9, 0 0 0]
[15:05:26] [Render thread/WARN]: Ambiguity between arguments [teleport, targets] and [teleport, destination] with inputs: [Player, 0123, dd12be42-52a9-4a91-a8a1-11c01849e498]
[15:05:26] [Render thread/WARN]: Ambiguity between arguments [teleport, targets, location] and [teleport, targets, destination] with inputs: [0.1 -0.5 .9, 0 0 0]
[15:05:26] [Render thread/INFO]: Reloading ResourceManager: Default
[15:05:26] [Render thread/INFO]: Loaded 7 recipes
[15:05:27] [Render thread/INFO]: Loaded 927 advancements
[15:05:27] [Render thread/INFO]: [STDOUT]: *** creating fake mouse cursor ***
[15:05:29] [Render thread/INFO]: Environment: authHost='https://authserver.mojang.com', accountsHost='https://api.mojang.com', sessionHost='https://sessionserver.mojang.com', servicesHost='https://api.minecraftservices.com', name='PROD'
[15:05:29] [Render thread/INFO]: Starting integrated minecraft server version 1.16.5
[15:05:29] [Render thread/INFO]: Generating keypair
[15:05:39] [Render thread/INFO]: Preparing start region for dimension minecraft:overworld
[15:05:58] [Render thread/INFO]: Changing view distance to 11, from 10
[15:05:59] [Render thread/INFO]: MineRLAgent0[local:E:568b671a] logged in with entity id 179 at (-2045.5, 63.0, 2138.5)
[15:05:59] [Render thread/INFO]: MineRLAgent0 joined the game
[15:05:59] [Render thread/INFO]: Preparing spawn area: 0%
[15:05:59] [Render thread/INFO]: Time elapsed: 8 ms
[15:06:00] [Render thread/INFO]: [STDOUT]: Starting new video null
[15:06:00] [Render thread/INFO]: Saving and pausing game...
[15:06:00] [Render thread/INFO]: Saving chunks for level 'ServerLevel[mcpworldabfcf1c1b7d5]'/minecraft:overworld
[15:06:02] [Render thread/INFO]: Saving chunks for level 'ServerLevel[mcpworldabfcf1c1b7d5]'/minecraft:the_nether
[15:06:02] [Render thread/INFO]: Saving chunks for level 'ServerLevel[mcpworldabfcf1c1b7d5]'/minecraft:the_end
[15:06:03] [Render thread/INFO]: Loaded 53 advancements
[15:06:11] [EnvServerSocketHandler/INFO]: [STDOUT]: *** Stopping the replay, returning control to the inputs
