[16:16:17] [Thread-4/INFO]: [STDOUT]: SERVER enter state: DORMANT
[16:16:17] [EnvServerSocketHandler/INFO]: Received Mission token afc4a5e6-7062-4672-b4af-f2753a3eb9fd:0:0:1:true
[16:16:17] [EnvServerSocketHandler/INFO]: Received mission init command  <MissionInit xmlns="http://ProjectMalmo.microsoft.com" xmlns:xsi="http://www.w3.org/2001/XMLSchema-instance" SchemaVersion="" PlatformVersion="0.37.0"><Mission><About><Summary>MineRLBasaltBuildVillageHouse-v0</Summary></About><ModSettings><MsPerTick>50</MsPerTick></ModSettings><ServerSection><ServerInitialConditions><Time><AllowPassageOfTime>false</AllowPassageOfTime></Time><AllowSpawning>true</AllowSpawning></ServerInitialConditions><ServerHandlers><DefaultWorldGenerator forceReset="true" generatorOptions="{}"/><ServerQuitFromTimeUp timeLimitMs="720000" description="out_of_time"/><ServerQuitWhenAnyAgentFinishes/></ServerHandlers></ServerSection><AgentSection mode="Survival"><Name>MineRLAgent0</Name><AgentStart><LowLevelInputs>true</LowLevelInputs><GuiScale>1.0</GuiScale><GammaSetting>2.0</GammaSetting><FOVSetting>70.0</FOVSetting><FakeCursorSize>16</FakeCursorSize><Inventory><InventoryObject slot="0" type="packed_ice" quantity="24"/><InventoryObject slot="1" type="hay_block" quantity="43"/><InventoryObject slot="2" type="heavy_weighted_pressure_plate" quantity="25"/><InventoryObject slot="3" type="gold_block" quantity="59"/><InventoryObject slot="4" type="lapis_block" quantity="2"/><InventoryObject slot="5" type="anvil" quantity="61"/><InventoryObject slot="6" type="sticky_piston" quantity="36"/><InventoryObject slot="7" type="nether_wart" quantity="64"/><InventoryObject slot="8" type="glass" quantity="32"/><InventoryObject slot="9" type="red_mushroom" quantity="21"/><InventoryObject slot="10" type="glass_pane" quantity="4"/><InventoryObject slot="11" type="jungle_door" quantity="2"/><InventoryObject slot="12" type="dark_oak_fence" quantity="52"/><InventoryObject slot="13" type="netherrack" quantity="15"/><InventoryObject slot="14" type="iron_ore" quantity="49"/><InventoryObject slot="15" type="jungle_fence" quantity="39"/><InventoryObject slot="16" type="red_mushroom_block" quantity="35"/><InventoryObject slot="17" type="lapis_block" quantity="17"/><InventoryObject slot="18" type="emerald_ore" quantity="22"/><InventoryObject slot="19" type="iron_trapdoor" quantity="50"/><InventoryObject slot="20" type="jungle_fence" quantity="7"/><InventoryObject slot="21" type="nether_brick" quantity="25"/><InventoryObject slot="22" type="quartz_stairs" quantity="15"/><InventoryObject slot="23" type="tnt" quantity="57"/><InventoryObject slot="24" type="spruce_fence" quantity="48"/><InventoryObject slot="25" type="cactus" quantity="60"/><InventoryObject slot="26" type="activator_rail" quantity="2"/><InventoryObject slot="27" type="spruce_stairs" quantity="7"/><InventoryObject slot="28" type="dark_oak_fence_gate" quantity="35"/><InventoryObject slot="29" type="jungle_door" quantity="1"/><InventoryObject slot="30" type="brown_mushroom" quantity="59"/><InventoryObject slot="31" type="iron_door" quantity="31"/><InventoryObject slot="32" type="gravel" quantity="56"/><InventoryObject slot="33" type="birch_fence_gate" quantity="48"/><InventoryObject slot="34" type="spruce_fence" quantity="10"/><InventoryObject slot="35" type="soul_sand" quantity="48"/></Inventory><PreferredSpawnBiome>plains</PreferredSpawnBiome><DoneOnDeath>true</DoneOnDeath><SpawnInVillage>true</SpawnInVillage></AgentStart><AgentHandlers><FileBasedPerformanceProducer/><PauseCommand/><VideoProducer want_depth="false"><Width>640</Width><Height>360</Height></VideoProducer><HumanLevelCommands/><CameraCommands/></AgentHandlers></AgentSection></Mission><ExperimentUID>afc4a5e6-7062-4672-b4af-f2753a3eb9fd</ExperimentUID><ClientRole>0</ClientRole><ClientAgentConnection><ClientIPAddress>127.0.0.1</ClientIPAddress><ClientMissionControlPort>0</ClientMissionControlPort><ClientCommandsPort>0</ClientCommandsPort><AgentIPAddress>127.0.0.1</AgentIPAddress><AgentMissionControlPort>0</AgentMissionControlPort><AgentVideoPort>0</AgentVideoPort><AgentDepthPort>0</AgentDepthPort><AgentLuminancePort>0</AgentLuminancePort><AgentObservationsPort>0</AgentObservationsPort><AgentRewardsPort>0</AgentRewardsPort><AgentColourMapPort>0</AgentColourMapPort></ClientAgentConnection></MissionInit>
[16:16:18] [Render thread/INFO]: [STDOUT]: *** creating fake mouse cursor ***
[16:16:18] [EnvServerSocketHandler/INFO]: [STDOUT]: Setting width, height to 640, 360
[16:16:18] [EnvServerSocketHandler/INFO]: [STDOUT]: Gamma: 2.0
[16:16:18] [EnvServerSocketHandler/INFO]: [STDOUT]: FOV: 70.0
[16:16:18] [EnvServerSocketHandler/INFO]: [STDOUT]: GuiScale: 1.0
[16:16:18] [Render thread/INFO]: [STDOUT]: Seed not provided, generating random one: 6766997230742344114
[16:16:20] [Render thread/WARN]: Ambiguity between arguments [teleport, destination] and [teleport, targets] with inputs: [Player, 0123, @e, dd12be42-52a9-4a91-a8a1-11c01849e498]
[16:16:20] [Render thread/WARN]: Ambiguity between arguments [teleport, location] and [teleport, destination] with inputs: [0.1 -0.5 .9, 0 0 0]
[16:16:20] [Render thread/WARN]: Ambiguity between arguments [teleport, location] and [teleport, targets] with inputs: [0.1 -0.5 .9, 0 0 0]
[16:16:20] [Render thread/WARN]: Ambiguity between arguments [teleport, targets] and [teleport, destination] with inputs: [Player, 0123, dd12be42-52a9-4a91-a8a1-11c01849e498]
[16:16:20] [Render thread/WARN]: Ambiguity between arguments [teleport, targets, location] and [teleport, targets, destination] with inputs: [0.1 -0.5 .9, 0 0 0]
[16:16:20] [Render thread/INFO]: Reloading ResourceManager: Default
[16:16:20] [Render thread/INFO]: Loaded 7 recipes
[16:16:21] [Render thread/INFO]: Loaded 927 advancements
[16:16:23] [Render thread/INFO]: Environment: authHost='https://authserver.mojang.com', accountsHost='https://api.mojang.com', sessionHost='https://sessionserver.mojang.com', servicesHost='https://api.minecraftservices.com', name='PROD'
[16:16:23] [Render thread/INFO]: Starting integrated minecraft server version 1.16.5
[16:16:23] [Render thread/INFO]: Generating keypair
[16:16:37] [Render thread/INFO]: Preparing start region for dimension minecraft:overworld
[16:17:07] [Render thread/INFO]: Changing view distance to 11, from 10
[16:17:08] [Render thread/INFO]: MineRLAgent0[local:E:88029bb2] logged in with entity id 177 at (-869.5, 77.0, 112.5)
[16:17:08] [Render thread/INFO]: MineRLAgent0 joined the game
[16:17:09] [Render thread/INFO]: Preparing spawn area: 0%
[16:17:09] [Render thread/INFO]: Time elapsed: 19 ms
[16:17:10] [Render thread/INFO]: [STDOUT]: Starting new video null
[16:17:10] [Render thread/INFO]: Saving and pausing game...
[16:17:10] [Render thread/INFO]: Saving chunks for level 'ServerLevel[mcpworldb7d5fd82f9c8]'/minecraft:overworld
[16:17:11] [Render thread/INFO]: Saving chunks for level 'ServerLevel[mcpworldb7d5fd82f9c8]'/minecraft:the_nether
[16:17:11] [Render thread/INFO]: Saving chunks for level 'ServerLevel[mcpworldb7d5fd82f9c8]'/minecraft:the_end
[16:17:12] [Render thread/INFO]: Loaded 71 advancements
[16:17:21] [EnvServerSocketHandler/INFO]: [STDOUT]: *** Stopping the replay, returning control to the inputs
