[15:25:26] [Thread-4/INFO]: [STDOUT]: SERVER enter state: DORMANT
[15:25:26] [EnvServerSocketHandler/INFO]: Received Mission token e505b3bc-62d1-4b37-8d10-2c426b3ea8af:0:0:1:true
[15:25:26] [EnvServerSocketHandler/INFO]: Received mission init command  <MissionInit xmlns="http://ProjectMalmo.microsoft.com" xmlns:xsi="http://www.w3.org/2001/XMLSchema-instance" SchemaVersion="" PlatformVersion="0.37.0"><Mission><About><Summary>MineRLBasaltBuildVillageHouse-v0</Summary></About><ModSettings><MsPerTick>50</MsPerTick></ModSettings><ServerSection><ServerInitialConditions><Time><AllowPassageOfTime>false</AllowPassageOfTime></Time><AllowSpawning>true</AllowSpawning></ServerInitialConditions><ServerHandlers><DefaultWorldGenerator forceReset="true" generatorOptions="{}"/><ServerQuitFromTimeUp timeLimitMs="720000" description="out_of_time"/><ServerQuitWhenAnyAgentFinishes/></ServerHandlers></ServerSection><AgentSection mode="Survival"><Name>MineRLAgent0</Name><AgentStart><LowLevelInputs>true</LowLevelInputs><GuiScale>1.0</GuiScale><GammaSetting>2.0</GammaSetting><FOVSetting>70.0</FOVSetting><FakeCursorSize>16</FakeCursorSize><Inventory><InventoryObject slot="0" type="jungle_door" quantity="22"/><InventoryObject slot="1" type="lapis_block" quantity="14"/><InventoryObject slot="2" type="brick_stairs" quantity="33"/><InventoryObject slot="3" type="sandstone" quantity="20"/><InventoryObject slot="4" type="bedrock" quantity="50"/><InventoryObject slot="5" type="quartz_stairs" quantity="60"/><InventoryObject slot="6" type="flower_pot" quantity="30"/><InventoryObject slot="7" type="birch_stairs" quantity="50"/><InventoryObject slot="8" type="clay" quantity="5"/><InventoryObject slot="9" type="vine" quantity="7"/><InventoryObject slot="10" type="spruce_door" quantity="15"/><InventoryObject slot="11" type="piston" quantity="2"/><InventoryObject slot="12" type="red_mushroom" quantity="25"/><InventoryObject slot="13" type="dragon_egg" quantity="54"/><InventoryObject slot="14" type="sponge" quantity="60"/><InventoryObject slot="15" type="vine" quantity="42"/><InventoryObject slot="16" type="hopper" quantity="62"/><InventoryObject slot="17" type="jukebox" quantity="17"/><InventoryObject slot="18" type="jukebox" quantity="13"/><InventoryObject slot="19" type="brewing_stand" quantity="41"/><InventoryObject slot="20" type="coal_ore" quantity="1"/><InventoryObject slot="21" type="quartz_block" quantity="6"/><InventoryObject slot="22" type="spruce_fence" quantity="2"/><InventoryObject slot="23" type="stone_button" quantity="42"/><InventoryObject slot="24" type="dark_oak_door" quantity="33"/><InventoryObject slot="25" type="glass" quantity="62"/><InventoryObject slot="26" type="birch_fence" quantity="17"/><InventoryObject slot="27" type="birch_fence" quantity="14"/><InventoryObject slot="28" type="jungle_stairs" quantity="51"/><InventoryObject slot="29" type="vine" quantity="30"/><InventoryObject slot="30" type="iron_door" quantity="61"/><InventoryObject slot="31" type="quartz_stairs" quantity="15"/><InventoryObject slot="32" type="iron_block" quantity="19"/><InventoryObject slot="33" type="gravel" quantity="64"/><InventoryObject slot="34" type="red_mushroom_block" quantity="11"/><InventoryObject slot="35" type="birch_fence" quantity="39"/></Inventory><PreferredSpawnBiome>plains</PreferredSpawnBiome><DoneOnDeath>true</DoneOnDeath><SpawnInVillage>true</SpawnInVillage></AgentStart><AgentHandlers><FileBasedPerformanceProducer/><PauseCommand/><VideoProducer want_depth="false"><Width>640</Width><Height>360</Height></VideoProducer><HumanLevelCommands/><CameraCommands/></AgentHandlers></AgentSection></Mission><ExperimentUID>e505b3bc-62d1-4b37-8d10-2c426b3ea8af</ExperimentUID><ClientRole>0</ClientRole><ClientAgentConnection><ClientIPAddress>127.0.0.1</ClientIPAddress><ClientMissionControlPort>0</ClientMissionControlPort><ClientCommandsPort>0</ClientCommandsPort><AgentIPAddress>127.0.0.1</AgentIPAddress><AgentMissionControlPort>0</AgentMissionControlPort><AgentVideoPort>0</AgentVideoPort><AgentDepthPort>0</AgentDepthPort><AgentLuminancePort>0</AgentLuminancePort><AgentObservationsPort>0</AgentObservationsPort><AgentRewardsPort>0</AgentRewardsPort><AgentColourMapPort>0</AgentColourMapPort></ClientAgentConnection></MissionInit>
[15:25:27] [EnvServerSocketHandler/INFO]: [STDOUT]: Setting width, height to 640, 360
[15:25:27] [EnvServerSocketHandler/INFO]: [STDOUT]: Gamma: 2.0
[15:25:27] [EnvServerSocketHandler/INFO]: [STDOUT]: FOV: 70.0
[15:25:27] [EnvServerSocketHandler/INFO]: [STDOUT]: GuiScale: 1.0
[15:25:27] [Render thread/INFO]: [STDOUT]: *** creating fake mouse cursor ***
[15:25:27] [Render thread/INFO]: [STDOUT]: Seed not provided, generating random one: -4075218511591269000
[15:25:29] [Render thread/WARN]: Ambiguity between arguments [teleport, destination] and [teleport, targets] with inputs: [Player, 0123, @e, dd12be42-52a9-4a91-a8a1-11c01849e498]
[15:25:29] [Render thread/WARN]: Ambiguity between arguments [teleport, location] and [teleport, destination] with inputs: [0.1 -0.5 .9, 0 0 0]
[15:25:29] [Render thread/WARN]: Ambiguity between arguments [teleport, location] and [teleport, targets] with inputs: [0.1 -0.5 .9, 0 0 0]
[15:25:29] [Render thread/WARN]: Ambiguity between arguments [teleport, targets] and [teleport, destination] with inputs: [Player, 0123, dd12be42-52a9-4a91-a8a1-11c01849e498]
[15:25:29] [Render thread/WARN]: Ambiguity between arguments [teleport, targets, location] and [teleport, targets, destination] with inputs: [0.1 -0.5 .9, 0 0 0]
[15:25:29] [Render thread/INFO]: Reloading ResourceManager: Default
[15:25:30] [Render thread/INFO]: Loaded 7 recipes
[15:25:30] [Render thread/INFO]: Loaded 927 advancements
[15:25:32] [Render thread/INFO]: Environment: authHost='https://authserver.mojang.com', accountsHost='https://api.mojang.com', sessionHost='https://sessionserver.mojang.com', servicesHost='https://api.minecraftservices.com', name='PROD'
[15:25:32] [Render thread/INFO]: Starting integrated minecraft server version 1.16.5
[15:25:32] [Render thread/INFO]: Generating keypair
[15:25:42] [Render thread/INFO]: Preparing start region for dimension minecraft:overworld
[15:25:56] [Render thread/INFO]: Changing view distance to 11, from 10
[15:25:56] [Render thread/INFO]: MineRLAgent0[local:E:063bb64b] logged in with entity id 256 at (-1501.5, 66.0, -708.5)
[15:25:56] [Render thread/INFO]: MineRLAgent0 joined the game
[15:25:57] [Render thread/INFO]: Preparing spawn area: 0%
[15:25:57] [Render thread/INFO]: Time elapsed: 10 ms
[15:25:58] [Render thread/INFO]: [STDOUT]: Starting new video null
[15:25:58] [Render thread/INFO]: Saving and pausing game...
[15:25:58] [Render thread/INFO]: Saving chunks for level 'ServerLevel[mcpworldb7d5fd82f9c8]'/minecraft:overworld
[15:26:00] [Render thread/INFO]: Saving chunks for level 'ServerLevel[mcpworldb7d5fd82f9c8]'/minecraft:the_nether
[15:26:00] [Render thread/INFO]: Saving chunks for level 'ServerLevel[mcpworldb7d5fd82f9c8]'/minecraft:the_end
[15:26:00] [Render thread/INFO]: MineRLAgent0 has reached the goal [The Next Generation]
[15:26:01] [Render thread/INFO]: [CHAT] MineRLAgent0 has reached the goal [The Next Generation]
[15:26:01] [Render thread/INFO]: Loaded 72 advancements
[15:26:11] [EnvServerSocketHandler/INFO]: [STDOUT]: *** Stopping the replay, returning control to the inputs
