[16:20:42] [Thread-4/INFO]: [STDOUT]: SERVER enter state: DORMANT
[16:20:42] [EnvServerSocketHandler/INFO]: Received Mission token 9ff7adbe-b1be-45f9-9a2a-5ef71f861ffc:0:0:1:true
[16:20:42] [EnvServerSocketHandler/INFO]: Received mission init command  <MissionInit xmlns="http://ProjectMalmo.microsoft.com" xmlns:xsi="http://www.w3.org/2001/XMLSchema-instance" SchemaVersion="" PlatformVersion="0.37.0"><Mission><About><Summary>MineRLBasaltBuildVillageHouse-v0</Summary></About><ModSettings><MsPerTick>50</MsPerTick></ModSettings><ServerSection><ServerInitialConditions><Time><AllowPassageOfTime>false</AllowPassageOfTime></Time><AllowSpawning>true</AllowSpawning></ServerInitialConditions><ServerHandlers><DefaultWorldGenerator forceReset="true" generatorOptions="{}"/><ServerQuitFromTimeUp timeLimitMs="720000" description="out_of_time"/><ServerQuitWhenAnyAgentFinishes/></ServerHandlers></ServerSection><AgentSection mode="Survival"><Name>MineRLAgent0</Name><AgentStart><LowLevelInputs>true</LowLevelInputs><GuiScale>1.0</GuiScale><GammaSetting>2.0</GammaSetting><FOVSetting>70.0</FOVSetting><FakeCursorSize>16</FakeCursorSize><Inventory><InventoryObject slot="0" type="gold_block" quantity="14"/><InventoryObject slot="1" type="flower_pot" quantity="21"/><InventoryObject slot="2" type="sponge" quantity="11"/><InventoryObject slot="3" type="acacia_stairs" quantity="37"/><InventoryObject slot="4" type="spruce_fence_gate" quantity="2"/><InventoryObject slot="5" type="quartz_block" quantity="22"/><InventoryObject slot="6" type="lever" quantity="7"/><InventoryObject slot="7" type="netherrack" quantity="12"/><InventoryObject slot="8" type="snow" quantity="14"/><InventoryObject slot="9" type="redstone_lamp" quantity="24"/><InventoryObject slot="10" type="stone_stairs" quantity="48"/><InventoryObject slot="11" type="quartz_block" quantity="1"/><InventoryObject slot="12" type="glowstone" quantity="29"/><InventoryObject slot="13" type="acacia_stairs" quantity="38"/><InventoryObject slot="14" type="packed_ice" quantity="2"/><InventoryObject slot="15" type="clay" quantity="51"/><InventoryObject slot="16" type="cake" quantity="62"/><InventoryObject slot="17" type="stone" quantity="13"/><InventoryObject slot="18" type="heavy_weighted_pressure_plate" quantity="5"/><InventoryObject slot="19" type="activator_rail" quantity="39"/><InventoryObject slot="20" type="packed_ice" quantity="15"/><InventoryObject slot="21" type="soul_sand" quantity="28"/><InventoryObject slot="22" type="dark_oak_fence" quantity="24"/><InventoryObject slot="23" type="birch_door" quantity="16"/><InventoryObject slot="24" type="oak_stairs" quantity="63"/><InventoryObject slot="25" type="barrier" quantity="44"/><InventoryObject slot="26" type="stone_button" quantity="27"/><InventoryObject slot="27" type="stone" quantity="50"/><InventoryObject slot="28" type="sticky_piston" quantity="41"/><InventoryObject slot="29" type="iron_ore" quantity="14"/><InventoryObject slot="30" type="coal_ore" quantity="4"/><InventoryObject slot="31" type="dispenser" quantity="57"/><InventoryObject slot="32" type="stone_slab" quantity="48"/><InventoryObject slot="33" type="lapis_ore" quantity="63"/><InventoryObject slot="34" type="iron_ore" quantity="10"/><InventoryObject slot="35" type="bookshelf" quantity="27"/></Inventory><PreferredSpawnBiome>plains</PreferredSpawnBiome><DoneOnDeath>true</DoneOnDeath><SpawnInVillage>true</SpawnInVillage></AgentStart><AgentHandlers><FileBasedPerformanceProducer/><PauseCommand/><VideoProducer want_depth="false"><Width>640</Width><Height>360</Height></VideoProducer><HumanLevelCommands/><CameraCommands/></AgentHandlers></AgentSection></Mission><ExperimentUID>9ff7adbe-b1be-45f9-9a2a-5ef71f861ffc</ExperimentUID><ClientRole>0</ClientRole><ClientAgentConnection><ClientIPAddress>127.0.0.1</ClientIPAddress><ClientMissionControlPort>0</ClientMissionControlPort><ClientCommandsPort>0</ClientCommandsPort><AgentIPAddress>127.0.0.1</AgentIPAddress><AgentMissionControlPort>0</AgentMissionControlPort><AgentVideoPort>0</AgentVideoPort><AgentDepthPort>0</AgentDepthPort><AgentLuminancePort>0</AgentLuminancePort><AgentObservationsPort>0</AgentObservationsPort><AgentRewardsPort>0</AgentRewardsPort><AgentColourMapPort>0</AgentColourMapPort></ClientAgentConnection></MissionInit>
[16:20:44] [EnvServerSocketHandler/INFO]: [STDOUT]: Setting width, height to 640, 360
[16:20:44] [EnvServerSocketHandler/INFO]: [STDOUT]: Gamma: 2.0
[16:20:44] [EnvServerSocketHandler/INFO]: [STDOUT]: FOV: 70.0
[16:20:44] [EnvServerSocketHandler/INFO]: [STDOUT]: GuiScale: 1.0
[16:20:44] [Render thread/INFO]: [STDOUT]: *** creating fake mouse cursor ***
[16:20:44] [Render thread/INFO]: [STDOUT]: Seed not provided, generating random one: -7883954606724009647
[16:20:45] [Render thread/WARN]: Ambiguity between arguments [teleport, destination] and [teleport, targets] with inputs: [Player, 0123, @e, dd12be42-52a9-4a91-a8a1-11c01849e498]
[16:20:45] [Render thread/WARN]: Ambiguity between arguments [teleport, location] and [teleport, destination] with inputs: [0.1 -0.5 .9, 0 0 0]
[16:20:45] [Render thread/WARN]: Ambiguity between arguments [teleport, location] and [teleport, targets] with inputs: [0.1 -0.5 .9, 0 0 0]
[16:20:45] [Render thread/WARN]: Ambiguity between arguments [teleport, targets] and [teleport, destination] with inputs: [Player, 0123, dd12be42-52a9-4a91-a8a1-11c01849e498]
[16:20:45] [Render thread/WARN]: Ambiguity between arguments [teleport, targets, location] and [teleport, targets, destination] with inputs: [0.1 -0.5 .9, 0 0 0]
[16:20:45] [Render thread/INFO]: Reloading ResourceManager: Default
[16:20:46] [Render thread/INFO]: Loaded 7 recipes
[16:20:46] [Render thread/INFO]: Loaded 927 advancements
[16:20:48] [Render thread/INFO]: Environment: authHost='https://authserver.mojang.com', accountsHost='https://api.mojang.com', sessionHost='https://sessionserver.mojang.com', servicesHost='https://api.minecraftservices.com', name='PROD'
[16:20:48] [Render thread/INFO]: Starting integrated minecraft server version 1.16.5
[16:20:48] [Render thread/INFO]: Generating keypair
[16:21:00] [Render thread/INFO]: Preparing start region for dimension minecraft:overworld
[16:21:27] [Render thread/INFO]: Changing view distance to 11, from 10
[16:21:28] [Render thread/INFO]: MineRLAgent0[local:E:ed9a23ff] logged in with entity id 204 at (-2733.5, 66.0, 506.5)
[16:21:28] [Render thread/INFO]: MineRLAgent0 joined the game
[16:21:28] [Render thread/INFO]: Preparing spawn area: 0%
[16:21:28] [Render thread/INFO]: Time elapsed: 6 ms
[16:21:29] [Render thread/INFO]: [STDOUT]: Starting new video null
[16:21:29] [Render thread/INFO]: Saving and pausing game...
[16:21:29] [Render thread/INFO]: Saving chunks for level 'ServerLevel[mcpworldb7d5fd82f9c8]'/minecraft:overworld
[16:21:31] [Render thread/INFO]: Saving chunks for level 'ServerLevel[mcpworldb7d5fd82f9c8]'/minecraft:the_nether
[16:21:31] [Render thread/INFO]: Saving chunks for level 'ServerLevel[mcpworldb7d5fd82f9c8]'/minecraft:the_end
[16:21:32] [Render thread/INFO]: Loaded 41 advancements
[16:21:41] [EnvServerSocketHandler/INFO]: [STDOUT]: *** Stopping the replay, returning control to the inputs
