[15:29:31] [Thread-4/INFO]: [STDOUT]: SERVER enter state: DORMANT
[15:29:31] [EnvServerSocketHandler/INFO]: Received Mission token b84cec1b-8fb2-44b0-814f-ae87e34d720a:0:0:1:true
[15:29:31] [EnvServerSocketHandler/INFO]: Received mission init command  <MissionInit xmlns="http://ProjectMalmo.microsoft.com" xmlns:xsi="http://www.w3.org/2001/XMLSchema-instance" SchemaVersion="" PlatformVersion="0.37.0"><Mission><About><Summary>MineRLBasaltBuildVillageHouse-v0</Summary></About><ModSettings><MsPerTick>50</MsPerTick></ModSettings><ServerSection><ServerInitialConditions><Time><AllowPassageOfTime>false</AllowPassageOfTime></Time><AllowSpawning>true</AllowSpawning></ServerInitialConditions><ServerHandlers><DefaultWorldGenerator forceReset="true" generatorOptions="{}"/><ServerQuitFromTimeUp timeLimitMs="720000" description="out_of_time"/><ServerQuitWhenAnyAgentFinishes/></ServerHandlers></ServerSection><AgentSection mode="Survival"><Name>MineRLAgent0</Name><AgentStart><LowLevelInputs>true</LowLevelInputs><GuiScale>1.0</GuiScale><GammaSetting>2.0</GammaSetting><FOVSetting>70.0</FOVSetting><FakeCursorSize>16</FakeCursorSize><Inventory><InventoryObject slot="0" type="ladder" quantity="40"/><InventoryObject slot="1" type="dark_oak_stairs" quantity="19"/><InventoryObject slot="2" type="gold_ore" quantity="7"/><InventoryObject slot="3" type="sandstone" quantity="16"/><InventoryObject slot="4" type="hay_block" quantity="22"/><InventoryObject slot="5" type="lapis_block" quantity="1"/><InventoryObject slot="6" type="lever" quantity="52"/><InventoryObject slot="7" type="birch_fence_gate" quantity="4"/><InventoryObject slot="8" type="nether_brick" quantity="36"/><InventoryObject slot="9" type="red_sandstone_stairs" quantity="38"/><InventoryObject slot="10" type="detector_rail" quantity="63"/><InventoryObject slot="11" type="ender_chest" quantity="30"/><InventoryObject slot="12" type="brick_stairs" quantity="4"/><InventoryObject slot="13" type="spruce_stairs" quantity="60"/><InventoryObject slot="14" type="jungle_fence" quantity="55"/><InventoryObject slot="15" type="spruce_fence" quantity="2"/><InventoryObject slot="16" type="anvil" quantity="43"/><InventoryObject slot="17" type="stone_brick_stairs" quantity="61"/><InventoryObject slot="18" type="spruce_stairs" quantity="58"/><InventoryObject slot="19" type="glowstone" quantity="26"/><InventoryObject slot="20" type="command_block" quantity="53"/><InventoryObject slot="21" type="emerald_block" quantity="62"/><InventoryObject slot="22" type="end_portal_frame" quantity="35"/><InventoryObject slot="23" type="netherrack" quantity="27"/><InventoryObject slot="24" type="clay" quantity="8"/><InventoryObject slot="25" type="cake" quantity="4"/><InventoryObject slot="26" type="end_portal_frame" quantity="7"/><InventoryObject slot="27" type="cobblestone_wall" quantity="47"/><InventoryObject slot="28" type="chest" quantity="48"/><InventoryObject slot="29" type="ladder" quantity="60"/><InventoryObject slot="30" type="quartz_stairs" quantity="3"/><InventoryObject slot="31" type="ice" quantity="47"/><InventoryObject slot="32" type="birch_fence" quantity="10"/><InventoryObject slot="33" type="tripwire_hook" quantity="56"/><InventoryObject slot="34" type="jungle_door" quantity="18"/><InventoryObject slot="35" type="lapis_block" quantity="6"/></Inventory><PreferredSpawnBiome>plains</PreferredSpawnBiome><DoneOnDeath>true</DoneOnDeath><SpawnInVillage>true</SpawnInVillage></AgentStart><AgentHandlers><FileBasedPerformanceProducer/><PauseCommand/><VideoProducer want_depth="false"><Width>640</Width><Height>360</Height></VideoProducer><HumanLevelCommands/><CameraCommands/></AgentHandlers></AgentSection></Mission><ExperimentUID>b84cec1b-8fb2-44b0-814f-ae87e34d720a</ExperimentUID><ClientRole>0</ClientRole><ClientAgentConnection><ClientIPAddress>127.0.0.1</ClientIPAddress><ClientMissionControlPort>0</ClientMissionControlPort><ClientCommandsPort>0</ClientCommandsPort><AgentIPAddress>127.0.0.1</AgentIPAddress><AgentMissionControlPort>0</AgentMissionControlPort><AgentVideoPort>0</AgentVideoPort><AgentDepthPort>0</AgentDepthPort><AgentLuminancePort>0</AgentLuminancePort><AgentObservationsPort>0</AgentObservationsPort><AgentRewardsPort>0</AgentRewardsPort><AgentColourMapPort>0</AgentColourMapPort></ClientAgentConnection></MissionInit>
[15:29:32] [EnvServerSocketHandler/INFO]: [STDOUT]: Setting width, height to 640, 360
[15:29:32] [EnvServerSocketHandler/INFO]: [STDOUT]: Gamma: 2.0
[15:29:32] [EnvServerSocketHandler/INFO]: [STDOUT]: FOV: 70.0
[15:29:32] [EnvServerSocketHandler/INFO]: [STDOUT]: GuiScale: 1.0
[15:29:32] [Render thread/INFO]: [STDOUT]: *** creating fake mouse cursor ***
[15:29:33] [Render thread/INFO]: [STDOUT]: Seed not provided, generating random one: -4041983788692093741
[15:29:34] [Render thread/WARN]: Ambiguity between arguments [teleport, destination] and [teleport, targets] with inputs: [Player, 0123, @e, dd12be42-52a9-4a91-a8a1-11c01849e498]
[15:29:34] [Render thread/WARN]: Ambiguity between arguments [teleport, location] and [teleport, destination] with inputs: [0.1 -0.5 .9, 0 0 0]
[15:29:34] [Render thread/WARN]: Ambiguity between arguments [teleport, location] and [teleport, targets] with inputs: [0.1 -0.5 .9, 0 0 0]
[15:29:34] [Render thread/WARN]: Ambiguity between arguments [teleport, targets] and [teleport, destination] with inputs: [Player, 0123, dd12be42-52a9-4a91-a8a1-11c01849e498]
[15:29:34] [Render thread/WARN]: Ambiguity between arguments [teleport, targets, location] and [teleport, targets, destination] with inputs: [0.1 -0.5 .9, 0 0 0]
[15:29:34] [Render thread/INFO]: Reloading ResourceManager: Default
[15:29:35] [Render thread/INFO]: Loaded 7 recipes
[15:29:35] [Render thread/INFO]: Loaded 927 advancements
[15:29:37] [Render thread/INFO]: Environment: authHost='https://authserver.mojang.com', accountsHost='https://api.mojang.com', sessionHost='https://sessionserver.mojang.com', servicesHost='https://api.minecraftservices.com', name='PROD'
[15:29:37] [Render thread/INFO]: Starting integrated minecraft server version 1.16.5
[15:29:37] [Render thread/INFO]: Generating keypair
[15:29:48] [Render thread/INFO]: Preparing start region for dimension minecraft:overworld
[15:30:11] [Render thread/INFO]: Changing view distance to 11, from 10
[15:30:12] [Render thread/INFO]: MineRLAgent0[local:E:0b4f9341] logged in with entity id 132 at (1366.5, 76.0, 46.5)
[15:30:12] [Render thread/INFO]: MineRLAgent0 joined the game
[15:30:13] [Render thread/INFO]: Preparing spawn area: 0%
[15:30:13] [Render thread/INFO]: Time elapsed: 5 ms
[15:30:13] [Render thread/INFO]: [STDOUT]: Starting new video null
[15:30:13] [Render thread/INFO]: Saving and pausing game...
[15:30:13] [Render thread/INFO]: Saving chunks for level 'ServerLevel[mcpworldb7d5fd82f9c8]'/minecraft:overworld
[15:30:15] [Render thread/INFO]: Saving chunks for level 'ServerLevel[mcpworldb7d5fd82f9c8]'/minecraft:the_nether
[15:30:15] [Render thread/INFO]: Saving chunks for level 'ServerLevel[mcpworldb7d5fd82f9c8]'/minecraft:the_end
[15:30:16] [Render thread/INFO]: Loaded 27 advancements
[15:30:25] [EnvServerSocketHandler/INFO]: [STDOUT]: *** Stopping the replay, returning control to the inputs
