[15:19:49] [Thread-4/INFO]: [STDOUT]: SERVER enter state: DORMANT
[15:19:49] [EnvServerSocketHandler/INFO]: Received Mission token 1241c795-90b7-4af5-807a-70239788dbd5:0:0:1:true
[15:19:49] [EnvServerSocketHandler/INFO]: Received mission init command  <MissionInit xmlns="http://ProjectMalmo.microsoft.com" xmlns:xsi="http://www.w3.org/2001/XMLSchema-instance" SchemaVersion="" PlatformVersion="0.37.0"><Mission><About><Summary>MineRLBasaltBuildVillageHouse-v0</Summary></About><ModSettings><MsPerTick>50</MsPerTick></ModSettings><ServerSection><ServerInitialConditions><Time><AllowPassageOfTime>false</AllowPassageOfTime></Time><AllowSpawning>true</AllowSpawning></ServerInitialConditions><ServerHandlers><DefaultWorldGenerator forceReset="true" generatorOptions="{}"/><ServerQuitFromTimeUp timeLimitMs="720000" description="out_of_time"/><ServerQuitWhenAnyAgentFinishes/></ServerHandlers></ServerSection><AgentSection mode="Survival"><Name>MineRLAgent0</Name><AgentStart><LowLevelInputs>true</LowLevelInputs><GuiScale>1.0</GuiScale><GammaSetting>2.0</GammaSetting><FOVSetting>70.0</FOVSetting><FakeCursorSize>16</FakeCursorSize><Inventory><InventoryObject slot="0" type="ice" quantity="56"/><InventoryObject slot="1" type="cauldron" quantity="31"/><InventoryObject slot="2" type="mycelium" quantity="58"/><InventoryObject slot="3" type="obsidian" quantity="61"/><InventoryObject slot="4" type="cobblestone" quantity="11"/><InventoryObject slot="5" type="coal_ore" quantity="41"/><InventoryObject slot="6" type="dark_oak_door" quantity="42"/><InventoryObject slot="7" type="tripwire_hook" quantity="26"/><InventoryObject slot="8" type="sand" quantity="38"/><InventoryObject slot="9" type="sandstone" quantity="59"/><InventoryObject slot="10" type="gold_block" quantity="63"/><InventoryObject slot="11" type="jungle_fence" quantity="1"/><InventoryObject slot="12" type="acacia_door" quantity="50"/><InventoryObject slot="13" type="farmland" quantity="58"/><InventoryObject slot="14" type="diamond_block" quantity="8"/><InventoryObject slot="15" type="dirt" quantity="33"/><InventoryObject slot="16" type="acacia_stairs" quantity="49"/><InventoryObject slot="17" type="daylight_detector" quantity="45"/><InventoryObject slot="18" type="lapis_block" quantity="33"/><InventoryObject slot="19" type="command_block" quantity="62"/><InventoryObject slot="20" type="lapis_block" quantity="17"/><InventoryObject slot="21" type="acacia_fence" quantity="64"/><InventoryObject slot="22" type="sticky_piston" quantity="62"/><InventoryObject slot="23" type="gravel" quantity="7"/><InventoryObject slot="24" type="chest" quantity="48"/><InventoryObject slot="25" type="glass_pane" quantity="24"/><InventoryObject slot="26" type="brown_mushroom" quantity="50"/><InventoryObject slot="27" type="sea_lantern" quantity="48"/><InventoryObject slot="28" type="stone_slab" quantity="40"/><InventoryObject slot="29" type="lapis_block" quantity="21"/><InventoryObject slot="30" type="coal_ore" quantity="60"/><InventoryObject slot="31" type="brown_mushroom_block" quantity="53"/><InventoryObject slot="32" type="dark_oak_door" quantity="58"/><InventoryObject slot="33" type="birch_fence" quantity="22"/><InventoryObject slot="34" type="acacia_door" quantity="4"/><InventoryObject slot="35" type="glass_pane" quantity="17"/></Inventory><PreferredSpawnBiome>plains</PreferredSpawnBiome><DoneOnDeath>true</DoneOnDeath><SpawnInVillage>true</SpawnInVillage></AgentStart><AgentHandlers><FileBasedPerformanceProducer/><PauseCommand/><VideoProducer want_depth="false"><Width>640</Width><Height>360</Height></VideoProducer><HumanLevelCommands/><CameraCommands/></AgentHandlers></AgentSection></Mission><ExperimentUID>1241c795-90b7-4af5-807a-70239788dbd5</ExperimentUID><ClientRole>0</ClientRole><ClientAgentConnection><ClientIPAddress>127.0.0.1</ClientIPAddress><ClientMissionControlPort>0</ClientMissionControlPort><ClientCommandsPort>0</ClientCommandsPort><AgentIPAddress>127.0.0.1</AgentIPAddress><AgentMissionControlPort>0</AgentMissionControlPort><AgentVideoPort>0</AgentVideoPort><AgentDepthPort>0</AgentDepthPort><AgentLuminancePort>0</AgentLuminancePort><AgentObservationsPort>0</AgentObservationsPort><AgentRewardsPort>0</AgentRewardsPort><AgentColourMapPort>0</AgentColourMapPort></ClientAgentConnection></MissionInit>
[15:19:51] [EnvServerSocketHandler/INFO]: [STDOUT]: Setting width, height to 640, 360
[15:19:51] [EnvServerSocketHandler/INFO]: [STDOUT]: Gamma: 2.0
[15:19:51] [EnvServerSocketHandler/INFO]: [STDOUT]: FOV: 70.0
[15:19:51] [EnvServerSocketHandler/INFO]: [STDOUT]: GuiScale: 1.0
[15:19:51] [Render thread/INFO]: [STDOUT]: *** creating fake mouse cursor ***
[15:19:51] [Render thread/INFO]: [STDOUT]: Seed not provided, generating random one: 1129128699751648654
[15:19:52] [Render thread/WARN]: Ambiguity between arguments [teleport, destination] and [teleport, targets] with inputs: [Player, 0123, @e, dd12be42-52a9-4a91-a8a1-11c01849e498]
[15:19:52] [Render thread/WARN]: Ambiguity between arguments [teleport, location] and [teleport, destination] with inputs: [0.1 -0.5 .9, 0 0 0]
[15:19:52] [Render thread/WARN]: Ambiguity between arguments [teleport, location] and [teleport, targets] with inputs: [0.1 -0.5 .9, 0 0 0]
[15:19:52] [Render thread/WARN]: Ambiguity between arguments [teleport, targets] and [teleport, destination] with inputs: [Player, 0123, dd12be42-52a9-4a91-a8a1-11c01849e498]
[15:19:52] [Render thread/WARN]: Ambiguity between arguments [teleport, targets, location] and [teleport, targets, destination] with inputs: [0.1 -0.5 .9, 0 0 0]
[15:19:52] [Render thread/INFO]: Reloading ResourceManager: Default
[15:19:53] [Render thread/INFO]: Loaded 7 recipes
[15:19:53] [Render thread/INFO]: Loaded 927 advancements
[15:19:55] [Render thread/INFO]: Environment: authHost='https://authserver.mojang.com', accountsHost='https://api.mojang.com', sessionHost='https://sessionserver.mojang.com', servicesHost='https://api.minecraftservices.com', name='PROD'
[15:19:55] [Render thread/INFO]: Starting integrated minecraft server version 1.16.5
[15:19:55] [Render thread/INFO]: Generating keypair
[15:20:07] [Render thread/INFO]: Preparing start region for dimension minecraft:overworld
[15:20:28] [Render thread/INFO]: Changing view distance to 11, from 10
[15:20:29] [Render thread/INFO]: MineRLAgent0[local:E:d257a7c3] logged in with entity id 129 at (-225.5, 69.0, -499.5)
[15:20:29] [Render thread/INFO]: MineRLAgent0 joined the game
[15:20:29] [Render thread/INFO]: Preparing spawn area: 0%
[15:20:29] [Render thread/INFO]: Time elapsed: 7 ms
[15:20:30] [Render thread/INFO]: [STDOUT]: Starting new video null
[15:20:30] [Render thread/INFO]: Saving and pausing game...
[15:20:30] [Render thread/INFO]: Saving chunks for level 'ServerLevel[mcpworldb7d5fd82f9c8]'/minecraft:overworld
[15:20:31] [Render thread/INFO]: Saving chunks for level 'ServerLevel[mcpworldb7d5fd82f9c8]'/minecraft:the_nether
[15:20:31] [Render thread/INFO]: Saving chunks for level 'ServerLevel[mcpworldb7d5fd82f9c8]'/minecraft:the_end
[15:20:32] [Render thread/INFO]: MineRLAgent0 has made the advancement [Ice Bucket Challenge]
[15:20:32] [Render thread/INFO]: MineRLAgent0 has made the advancement [Stone Age]
[15:20:32] [Render thread/INFO]: [CHAT] MineRLAgent0 has made the advancement [Ice Bucket Challenge]
[15:20:32] [Render thread/INFO]: [CHAT] MineRLAgent0 has made the advancement [Stone Age]
[15:20:32] [Render thread/INFO]: Loaded 85 advancements
[15:20:43] [EnvServerSocketHandler/INFO]: [STDOUT]: *** Stopping the replay, returning control to the inputs
