[16:02:46] [Thread-4/INFO]: [STDOUT]: SERVER enter state: DORMANT
[16:02:46] [EnvServerSocketHandler/INFO]: Received Mission token 5df90e00-5ce4-4de4-b35e-3d488e345f40:0:0:1:true
[16:02:46] [EnvServerSocketHandler/INFO]: Received mission init command  <MissionInit xmlns="http://ProjectMalmo.microsoft.com" xmlns:xsi="http://www.w3.org/2001/XMLSchema-instance" SchemaVersion="" PlatformVersion="0.37.0"><Mission><About><Summary>MineRLBasaltBuildVillageHouse-v0</Summary></About><ModSettings><MsPerTick>50</MsPerTick></ModSettings><ServerSection><ServerInitialConditions><Time><AllowPassageOfTime>false</AllowPassageOfTime></Time><AllowSpawning>true</AllowSpawning></ServerInitialConditions><ServerHandlers><DefaultWorldGenerator forceReset="true" generatorOptions="{}"/><ServerQuitFromTimeUp timeLimitMs="720000" description="out_of_time"/><ServerQuitWhenAnyAgentFinishes/></ServerHandlers></ServerSection><AgentSection mode="Survival"><Name>MineRLAgent0</Name><AgentStart><LowLevelInputs>true</LowLevelInputs><GuiScale>1.0</GuiScale><GammaSetting>2.0</GammaSetting><FOVSetting>70.0</FOVSetting><FakeCursorSize>16</FakeCursorSize><Inventory><InventoryObject slot="0" type="cactus" quantity="61"/><InventoryObject slot="1" type="redstone_lamp" quantity="41"/><InventoryObject slot="2" type="quartz_block" quantity="46"/><InventoryObject slot="3" type="quartz_stairs" quantity="63"/><InventoryObject slot="4" type="acacia_fence_gate" quantity="16"/><InventoryObject slot="5" type="glass" quantity="25"/><InventoryObject slot="6" type="ladder" quantity="49"/><InventoryObject slot="7" type="sandstone_stairs" quantity="44"/><InventoryObject slot="8" type="beacon" quantity="23"/><InventoryObject slot="9" type="brown_mushroom_block" quantity="42"/><InventoryObject slot="10" type="anvil" quantity="41"/><InventoryObject slot="11" type="glass" quantity="28"/><InventoryObject slot="12" type="iron_ore" quantity="60"/><InventoryObject slot="13" type="pumpkin" quantity="23"/><InventoryObject slot="14" type="stone_button" quantity="37"/><InventoryObject slot="15" type="gravel" quantity="19"/><InventoryObject slot="16" type="mycelium" quantity="58"/><InventoryObject slot="17" type="hopper" quantity="35"/><InventoryObject slot="18" type="command_block" quantity="60"/><InventoryObject slot="19" type="stone_brick_stairs" quantity="3"/><InventoryObject slot="20" type="nether_brick_stairs" quantity="38"/><InventoryObject slot="21" type="ladder" quantity="8"/><InventoryObject slot="22" type="dispenser" quantity="38"/><InventoryObject slot="23" type="flower_pot" quantity="2"/><InventoryObject slot="24" type="jungle_stairs" quantity="52"/><InventoryObject slot="25" type="emerald_block" quantity="14"/><InventoryObject slot="26" type="anvil" quantity="46"/><InventoryObject slot="27" type="hopper" quantity="51"/><InventoryObject slot="28" type="brown_mushroom" quantity="26"/><InventoryObject slot="29" type="stone" quantity="49"/><InventoryObject slot="30" type="ender_chest" quantity="40"/><InventoryObject slot="31" type="acacia_stairs" quantity="30"/><InventoryObject slot="32" type="bookshelf" quantity="41"/><InventoryObject slot="33" type="cactus" quantity="54"/><InventoryObject slot="34" type="hay_block" quantity="49"/><InventoryObject slot="35" type="iron_bars" quantity="2"/></Inventory><PreferredSpawnBiome>plains</PreferredSpawnBiome><DoneOnDeath>true</DoneOnDeath><SpawnInVillage>true</SpawnInVillage></AgentStart><AgentHandlers><FileBasedPerformanceProducer/><PauseCommand/><VideoProducer want_depth="false"><Width>640</Width><Height>360</Height></VideoProducer><HumanLevelCommands/><CameraCommands/></AgentHandlers></AgentSection></Mission><ExperimentUID>5df90e00-5ce4-4de4-b35e-3d488e345f40</ExperimentUID><ClientRole>0</ClientRole><ClientAgentConnection><ClientIPAddress>127.0.0.1</ClientIPAddress><ClientMissionControlPort>0</ClientMissionControlPort><ClientCommandsPort>0</ClientCommandsPort><AgentIPAddress>127.0.0.1</AgentIPAddress><AgentMissionControlPort>0</AgentMissionControlPort><AgentVideoPort>0</AgentVideoPort><AgentDepthPort>0</AgentDepthPort><AgentLuminancePort>0</AgentLuminancePort><AgentObservationsPort>0</AgentObservationsPort><AgentRewardsPort>0</AgentRewardsPort><AgentColourMapPort>0</AgentColourMapPort></ClientAgentConnection></MissionInit>
[16:02:48] [EnvServerSocketHandler/INFO]: [STDOUT]: Setting width, height to 640, 360
[16:02:48] [EnvServerSocketHandler/INFO]: [STDOUT]: Gamma: 2.0
[16:02:48] [EnvServerSocketHandler/INFO]: [STDOUT]: FOV: 70.0
[16:02:48] [EnvServerSocketHandler/INFO]: [STDOUT]: GuiScale: 1.0
[16:02:48] [Render thread/INFO]: [STDOUT]: Seed not provided, generating random one: -6640285594796825224
[16:02:49] [Render thread/WARN]: Ambiguity between arguments [teleport, destination] and [teleport, targets] with inputs: [Player, 0123, @e, dd12be42-52a9-4a91-a8a1-11c01849e498]
[16:02:49] [Render thread/WARN]: Ambiguity between arguments [teleport, location] and [teleport, destination] with inputs: [0.1 -0.5 .9, 0 0 0]
[16:02:49] [Render thread/WARN]: Ambiguity between arguments [teleport, location] and [teleport, targets] with inputs: [0.1 -0.5 .9, 0 0 0]
[16:02:49] [Render thread/WARN]: Ambiguity between arguments [teleport, targets] and [teleport, destination] with inputs: [Player, 0123, dd12be42-52a9-4a91-a8a1-11c01849e498]
[16:02:49] [Render thread/WARN]: Ambiguity between arguments [teleport, targets, location] and [teleport, targets, destination] with inputs: [0.1 -0.5 .9, 0 0 0]
[16:02:49] [Render thread/INFO]: Reloading ResourceManager: Default
[16:02:50] [Render thread/INFO]: Loaded 7 recipes
[16:02:50] [Render thread/INFO]: Loaded 927 advancements
[16:02:50] [Render thread/INFO]: [STDOUT]: *** creating fake mouse cursor ***
[16:02:52] [Render thread/INFO]: Environment: authHost='https://authserver.mojang.com', accountsHost='https://api.mojang.com', sessionHost='https://sessionserver.mojang.com', servicesHost='https://api.minecraftservices.com', name='PROD'
[16:02:52] [Render thread/INFO]: Starting integrated minecraft server version 1.16.5
[16:02:52] [Render thread/INFO]: Generating keypair
[16:03:04] [Render thread/INFO]: Preparing start region for dimension minecraft:overworld
[16:03:16] [Render thread/INFO]: Changing view distance to 11, from 10
[16:03:17] [Render thread/INFO]: MineRLAgent0[local:E:a810595c] logged in with entity id 148 at (770.5, 68.0, -1237.5)
[16:03:17] [Render thread/INFO]: MineRLAgent0 joined the game
[16:03:17] [Render thread/INFO]: Preparing spawn area: 0%
[16:03:17] [Render thread/INFO]: Time elapsed: 5 ms
[16:03:18] [Render thread/INFO]: [STDOUT]: Starting new video null
[16:03:18] [Render thread/INFO]: Saving and pausing game...
[16:03:18] [Render thread/INFO]: Saving chunks for level 'ServerLevel[mcpworldabfcf1c1b7d5]'/minecraft:overworld
[16:03:20] [Render thread/INFO]: Saving chunks for level 'ServerLevel[mcpworldabfcf1c1b7d5]'/minecraft:the_nether
[16:03:20] [Render thread/INFO]: Saving chunks for level 'ServerLevel[mcpworldabfcf1c1b7d5]'/minecraft:the_end
[16:03:21] [Render thread/INFO]: Loaded 72 advancements
[16:03:30] [EnvServerSocketHandler/INFO]: [STDOUT]: *** Stopping the replay, returning control to the inputs
