[20:35:28] [Thread-4/INFO]: [STDOUT]: SERVER enter state: DORMANT
[20:35:28] [EnvServerSocketHandler/INFO]: Received Mission token 2abdca9a-8f81-402e-9fa9-406c2231f8e6:0:0:1:true
[20:35:28] [EnvServerSocketHandler/INFO]: Received mission init command  <MissionInit xmlns="http://ProjectMalmo.microsoft.com" xmlns:xsi="http://www.w3.org/2001/XMLSchema-instance" SchemaVersion="" PlatformVersion="0.37.0"><Mission><About><Summary>MineRLBasaltBuildVillageHouse-v0</Summary></About><ModSettings><MsPerTick>50</MsPerTick></ModSettings><ServerSection><ServerInitialConditions><Time><AllowPassageOfTime>false</AllowPassageOfTime></Time><AllowSpawning>true</AllowSpawning></ServerInitialConditions><ServerHandlers><DefaultWorldGenerator forceReset="true" generatorOptions="{}"/><ServerQuitFromTimeUp timeLimitMs="720000" description="out_of_time"/><ServerQuitWhenAnyAgentFinishes/></ServerHandlers></ServerSection><AgentSection mode="Survival"><Name>MineRLAgent0</Name><AgentStart><LowLevelInputs>true</LowLevelInputs><GuiScale>1.0</GuiScale><GammaSetting>2.0</GammaSetting><FOVSetting>70.0</FOVSetting><FakeCursorSize>16</FakeCursorSize><Inventory><InventoryObject slot="0" type="air" quantity="0"/><InventoryObject slot="1" type="diamond" quantity="1"/><InventoryObject slot="2" type="air" quantity="0"/><InventoryObject slot="3" type="air" quantity="0"/><InventoryObject slot="4" type="air" quantity="0"/><InventoryObject slot="5" type="air" quantity="0"/><InventoryObject slot="6" type="air" quantity="0"/><InventoryObject slot="7" type="air" quantity="0"/><InventoryObject slot="8" type="air" quantity="0"/><InventoryObject slot="9" type="air" quantity="0"/><InventoryObject slot="10" type="air" quantity="0"/><InventoryObject slot="11" type="air" quantity="0"/><InventoryObject slot="12" type="air" quantity="0"/><InventoryObject slot="13" type="air" quantity="0"/><InventoryObject slot="14" type="air" quantity="0"/><InventoryObject slot="15" type="air" quantity="0"/><InventoryObject slot="16" type="air" quantity="0"/><InventoryObject slot="17" type="air" quantity="0"/><InventoryObject slot="18" type="air" quantity="0"/><InventoryObject slot="19" type="air" quantity="0"/><InventoryObject slot="20" type="air" quantity="0"/><InventoryObject slot="21" type="air" quantity="0"/><InventoryObject slot="22" type="air" quantity="0"/><InventoryObject slot="23" type="air" quantity="0"/><InventoryObject slot="24" type="air" quantity="0"/><InventoryObject slot="25" type="air" quantity="0"/><InventoryObject slot="26" type="air" quantity="0"/><InventoryObject slot="27" type="air" quantity="0"/><InventoryObject slot="28" type="air" quantity="0"/><InventoryObject slot="29" type="air" quantity="0"/><InventoryObject slot="30" type="air" quantity="0"/><InventoryObject slot="31" type="air" quantity="0"/><InventoryObject slot="32" type="air" quantity="0"/><InventoryObject slot="33" type="air" quantity="0"/><InventoryObject slot="34" type="air" quantity="0"/><InventoryObject slot="35" type="air" quantity="0"/><InventoryObject slot="36" type="air" quantity="0"/><InventoryObject slot="37" type="air" quantity="0"/><InventoryObject slot="38" type="air" quantity="0"/><InventoryObject slot="39" type="air" quantity="0"/><InventoryObject slot="40" type="air" quantity="0"/></Inventory><PreferredSpawnBiome>plains</PreferredSpawnBiome><DoneOnDeath>true</DoneOnDeath><SpawnInVillage>true</SpawnInVillage></AgentStart><AgentHandlers><FileBasedPerformanceProducer/><PauseCommand/><VideoProducer want_depth="false"><Width>640</Width><Height>360</Height></VideoProducer><HumanLevelCommands/><CameraCommands/></AgentHandlers></AgentSection></Mission><ExperimentUID>2abdca9a-8f81-402e-9fa9-406c2231f8e6</ExperimentUID><ClientRole>0</ClientRole><ClientAgentConnection><ClientIPAddress>127.0.0.1</ClientIPAddress><ClientMissionControlPort>0</ClientMissionControlPort><ClientCommandsPort>0</ClientCommandsPort><AgentIPAddress>127.0.0.1</AgentIPAddress><AgentMissionControlPort>0</AgentMissionControlPort><AgentVideoPort>0</AgentVideoPort><AgentDepthPort>0</AgentDepthPort><AgentLuminancePort>0</AgentLuminancePort><AgentObservationsPort>0</AgentObservationsPort><AgentRewardsPort>0</AgentRewardsPort><AgentColourMapPort>0</AgentColourMapPort></ClientAgentConnection></MissionInit>
[20:35:29] [EnvServerSocketHandler/INFO]: [STDOUT]: Setting width, height to 640, 360
[20:35:29] [EnvServerSocketHandler/INFO]: [STDOUT]: Gamma: 2.0
[20:35:29] [EnvServerSocketHandler/INFO]: [STDOUT]: FOV: 70.0
[20:35:29] [EnvServerSocketHandler/INFO]: [STDOUT]: GuiScale: 1.0
[20:35:29] [Render thread/INFO]: [STDOUT]: Seed not provided, generating random one: 6863401711645364699
[20:35:31] [Render thread/WARN]: Ambiguity between arguments [teleport, destination] and [teleport, targets] with inputs: [Player, 0123, @e, dd12be42-52a9-4a91-a8a1-11c01849e498]
[20:35:31] [Render thread/WARN]: Ambiguity between arguments [teleport, location] and [teleport, destination] with inputs: [0.1 -0.5 .9, 0 0 0]
[20:35:31] [Render thread/WARN]: Ambiguity between arguments [teleport, location] and [teleport, targets] with inputs: [0.1 -0.5 .9, 0 0 0]
[20:35:31] [Render thread/WARN]: Ambiguity between arguments [teleport, targets] and [teleport, destination] with inputs: [Player, 0123, dd12be42-52a9-4a91-a8a1-11c01849e498]
[20:35:31] [Render thread/WARN]: Ambiguity between arguments [teleport, targets, location] and [teleport, targets, destination] with inputs: [0.1 -0.5 .9, 0 0 0]
[20:35:31] [Render thread/INFO]: Reloading ResourceManager: Default
[20:35:31] [Render thread/INFO]: Loaded 7 recipes
[20:35:32] [Render thread/INFO]: Loaded 927 advancements
[20:35:32] [Render thread/INFO]: [STDOUT]: *** creating fake mouse cursor ***
[20:35:33] [Render thread/INFO]: Environment: authHost='https://authserver.mojang.com', accountsHost='https://api.mojang.com', sessionHost='https://sessionserver.mojang.com', servicesHost='https://api.minecraftservices.com', name='PROD'
[20:35:33] [Render thread/INFO]: Starting integrated minecraft server version 1.16.5
[20:35:33] [Render thread/INFO]: Generating keypair
[20:35:45] [Render thread/INFO]: Preparing start region for dimension minecraft:overworld
[20:36:07] [Render thread/INFO]: Changing view distance to 11, from 10
[20:36:08] [Render thread/INFO]: MineRLAgent0[local:E:2cc82711] logged in with entity id 269 at (-1365.5, 63.0, 1852.5)
[20:36:08] [Render thread/INFO]: MineRLAgent0 joined the game
[20:36:09] [Render thread/INFO]: Preparing spawn area: 0%
[20:36:09] [Render thread/INFO]: Time elapsed: 11 ms
[20:36:09] [Render thread/INFO]: [STDOUT]: Starting new video null
[20:36:09] [Render thread/INFO]: Saving and pausing game...
[20:36:09] [Render thread/INFO]: Saving chunks for level 'ServerLevel[mcpworldabfcf1c1b7d5]'/minecraft:overworld
[20:36:11] [Render thread/INFO]: Saving chunks for level 'ServerLevel[mcpworldabfcf1c1b7d5]'/minecraft:the_nether
[20:36:11] [Render thread/INFO]: Saving chunks for level 'ServerLevel[mcpworldabfcf1c1b7d5]'/minecraft:the_end
[20:36:12] [Render thread/INFO]: MineRLAgent0 has made the advancement [Diamonds!]
[20:36:12] [Render thread/INFO]: [CHAT] MineRLAgent0 has made the advancement [Diamonds!]
[20:36:12] [Render thread/INFO]: Loaded 20 advancements
