[16:03:06] [Thread-4/INFO]: [STDOUT]: SERVER enter state: DORMANT
[16:03:06] [EnvServerSocketHandler/INFO]: Received Mission token 1200d5e2-098b-4573-8525-2976e79c9286:0:0:1:true
[16:03:06] [EnvServerSocketHandler/INFO]: Received mission init command  <MissionInit xmlns="http://ProjectMalmo.microsoft.com" xmlns:xsi="http://www.w3.org/2001/XMLSchema-instance" SchemaVersion="" PlatformVersion="0.37.0"><Mission><About><Summary>MineRLBasaltBuildVillageHouse-v0</Summary></About><ModSettings><MsPerTick>50</MsPerTick></ModSettings><ServerSection><ServerInitialConditions><Time><AllowPassageOfTime>false</AllowPassageOfTime></Time><AllowSpawning>true</AllowSpawning></ServerInitialConditions><ServerHandlers><DefaultWorldGenerator forceReset="true" generatorOptions="{}"/><ServerQuitFromTimeUp timeLimitMs="720000" description="out_of_time"/><ServerQuitWhenAnyAgentFinishes/></ServerHandlers></ServerSection><AgentSection mode="Survival"><Name>MineRLAgent0</Name><AgentStart><LowLevelInputs>true</LowLevelInputs><GuiScale>1.0</GuiScale><GammaSetting>2.0</GammaSetting><FOVSetting>70.0</FOVSetting><FakeCursorSize>16</FakeCursorSize><Inventory><InventoryObject slot="0" type="emerald_block" quantity="34"/><InventoryObject slot="1" type="dispenser" quantity="11"/><InventoryObject slot="2" type="nether_brick_stairs" quantity="22"/><InventoryObject slot="3" type="netherrack" quantity="25"/><InventoryObject slot="4" type="red_sandstone_stairs" quantity="55"/><InventoryObject slot="5" type="birch_fence" quantity="23"/><InventoryObject slot="6" type="empty" quantity="6"/><InventoryObject slot="7" type="tnt" quantity="1"/><InventoryObject slot="8" type="stone_button" quantity="5"/><InventoryObject slot="9" type="hay_block" quantity="57"/><InventoryObject slot="10" type="dropper" quantity="8"/><InventoryObject slot="11" type="jungle_stairs" quantity="19"/><InventoryObject slot="12" type="coal_ore" quantity="3"/><InventoryObject slot="13" type="acacia_fence_gate" quantity="15"/><InventoryObject slot="14" type="gold_ore" quantity="41"/><InventoryObject slot="15" type="torch" quantity="4"/><InventoryObject slot="16" type="nether_brick" quantity="20"/><InventoryObject slot="17" type="redstone_ore" quantity="33"/><InventoryObject slot="18" type="cactus" quantity="11"/><InventoryObject slot="19" type="birch_fence" quantity="23"/><InventoryObject slot="20" type="hay_block" quantity="46"/><InventoryObject slot="21" type="red_sandstone" quantity="7"/><InventoryObject slot="22" type="glass_pane" quantity="36"/><InventoryObject slot="23" type="glowstone" quantity="5"/><InventoryObject slot="24" type="cobblestone" quantity="10"/><InventoryObject slot="25" type="stone_slab" quantity="33"/><InventoryObject slot="26" type="diamond_block" quantity="32"/><InventoryObject slot="27" type="acacia_door" quantity="40"/><InventoryObject slot="28" type="soul_sand" quantity="5"/><InventoryObject slot="29" type="rail" quantity="37"/><InventoryObject slot="30" type="mycelium" quantity="12"/><InventoryObject slot="31" type="redstone_lamp" quantity="5"/><InventoryObject slot="32" type="cobblestone" quantity="42"/><InventoryObject slot="33" type="dropper" quantity="40"/><InventoryObject slot="34" type="furnace" quantity="12"/><InventoryObject slot="35" type="brewing_stand" quantity="24"/></Inventory><PreferredSpawnBiome>plains</PreferredSpawnBiome><DoneOnDeath>true</DoneOnDeath><SpawnInVillage>true</SpawnInVillage></AgentStart><AgentHandlers><FileBasedPerformanceProducer/><PauseCommand/><VideoProducer want_depth="false"><Width>640</Width><Height>360</Height></VideoProducer><HumanLevelCommands/><CameraCommands/></AgentHandlers></AgentSection></Mission><ExperimentUID>1200d5e2-098b-4573-8525-2976e79c9286</ExperimentUID><ClientRole>0</ClientRole><ClientAgentConnection><ClientIPAddress>127.0.0.1</ClientIPAddress><ClientMissionControlPort>0</ClientMissionControlPort><ClientCommandsPort>0</ClientCommandsPort><AgentIPAddress>127.0.0.1</AgentIPAddress><AgentMissionControlPort>0</AgentMissionControlPort><AgentVideoPort>0</AgentVideoPort><AgentDepthPort>0</AgentDepthPort><AgentLuminancePort>0</AgentLuminancePort><AgentObservationsPort>0</AgentObservationsPort><AgentRewardsPort>0</AgentRewardsPort><AgentColourMapPort>0</AgentColourMapPort></ClientAgentConnection></MissionInit>
[16:03:07] [EnvServerSocketHandler/INFO]: [STDOUT]: Setting width, height to 640, 360
[16:03:07] [EnvServerSocketHandler/INFO]: [STDOUT]: Gamma: 2.0
[16:03:07] [EnvServerSocketHandler/INFO]: [STDOUT]: FOV: 70.0
[16:03:07] [EnvServerSocketHandler/INFO]: [STDOUT]: GuiScale: 1.0
[16:03:07] [Render thread/INFO]: [STDOUT]: Seed not provided, generating random one: -8278358889453544119
[16:03:08] [Render thread/WARN]: Ambiguity between arguments [teleport, destination] and [teleport, targets] with inputs: [Player, 0123, @e, dd12be42-52a9-4a91-a8a1-11c01849e498]
[16:03:08] [Render thread/WARN]: Ambiguity between arguments [teleport, location] and [teleport, destination] with inputs: [0.1 -0.5 .9, 0 0 0]
[16:03:08] [Render thread/WARN]: Ambiguity between arguments [teleport, location] and [teleport, targets] with inputs: [0.1 -0.5 .9, 0 0 0]
[16:03:08] [Render thread/WARN]: Ambiguity between arguments [teleport, targets] and [teleport, destination] with inputs: [Player, 0123, dd12be42-52a9-4a91-a8a1-11c01849e498]
[16:03:08] [Render thread/WARN]: Ambiguity between arguments [teleport, targets, location] and [teleport, targets, destination] with inputs: [0.1 -0.5 .9, 0 0 0]
[16:03:08] [Render thread/INFO]: Reloading ResourceManager: Default
[16:03:09] [Render thread/INFO]: Loaded 7 recipes
[16:03:09] [Render thread/INFO]: Loaded 927 advancements
[16:03:10] [Render thread/INFO]: [STDOUT]: *** creating fake mouse cursor ***
[16:03:11] [Render thread/INFO]: Environment: authHost='https://authserver.mojang.com', accountsHost='https://api.mojang.com', sessionHost='https://sessionserver.mojang.com', servicesHost='https://api.minecraftservices.com', name='PROD'
[16:03:11] [Render thread/INFO]: Starting integrated minecraft server version 1.16.5
[16:03:11] [Render thread/INFO]: Generating keypair
[16:03:22] [Render thread/INFO]: Preparing start region for dimension minecraft:overworld
[16:03:35] [Render thread/INFO]: Changing view distance to 11, from 10
[16:03:36] [Render thread/INFO]: MineRLAgent0[local:E:78aa1a4d] logged in with entity id 153 at (9.5, 63.0, -0.5)
[16:03:36] [Render thread/INFO]: MineRLAgent0 joined the game
[16:03:36] [Render thread/INFO]: Preparing spawn area: 0%
[16:03:36] [Render thread/INFO]: Time elapsed: 4 ms
[16:03:37] [Render thread/INFO]: [STDOUT]: Starting new video null
[16:03:37] [Render thread/INFO]: Saving and pausing game...
[16:03:37] [Render thread/INFO]: Saving chunks for level 'ServerLevel[mcpworldabfcf1c1b7d5]'/minecraft:overworld
[16:03:38] [Render thread/INFO]: Saving chunks for level 'ServerLevel[mcpworldabfcf1c1b7d5]'/minecraft:the_nether
[16:03:38] [Render thread/INFO]: Saving chunks for level 'ServerLevel[mcpworldabfcf1c1b7d5]'/minecraft:the_end
[16:03:39] [Render thread/INFO]: MineRLAgent0 has made the advancement [Stone Age]
[16:03:39] [Render thread/INFO]: [CHAT] MineRLAgent0 has made the advancement [Stone Age]
[16:03:39] [Render thread/INFO]: Loaded 70 advancements
[16:03:48] [EnvServerSocketHandler/INFO]: [STDOUT]: *** Stopping the replay, returning control to the inputs
