[15:01:28] [Thread-4/INFO]: [STDOUT]: SERVER enter state: DORMANT
[15:01:28] [EnvServerSocketHandler/INFO]: Received Mission token b91e94ae-3292-487e-8a2b-344a63696005:0:0:1:true
[15:01:28] [EnvServerSocketHandler/INFO]: Received mission init command  <MissionInit xmlns="http://ProjectMalmo.microsoft.com" xmlns:xsi="http://www.w3.org/2001/XMLSchema-instance" SchemaVersion="" PlatformVersion="0.37.0"><Mission><About><Summary>MineRLBasaltBuildVillageHouse-v0</Summary></About><ModSettings><MsPerTick>50</MsPerTick></ModSettings><ServerSection><ServerInitialConditions><Time><AllowPassageOfTime>false</AllowPassageOfTime></Time><AllowSpawning>true</AllowSpawning></ServerInitialConditions><ServerHandlers><DefaultWorldGenerator forceReset="true" generatorOptions="{}"/><ServerQuitFromTimeUp timeLimitMs="720000" description="out_of_time"/><ServerQuitWhenAnyAgentFinishes/></ServerHandlers></ServerSection><AgentSection mode="Survival"><Name>MineRLAgent0</Name><AgentStart><LowLevelInputs>true</LowLevelInputs><GuiScale>1.0</GuiScale><GammaSetting>2.0</GammaSetting><FOVSetting>70.0</FOVSetting><FakeCursorSize>16</FakeCursorSize><Inventory><InventoryObject slot="0" type="trapped_chest" quantity="46"/><InventoryObject slot="1" type="soul_sand" quantity="13"/><InventoryObject slot="2" type="brown_mushroom_block" quantity="28"/><InventoryObject slot="3" type="dragon_egg" quantity="9"/><InventoryObject slot="4" type="emerald_block" quantity="19"/><InventoryObject slot="5" type="lever" quantity="5"/><InventoryObject slot="6" type="jungle_fence_gate" quantity="54"/><InventoryObject slot="7" type="sandstone_stairs" quantity="62"/><InventoryObject slot="8" type="iron_trapdoor" quantity="4"/><InventoryObject slot="9" type="hay_block" quantity="46"/><InventoryObject slot="10" type="gold_block" quantity="7"/><InventoryObject slot="11" type="red_sandstone" quantity="34"/><InventoryObject slot="12" type="gold_ore" quantity="57"/><InventoryObject slot="13" type="iron_ore" quantity="47"/><InventoryObject slot="14" type="sea_lantern" quantity="52"/><InventoryObject slot="15" type="cake" quantity="54"/><InventoryObject slot="16" type="sea_lantern" quantity="30"/><InventoryObject slot="17" type="prismarine" quantity="56"/><InventoryObject slot="18" type="detector_rail" quantity="5"/><InventoryObject slot="19" type="wheat" quantity="24"/><InventoryObject slot="20" type="command_block" quantity="3"/><InventoryObject slot="21" type="packed_ice" quantity="20"/><InventoryObject slot="22" type="soul_sand" quantity="18"/><InventoryObject slot="23" type="birch_door" quantity="2"/><InventoryObject slot="24" type="glass_pane" quantity="12"/><InventoryObject slot="25" type="jukebox" quantity="39"/><InventoryObject slot="26" type="spruce_fence" quantity="40"/><InventoryObject slot="27" type="iron_trapdoor" quantity="38"/><InventoryObject slot="28" type="dark_oak_stairs" quantity="20"/><InventoryObject slot="29" type="emerald_block" quantity="58"/><InventoryObject slot="30" type="iron_trapdoor" quantity="29"/><InventoryObject slot="31" type="enchanting_table" quantity="14"/><InventoryObject slot="32" type="crafting_table" quantity="61"/><InventoryObject slot="33" type="stone_slab" quantity="63"/><InventoryObject slot="34" type="glass" quantity="54"/><InventoryObject slot="35" type="enchanting_table" quantity="51"/></Inventory><PreferredSpawnBiome>plains</PreferredSpawnBiome><DoneOnDeath>true</DoneOnDeath><SpawnInVillage>true</SpawnInVillage></AgentStart><AgentHandlers><FileBasedPerformanceProducer/><PauseCommand/><VideoProducer want_depth="false"><Width>640</Width><Height>360</Height></VideoProducer><HumanLevelCommands/><CameraCommands/></AgentHandlers></AgentSection></Mission><ExperimentUID>b91e94ae-3292-487e-8a2b-344a63696005</ExperimentUID><ClientRole>0</ClientRole><ClientAgentConnection><ClientIPAddress>127.0.0.1</ClientIPAddress><ClientMissionControlPort>0</ClientMissionControlPort><ClientCommandsPort>0</ClientCommandsPort><AgentIPAddress>127.0.0.1</AgentIPAddress><AgentMissionControlPort>0</AgentMissionControlPort><AgentVideoPort>0</AgentVideoPort><AgentDepthPort>0</AgentDepthPort><AgentLuminancePort>0</AgentLuminancePort><AgentObservationsPort>0</AgentObservationsPort><AgentRewardsPort>0</AgentRewardsPort><AgentColourMapPort>0</AgentColourMapPort></ClientAgentConnection></MissionInit>
[15:01:29] [EnvServerSocketHandler/INFO]: [STDOUT]: Setting width, height to 640, 360
[15:01:29] [EnvServerSocketHandler/INFO]: [STDOUT]: Gamma: 2.0
[15:01:29] [EnvServerSocketHandler/INFO]: [STDOUT]: FOV: 70.0
[15:01:29] [EnvServerSocketHandler/INFO]: [STDOUT]: GuiScale: 1.0
[15:01:29] [Render thread/INFO]: [STDOUT]: *** creating fake mouse cursor ***
[15:01:29] [Render thread/INFO]: [STDOUT]: Seed not provided, generating random one: -6227998792393959669
[15:01:31] [Render thread/WARN]: Ambiguity between arguments [teleport, destination] and [teleport, targets] with inputs: [Player, 0123, @e, dd12be42-52a9-4a91-a8a1-11c01849e498]
[15:01:31] [Render thread/WARN]: Ambiguity between arguments [teleport, location] and [teleport, destination] with inputs: [0.1 -0.5 .9, 0 0 0]
[15:01:31] [Render thread/WARN]: Ambiguity between arguments [teleport, location] and [teleport, targets] with inputs: [0.1 -0.5 .9, 0 0 0]
[15:01:31] [Render thread/WARN]: Ambiguity between arguments [teleport, targets] and [teleport, destination] with inputs: [Player, 0123, dd12be42-52a9-4a91-a8a1-11c01849e498]
[15:01:31] [Render thread/WARN]: Ambiguity between arguments [teleport, targets, location] and [teleport, targets, destination] with inputs: [0.1 -0.5 .9, 0 0 0]
[15:01:31] [Render thread/INFO]: Reloading ResourceManager: Default
[15:01:32] [Render thread/INFO]: Loaded 7 recipes
[15:01:32] [Render thread/INFO]: Loaded 927 advancements
[15:01:34] [Render thread/INFO]: Environment: authHost='https://authserver.mojang.com', accountsHost='https://api.mojang.com', sessionHost='https://sessionserver.mojang.com', servicesHost='https://api.minecraftservices.com', name='PROD'
[15:01:34] [Render thread/INFO]: Starting integrated minecraft server version 1.16.5
[15:01:34] [Render thread/INFO]: Generating keypair
[15:01:46] [Render thread/INFO]: Preparing start region for dimension minecraft:overworld
[15:02:11] [Render thread/INFO]: Changing view distance to 11, from 10
[15:02:12] [Render thread/INFO]: MineRLAgent0[local:E:10f5b9f1] logged in with entity id 178 at (-1757.5, 63.0, -1989.5)
[15:02:12] [Render thread/INFO]: MineRLAgent0 joined the game
[15:02:13] [Render thread/INFO]: Preparing spawn area: 0%
[15:02:13] [Render thread/INFO]: Time elapsed: 9 ms
[15:02:13] [Render thread/INFO]: [STDOUT]: Starting new video null
[15:02:13] [Render thread/INFO]: Saving and pausing game...
[15:02:13] [Render thread/INFO]: Saving chunks for level 'ServerLevel[mcpworldabfcf1c1b7d5]'/minecraft:overworld
[15:02:15] [Render thread/INFO]: Saving chunks for level 'ServerLevel[mcpworldabfcf1c1b7d5]'/minecraft:the_nether
[15:02:15] [Render thread/INFO]: Saving chunks for level 'ServerLevel[mcpworldabfcf1c1b7d5]'/minecraft:the_end
[15:02:15] [Render thread/INFO]: MineRLAgent0 has reached the goal [The Next Generation]
[15:02:15] [Render thread/INFO]: [CHAT] MineRLAgent0 has reached the goal [The Next Generation]
[15:02:15] [Render thread/INFO]: Loaded 75 advancements
[15:02:24] [EnvServerSocketHandler/INFO]: [STDOUT]: *** Stopping the replay, returning control to the inputs
