[15:33:45] [Thread-4/INFO]: [STDOUT]: SERVER enter state: DORMANT
[15:33:45] [EnvServerSocketHandler/INFO]: Received Mission token 94be0a09-a899-41a5-ad80-cb341f492d5c:0:0:1:true
[15:33:45] [EnvServerSocketHandler/INFO]: Received mission init command  <MissionInit xmlns="http://ProjectMalmo.microsoft.com" xmlns:xsi="http://www.w3.org/2001/XMLSchema-instance" SchemaVersion="" PlatformVersion="0.37.0"><Mission><About><Summary>MineRLBasaltBuildVillageHouse-v0</Summary></About><ModSettings><MsPerTick>50</MsPerTick></ModSettings><ServerSection><ServerInitialConditions><Time><AllowPassageOfTime>false</AllowPassageOfTime></Time><AllowSpawning>true</AllowSpawning></ServerInitialConditions><ServerHandlers><DefaultWorldGenerator forceReset="true" generatorOptions="{}"/><ServerQuitFromTimeUp timeLimitMs="720000" description="out_of_time"/><ServerQuitWhenAnyAgentFinishes/></ServerHandlers></ServerSection><AgentSection mode="Survival"><Name>MineRLAgent0</Name><AgentStart><LowLevelInputs>true</LowLevelInputs><GuiScale>1.0</GuiScale><GammaSetting>2.0</GammaSetting><FOVSetting>70.0</FOVSetting><FakeCursorSize>16</FakeCursorSize><Inventory><InventoryObject slot="0" type="cactus" quantity="2"/><InventoryObject slot="1" type="bookshelf" quantity="13"/><InventoryObject slot="2" type="tripwire_hook" quantity="48"/><InventoryObject slot="3" type="brown_mushroom" quantity="57"/><InventoryObject slot="4" type="emerald_block" quantity="17"/><InventoryObject slot="5" type="quartz_block" quantity="20"/><InventoryObject slot="6" type="birch_stairs" quantity="64"/><InventoryObject slot="7" type="acacia_door" quantity="31"/><InventoryObject slot="8" type="heavy_weighted_pressure_plate" quantity="23"/><InventoryObject slot="9" type="stone_brick_stairs" quantity="6"/><InventoryObject slot="10" type="stone_stairs" quantity="25"/><InventoryObject slot="11" type="coal_ore" quantity="58"/><InventoryObject slot="12" type="dark_oak_fence" quantity="37"/><InventoryObject slot="13" type="clay" quantity="29"/><InventoryObject slot="14" type="light_weighted_pressure_plate" quantity="6"/><InventoryObject slot="15" type="cobblestone" quantity="5"/><InventoryObject slot="16" type="enchanting_table" quantity="2"/><InventoryObject slot="17" type="gold_block" quantity="17"/><InventoryObject slot="18" type="nether_brick_stairs" quantity="31"/><InventoryObject slot="19" type="dropper" quantity="25"/><InventoryObject slot="20" type="ender_chest" quantity="1"/><InventoryObject slot="21" type="farmland" quantity="11"/><InventoryObject slot="22" type="flower_pot" quantity="25"/><InventoryObject slot="23" type="end_portal_frame" quantity="36"/><InventoryObject slot="24" type="redstone_lamp" quantity="25"/><InventoryObject slot="25" type="lapis_block" quantity="61"/><InventoryObject slot="26" type="hopper" quantity="26"/><InventoryObject slot="27" type="brown_mushroom_block" quantity="32"/><InventoryObject slot="28" type="light_weighted_pressure_plate" quantity="16"/><InventoryObject slot="29" type="nether_brick_stairs" quantity="60"/><InventoryObject slot="30" type="quartz_block" quantity="14"/><InventoryObject slot="31" type="chest" quantity="64"/><InventoryObject slot="32" type="quartz_block" quantity="35"/><InventoryObject slot="33" type="red_mushroom_block" quantity="16"/><InventoryObject slot="34" type="jungle_stairs" quantity="26"/><InventoryObject slot="35" type="sea_lantern" quantity="20"/></Inventory><PreferredSpawnBiome>plains</PreferredSpawnBiome><DoneOnDeath>true</DoneOnDeath><SpawnInVillage>true</SpawnInVillage></AgentStart><AgentHandlers><FileBasedPerformanceProducer/><PauseCommand/><VideoProducer want_depth="false"><Width>640</Width><Height>360</Height></VideoProducer><HumanLevelCommands/><CameraCommands/></AgentHandlers></AgentSection></Mission><ExperimentUID>94be0a09-a899-41a5-ad80-cb341f492d5c</ExperimentUID><ClientRole>0</ClientRole><ClientAgentConnection><ClientIPAddress>127.0.0.1</ClientIPAddress><ClientMissionControlPort>0</ClientMissionControlPort><ClientCommandsPort>0</ClientCommandsPort><AgentIPAddress>127.0.0.1</AgentIPAddress><AgentMissionControlPort>0</AgentMissionControlPort><AgentVideoPort>0</AgentVideoPort><AgentDepthPort>0</AgentDepthPort><AgentLuminancePort>0</AgentLuminancePort><AgentObservationsPort>0</AgentObservationsPort><AgentRewardsPort>0</AgentRewardsPort><AgentColourMapPort>0</AgentColourMapPort></ClientAgentConnection></MissionInit>
[15:33:46] [Render thread/INFO]: [STDOUT]: *** creating fake mouse cursor ***
[15:33:46] [EnvServerSocketHandler/INFO]: [STDOUT]: Setting width, height to 640, 360
[15:33:46] [EnvServerSocketHandler/INFO]: [STDOUT]: Gamma: 2.0
[15:33:46] [EnvServerSocketHandler/INFO]: [STDOUT]: FOV: 70.0
[15:33:46] [EnvServerSocketHandler/INFO]: [STDOUT]: GuiScale: 1.0
[15:33:46] [Render thread/INFO]: [STDOUT]: Seed not provided, generating random one: 1664015046296653858
[15:33:48] [Render thread/WARN]: Ambiguity between arguments [teleport, destination] and [teleport, targets] with inputs: [Player, 0123, @e, dd12be42-52a9-4a91-a8a1-11c01849e498]
[15:33:48] [Render thread/WARN]: Ambiguity between arguments [teleport, location] and [teleport, destination] with inputs: [0.1 -0.5 .9, 0 0 0]
[15:33:48] [Render thread/WARN]: Ambiguity between arguments [teleport, location] and [teleport, targets] with inputs: [0.1 -0.5 .9, 0 0 0]
[15:33:48] [Render thread/WARN]: Ambiguity between arguments [teleport, targets] and [teleport, destination] with inputs: [Player, 0123, dd12be42-52a9-4a91-a8a1-11c01849e498]
[15:33:48] [Render thread/WARN]: Ambiguity between arguments [teleport, targets, location] and [teleport, targets, destination] with inputs: [0.1 -0.5 .9, 0 0 0]
[15:33:48] [Render thread/INFO]: Reloading ResourceManager: Default
[15:33:49] [Render thread/INFO]: Loaded 7 recipes
[15:33:49] [Render thread/INFO]: Loaded 927 advancements
[15:33:51] [Render thread/INFO]: Environment: authHost='https://authserver.mojang.com', accountsHost='https://api.mojang.com', sessionHost='https://sessionserver.mojang.com', servicesHost='https://api.minecraftservices.com', name='PROD'
[15:33:51] [Render thread/INFO]: Starting integrated minecraft server version 1.16.5
[15:33:51] [Render thread/INFO]: Generating keypair
[15:34:01] [Render thread/INFO]: Preparing start region for dimension minecraft:overworld
[15:34:29] [Render thread/INFO]: Changing view distance to 11, from 10
[15:34:29] [Render thread/INFO]: MineRLAgent0[local:E:fa03c3be] logged in with entity id 274 at (-2289.5, 86.0, 315.5)
[15:34:29] [Render thread/INFO]: MineRLAgent0 joined the game
[15:34:30] [Render thread/INFO]: Preparing spawn area: 0%
[15:34:30] [Render thread/INFO]: Time elapsed: 6 ms
[15:34:31] [Render thread/INFO]: [STDOUT]: Starting new video null
[15:34:31] [Render thread/INFO]: Saving and pausing game...
[15:34:31] [Render thread/INFO]: Saving chunks for level 'ServerLevel[mcpworldb7d5fd82f9c8]'/minecraft:overworld
[15:34:32] [Render thread/INFO]: Saving chunks for level 'ServerLevel[mcpworldb7d5fd82f9c8]'/minecraft:the_nether
[15:34:32] [Render thread/INFO]: Saving chunks for level 'ServerLevel[mcpworldb7d5fd82f9c8]'/minecraft:the_end
[15:34:33] [Render thread/INFO]: MineRLAgent0 has made the advancement [Stone Age]
[15:34:33] [Render thread/INFO]: [CHAT] MineRLAgent0 has made the advancement [Stone Age]
[15:34:33] [Render thread/INFO]: Loaded 42 advancements
[15:34:42] [EnvServerSocketHandler/INFO]: [STDOUT]: *** Stopping the replay, returning control to the inputs
