[15:52:17] [Thread-4/INFO]: [STDOUT]: SERVER enter state: DORMANT
[15:52:17] [EnvServerSocketHandler/INFO]: Received Mission token dadf3bf9-5e34-4113-942e-4dbac93fe156:0:0:1:true
[15:52:17] [EnvServerSocketHandler/INFO]: Received mission init command  <MissionInit xmlns="http://ProjectMalmo.microsoft.com" xmlns:xsi="http://www.w3.org/2001/XMLSchema-instance" SchemaVersion="" PlatformVersion="0.37.0"><Mission><About><Summary>MineRLBasaltBuildVillageHouse-v0</Summary></About><ModSettings><MsPerTick>50</MsPerTick></ModSettings><ServerSection><ServerInitialConditions><Time><AllowPassageOfTime>false</AllowPassageOfTime></Time><AllowSpawning>true</AllowSpawning></ServerInitialConditions><ServerHandlers><DefaultWorldGenerator forceReset="true" generatorOptions="{}"/><ServerQuitFromTimeUp timeLimitMs="720000" description="out_of_time"/><ServerQuitWhenAnyAgentFinishes/></ServerHandlers></ServerSection><AgentSection mode="Survival"><Name>MineRLAgent0</Name><AgentStart><LowLevelInputs>true</LowLevelInputs><GuiScale>1.0</GuiScale><GammaSetting>2.0</GammaSetting><FOVSetting>70.0</FOVSetting><FakeCursorSize>16</FakeCursorSize><Inventory><InventoryObject slot="0" type="iron_door" quantity="19"/><InventoryObject slot="1" type="iron_door" quantity="33"/><InventoryObject slot="2" type="redstone_ore" quantity="31"/><InventoryObject slot="3" type="acacia_stairs" quantity="42"/><InventoryObject slot="4" type="stone_stairs" quantity="44"/><InventoryObject slot="5" type="jungle_door" quantity="16"/><InventoryObject slot="6" type="coal_block" quantity="18"/><InventoryObject slot="7" type="sand" quantity="12"/><InventoryObject slot="8" type="beacon" quantity="29"/><InventoryObject slot="9" type="beacon" quantity="12"/><InventoryObject slot="10" type="dark_oak_door" quantity="44"/><InventoryObject slot="11" type="stone_button" quantity="23"/><InventoryObject slot="12" type="bedrock" quantity="5"/><InventoryObject slot="13" type="cobblestone_wall" quantity="21"/><InventoryObject slot="14" type="gold_ore" quantity="15"/><InventoryObject slot="15" type="quartz_block" quantity="46"/><InventoryObject slot="16" type="sandstone" quantity="25"/><InventoryObject slot="17" type="stone_stairs" quantity="56"/><InventoryObject slot="18" type="packed_ice" quantity="36"/><InventoryObject slot="19" type="snow" quantity="3"/><InventoryObject slot="20" type="cauldron" quantity="52"/><InventoryObject slot="21" type="cobblestone" quantity="40"/><InventoryObject slot="22" type="dragon_egg" quantity="55"/><InventoryObject slot="23" type="hopper" quantity="41"/><InventoryObject slot="24" type="cauldron" quantity="52"/><InventoryObject slot="25" type="dropper" quantity="31"/><InventoryObject slot="26" type="quartz_block" quantity="55"/><InventoryObject slot="27" type="dirt" quantity="4"/><InventoryObject slot="28" type="rail" quantity="17"/><InventoryObject slot="29" type="detector_rail" quantity="54"/><InventoryObject slot="30" type="dispenser" quantity="15"/><InventoryObject slot="31" type="diamond_block" quantity="12"/><InventoryObject slot="32" type="sandstone_stairs" quantity="21"/><InventoryObject slot="33" type="obsidian" quantity="27"/><InventoryObject slot="34" type="glass_pane" quantity="64"/><InventoryObject slot="35" type="sponge" quantity="24"/></Inventory><PreferredSpawnBiome>plains</PreferredSpawnBiome><DoneOnDeath>true</DoneOnDeath><SpawnInVillage>true</SpawnInVillage></AgentStart><AgentHandlers><FileBasedPerformanceProducer/><PauseCommand/><VideoProducer want_depth="false"><Width>640</Width><Height>360</Height></VideoProducer><HumanLevelCommands/><CameraCommands/></AgentHandlers></AgentSection></Mission><ExperimentUID>dadf3bf9-5e34-4113-942e-4dbac93fe156</ExperimentUID><ClientRole>0</ClientRole><ClientAgentConnection><ClientIPAddress>127.0.0.1</ClientIPAddress><ClientMissionControlPort>0</ClientMissionControlPort><ClientCommandsPort>0</ClientCommandsPort><AgentIPAddress>127.0.0.1</AgentIPAddress><AgentMissionControlPort>0</AgentMissionControlPort><AgentVideoPort>0</AgentVideoPort><AgentDepthPort>0</AgentDepthPort><AgentLuminancePort>0</AgentLuminancePort><AgentObservationsPort>0</AgentObservationsPort><AgentRewardsPort>0</AgentRewardsPort><AgentColourMapPort>0</AgentColourMapPort></ClientAgentConnection></MissionInit>
[15:52:18] [EnvServerSocketHandler/INFO]: [STDOUT]: Setting width, height to 640, 360
[15:52:18] [EnvServerSocketHandler/INFO]: [STDOUT]: Gamma: 2.0
[15:52:18] [EnvServerSocketHandler/INFO]: [STDOUT]: FOV: 70.0
[15:52:18] [EnvServerSocketHandler/INFO]: [STDOUT]: GuiScale: 1.0
[15:52:18] [Render thread/INFO]: [STDOUT]: Seed not provided, generating random one: 584840721476669696
[15:52:19] [Render thread/WARN]: Ambiguity between arguments [teleport, destination] and [teleport, targets] with inputs: [Player, 0123, @e, dd12be42-52a9-4a91-a8a1-11c01849e498]
[15:52:19] [Render thread/WARN]: Ambiguity between arguments [teleport, location] and [teleport, destination] with inputs: [0.1 -0.5 .9, 0 0 0]
[15:52:19] [Render thread/WARN]: Ambiguity between arguments [teleport, location] and [teleport, targets] with inputs: [0.1 -0.5 .9, 0 0 0]
[15:52:19] [Render thread/WARN]: Ambiguity between arguments [teleport, targets] and [teleport, destination] with inputs: [Player, 0123, dd12be42-52a9-4a91-a8a1-11c01849e498]
[15:52:19] [Render thread/WARN]: Ambiguity between arguments [teleport, targets, location] and [teleport, targets, destination] with inputs: [0.1 -0.5 .9, 0 0 0]
[15:52:19] [Render thread/INFO]: Reloading ResourceManager: Default
[15:52:20] [Render thread/INFO]: Loaded 7 recipes
[15:52:21] [Render thread/INFO]: Loaded 927 advancements
[15:52:21] [Render thread/INFO]: [STDOUT]: *** creating fake mouse cursor ***
[15:52:22] [Render thread/INFO]: Environment: authHost='https://authserver.mojang.com', accountsHost='https://api.mojang.com', sessionHost='https://sessionserver.mojang.com', servicesHost='https://api.minecraftservices.com', name='PROD'
[15:52:22] [Render thread/INFO]: Starting integrated minecraft server version 1.16.5
[15:52:22] [Render thread/INFO]: Generating keypair
[15:52:33] [Render thread/INFO]: Preparing start region for dimension minecraft:overworld
[15:52:58] [Render thread/INFO]: Changing view distance to 11, from 10
[15:52:58] [Render thread/INFO]: MineRLAgent0[local:E:c724633b] logged in with entity id 206 at (-1537.5, 66.0, -788.5)
[15:52:59] [Render thread/INFO]: MineRLAgent0 joined the game
[15:52:59] [Render thread/INFO]: Preparing spawn area: 0%
[15:52:59] [Render thread/INFO]: Time elapsed: 4 ms
[15:53:00] [Render thread/INFO]: [STDOUT]: Starting new video null
[15:53:00] [Render thread/INFO]: Saving and pausing game...
[15:53:00] [Render thread/INFO]: Saving chunks for level 'ServerLevel[mcpworldabfcf1c1b7d5]'/minecraft:overworld
[15:53:02] [Render thread/INFO]: Saving chunks for level 'ServerLevel[mcpworldabfcf1c1b7d5]'/minecraft:the_nether
[15:53:02] [Render thread/INFO]: Saving chunks for level 'ServerLevel[mcpworldabfcf1c1b7d5]'/minecraft:the_end
[15:53:03] [Render thread/INFO]: MineRLAgent0 has made the advancement [Stone Age]
[15:53:03] [Render thread/INFO]: MineRLAgent0 has reached the goal [The Next Generation]
[15:53:03] [Render thread/INFO]: MineRLAgent0 has made the advancement [Ice Bucket Challenge]
[15:53:03] [Render thread/INFO]: [CHAT] MineRLAgent0 has made the advancement [Stone Age]
[15:53:03] [Render thread/INFO]: [CHAT] MineRLAgent0 has reached the goal [The Next Generation]
[15:53:03] [Render thread/INFO]: [CHAT] MineRLAgent0 has made the advancement [Ice Bucket Challenge]
[15:53:03] [Render thread/INFO]: Loaded 97 advancements
[15:53:12] [EnvServerSocketHandler/INFO]: [STDOUT]: *** Stopping the replay, returning control to the inputs
