[15:05:10] [Thread-4/INFO]: [STDOUT]: SERVER enter state: DORMANT
[15:05:10] [EnvServerSocketHandler/INFO]: Received Mission token dab587a0-0b2c-49d8-a62f-9960103ccbed:0:0:1:true
[15:05:10] [EnvServerSocketHandler/INFO]: Received mission init command  <MissionInit xmlns="http://ProjectMalmo.microsoft.com" xmlns:xsi="http://www.w3.org/2001/XMLSchema-instance" SchemaVersion="" PlatformVersion="0.37.0"><Mission><About><Summary>MineRLBasaltBuildVillageHouse-v0</Summary></About><ModSettings><MsPerTick>50</MsPerTick></ModSettings><ServerSection><ServerInitialConditions><Time><AllowPassageOfTime>false</AllowPassageOfTime></Time><AllowSpawning>true</AllowSpawning></ServerInitialConditions><ServerHandlers><DefaultWorldGenerator forceReset="true" generatorOptions="{}"/><ServerQuitFromTimeUp timeLimitMs="720000" description="out_of_time"/><ServerQuitWhenAnyAgentFinishes/></ServerHandlers></ServerSection><AgentSection mode="Survival"><Name>MineRLAgent0</Name><AgentStart><LowLevelInputs>true</LowLevelInputs><GuiScale>1.0</GuiScale><GammaSetting>2.0</GammaSetting><FOVSetting>70.0</FOVSetting><FakeCursorSize>16</FakeCursorSize><Inventory><InventoryObject slot="0" type="red_mushroom_block" quantity="28"/><InventoryObject slot="1" type="acacia_fence_gate" quantity="7"/><InventoryObject slot="2" type="sponge" quantity="58"/><InventoryObject slot="3" type="trapped_chest" quantity="43"/><InventoryObject slot="4" type="birch_fence" quantity="46"/><InventoryObject slot="5" type="birch_fence_gate" quantity="55"/><InventoryObject slot="6" type="acacia_fence" quantity="10"/><InventoryObject slot="7" type="beacon" quantity="27"/><InventoryObject slot="8" type="spruce_door" quantity="30"/><InventoryObject slot="9" type="lapis_ore" quantity="1"/><InventoryObject slot="10" type="redstone_lamp" quantity="8"/><InventoryObject slot="11" type="beacon" quantity="43"/><InventoryObject slot="12" type="gold_ore" quantity="20"/><InventoryObject slot="13" type="lever" quantity="62"/><InventoryObject slot="14" type="dragon_egg" quantity="21"/><InventoryObject slot="15" type="cobblestone" quantity="56"/><InventoryObject slot="16" type="sticky_piston" quantity="19"/><InventoryObject slot="17" type="dark_oak_fence" quantity="56"/><InventoryObject slot="18" type="quartz_stairs" quantity="11"/><InventoryObject slot="19" type="torch" quantity="19"/><InventoryObject slot="20" type="nether_wart" quantity="27"/><InventoryObject slot="21" type="cobblestone_wall" quantity="62"/><InventoryObject slot="22" type="red_mushroom" quantity="7"/><InventoryObject slot="23" type="activator_rail" quantity="52"/><InventoryObject slot="24" type="jungle_door" quantity="49"/><InventoryObject slot="25" type="dragon_egg" quantity="36"/><InventoryObject slot="26" type="birch_stairs" quantity="2"/><InventoryObject slot="27" type="birch_fence_gate" quantity="40"/><InventoryObject slot="28" type="acacia_door" quantity="29"/><InventoryObject slot="29" type="brick_stairs" quantity="49"/><InventoryObject slot="30" type="soul_sand" quantity="52"/><InventoryObject slot="31" type="sandstone_stairs" quantity="14"/><InventoryObject slot="32" type="cake" quantity="56"/><InventoryObject slot="33" type="diamond_ore" quantity="6"/><InventoryObject slot="34" type="gold_ore" quantity="49"/><InventoryObject slot="35" type="barrier" quantity="16"/></Inventory><PreferredSpawnBiome>plains</PreferredSpawnBiome><DoneOnDeath>true</DoneOnDeath><SpawnInVillage>true</SpawnInVillage></AgentStart><AgentHandlers><FileBasedPerformanceProducer/><PauseCommand/><VideoProducer want_depth="false"><Width>640</Width><Height>360</Height></VideoProducer><HumanLevelCommands/><CameraCommands/></AgentHandlers></AgentSection></Mission><ExperimentUID>dab587a0-0b2c-49d8-a62f-9960103ccbed</ExperimentUID><ClientRole>0</ClientRole><ClientAgentConnection><ClientIPAddress>127.0.0.1</ClientIPAddress><ClientMissionControlPort>0</ClientMissionControlPort><ClientCommandsPort>0</ClientCommandsPort><AgentIPAddress>127.0.0.1</AgentIPAddress><AgentMissionControlPort>0</AgentMissionControlPort><AgentVideoPort>0</AgentVideoPort><AgentDepthPort>0</AgentDepthPort><AgentLuminancePort>0</AgentLuminancePort><AgentObservationsPort>0</AgentObservationsPort><AgentRewardsPort>0</AgentRewardsPort><AgentColourMapPort>0</AgentColourMapPort></ClientAgentConnection></MissionInit>
[15:05:12] [EnvServerSocketHandler/INFO]: [STDOUT]: Setting width, height to 640, 360
[15:05:12] [EnvServerSocketHandler/INFO]: [STDOUT]: Gamma: 2.0
[15:05:12] [EnvServerSocketHandler/INFO]: [STDOUT]: FOV: 70.0
[15:05:12] [EnvServerSocketHandler/INFO]: [STDOUT]: GuiScale: 1.0
[15:05:12] [Render thread/INFO]: [STDOUT]: *** creating fake mouse cursor ***
[15:05:12] [Render thread/INFO]: [STDOUT]: Seed not provided, generating random one: 1880571667862027204
[15:05:13] [Render thread/WARN]: Ambiguity between arguments [teleport, destination] and [teleport, targets] with inputs: [Player, 0123, @e, dd12be42-52a9-4a91-a8a1-11c01849e498]
[15:05:13] [Render thread/WARN]: Ambiguity between arguments [teleport, location] and [teleport, destination] with inputs: [0.1 -0.5 .9, 0 0 0]
[15:05:13] [Render thread/WARN]: Ambiguity between arguments [teleport, location] and [teleport, targets] with inputs: [0.1 -0.5 .9, 0 0 0]
[15:05:13] [Render thread/WARN]: Ambiguity between arguments [teleport, targets] and [teleport, destination] with inputs: [Player, 0123, dd12be42-52a9-4a91-a8a1-11c01849e498]
[15:05:13] [Render thread/WARN]: Ambiguity between arguments [teleport, targets, location] and [teleport, targets, destination] with inputs: [0.1 -0.5 .9, 0 0 0]
[15:05:14] [Render thread/INFO]: Reloading ResourceManager: Default
[15:05:14] [Render thread/INFO]: Loaded 7 recipes
[15:05:15] [Render thread/INFO]: Loaded 927 advancements
[15:05:16] [Render thread/INFO]: Environment: authHost='https://authserver.mojang.com', accountsHost='https://api.mojang.com', sessionHost='https://sessionserver.mojang.com', servicesHost='https://api.minecraftservices.com', name='PROD'
[15:05:17] [Render thread/INFO]: Starting integrated minecraft server version 1.16.5
[15:05:17] [Render thread/INFO]: Generating keypair
[15:05:27] [Render thread/INFO]: Preparing start region for dimension minecraft:overworld
[15:05:44] [Render thread/INFO]: Changing view distance to 11, from 10
[15:05:44] [Render thread/INFO]: MineRLAgent0[local:E:e2890d42] logged in with entity id 160 at (830.5, 64.0, -680.5)
[15:05:45] [Render thread/INFO]: MineRLAgent0 joined the game
[15:05:45] [Render thread/INFO]: Preparing spawn area: 0%
[15:05:45] [Render thread/INFO]: Time elapsed: 16 ms
[15:05:46] [Render thread/INFO]: [STDOUT]: Starting new video null
[15:05:46] [Render thread/INFO]: Saving and pausing game...
[15:05:46] [Render thread/INFO]: Saving chunks for level 'ServerLevel[mcpworldabfcf1c1b7d5]'/minecraft:overworld
[15:05:47] [Render thread/INFO]: Saving chunks for level 'ServerLevel[mcpworldabfcf1c1b7d5]'/minecraft:the_nether
[15:05:47] [Render thread/INFO]: Saving chunks for level 'ServerLevel[mcpworldabfcf1c1b7d5]'/minecraft:the_end
[15:05:48] [Render thread/INFO]: MineRLAgent0 has reached the goal [The Next Generation]
[15:05:48] [Render thread/INFO]: MineRLAgent0 has made the advancement [Stone Age]
[15:05:48] [Render thread/INFO]: [CHAT] MineRLAgent0 has reached the goal [The Next Generation]
[15:05:48] [Render thread/INFO]: [CHAT] MineRLAgent0 has made the advancement [Stone Age]
[15:05:48] [Render thread/INFO]: Loaded 35 advancements
[15:05:57] [EnvServerSocketHandler/INFO]: [STDOUT]: *** Stopping the replay, returning control to the inputs
