[15:53:13] [Thread-4/INFO]: [STDOUT]: SERVER enter state: DORMANT
[15:53:13] [EnvServerSocketHandler/INFO]: Received Mission token a405ada5-efa4-402b-9b98-b7c32186fa41:0:0:1:true
[15:53:13] [EnvServerSocketHandler/INFO]: Received mission init command  <MissionInit xmlns="http://ProjectMalmo.microsoft.com" xmlns:xsi="http://www.w3.org/2001/XMLSchema-instance" SchemaVersion="" PlatformVersion="0.37.0"><Mission><About><Summary>MineRLBasaltBuildVillageHouse-v0</Summary></About><ModSettings><MsPerTick>50</MsPerTick></ModSettings><ServerSection><ServerInitialConditions><Time><AllowPassageOfTime>false</AllowPassageOfTime></Time><AllowSpawning>true</AllowSpawning></ServerInitialConditions><ServerHandlers><DefaultWorldGenerator forceReset="true" generatorOptions="{}"/><ServerQuitFromTimeUp timeLimitMs="720000" description="out_of_time"/><ServerQuitWhenAnyAgentFinishes/></ServerHandlers></ServerSection><AgentSection mode="Survival"><Name>MineRLAgent0</Name><AgentStart><LowLevelInputs>true</LowLevelInputs><GuiScale>1.0</GuiScale><GammaSetting>2.0</GammaSetting><FOVSetting>70.0</FOVSetting><FakeCursorSize>16</FakeCursorSize><Inventory><InventoryObject slot="0" type="iron_block" quantity="3"/><InventoryObject slot="1" type="lapis_ore" quantity="54"/><InventoryObject slot="2" type="gold_ore" quantity="45"/><InventoryObject slot="3" type="daylight_detector" quantity="7"/><InventoryObject slot="4" type="cobblestone_wall" quantity="42"/><InventoryObject slot="5" type="stone_stairs" quantity="4"/><InventoryObject slot="6" type="quartz_stairs" quantity="20"/><InventoryObject slot="7" type="end_portal_frame" quantity="25"/><InventoryObject slot="8" type="clay" quantity="15"/><InventoryObject slot="9" type="tnt" quantity="34"/><InventoryObject slot="10" type="stone_stairs" quantity="1"/><InventoryObject slot="11" type="wheat" quantity="34"/><InventoryObject slot="12" type="spruce_door" quantity="39"/><InventoryObject slot="13" type="torch" quantity="42"/><InventoryObject slot="14" type="crafting_table" quantity="47"/><InventoryObject slot="15" type="hopper" quantity="61"/><InventoryObject slot="16" type="mossy_cobblestone" quantity="53"/><InventoryObject slot="17" type="dark_oak_fence" quantity="18"/><InventoryObject slot="18" type="diamond_ore" quantity="13"/><InventoryObject slot="19" type="oak_stairs" quantity="57"/><InventoryObject slot="20" type="vine" quantity="3"/><InventoryObject slot="21" type="tnt" quantity="27"/><InventoryObject slot="22" type="red_sandstone" quantity="21"/><InventoryObject slot="23" type="acacia_fence" quantity="18"/><InventoryObject slot="24" type="cobblestone_wall" quantity="3"/><InventoryObject slot="25" type="iron_door" quantity="15"/><InventoryObject slot="26" type="dirt" quantity="27"/><InventoryObject slot="27" type="coal_block" quantity="54"/><InventoryObject slot="28" type="nether_brick_fence" quantity="7"/><InventoryObject slot="29" type="dark_oak_fence" quantity="24"/><InventoryObject slot="30" type="dark_oak_fence_gate" quantity="55"/><InventoryObject slot="31" type="clay" quantity="29"/><InventoryObject slot="32" type="ladder" quantity="60"/><InventoryObject slot="33" type="oak_stairs" quantity="44"/><InventoryObject slot="34" type="crafting_table" quantity="43"/><InventoryObject slot="35" type="bedrock" quantity="35"/></Inventory><PreferredSpawnBiome>plains</PreferredSpawnBiome><DoneOnDeath>true</DoneOnDeath><SpawnInVillage>true</SpawnInVillage></AgentStart><AgentHandlers><FileBasedPerformanceProducer/><PauseCommand/><VideoProducer want_depth="false"><Width>640</Width><Height>360</Height></VideoProducer><HumanLevelCommands/><CameraCommands/></AgentHandlers></AgentSection></Mission><ExperimentUID>a405ada5-efa4-402b-9b98-b7c32186fa41</ExperimentUID><ClientRole>0</ClientRole><ClientAgentConnection><ClientIPAddress>127.0.0.1</ClientIPAddress><ClientMissionControlPort>0</ClientMissionControlPort><ClientCommandsPort>0</ClientCommandsPort><AgentIPAddress>127.0.0.1</AgentIPAddress><AgentMissionControlPort>0</AgentMissionControlPort><AgentVideoPort>0</AgentVideoPort><AgentDepthPort>0</AgentDepthPort><AgentLuminancePort>0</AgentLuminancePort><AgentObservationsPort>0</AgentObservationsPort><AgentRewardsPort>0</AgentRewardsPort><AgentColourMapPort>0</AgentColourMapPort></ClientAgentConnection></MissionInit>
[15:53:15] [EnvServerSocketHandler/INFO]: [STDOUT]: Setting width, height to 640, 360
[15:53:15] [EnvServerSocketHandler/INFO]: [STDOUT]: Gamma: 2.0
[15:53:15] [EnvServerSocketHandler/INFO]: [STDOUT]: FOV: 70.0
[15:53:15] [EnvServerSocketHandler/INFO]: [STDOUT]: GuiScale: 1.0
[15:53:15] [Render thread/INFO]: [STDOUT]: Seed not provided, generating random one: 4464653635326473242
[15:53:16] [Render thread/WARN]: Ambiguity between arguments [teleport, destination] and [teleport, targets] with inputs: [Player, 0123, @e, dd12be42-52a9-4a91-a8a1-11c01849e498]
[15:53:16] [Render thread/WARN]: Ambiguity between arguments [teleport, location] and [teleport, destination] with inputs: [0.1 -0.5 .9, 0 0 0]
[15:53:16] [Render thread/WARN]: Ambiguity between arguments [teleport, location] and [teleport, targets] with inputs: [0.1 -0.5 .9, 0 0 0]
[15:53:16] [Render thread/WARN]: Ambiguity between arguments [teleport, targets] and [teleport, destination] with inputs: [Player, 0123, dd12be42-52a9-4a91-a8a1-11c01849e498]
[15:53:16] [Render thread/WARN]: Ambiguity between arguments [teleport, targets, location] and [teleport, targets, destination] with inputs: [0.1 -0.5 .9, 0 0 0]
[15:53:16] [Render thread/INFO]: Reloading ResourceManager: Default
[15:53:17] [Render thread/INFO]: Loaded 7 recipes
[15:53:17] [Render thread/INFO]: Loaded 927 advancements
[15:53:17] [Render thread/INFO]: [STDOUT]: *** creating fake mouse cursor ***
[15:53:19] [Render thread/INFO]: Environment: authHost='https://authserver.mojang.com', accountsHost='https://api.mojang.com', sessionHost='https://sessionserver.mojang.com', servicesHost='https://api.minecraftservices.com', name='PROD'
[15:53:19] [Render thread/INFO]: Starting integrated minecraft server version 1.16.5
[15:53:19] [Render thread/INFO]: Generating keypair
[15:53:29] [Render thread/INFO]: Preparing start region for dimension minecraft:overworld
[15:53:49] [Render thread/INFO]: Changing view distance to 11, from 10
[15:53:50] [Render thread/INFO]: MineRLAgent0[local:E:77ed3625] logged in with entity id 116 at (-1401.5, 64.0, -1922.5)
[15:53:50] [Render thread/INFO]: MineRLAgent0 joined the game
[15:53:50] [Render thread/INFO]: Preparing spawn area: 0%
[15:53:50] [Render thread/INFO]: Time elapsed: 7 ms
[15:53:51] [Render thread/INFO]: [STDOUT]: Starting new video null
[15:53:51] [Render thread/INFO]: Saving and pausing game...
[15:53:51] [Render thread/INFO]: Saving chunks for level 'ServerLevel[mcpworldabfcf1c1b7d5]'/minecraft:overworld
[15:53:52] [Render thread/INFO]: Saving chunks for level 'ServerLevel[mcpworldabfcf1c1b7d5]'/minecraft:the_nether
[15:53:52] [Render thread/INFO]: Saving chunks for level 'ServerLevel[mcpworldabfcf1c1b7d5]'/minecraft:the_end
[15:53:53] [Render thread/INFO]: Loaded 38 advancements
[15:54:02] [EnvServerSocketHandler/INFO]: [STDOUT]: *** Stopping the replay, returning control to the inputs
