[16:22:15] [Thread-4/INFO]: [STDOUT]: SERVER enter state: DORMANT
[16:22:15] [EnvServerSocketHandler/INFO]: Received Mission token 139103d8-7d98-4da8-84c8-859b4528b11a:0:0:1:true
[16:22:15] [EnvServerSocketHandler/INFO]: Received mission init command  <MissionInit xmlns="http://ProjectMalmo.microsoft.com" xmlns:xsi="http://www.w3.org/2001/XMLSchema-instance" SchemaVersion="" PlatformVersion="0.37.0"><Mission><About><Summary>MineRLBasaltBuildVillageHouse-v0</Summary></About><ModSettings><MsPerTick>50</MsPerTick></ModSettings><ServerSection><ServerInitialConditions><Time><AllowPassageOfTime>false</AllowPassageOfTime></Time><AllowSpawning>true</AllowSpawning></ServerInitialConditions><ServerHandlers><DefaultWorldGenerator forceReset="true" generatorOptions="{}"/><ServerQuitFromTimeUp timeLimitMs="720000" description="out_of_time"/><ServerQuitWhenAnyAgentFinishes/></ServerHandlers></ServerSection><AgentSection mode="Survival"><Name>MineRLAgent0</Name><AgentStart><LowLevelInputs>true</LowLevelInputs><GuiScale>1.0</GuiScale><GammaSetting>2.0</GammaSetting><FOVSetting>70.0</FOVSetting><FakeCursorSize>16</FakeCursorSize><Inventory><InventoryObject slot="0" type="lapis_block" quantity="22"/><InventoryObject slot="1" type="torch" quantity="61"/><InventoryObject slot="2" type="diamond_block" quantity="55"/><InventoryObject slot="3" type="iron_block" quantity="15"/><InventoryObject slot="4" type="spruce_fence_gate" quantity="43"/><InventoryObject slot="5" type="redstone_torch" quantity="39"/><InventoryObject slot="6" type="dragon_egg" quantity="36"/><InventoryObject slot="7" type="light_weighted_pressure_plate" quantity="25"/><InventoryObject slot="8" type="stone_button" quantity="56"/><InventoryObject slot="9" type="activator_rail" quantity="15"/><InventoryObject slot="10" type="end_stone" quantity="36"/><InventoryObject slot="11" type="cauldron" quantity="18"/><InventoryObject slot="12" type="emerald_block" quantity="16"/><InventoryObject slot="13" type="red_mushroom" quantity="26"/><InventoryObject slot="14" type="nether_wart" quantity="57"/><InventoryObject slot="15" type="gravel" quantity="17"/><InventoryObject slot="16" type="acacia_door" quantity="30"/><InventoryObject slot="17" type="wheat" quantity="31"/><InventoryObject slot="18" type="crafting_table" quantity="41"/><InventoryObject slot="19" type="nether_brick" quantity="13"/><InventoryObject slot="20" type="farmland" quantity="17"/><InventoryObject slot="21" type="hopper" quantity="47"/><InventoryObject slot="22" type="sand" quantity="35"/><InventoryObject slot="23" type="jukebox" quantity="33"/><InventoryObject slot="24" type="furnace" quantity="61"/><InventoryObject slot="25" type="birch_fence_gate" quantity="33"/><InventoryObject slot="26" type="hopper" quantity="63"/><InventoryObject slot="27" type="emerald_ore" quantity="6"/><InventoryObject slot="28" type="ladder" quantity="6"/><InventoryObject slot="29" type="jungle_stairs" quantity="21"/><InventoryObject slot="30" type="gold_ore" quantity="33"/><InventoryObject slot="31" type="sponge" quantity="57"/><InventoryObject slot="32" type="red_sandstone" quantity="64"/><InventoryObject slot="33" type="ender_chest" quantity="46"/><InventoryObject slot="34" type="stone_stairs" quantity="20"/><InventoryObject slot="35" type="snow" quantity="13"/></Inventory><PreferredSpawnBiome>plains</PreferredSpawnBiome><DoneOnDeath>true</DoneOnDeath><SpawnInVillage>true</SpawnInVillage></AgentStart><AgentHandlers><FileBasedPerformanceProducer/><PauseCommand/><VideoProducer want_depth="false"><Width>640</Width><Height>360</Height></VideoProducer><HumanLevelCommands/><CameraCommands/></AgentHandlers></AgentSection></Mission><ExperimentUID>139103d8-7d98-4da8-84c8-859b4528b11a</ExperimentUID><ClientRole>0</ClientRole><ClientAgentConnection><ClientIPAddress>127.0.0.1</ClientIPAddress><ClientMissionControlPort>0</ClientMissionControlPort><ClientCommandsPort>0</ClientCommandsPort><AgentIPAddress>127.0.0.1</AgentIPAddress><AgentMissionControlPort>0</AgentMissionControlPort><AgentVideoPort>0</AgentVideoPort><AgentDepthPort>0</AgentDepthPort><AgentLuminancePort>0</AgentLuminancePort><AgentObservationsPort>0</AgentObservationsPort><AgentRewardsPort>0</AgentRewardsPort><AgentColourMapPort>0</AgentColourMapPort></ClientAgentConnection></MissionInit>
[16:22:17] [EnvServerSocketHandler/INFO]: [STDOUT]: Setting width, height to 640, 360
[16:22:17] [EnvServerSocketHandler/INFO]: [STDOUT]: Gamma: 2.0
[16:22:17] [EnvServerSocketHandler/INFO]: [STDOUT]: FOV: 70.0
[16:22:17] [EnvServerSocketHandler/INFO]: [STDOUT]: GuiScale: 1.0
[16:22:17] [Render thread/INFO]: [STDOUT]: Seed not provided, generating random one: 4470095177184697900
[16:22:18] [Render thread/WARN]: Ambiguity between arguments [teleport, destination] and [teleport, targets] with inputs: [Player, 0123, @e, dd12be42-52a9-4a91-a8a1-11c01849e498]
[16:22:18] [Render thread/WARN]: Ambiguity between arguments [teleport, location] and [teleport, destination] with inputs: [0.1 -0.5 .9, 0 0 0]
[16:22:18] [Render thread/WARN]: Ambiguity between arguments [teleport, location] and [teleport, targets] with inputs: [0.1 -0.5 .9, 0 0 0]
[16:22:18] [Render thread/WARN]: Ambiguity between arguments [teleport, targets] and [teleport, destination] with inputs: [Player, 0123, dd12be42-52a9-4a91-a8a1-11c01849e498]
[16:22:18] [Render thread/WARN]: Ambiguity between arguments [teleport, targets, location] and [teleport, targets, destination] with inputs: [0.1 -0.5 .9, 0 0 0]
[16:22:18] [Render thread/INFO]: Reloading ResourceManager: Default
[16:22:19] [Render thread/INFO]: Loaded 7 recipes
[16:22:19] [Render thread/INFO]: Loaded 927 advancements
[16:22:19] [Render thread/INFO]: [STDOUT]: *** creating fake mouse cursor ***
[16:22:21] [Render thread/INFO]: Environment: authHost='https://authserver.mojang.com', accountsHost='https://api.mojang.com', sessionHost='https://sessionserver.mojang.com', servicesHost='https://api.minecraftservices.com', name='PROD'
[16:22:21] [Render thread/INFO]: Starting integrated minecraft server version 1.16.5
[16:22:21] [Render thread/INFO]: Generating keypair
[16:22:36] [Render thread/INFO]: Preparing start region for dimension minecraft:overworld
[16:22:49] [Render thread/INFO]: Changing view distance to 11, from 10
[16:22:50] [Render thread/INFO]: MineRLAgent0[local:E:6a8e9feb] logged in with entity id 140 at (106.5, 67.0, -355.5)
[16:22:50] [Render thread/INFO]: MineRLAgent0 joined the game
[16:22:50] [Render thread/INFO]: Preparing spawn area: 0%
[16:22:50] [Render thread/INFO]: Time elapsed: 6 ms
[16:22:51] [Render thread/INFO]: [STDOUT]: Starting new video null
[16:22:51] [Render thread/INFO]: Saving and pausing game...
[16:22:51] [Render thread/INFO]: Saving chunks for level 'ServerLevel[mcpworldabfcf1c1b7d5]'/minecraft:overworld
[16:22:52] [Render thread/INFO]: Saving chunks for level 'ServerLevel[mcpworldabfcf1c1b7d5]'/minecraft:the_nether
[16:22:52] [Render thread/INFO]: Saving chunks for level 'ServerLevel[mcpworldabfcf1c1b7d5]'/minecraft:the_end
[16:22:53] [Render thread/INFO]: MineRLAgent0 has reached the goal [The Next Generation]
[16:22:53] [Render thread/INFO]: [CHAT] MineRLAgent0 has reached the goal [The Next Generation]
[16:22:53] [Render thread/INFO]: Loaded 63 advancements
[16:23:04] [EnvServerSocketHandler/INFO]: [STDOUT]: *** Stopping the replay, returning control to the inputs
