[15:53:45] [Thread-4/INFO]: [STDOUT]: SERVER enter state: DORMANT
[15:53:45] [EnvServerSocketHandler/INFO]: Received Mission token 12e41535-d08b-45db-9db8-59c05c82ef42:0:0:1:true
[15:53:45] [EnvServerSocketHandler/INFO]: Received mission init command  <MissionInit xmlns="http://ProjectMalmo.microsoft.com" xmlns:xsi="http://www.w3.org/2001/XMLSchema-instance" SchemaVersion="" PlatformVersion="0.37.0"><Mission><About><Summary>MineRLBasaltBuildVillageHouse-v0</Summary></About><ModSettings><MsPerTick>50</MsPerTick></ModSettings><ServerSection><ServerInitialConditions><Time><AllowPassageOfTime>false</AllowPassageOfTime></Time><AllowSpawning>true</AllowSpawning></ServerInitialConditions><ServerHandlers><DefaultWorldGenerator forceReset="true" generatorOptions="{}"/><ServerQuitFromTimeUp timeLimitMs="720000" description="out_of_time"/><ServerQuitWhenAnyAgentFinishes/></ServerHandlers></ServerSection><AgentSection mode="Survival"><Name>MineRLAgent0</Name><AgentStart><LowLevelInputs>true</LowLevelInputs><GuiScale>1.0</GuiScale><GammaSetting>2.0</GammaSetting><FOVSetting>70.0</FOVSetting><FakeCursorSize>16</FakeCursorSize><Inventory><InventoryObject slot="0" type="barrier" quantity="7"/><InventoryObject slot="1" type="red_sandstone_stairs" quantity="26"/><InventoryObject slot="2" type="sandstone_stairs" quantity="61"/><InventoryObject slot="3" type="jungle_stairs" quantity="21"/><InventoryObject slot="4" type="farmland" quantity="52"/><InventoryObject slot="5" type="quartz_block" quantity="5"/><InventoryObject slot="6" type="pumpkin" quantity="20"/><InventoryObject slot="7" type="enchanting_table" quantity="56"/><InventoryObject slot="8" type="beacon" quantity="32"/><InventoryObject slot="9" type="birch_door" quantity="47"/><InventoryObject slot="10" type="glowstone" quantity="12"/><InventoryObject slot="11" type="brewing_stand" quantity="27"/><InventoryObject slot="12" type="beacon" quantity="29"/><InventoryObject slot="13" type="glass" quantity="33"/><InventoryObject slot="14" type="brown_mushroom" quantity="41"/><InventoryObject slot="15" type="anvil" quantity="57"/><InventoryObject slot="16" type="dispenser" quantity="6"/><InventoryObject slot="17" type="redstone_lamp" quantity="2"/><InventoryObject slot="18" type="obsidian" quantity="5"/><InventoryObject slot="19" type="netherrack" quantity="24"/><InventoryObject slot="20" type="obsidian" quantity="10"/><InventoryObject slot="21" type="sandstone_stairs" quantity="4"/><InventoryObject slot="22" type="sticky_piston" quantity="3"/><InventoryObject slot="23" type="furnace" quantity="57"/><InventoryObject slot="24" type="farmland" quantity="45"/><InventoryObject slot="25" type="emerald_ore" quantity="50"/><InventoryObject slot="26" type="coal_ore" quantity="48"/><InventoryObject slot="27" type="packed_ice" quantity="55"/><InventoryObject slot="28" type="piston" quantity="63"/><InventoryObject slot="29" type="obsidian" quantity="7"/><InventoryObject slot="30" type="tripwire_hook" quantity="37"/><InventoryObject slot="31" type="spruce_stairs" quantity="2"/><InventoryObject slot="32" type="torch" quantity="23"/><InventoryObject slot="33" type="iron_bars" quantity="49"/><InventoryObject slot="34" type="daylight_detector" quantity="36"/><InventoryObject slot="35" type="glowstone" quantity="22"/></Inventory><PreferredSpawnBiome>plains</PreferredSpawnBiome><DoneOnDeath>true</DoneOnDeath><SpawnInVillage>true</SpawnInVillage></AgentStart><AgentHandlers><FileBasedPerformanceProducer/><PauseCommand/><VideoProducer want_depth="false"><Width>640</Width><Height>360</Height></VideoProducer><HumanLevelCommands/><CameraCommands/></AgentHandlers></AgentSection></Mission><ExperimentUID>12e41535-d08b-45db-9db8-59c05c82ef42</ExperimentUID><ClientRole>0</ClientRole><ClientAgentConnection><ClientIPAddress>127.0.0.1</ClientIPAddress><ClientMissionControlPort>0</ClientMissionControlPort><ClientCommandsPort>0</ClientCommandsPort><AgentIPAddress>127.0.0.1</AgentIPAddress><AgentMissionControlPort>0</AgentMissionControlPort><AgentVideoPort>0</AgentVideoPort><AgentDepthPort>0</AgentDepthPort><AgentLuminancePort>0</AgentLuminancePort><AgentObservationsPort>0</AgentObservationsPort><AgentRewardsPort>0</AgentRewardsPort><AgentColourMapPort>0</AgentColourMapPort></ClientAgentConnection></MissionInit>
[15:53:46] [EnvServerSocketHandler/INFO]: [STDOUT]: Setting width, height to 640, 360
[15:53:46] [EnvServerSocketHandler/INFO]: [STDOUT]: Gamma: 2.0
[15:53:46] [EnvServerSocketHandler/INFO]: [STDOUT]: FOV: 70.0
[15:53:46] [EnvServerSocketHandler/INFO]: [STDOUT]: GuiScale: 1.0
[15:53:46] [Render thread/INFO]: [STDOUT]: *** creating fake mouse cursor ***
[15:53:46] [Render thread/INFO]: [STDOUT]: Seed not provided, generating random one: 3939605782693753683
[15:53:48] [Render thread/WARN]: Ambiguity between arguments [teleport, destination] and [teleport, targets] with inputs: [Player, 0123, @e, dd12be42-52a9-4a91-a8a1-11c01849e498]
[15:53:48] [Render thread/WARN]: Ambiguity between arguments [teleport, location] and [teleport, destination] with inputs: [0.1 -0.5 .9, 0 0 0]
[15:53:48] [Render thread/WARN]: Ambiguity between arguments [teleport, location] and [teleport, targets] with inputs: [0.1 -0.5 .9, 0 0 0]
[15:53:48] [Render thread/WARN]: Ambiguity between arguments [teleport, targets] and [teleport, destination] with inputs: [Player, 0123, dd12be42-52a9-4a91-a8a1-11c01849e498]
[15:53:48] [Render thread/WARN]: Ambiguity between arguments [teleport, targets, location] and [teleport, targets, destination] with inputs: [0.1 -0.5 .9, 0 0 0]
[15:53:48] [Render thread/INFO]: Reloading ResourceManager: Default
[15:53:48] [Render thread/INFO]: Loaded 7 recipes
[15:53:49] [Render thread/INFO]: Loaded 927 advancements
[15:53:51] [Render thread/INFO]: Environment: authHost='https://authserver.mojang.com', accountsHost='https://api.mojang.com', sessionHost='https://sessionserver.mojang.com', servicesHost='https://api.minecraftservices.com', name='PROD'
[15:53:51] [Render thread/INFO]: Starting integrated minecraft server version 1.16.5
[15:53:51] [Render thread/INFO]: Generating keypair
[15:54:00] [Render thread/INFO]: Preparing start region for dimension minecraft:overworld
[15:54:41] [Render thread/INFO]: Changing view distance to 11, from 10
[15:54:41] [Render thread/INFO]: MineRLAgent0[local:E:83c174f3] logged in with entity id 307 at (-2341.5, 66.0, -834.5)
[15:54:41] [Render thread/INFO]: MineRLAgent0 joined the game
[15:54:42] [Render thread/INFO]: Preparing spawn area: 0%
[15:54:42] [Render thread/INFO]: Time elapsed: 8 ms
[15:54:43] [Render thread/INFO]: [STDOUT]: Starting new video null
[15:54:43] [Render thread/INFO]: Saving and pausing game...
[15:54:43] [Render thread/INFO]: Saving chunks for level 'ServerLevel[mcpworldabfcf1c1b7d5]'/minecraft:overworld
[15:54:45] [Render thread/INFO]: Saving chunks for level 'ServerLevel[mcpworldabfcf1c1b7d5]'/minecraft:the_nether
[15:54:45] [Render thread/INFO]: Saving chunks for level 'ServerLevel[mcpworldabfcf1c1b7d5]'/minecraft:the_end
[15:54:46] [Render thread/INFO]: MineRLAgent0 has made the advancement [Ice Bucket Challenge]
[15:54:46] [Render thread/INFO]: [CHAT] MineRLAgent0 has made the advancement [Ice Bucket Challenge]
[15:54:46] [Render thread/INFO]: Loaded 56 advancements
[15:54:54] [EnvServerSocketHandler/INFO]: [STDOUT]: *** Stopping the replay, returning control to the inputs
