[15:45:00] [Thread-4/INFO]: [STDOUT]: SERVER enter state: DORMANT
[15:45:00] [EnvServerSocketHandler/INFO]: Received Mission token 9839ed48-25bb-424e-a81d-a363e9109eba:0:0:1:true
[15:45:00] [EnvServerSocketHandler/INFO]: Received mission init command  <MissionInit xmlns="http://ProjectMalmo.microsoft.com" xmlns:xsi="http://www.w3.org/2001/XMLSchema-instance" SchemaVersion="" PlatformVersion="0.37.0"><Mission><About><Summary>MineRLBasaltBuildVillageHouse-v0</Summary></About><ModSettings><MsPerTick>50</MsPerTick></ModSettings><ServerSection><ServerInitialConditions><Time><AllowPassageOfTime>false</AllowPassageOfTime></Time><AllowSpawning>true</AllowSpawning></ServerInitialConditions><ServerHandlers><DefaultWorldGenerator forceReset="true" generatorOptions="{}"/><ServerQuitFromTimeUp timeLimitMs="720000" description="out_of_time"/><ServerQuitWhenAnyAgentFinishes/></ServerHandlers></ServerSection><AgentSection mode="Survival"><Name>MineRLAgent0</Name><AgentStart><LowLevelInputs>true</LowLevelInputs><GuiScale>1.0</GuiScale><GammaSetting>2.0</GammaSetting><FOVSetting>70.0</FOVSetting><FakeCursorSize>16</FakeCursorSize><Inventory><InventoryObject slot="0" type="acacia_stairs" quantity="27"/><InventoryObject slot="1" type="jungle_fence" quantity="10"/><InventoryObject slot="2" type="brick_stairs" quantity="1"/><InventoryObject slot="3" type="trapped_chest" quantity="20"/><InventoryObject slot="4" type="iron_bars" quantity="25"/><InventoryObject slot="5" type="spruce_fence_gate" quantity="4"/><InventoryObject slot="6" type="cake" quantity="45"/><InventoryObject slot="7" type="packed_ice" quantity="62"/><InventoryObject slot="8" type="hopper" quantity="40"/><InventoryObject slot="9" type="ender_chest" quantity="55"/><InventoryObject slot="10" type="spruce_fence_gate" quantity="22"/><InventoryObject slot="11" type="tnt" quantity="21"/><InventoryObject slot="12" type="redstone_block" quantity="7"/><InventoryObject slot="13" type="sandstone" quantity="35"/><InventoryObject slot="14" type="dropper" quantity="41"/><InventoryObject slot="15" type="red_sandstone" quantity="9"/><InventoryObject slot="16" type="red_sandstone" quantity="17"/><InventoryObject slot="17" type="brown_mushroom" quantity="7"/><InventoryObject slot="18" type="cake" quantity="14"/><InventoryObject slot="19" type="nether_brick_fence" quantity="30"/><InventoryObject slot="20" type="spruce_door" quantity="8"/><InventoryObject slot="21" type="glass" quantity="8"/><InventoryObject slot="22" type="spruce_fence_gate" quantity="21"/><InventoryObject slot="23" type="lever" quantity="17"/><InventoryObject slot="24" type="glowstone" quantity="38"/><InventoryObject slot="25" type="sand" quantity="24"/><InventoryObject slot="26" type="end_stone" quantity="31"/><InventoryObject slot="27" type="snow" quantity="13"/><InventoryObject slot="28" type="ender_chest" quantity="46"/><InventoryObject slot="29" type="soul_sand" quantity="39"/><InventoryObject slot="30" type="rail" quantity="55"/><InventoryObject slot="31" type="stone" quantity="46"/><InventoryObject slot="32" type="sea_lantern" quantity="56"/><InventoryObject slot="33" type="red_sandstone_stairs" quantity="62"/><InventoryObject slot="34" type="emerald_block" quantity="51"/><InventoryObject slot="35" type="nether_brick_stairs" quantity="26"/></Inventory><PreferredSpawnBiome>plains</PreferredSpawnBiome><DoneOnDeath>true</DoneOnDeath><SpawnInVillage>true</SpawnInVillage></AgentStart><AgentHandlers><FileBasedPerformanceProducer/><PauseCommand/><VideoProducer want_depth="false"><Width>640</Width><Height>360</Height></VideoProducer><HumanLevelCommands/><CameraCommands/></AgentHandlers></AgentSection></Mission><ExperimentUID>9839ed48-25bb-424e-a81d-a363e9109eba</ExperimentUID><ClientRole>0</ClientRole><ClientAgentConnection><ClientIPAddress>127.0.0.1</ClientIPAddress><ClientMissionControlPort>0</ClientMissionControlPort><ClientCommandsPort>0</ClientCommandsPort><AgentIPAddress>127.0.0.1</AgentIPAddress><AgentMissionControlPort>0</AgentMissionControlPort><AgentVideoPort>0</AgentVideoPort><AgentDepthPort>0</AgentDepthPort><AgentLuminancePort>0</AgentLuminancePort><AgentObservationsPort>0</AgentObservationsPort><AgentRewardsPort>0</AgentRewardsPort><AgentColourMapPort>0</AgentColourMapPort></ClientAgentConnection></MissionInit>
[15:45:01] [EnvServerSocketHandler/INFO]: [STDOUT]: Setting width, height to 640, 360
[15:45:01] [EnvServerSocketHandler/INFO]: [STDOUT]: Gamma: 2.0
[15:45:01] [EnvServerSocketHandler/INFO]: [STDOUT]: FOV: 70.0
[15:45:01] [EnvServerSocketHandler/INFO]: [STDOUT]: GuiScale: 1.0
[15:45:01] [Render thread/INFO]: [STDOUT]: Seed not provided, generating random one: 2240388161015513466
[15:45:03] [Render thread/WARN]: Ambiguity between arguments [teleport, destination] and [teleport, targets] with inputs: [Player, 0123, @e, dd12be42-52a9-4a91-a8a1-11c01849e498]
[15:45:03] [Render thread/WARN]: Ambiguity between arguments [teleport, location] and [teleport, destination] with inputs: [0.1 -0.5 .9, 0 0 0]
[15:45:03] [Render thread/WARN]: Ambiguity between arguments [teleport, location] and [teleport, targets] with inputs: [0.1 -0.5 .9, 0 0 0]
[15:45:03] [Render thread/WARN]: Ambiguity between arguments [teleport, targets] and [teleport, destination] with inputs: [Player, 0123, dd12be42-52a9-4a91-a8a1-11c01849e498]
[15:45:03] [Render thread/WARN]: Ambiguity between arguments [teleport, targets, location] and [teleport, targets, destination] with inputs: [0.1 -0.5 .9, 0 0 0]
[15:45:03] [Render thread/INFO]: Reloading ResourceManager: Default
[15:45:04] [Render thread/INFO]: Loaded 7 recipes
[15:45:04] [Render thread/INFO]: Loaded 927 advancements
[15:45:04] [Render thread/INFO]: [STDOUT]: *** creating fake mouse cursor ***
[15:45:06] [Render thread/INFO]: Environment: authHost='https://authserver.mojang.com', accountsHost='https://api.mojang.com', sessionHost='https://sessionserver.mojang.com', servicesHost='https://api.minecraftservices.com', name='PROD'
[15:45:06] [Render thread/INFO]: Starting integrated minecraft server version 1.16.5
[15:45:06] [Render thread/INFO]: Generating keypair
[15:45:17] [Render thread/INFO]: Preparing start region for dimension minecraft:overworld
[15:45:47] [Render thread/INFO]: Changing view distance to 11, from 10
[15:45:47] [Render thread/INFO]: MineRLAgent0[local:E:53d6cc02] logged in with entity id 179 at (2386.5, 66.0, 554.5)
[15:45:47] [Render thread/INFO]: MineRLAgent0 joined the game
[15:45:48] [Render thread/INFO]: Preparing spawn area: 0%
[15:45:48] [Render thread/INFO]: Time elapsed: 8 ms
[15:45:49] [Render thread/INFO]: [STDOUT]: Starting new video null
[15:45:49] [Render thread/INFO]: Saving and pausing game...
[15:45:49] [Render thread/INFO]: Saving chunks for level 'ServerLevel[mcpworldabfcf1c1b7d5]'/minecraft:overworld
[15:45:51] [Render thread/INFO]: Saving chunks for level 'ServerLevel[mcpworldabfcf1c1b7d5]'/minecraft:the_nether
[15:45:51] [Render thread/INFO]: Saving chunks for level 'ServerLevel[mcpworldabfcf1c1b7d5]'/minecraft:the_end
[15:45:52] [Render thread/INFO]: Loaded 93 advancements
[15:46:01] [EnvServerSocketHandler/INFO]: [STDOUT]: *** Stopping the replay, returning control to the inputs
