[15:40:09] [Thread-4/INFO]: [STDOUT]: SERVER enter state: DORMANT
[15:40:09] [EnvServerSocketHandler/INFO]: Received Mission token 879cba5e-7099-45c7-91ce-aa77a85020fe:0:0:1:true
[15:40:09] [EnvServerSocketHandler/INFO]: Received mission init command  <MissionInit xmlns="http://ProjectMalmo.microsoft.com" xmlns:xsi="http://www.w3.org/2001/XMLSchema-instance" SchemaVersion="" PlatformVersion="0.37.0"><Mission><About><Summary>MineRLBasaltBuildVillageHouse-v0</Summary></About><ModSettings><MsPerTick>50</MsPerTick></ModSettings><ServerSection><ServerInitialConditions><Time><AllowPassageOfTime>false</AllowPassageOfTime></Time><AllowSpawning>true</AllowSpawning></ServerInitialConditions><ServerHandlers><DefaultWorldGenerator forceReset="true" generatorOptions="{}"/><ServerQuitFromTimeUp timeLimitMs="720000" description="out_of_time"/><ServerQuitWhenAnyAgentFinishes/></ServerHandlers></ServerSection><AgentSection mode="Survival"><Name>MineRLAgent0</Name><AgentStart><LowLevelInputs>true</LowLevelInputs><GuiScale>1.0</GuiScale><GammaSetting>2.0</GammaSetting><FOVSetting>70.0</FOVSetting><FakeCursorSize>16</FakeCursorSize><Inventory><InventoryObject slot="0" type="dirt" quantity="6"/><InventoryObject slot="1" type="lapis_ore" quantity="7"/><InventoryObject slot="2" type="cake" quantity="6"/><InventoryObject slot="3" type="birch_door" quantity="54"/><InventoryObject slot="4" type="acacia_stairs" quantity="20"/><InventoryObject slot="5" type="end_portal_frame" quantity="10"/><InventoryObject slot="6" type="dark_oak_fence" quantity="20"/><InventoryObject slot="7" type="cake" quantity="16"/><InventoryObject slot="8" type="barrier" quantity="30"/><InventoryObject slot="9" type="daylight_detector" quantity="23"/><InventoryObject slot="10" type="birch_door" quantity="21"/><InventoryObject slot="11" type="sand" quantity="20"/><InventoryObject slot="12" type="dropper" quantity="46"/><InventoryObject slot="13" type="hay_block" quantity="45"/><InventoryObject slot="14" type="dragon_egg" quantity="59"/><InventoryObject slot="15" type="emerald_block" quantity="8"/><InventoryObject slot="16" type="trapped_chest" quantity="4"/><InventoryObject slot="17" type="birch_fence" quantity="14"/><InventoryObject slot="18" type="sea_lantern" quantity="60"/><InventoryObject slot="19" type="flower_pot" quantity="40"/><InventoryObject slot="20" type="lapis_block" quantity="36"/><InventoryObject slot="21" type="redstone_lamp" quantity="11"/><InventoryObject slot="22" type="flower_pot" quantity="48"/><InventoryObject slot="23" type="lever" quantity="10"/><InventoryObject slot="24" type="spruce_stairs" quantity="39"/><InventoryObject slot="25" type="cactus" quantity="46"/><InventoryObject slot="26" type="lapis_ore" quantity="40"/><InventoryObject slot="27" type="stone_button" quantity="52"/><InventoryObject slot="28" type="red_sandstone_stairs" quantity="17"/><InventoryObject slot="29" type="red_sandstone" quantity="38"/><InventoryObject slot="30" type="iron_bars" quantity="35"/><InventoryObject slot="31" type="anvil" quantity="11"/><InventoryObject slot="32" type="gravel" quantity="51"/><InventoryObject slot="33" type="jungle_fence_gate" quantity="61"/><InventoryObject slot="34" type="furnace" quantity="13"/><InventoryObject slot="35" type="red_sandstone" quantity="1"/></Inventory><PreferredSpawnBiome>plains</PreferredSpawnBiome><DoneOnDeath>true</DoneOnDeath><SpawnInVillage>true</SpawnInVillage></AgentStart><AgentHandlers><FileBasedPerformanceProducer/><PauseCommand/><VideoProducer want_depth="false"><Width>640</Width><Height>360</Height></VideoProducer><HumanLevelCommands/><CameraCommands/></AgentHandlers></AgentSection></Mission><ExperimentUID>879cba5e-7099-45c7-91ce-aa77a85020fe</ExperimentUID><ClientRole>0</ClientRole><ClientAgentConnection><ClientIPAddress>127.0.0.1</ClientIPAddress><ClientMissionControlPort>0</ClientMissionControlPort><ClientCommandsPort>0</ClientCommandsPort><AgentIPAddress>127.0.0.1</AgentIPAddress><AgentMissionControlPort>0</AgentMissionControlPort><AgentVideoPort>0</AgentVideoPort><AgentDepthPort>0</AgentDepthPort><AgentLuminancePort>0</AgentLuminancePort><AgentObservationsPort>0</AgentObservationsPort><AgentRewardsPort>0</AgentRewardsPort><AgentColourMapPort>0</AgentColourMapPort></ClientAgentConnection></MissionInit>
[15:40:10] [EnvServerSocketHandler/INFO]: [STDOUT]: Setting width, height to 640, 360
[15:40:10] [EnvServerSocketHandler/INFO]: [STDOUT]: Gamma: 2.0
[15:40:10] [EnvServerSocketHandler/INFO]: [STDOUT]: FOV: 70.0
[15:40:10] [EnvServerSocketHandler/INFO]: [STDOUT]: GuiScale: 1.0
[15:40:10] [Render thread/INFO]: [STDOUT]: Seed not provided, generating random one: -8697472565888295873
[15:40:12] [Render thread/WARN]: Ambiguity between arguments [teleport, destination] and [teleport, targets] with inputs: [Player, 0123, @e, dd12be42-52a9-4a91-a8a1-11c01849e498]
[15:40:12] [Render thread/WARN]: Ambiguity between arguments [teleport, location] and [teleport, destination] with inputs: [0.1 -0.5 .9, 0 0 0]
[15:40:12] [Render thread/WARN]: Ambiguity between arguments [teleport, location] and [teleport, targets] with inputs: [0.1 -0.5 .9, 0 0 0]
[15:40:12] [Render thread/WARN]: Ambiguity between arguments [teleport, targets] and [teleport, destination] with inputs: [Player, 0123, dd12be42-52a9-4a91-a8a1-11c01849e498]
[15:40:12] [Render thread/WARN]: Ambiguity between arguments [teleport, targets, location] and [teleport, targets, destination] with inputs: [0.1 -0.5 .9, 0 0 0]
[15:40:12] [Render thread/INFO]: Reloading ResourceManager: Default
[15:40:12] [Render thread/INFO]: Loaded 7 recipes
[15:40:13] [Render thread/INFO]: Loaded 927 advancements
[15:40:13] [Render thread/INFO]: [STDOUT]: *** creating fake mouse cursor ***
[15:40:15] [Render thread/INFO]: Environment: authHost='https://authserver.mojang.com', accountsHost='https://api.mojang.com', sessionHost='https://sessionserver.mojang.com', servicesHost='https://api.minecraftservices.com', name='PROD'
[15:40:15] [Render thread/INFO]: Starting integrated minecraft server version 1.16.5
[15:40:15] [Render thread/INFO]: Generating keypair
[15:40:27] [Render thread/INFO]: Preparing start region for dimension minecraft:overworld
[15:40:38] [Render thread/INFO]: Changing view distance to 11, from 10
[15:40:38] [Render thread/INFO]: MineRLAgent0[local:E:971a969c] logged in with entity id 183 at (-433.5, 63.0, -1461.5)
[15:40:38] [Render thread/INFO]: MineRLAgent0 joined the game
[15:40:39] [Render thread/INFO]: Preparing spawn area: 0%
[15:40:39] [Render thread/INFO]: Time elapsed: 6 ms
[15:40:40] [Render thread/INFO]: [STDOUT]: Starting new video null
[15:40:40] [Render thread/INFO]: Saving and pausing game...
[15:40:40] [Render thread/INFO]: Saving chunks for level 'ServerLevel[mcpworldabfcf1c1b7d5]'/minecraft:overworld
[15:40:41] [Render thread/INFO]: Saving chunks for level 'ServerLevel[mcpworldabfcf1c1b7d5]'/minecraft:the_nether
[15:40:41] [Render thread/INFO]: Saving chunks for level 'ServerLevel[mcpworldabfcf1c1b7d5]'/minecraft:the_end
[15:40:42] [Render thread/INFO]: MineRLAgent0 has reached the goal [The Next Generation]
[15:40:42] [Render thread/INFO]: [CHAT] MineRLAgent0 has reached the goal [The Next Generation]
[15:40:42] [Render thread/INFO]: Loaded 45 advancements
[15:40:50] [EnvServerSocketHandler/INFO]: [STDOUT]: *** Stopping the replay, returning control to the inputs
