[16:17:55] [Thread-4/INFO]: [STDOUT]: SERVER enter state: DORMANT
[16:17:55] [EnvServerSocketHandler/INFO]: Received Mission token 47c52878-a5b2-42cc-aac3-924a8c1ab1d1:0:0:1:true
[16:17:55] [EnvServerSocketHandler/INFO]: Received mission init command  <MissionInit xmlns="http://ProjectMalmo.microsoft.com" xmlns:xsi="http://www.w3.org/2001/XMLSchema-instance" SchemaVersion="" PlatformVersion="0.37.0"><Mission><About><Summary>MineRLBasaltBuildVillageHouse-v0</Summary></About><ModSettings><MsPerTick>50</MsPerTick></ModSettings><ServerSection><ServerInitialConditions><Time><AllowPassageOfTime>false</AllowPassageOfTime></Time><AllowSpawning>true</AllowSpawning></ServerInitialConditions><ServerHandlers><DefaultWorldGenerator forceReset="true" generatorOptions="{}"/><ServerQuitFromTimeUp timeLimitMs="720000" description="out_of_time"/><ServerQuitWhenAnyAgentFinishes/></ServerHandlers></ServerSection><AgentSection mode="Survival"><Name>MineRLAgent0</Name><AgentStart><LowLevelInputs>true</LowLevelInputs><GuiScale>1.0</GuiScale><GammaSetting>2.0</GammaSetting><FOVSetting>70.0</FOVSetting><FakeCursorSize>16</FakeCursorSize><Inventory><InventoryObject slot="0" type="brown_mushroom" quantity="49"/><InventoryObject slot="1" type="jungle_fence" quantity="34"/><InventoryObject slot="2" type="stone_pressure_plate" quantity="55"/><InventoryObject slot="3" type="diamond_ore" quantity="49"/><InventoryObject slot="4" type="prismarine" quantity="38"/><InventoryObject slot="5" type="redstone_block" quantity="53"/><InventoryObject slot="6" type="dark_oak_fence" quantity="17"/><InventoryObject slot="7" type="jukebox" quantity="34"/><InventoryObject slot="8" type="farmland" quantity="11"/><InventoryObject slot="9" type="sticky_piston" quantity="32"/><InventoryObject slot="10" type="cauldron" quantity="57"/><InventoryObject slot="11" type="heavy_weighted_pressure_plate" quantity="32"/><InventoryObject slot="12" type="stone" quantity="43"/><InventoryObject slot="13" type="bedrock" quantity="47"/><InventoryObject slot="14" type="farmland" quantity="4"/><InventoryObject slot="15" type="stone_pressure_plate" quantity="7"/><InventoryObject slot="16" type="beacon" quantity="34"/><InventoryObject slot="17" type="enchanting_table" quantity="34"/><InventoryObject slot="18" type="quartz_block" quantity="11"/><InventoryObject slot="19" type="empty" quantity="1"/><InventoryObject slot="20" type="red_mushroom_block" quantity="45"/><InventoryObject slot="21" type="daylight_detector" quantity="4"/><InventoryObject slot="22" type="nether_wart" quantity="63"/><InventoryObject slot="23" type="brown_mushroom_block" quantity="47"/><InventoryObject slot="24" type="spruce_door" quantity="19"/><InventoryObject slot="25" type="sponge" quantity="1"/><InventoryObject slot="26" type="quartz_stairs" quantity="26"/><InventoryObject slot="27" type="daylight_detector" quantity="24"/><InventoryObject slot="28" type="redstone_torch" quantity="27"/><InventoryObject slot="29" type="redstone_ore" quantity="39"/><InventoryObject slot="30" type="vine" quantity="4"/><InventoryObject slot="31" type="stone_slab" quantity="35"/><InventoryObject slot="32" type="netherrack" quantity="53"/><InventoryObject slot="33" type="spruce_door" quantity="6"/><InventoryObject slot="34" type="brewing_stand" quantity="26"/><InventoryObject slot="35" type="chest" quantity="14"/></Inventory><PreferredSpawnBiome>plains</PreferredSpawnBiome><DoneOnDeath>true</DoneOnDeath><SpawnInVillage>true</SpawnInVillage></AgentStart><AgentHandlers><FileBasedPerformanceProducer/><PauseCommand/><VideoProducer want_depth="false"><Width>640</Width><Height>360</Height></VideoProducer><HumanLevelCommands/><CameraCommands/></AgentHandlers></AgentSection></Mission><ExperimentUID>47c52878-a5b2-42cc-aac3-924a8c1ab1d1</ExperimentUID><ClientRole>0</ClientRole><ClientAgentConnection><ClientIPAddress>127.0.0.1</ClientIPAddress><ClientMissionControlPort>0</ClientMissionControlPort><ClientCommandsPort>0</ClientCommandsPort><AgentIPAddress>127.0.0.1</AgentIPAddress><AgentMissionControlPort>0</AgentMissionControlPort><AgentVideoPort>0</AgentVideoPort><AgentDepthPort>0</AgentDepthPort><AgentLuminancePort>0</AgentLuminancePort><AgentObservationsPort>0</AgentObservationsPort><AgentRewardsPort>0</AgentRewardsPort><AgentColourMapPort>0</AgentColourMapPort></ClientAgentConnection></MissionInit>
[16:17:56] [EnvServerSocketHandler/INFO]: [STDOUT]: Setting width, height to 640, 360
[16:17:56] [EnvServerSocketHandler/INFO]: [STDOUT]: Gamma: 2.0
[16:17:56] [EnvServerSocketHandler/INFO]: [STDOUT]: FOV: 70.0
[16:17:56] [EnvServerSocketHandler/INFO]: [STDOUT]: GuiScale: 1.0
[16:17:56] [Render thread/INFO]: [STDOUT]: Seed not provided, generating random one: 5470597645193219574
[16:17:57] [Render thread/WARN]: Ambiguity between arguments [teleport, destination] and [teleport, targets] with inputs: [Player, 0123, @e, dd12be42-52a9-4a91-a8a1-11c01849e498]
[16:17:57] [Render thread/WARN]: Ambiguity between arguments [teleport, location] and [teleport, destination] with inputs: [0.1 -0.5 .9, 0 0 0]
[16:17:57] [Render thread/WARN]: Ambiguity between arguments [teleport, location] and [teleport, targets] with inputs: [0.1 -0.5 .9, 0 0 0]
[16:17:57] [Render thread/WARN]: Ambiguity between arguments [teleport, targets] and [teleport, destination] with inputs: [Player, 0123, dd12be42-52a9-4a91-a8a1-11c01849e498]
[16:17:57] [Render thread/WARN]: Ambiguity between arguments [teleport, targets, location] and [teleport, targets, destination] with inputs: [0.1 -0.5 .9, 0 0 0]
[16:17:57] [Render thread/INFO]: Reloading ResourceManager: Default
[16:17:58] [Render thread/INFO]: Loaded 7 recipes
[16:17:59] [Render thread/INFO]: Loaded 927 advancements
[16:17:59] [Render thread/INFO]: [STDOUT]: *** creating fake mouse cursor ***
[16:18:00] [Render thread/INFO]: Environment: authHost='https://authserver.mojang.com', accountsHost='https://api.mojang.com', sessionHost='https://sessionserver.mojang.com', servicesHost='https://api.minecraftservices.com', name='PROD'
[16:18:00] [Render thread/INFO]: Starting integrated minecraft server version 1.16.5
[16:18:00] [Render thread/INFO]: Generating keypair
[16:18:12] [Render thread/INFO]: Preparing start region for dimension minecraft:overworld
[16:18:42] [Render thread/INFO]: Changing view distance to 11, from 10
[16:18:42] [Render thread/INFO]: MineRLAgent0[local:E:66b46cfb] logged in with entity id 212 at (-2295.5, 71.0, -1315.5)
[16:18:42] [Render thread/INFO]: MineRLAgent0 joined the game
[16:18:43] [Render thread/INFO]: Preparing spawn area: 0%
[16:18:43] [Render thread/INFO]: Time elapsed: 12 ms
[16:18:43] [Render thread/INFO]: [STDOUT]: Starting new video null
[16:18:43] [Render thread/INFO]: Saving and pausing game...
[16:18:44] [Render thread/INFO]: Saving chunks for level 'ServerLevel[mcpworldabfcf1c1b7d5]'/minecraft:overworld
[16:18:45] [Render thread/INFO]: Saving chunks for level 'ServerLevel[mcpworldabfcf1c1b7d5]'/minecraft:the_nether
[16:18:45] [Render thread/INFO]: Saving chunks for level 'ServerLevel[mcpworldabfcf1c1b7d5]'/minecraft:the_end
[16:18:46] [Render thread/INFO]: Loaded 46 advancements
[16:18:55] [EnvServerSocketHandler/INFO]: [STDOUT]: *** Stopping the replay, returning control to the inputs
