[14:54:50] [Thread-4/INFO]: [STDOUT]: SERVER enter state: DORMANT
[14:54:50] [EnvServerSocketHandler/INFO]: Received Mission token cb10b9da-bd1d-4324-997b-f68345a7a7a4:0:0:1:true
[14:54:50] [EnvServerSocketHandler/INFO]: Received mission init command  <MissionInit xmlns="http://ProjectMalmo.microsoft.com" xmlns:xsi="http://www.w3.org/2001/XMLSchema-instance" SchemaVersion="" PlatformVersion="0.37.0"><Mission><About><Summary>MineRLBasaltBuildVillageHouse-v0</Summary></About><ModSettings><MsPerTick>50</MsPerTick></ModSettings><ServerSection><ServerInitialConditions><Time><AllowPassageOfTime>false</AllowPassageOfTime></Time><AllowSpawning>true</AllowSpawning></ServerInitialConditions><ServerHandlers><DefaultWorldGenerator forceReset="true" generatorOptions="{}"/><ServerQuitFromTimeUp timeLimitMs="720000" description="out_of_time"/><ServerQuitWhenAnyAgentFinishes/></ServerHandlers></ServerSection><AgentSection mode="Survival"><Name>MineRLAgent0</Name><AgentStart><LowLevelInputs>true</LowLevelInputs><GuiScale>1.0</GuiScale><GammaSetting>2.0</GammaSetting><FOVSetting>70.0</FOVSetting><FakeCursorSize>16</FakeCursorSize><Inventory><InventoryObject slot="0" type="jungle_stairs" quantity="36"/><InventoryObject slot="1" type="cake" quantity="43"/><InventoryObject slot="2" type="jungle_fence_gate" quantity="18"/><InventoryObject slot="3" type="brown_mushroom" quantity="6"/><InventoryObject slot="4" type="flower_pot" quantity="43"/><InventoryObject slot="5" type="birch_door" quantity="59"/><InventoryObject slot="6" type="cactus" quantity="26"/><InventoryObject slot="7" type="sea_lantern" quantity="34"/><InventoryObject slot="8" type="birch_fence_gate" quantity="48"/><InventoryObject slot="9" type="red_mushroom_block" quantity="34"/><InventoryObject slot="10" type="cake" quantity="55"/><InventoryObject slot="11" type="piston" quantity="30"/><InventoryObject slot="12" type="red_mushroom_block" quantity="47"/><InventoryObject slot="13" type="jungle_fence_gate" quantity="41"/><InventoryObject slot="14" type="brown_mushroom_block" quantity="20"/><InventoryObject slot="15" type="birch_stairs" quantity="31"/><InventoryObject slot="16" type="acacia_fence" quantity="42"/><InventoryObject slot="17" type="torch" quantity="22"/><InventoryObject slot="18" type="furnace" quantity="3"/><InventoryObject slot="19" type="hopper" quantity="33"/><InventoryObject slot="20" type="coal_ore" quantity="7"/><InventoryObject slot="21" type="birch_door" quantity="2"/><InventoryObject slot="22" type="detector_rail" quantity="2"/><InventoryObject slot="23" type="snow" quantity="9"/><InventoryObject slot="24" type="lapis_block" quantity="45"/><InventoryObject slot="25" type="torch" quantity="38"/><InventoryObject slot="26" type="sponge" quantity="21"/><InventoryObject slot="27" type="end_portal_frame" quantity="12"/><InventoryObject slot="28" type="red_sandstone_stairs" quantity="45"/><InventoryObject slot="29" type="sand" quantity="33"/><InventoryObject slot="30" type="acacia_stairs" quantity="15"/><InventoryObject slot="31" type="jungle_fence" quantity="23"/><InventoryObject slot="32" type="gravel" quantity="6"/><InventoryObject slot="33" type="coal_ore" quantity="4"/><InventoryObject slot="34" type="iron_door" quantity="41"/><InventoryObject slot="35" type="spruce_fence_gate" quantity="1"/></Inventory><PreferredSpawnBiome>plains</PreferredSpawnBiome><DoneOnDeath>true</DoneOnDeath><SpawnInVillage>true</SpawnInVillage></AgentStart><AgentHandlers><FileBasedPerformanceProducer/><PauseCommand/><VideoProducer want_depth="false"><Width>640</Width><Height>360</Height></VideoProducer><HumanLevelCommands/><CameraCommands/></AgentHandlers></AgentSection></Mission><ExperimentUID>cb10b9da-bd1d-4324-997b-f68345a7a7a4</ExperimentUID><ClientRole>0</ClientRole><ClientAgentConnection><ClientIPAddress>127.0.0.1</ClientIPAddress><ClientMissionControlPort>0</ClientMissionControlPort><ClientCommandsPort>0</ClientCommandsPort><AgentIPAddress>127.0.0.1</AgentIPAddress><AgentMissionControlPort>0</AgentMissionControlPort><AgentVideoPort>0</AgentVideoPort><AgentDepthPort>0</AgentDepthPort><AgentLuminancePort>0</AgentLuminancePort><AgentObservationsPort>0</AgentObservationsPort><AgentRewardsPort>0</AgentRewardsPort><AgentColourMapPort>0</AgentColourMapPort></ClientAgentConnection></MissionInit>
[14:54:51] [Render thread/INFO]: [STDOUT]: *** creating fake mouse cursor ***
[14:54:51] [EnvServerSocketHandler/INFO]: [STDOUT]: Setting width, height to 640, 360
[14:54:51] [EnvServerSocketHandler/INFO]: [STDOUT]: Gamma: 2.0
[14:54:51] [EnvServerSocketHandler/INFO]: [STDOUT]: FOV: 70.0
[14:54:51] [EnvServerSocketHandler/INFO]: [STDOUT]: GuiScale: 1.0
[14:54:51] [Render thread/INFO]: [STDOUT]: Seed not provided, generating random one: 4927186903780401590
[14:54:53] [Render thread/WARN]: Ambiguity between arguments [teleport, destination] and [teleport, targets] with inputs: [Player, 0123, @e, dd12be42-52a9-4a91-a8a1-11c01849e498]
[14:54:53] [Render thread/WARN]: Ambiguity between arguments [teleport, location] and [teleport, destination] with inputs: [0.1 -0.5 .9, 0 0 0]
[14:54:53] [Render thread/WARN]: Ambiguity between arguments [teleport, location] and [teleport, targets] with inputs: [0.1 -0.5 .9, 0 0 0]
[14:54:53] [Render thread/WARN]: Ambiguity between arguments [teleport, targets] and [teleport, destination] with inputs: [Player, 0123, dd12be42-52a9-4a91-a8a1-11c01849e498]
[14:54:53] [Render thread/WARN]: Ambiguity between arguments [teleport, targets, location] and [teleport, targets, destination] with inputs: [0.1 -0.5 .9, 0 0 0]
[14:54:53] [Render thread/INFO]: Reloading ResourceManager: Default
[14:54:54] [Render thread/INFO]: Loaded 7 recipes
[14:54:54] [Render thread/INFO]: Loaded 927 advancements
[14:54:56] [Render thread/INFO]: Environment: authHost='https://authserver.mojang.com', accountsHost='https://api.mojang.com', sessionHost='https://sessionserver.mojang.com', servicesHost='https://api.minecraftservices.com', name='PROD'
[14:54:56] [Render thread/INFO]: Starting integrated minecraft server version 1.16.5
[14:54:56] [Render thread/INFO]: Generating keypair
2022-07-04 14:55:06,104 Worker-Main-7 WARN Unable to register Log4j shutdown hook because JVM is shutting down. Using SimpleLogger
