[15:16:34] [Thread-4/INFO]: [STDOUT]: SERVER enter state: DORMANT
[15:16:34] [EnvServerSocketHandler/INFO]: Received Mission token 70af4f2f-4080-4df8-896e-0f9ad63ce72b:0:0:1:true
[15:16:34] [EnvServerSocketHandler/INFO]: Received mission init command  <MissionInit xmlns="http://ProjectMalmo.microsoft.com" xmlns:xsi="http://www.w3.org/2001/XMLSchema-instance" SchemaVersion="" PlatformVersion="0.37.0"><Mission><About><Summary>MineRLBasaltBuildVillageHouse-v0</Summary></About><ModSettings><MsPerTick>50</MsPerTick></ModSettings><ServerSection><ServerInitialConditions><Time><AllowPassageOfTime>false</AllowPassageOfTime></Time><AllowSpawning>true</AllowSpawning></ServerInitialConditions><ServerHandlers><DefaultWorldGenerator forceReset="true" generatorOptions="{}"/><ServerQuitFromTimeUp timeLimitMs="720000" description="out_of_time"/><ServerQuitWhenAnyAgentFinishes/></ServerHandlers></ServerSection><AgentSection mode="Survival"><Name>MineRLAgent0</Name><AgentStart><LowLevelInputs>true</LowLevelInputs><GuiScale>1.0</GuiScale><GammaSetting>2.0</GammaSetting><FOVSetting>70.0</FOVSetting><FakeCursorSize>16</FakeCursorSize><Inventory><InventoryObject slot="0" type="acacia_door" quantity="19"/><InventoryObject slot="1" type="flower_pot" quantity="29"/><InventoryObject slot="2" type="ender_chest" quantity="16"/><InventoryObject slot="3" type="brown_mushroom" quantity="59"/><InventoryObject slot="4" type="sticky_piston" quantity="49"/><InventoryObject slot="5" type="detector_rail" quantity="61"/><InventoryObject slot="6" type="dark_oak_fence" quantity="60"/><InventoryObject slot="7" type="piston" quantity="24"/><InventoryObject slot="8" type="anvil" quantity="9"/><InventoryObject slot="9" type="birch_stairs" quantity="58"/><InventoryObject slot="10" type="brewing_stand" quantity="47"/><InventoryObject slot="11" type="red_sandstone_stairs" quantity="14"/><InventoryObject slot="12" type="gold_ore" quantity="41"/><InventoryObject slot="13" type="redstone_block" quantity="3"/><InventoryObject slot="14" type="stone" quantity="27"/><InventoryObject slot="15" type="red_sandstone" quantity="55"/><InventoryObject slot="16" type="snow" quantity="54"/><InventoryObject slot="17" type="redstone_torch" quantity="64"/><InventoryObject slot="18" type="tnt" quantity="47"/><InventoryObject slot="19" type="cauldron" quantity="56"/><InventoryObject slot="20" type="cauldron" quantity="48"/><InventoryObject slot="21" type="vine" quantity="41"/><InventoryObject slot="22" type="gravel" quantity="56"/><InventoryObject slot="23" type="ender_chest" quantity="9"/><InventoryObject slot="24" type="cake" quantity="1"/><InventoryObject slot="25" type="tnt" quantity="50"/><InventoryObject slot="26" type="jungle_fence_gate" quantity="3"/><InventoryObject slot="27" type="lapis_block" quantity="42"/><InventoryObject slot="28" type="chest" quantity="14"/><InventoryObject slot="29" type="stone_pressure_plate" quantity="63"/><InventoryObject slot="30" type="sea_lantern" quantity="44"/><InventoryObject slot="31" type="iron_door" quantity="23"/><InventoryObject slot="32" type="barrier" quantity="22"/><InventoryObject slot="33" type="cake" quantity="32"/><InventoryObject slot="34" type="glass_pane" quantity="56"/><InventoryObject slot="35" type="iron_door" quantity="34"/></Inventory><PreferredSpawnBiome>plains</PreferredSpawnBiome><DoneOnDeath>true</DoneOnDeath><SpawnInVillage>true</SpawnInVillage></AgentStart><AgentHandlers><FileBasedPerformanceProducer/><PauseCommand/><VideoProducer want_depth="false"><Width>640</Width><Height>360</Height></VideoProducer><HumanLevelCommands/><CameraCommands/></AgentHandlers></AgentSection></Mission><ExperimentUID>70af4f2f-4080-4df8-896e-0f9ad63ce72b</ExperimentUID><ClientRole>0</ClientRole><ClientAgentConnection><ClientIPAddress>127.0.0.1</ClientIPAddress><ClientMissionControlPort>0</ClientMissionControlPort><ClientCommandsPort>0</ClientCommandsPort><AgentIPAddress>127.0.0.1</AgentIPAddress><AgentMissionControlPort>0</AgentMissionControlPort><AgentVideoPort>0</AgentVideoPort><AgentDepthPort>0</AgentDepthPort><AgentLuminancePort>0</AgentLuminancePort><AgentObservationsPort>0</AgentObservationsPort><AgentRewardsPort>0</AgentRewardsPort><AgentColourMapPort>0</AgentColourMapPort></ClientAgentConnection></MissionInit>
[15:16:36] [EnvServerSocketHandler/INFO]: [STDOUT]: Setting width, height to 640, 360
[15:16:36] [EnvServerSocketHandler/INFO]: [STDOUT]: Gamma: 2.0
[15:16:36] [EnvServerSocketHandler/INFO]: [STDOUT]: FOV: 70.0
[15:16:36] [EnvServerSocketHandler/INFO]: [STDOUT]: GuiScale: 1.0
[15:16:36] [Render thread/INFO]: [STDOUT]: *** creating fake mouse cursor ***
[15:16:36] [Render thread/INFO]: [STDOUT]: Seed not provided, generating random one: -7314416179732833607
[15:16:38] [Render thread/WARN]: Ambiguity between arguments [teleport, destination] and [teleport, targets] with inputs: [Player, 0123, @e, dd12be42-52a9-4a91-a8a1-11c01849e498]
[15:16:38] [Render thread/WARN]: Ambiguity between arguments [teleport, location] and [teleport, destination] with inputs: [0.1 -0.5 .9, 0 0 0]
[15:16:38] [Render thread/WARN]: Ambiguity between arguments [teleport, location] and [teleport, targets] with inputs: [0.1 -0.5 .9, 0 0 0]
[15:16:38] [Render thread/WARN]: Ambiguity between arguments [teleport, targets] and [teleport, destination] with inputs: [Player, 0123, dd12be42-52a9-4a91-a8a1-11c01849e498]
[15:16:38] [Render thread/WARN]: Ambiguity between arguments [teleport, targets, location] and [teleport, targets, destination] with inputs: [0.1 -0.5 .9, 0 0 0]
[15:16:38] [Render thread/INFO]: Reloading ResourceManager: Default
[15:16:38] [Render thread/INFO]: Loaded 7 recipes
[15:16:39] [Render thread/INFO]: Loaded 927 advancements
[15:16:40] [Render thread/INFO]: Environment: authHost='https://authserver.mojang.com', accountsHost='https://api.mojang.com', sessionHost='https://sessionserver.mojang.com', servicesHost='https://api.minecraftservices.com', name='PROD'
[15:16:41] [Render thread/INFO]: Starting integrated minecraft server version 1.16.5
[15:16:41] [Render thread/INFO]: Generating keypair
[15:16:56] [Render thread/INFO]: Preparing start region for dimension minecraft:overworld
[15:17:18] [Render thread/INFO]: Changing view distance to 11, from 10
[15:17:19] [Render thread/INFO]: MineRLAgent0[local:E:db156ead] logged in with entity id 276 at (38.5, 67.0, -1746.5)
[15:17:19] [Render thread/INFO]: MineRLAgent0 joined the game
[15:17:19] [Render thread/INFO]: Preparing spawn area: 0%
[15:17:19] [Render thread/INFO]: Time elapsed: 4 ms
[15:17:20] [Render thread/INFO]: [STDOUT]: Starting new video null
[15:17:20] [Render thread/INFO]: Saving and pausing game...
[15:17:20] [Render thread/INFO]: Saving chunks for level 'ServerLevel[mcpworldabfcf1c1b7d5]'/minecraft:overworld
[15:17:21] [Render thread/INFO]: Saving chunks for level 'ServerLevel[mcpworldabfcf1c1b7d5]'/minecraft:the_nether
[15:17:21] [Render thread/INFO]: Saving chunks for level 'ServerLevel[mcpworldabfcf1c1b7d5]'/minecraft:the_end
[15:17:22] [Render thread/INFO]: Loaded 70 advancements
[15:17:32] [EnvServerSocketHandler/INFO]: [STDOUT]: *** Stopping the replay, returning control to the inputs
