[15:30:57] [Thread-4/INFO]: [STDOUT]: SERVER enter state: DORMANT
[15:30:57] [EnvServerSocketHandler/INFO]: Received Mission token ab6fc641-b9bb-4126-828c-2c8a6db3a334:0:0:1:true
[15:30:57] [EnvServerSocketHandler/INFO]: Received mission init command  <MissionInit xmlns="http://ProjectMalmo.microsoft.com" xmlns:xsi="http://www.w3.org/2001/XMLSchema-instance" SchemaVersion="" PlatformVersion="0.37.0"><Mission><About><Summary>MineRLBasaltBuildVillageHouse-v0</Summary></About><ModSettings><MsPerTick>50</MsPerTick></ModSettings><ServerSection><ServerInitialConditions><Time><AllowPassageOfTime>false</AllowPassageOfTime></Time><AllowSpawning>true</AllowSpawning></ServerInitialConditions><ServerHandlers><DefaultWorldGenerator forceReset="true" generatorOptions="{}"/><ServerQuitFromTimeUp timeLimitMs="720000" description="out_of_time"/><ServerQuitWhenAnyAgentFinishes/></ServerHandlers></ServerSection><AgentSection mode="Survival"><Name>MineRLAgent0</Name><AgentStart><LowLevelInputs>true</LowLevelInputs><GuiScale>1.0</GuiScale><GammaSetting>2.0</GammaSetting><FOVSetting>70.0</FOVSetting><FakeCursorSize>16</FakeCursorSize><Inventory><InventoryObject slot="0" type="diamond_block" quantity="8"/><InventoryObject slot="1" type="stone_brick_stairs" quantity="24"/><InventoryObject slot="2" type="ladder" quantity="56"/><InventoryObject slot="3" type="red_mushroom_block" quantity="1"/><InventoryObject slot="4" type="rail" quantity="17"/><InventoryObject slot="5" type="cactus" quantity="36"/><InventoryObject slot="6" type="spruce_fence" quantity="17"/><InventoryObject slot="7" type="nether_brick_fence" quantity="20"/><InventoryObject slot="8" type="jukebox" quantity="20"/><InventoryObject slot="9" type="dragon_egg" quantity="29"/><InventoryObject slot="10" type="clay" quantity="40"/><InventoryObject slot="11" type="iron_trapdoor" quantity="2"/><InventoryObject slot="12" type="snow" quantity="43"/><InventoryObject slot="13" type="chest" quantity="24"/><InventoryObject slot="14" type="packed_ice" quantity="45"/><InventoryObject slot="15" type="tnt" quantity="31"/><InventoryObject slot="16" type="red_mushroom_block" quantity="6"/><InventoryObject slot="17" type="redstone_ore" quantity="41"/><InventoryObject slot="18" type="nether_brick_fence" quantity="15"/><InventoryObject slot="19" type="iron_bars" quantity="45"/><InventoryObject slot="20" type="hay_block" quantity="3"/><InventoryObject slot="21" type="glass_pane" quantity="39"/><InventoryObject slot="22" type="diamond_block" quantity="13"/><InventoryObject slot="23" type="brewing_stand" quantity="49"/><InventoryObject slot="24" type="nether_brick_fence" quantity="12"/><InventoryObject slot="25" type="jungle_door" quantity="14"/><InventoryObject slot="26" type="redstone_block" quantity="33"/><InventoryObject slot="27" type="acacia_fence_gate" quantity="43"/><InventoryObject slot="28" type="packed_ice" quantity="58"/><InventoryObject slot="29" type="stone_pressure_plate" quantity="60"/><InventoryObject slot="30" type="red_sandstone_stairs" quantity="37"/><InventoryObject slot="31" type="chest" quantity="3"/><InventoryObject slot="32" type="heavy_weighted_pressure_plate" quantity="4"/><InventoryObject slot="33" type="prismarine" quantity="9"/><InventoryObject slot="34" type="furnace" quantity="43"/><InventoryObject slot="35" type="sticky_piston" quantity="46"/></Inventory><PreferredSpawnBiome>plains</PreferredSpawnBiome><DoneOnDeath>true</DoneOnDeath><SpawnInVillage>true</SpawnInVillage></AgentStart><AgentHandlers><FileBasedPerformanceProducer/><PauseCommand/><VideoProducer want_depth="false"><Width>640</Width><Height>360</Height></VideoProducer><HumanLevelCommands/><CameraCommands/></AgentHandlers></AgentSection></Mission><ExperimentUID>ab6fc641-b9bb-4126-828c-2c8a6db3a334</ExperimentUID><ClientRole>0</ClientRole><ClientAgentConnection><ClientIPAddress>127.0.0.1</ClientIPAddress><ClientMissionControlPort>0</ClientMissionControlPort><ClientCommandsPort>0</ClientCommandsPort><AgentIPAddress>127.0.0.1</AgentIPAddress><AgentMissionControlPort>0</AgentMissionControlPort><AgentVideoPort>0</AgentVideoPort><AgentDepthPort>0</AgentDepthPort><AgentLuminancePort>0</AgentLuminancePort><AgentObservationsPort>0</AgentObservationsPort><AgentRewardsPort>0</AgentRewardsPort><AgentColourMapPort>0</AgentColourMapPort></ClientAgentConnection></MissionInit>
[15:30:59] [EnvServerSocketHandler/INFO]: [STDOUT]: Setting width, height to 640, 360
[15:30:59] [EnvServerSocketHandler/INFO]: [STDOUT]: Gamma: 2.0
[15:30:59] [EnvServerSocketHandler/INFO]: [STDOUT]: FOV: 70.0
[15:30:59] [EnvServerSocketHandler/INFO]: [STDOUT]: GuiScale: 1.0
[15:30:59] [Render thread/INFO]: [STDOUT]: Seed not provided, generating random one: -4139702087858822629
[15:31:00] [Render thread/WARN]: Ambiguity between arguments [teleport, destination] and [teleport, targets] with inputs: [Player, 0123, @e, dd12be42-52a9-4a91-a8a1-11c01849e498]
[15:31:00] [Render thread/WARN]: Ambiguity between arguments [teleport, location] and [teleport, destination] with inputs: [0.1 -0.5 .9, 0 0 0]
[15:31:00] [Render thread/WARN]: Ambiguity between arguments [teleport, location] and [teleport, targets] with inputs: [0.1 -0.5 .9, 0 0 0]
[15:31:00] [Render thread/WARN]: Ambiguity between arguments [teleport, targets] and [teleport, destination] with inputs: [Player, 0123, dd12be42-52a9-4a91-a8a1-11c01849e498]
[15:31:00] [Render thread/WARN]: Ambiguity between arguments [teleport, targets, location] and [teleport, targets, destination] with inputs: [0.1 -0.5 .9, 0 0 0]
[15:31:00] [Render thread/INFO]: Reloading ResourceManager: Default
[15:31:01] [Render thread/INFO]: Loaded 7 recipes
[15:31:01] [Render thread/INFO]: Loaded 927 advancements
[15:31:01] [Render thread/INFO]: [STDOUT]: *** creating fake mouse cursor ***
[15:31:03] [Render thread/INFO]: Environment: authHost='https://authserver.mojang.com', accountsHost='https://api.mojang.com', sessionHost='https://sessionserver.mojang.com', servicesHost='https://api.minecraftservices.com', name='PROD'
[15:31:03] [Render thread/INFO]: Starting integrated minecraft server version 1.16.5
[15:31:03] [Render thread/INFO]: Generating keypair
[15:31:15] [Render thread/INFO]: Preparing start region for dimension minecraft:overworld
[15:31:41] [Render thread/INFO]: Changing view distance to 11, from 10
[15:31:42] [Render thread/INFO]: MineRLAgent0[local:E:e1a51637] logged in with entity id 166 at (2322.5, 75.0, -997.5)
[15:31:42] [Render thread/INFO]: MineRLAgent0 joined the game
[15:31:43] [Render thread/INFO]: Preparing spawn area: 0%
[15:31:43] [Render thread/INFO]: Time elapsed: 20 ms
[15:31:43] [Render thread/INFO]: [STDOUT]: Starting new video null
[15:31:43] [Render thread/INFO]: Saving and pausing game...
[15:31:43] [Render thread/INFO]: Saving chunks for level 'ServerLevel[mcpworldabfcf1c1b7d5]'/minecraft:overworld
[15:31:46] [Render thread/INFO]: Saving chunks for level 'ServerLevel[mcpworldabfcf1c1b7d5]'/minecraft:the_nether
[15:31:46] [Render thread/INFO]: Saving chunks for level 'ServerLevel[mcpworldabfcf1c1b7d5]'/minecraft:the_end
[15:31:47] [Render thread/INFO]: MineRLAgent0 has reached the goal [The Next Generation]
[15:31:47] [Render thread/INFO]: [CHAT] MineRLAgent0 has reached the goal [The Next Generation]
[15:31:47] [Render thread/INFO]: Loaded 40 advancements
[15:31:56] [EnvServerSocketHandler/INFO]: [STDOUT]: *** Stopping the replay, returning control to the inputs
