[15:02:58] [Thread-4/INFO]: [STDOUT]: SERVER enter state: DORMANT
[15:02:58] [EnvServerSocketHandler/INFO]: Received Mission token 46e80edc-3c02-4c09-974e-d89a5a85bf06:0:0:1:true
[15:02:58] [EnvServerSocketHandler/INFO]: Received mission init command  <MissionInit xmlns="http://ProjectMalmo.microsoft.com" xmlns:xsi="http://www.w3.org/2001/XMLSchema-instance" SchemaVersion="" PlatformVersion="0.37.0"><Mission><About><Summary>MineRLBasaltBuildVillageHouse-v0</Summary></About><ModSettings><MsPerTick>50</MsPerTick></ModSettings><ServerSection><ServerInitialConditions><Time><AllowPassageOfTime>false</AllowPassageOfTime></Time><AllowSpawning>true</AllowSpawning></ServerInitialConditions><ServerHandlers><DefaultWorldGenerator forceReset="true" generatorOptions="{}"/><ServerQuitFromTimeUp timeLimitMs="720000" description="out_of_time"/><ServerQuitWhenAnyAgentFinishes/></ServerHandlers></ServerSection><AgentSection mode="Survival"><Name>MineRLAgent0</Name><AgentStart><LowLevelInputs>true</LowLevelInputs><GuiScale>1.0</GuiScale><GammaSetting>2.0</GammaSetting><FOVSetting>70.0</FOVSetting><FakeCursorSize>16</FakeCursorSize><Inventory><InventoryObject slot="0" type="diamond_block" quantity="3"/><InventoryObject slot="1" type="coal_block" quantity="56"/><InventoryObject slot="2" type="bookshelf" quantity="25"/><InventoryObject slot="3" type="farmland" quantity="12"/><InventoryObject slot="4" type="heavy_weighted_pressure_plate" quantity="32"/><InventoryObject slot="5" type="packed_ice" quantity="25"/><InventoryObject slot="6" type="iron_trapdoor" quantity="57"/><InventoryObject slot="7" type="dark_oak_fence_gate" quantity="61"/><InventoryObject slot="8" type="nether_brick_stairs" quantity="62"/><InventoryObject slot="9" type="redstone_lamp" quantity="19"/><InventoryObject slot="10" type="nether_brick_fence" quantity="37"/><InventoryObject slot="11" type="mossy_cobblestone" quantity="52"/><InventoryObject slot="12" type="stone_pressure_plate" quantity="27"/><InventoryObject slot="13" type="dropper" quantity="14"/><InventoryObject slot="14" type="iron_trapdoor" quantity="13"/><InventoryObject slot="15" type="jukebox" quantity="49"/><InventoryObject slot="16" type="obsidian" quantity="14"/><InventoryObject slot="17" type="stone_button" quantity="1"/><InventoryObject slot="18" type="diamond_block" quantity="33"/><InventoryObject slot="19" type="bookshelf" quantity="50"/><InventoryObject slot="20" type="redstone_torch" quantity="41"/><InventoryObject slot="21" type="jungle_door" quantity="15"/><InventoryObject slot="22" type="command_block" quantity="46"/><InventoryObject slot="23" type="piston" quantity="12"/><InventoryObject slot="24" type="oak_stairs" quantity="25"/><InventoryObject slot="25" type="redstone_ore" quantity="16"/><InventoryObject slot="26" type="sandstone_stairs" quantity="11"/><InventoryObject slot="27" type="cobblestone" quantity="35"/><InventoryObject slot="28" type="iron_block" quantity="63"/><InventoryObject slot="29" type="ender_chest" quantity="51"/><InventoryObject slot="30" type="flower_pot" quantity="9"/><InventoryObject slot="31" type="birch_stairs" quantity="15"/><InventoryObject slot="32" type="trapped_chest" quantity="47"/><InventoryObject slot="33" type="jungle_fence_gate" quantity="15"/><InventoryObject slot="34" type="end_stone" quantity="23"/><InventoryObject slot="35" type="ice" quantity="34"/></Inventory><PreferredSpawnBiome>plains</PreferredSpawnBiome><DoneOnDeath>true</DoneOnDeath><SpawnInVillage>true</SpawnInVillage></AgentStart><AgentHandlers><FileBasedPerformanceProducer/><PauseCommand/><VideoProducer want_depth="false"><Width>640</Width><Height>360</Height></VideoProducer><HumanLevelCommands/><CameraCommands/></AgentHandlers></AgentSection></Mission><ExperimentUID>46e80edc-3c02-4c09-974e-d89a5a85bf06</ExperimentUID><ClientRole>0</ClientRole><ClientAgentConnection><ClientIPAddress>127.0.0.1</ClientIPAddress><ClientMissionControlPort>0</ClientMissionControlPort><ClientCommandsPort>0</ClientCommandsPort><AgentIPAddress>127.0.0.1</AgentIPAddress><AgentMissionControlPort>0</AgentMissionControlPort><AgentVideoPort>0</AgentVideoPort><AgentDepthPort>0</AgentDepthPort><AgentLuminancePort>0</AgentLuminancePort><AgentObservationsPort>0</AgentObservationsPort><AgentRewardsPort>0</AgentRewardsPort><AgentColourMapPort>0</AgentColourMapPort></ClientAgentConnection></MissionInit>
[15:03:00] [Render thread/INFO]: [STDOUT]: *** creating fake mouse cursor ***
[15:03:00] [EnvServerSocketHandler/INFO]: [STDOUT]: Setting width, height to 640, 360
[15:03:00] [EnvServerSocketHandler/INFO]: [STDOUT]: Gamma: 2.0
[15:03:00] [EnvServerSocketHandler/INFO]: [STDOUT]: FOV: 70.0
[15:03:00] [EnvServerSocketHandler/INFO]: [STDOUT]: GuiScale: 1.0
[15:03:00] [Render thread/INFO]: [STDOUT]: Seed not provided, generating random one: -607163631127135554
[15:03:01] [Render thread/WARN]: Ambiguity between arguments [teleport, destination] and [teleport, targets] with inputs: [Player, 0123, @e, dd12be42-52a9-4a91-a8a1-11c01849e498]
[15:03:01] [Render thread/WARN]: Ambiguity between arguments [teleport, location] and [teleport, destination] with inputs: [0.1 -0.5 .9, 0 0 0]
[15:03:01] [Render thread/WARN]: Ambiguity between arguments [teleport, location] and [teleport, targets] with inputs: [0.1 -0.5 .9, 0 0 0]
[15:03:01] [Render thread/WARN]: Ambiguity between arguments [teleport, targets] and [teleport, destination] with inputs: [Player, 0123, dd12be42-52a9-4a91-a8a1-11c01849e498]
[15:03:01] [Render thread/WARN]: Ambiguity between arguments [teleport, targets, location] and [teleport, targets, destination] with inputs: [0.1 -0.5 .9, 0 0 0]
[15:03:01] [Render thread/INFO]: Reloading ResourceManager: Default
[15:03:02] [Render thread/INFO]: Loaded 7 recipes
[15:03:03] [Render thread/INFO]: Loaded 927 advancements
[15:03:05] [Render thread/INFO]: Environment: authHost='https://authserver.mojang.com', accountsHost='https://api.mojang.com', sessionHost='https://sessionserver.mojang.com', servicesHost='https://api.minecraftservices.com', name='PROD'
[15:03:05] [Render thread/INFO]: Starting integrated minecraft server version 1.16.5
[15:03:05] [Render thread/INFO]: Generating keypair
[15:03:10] [Render thread/INFO]: Preparing start region for dimension minecraft:overworld
[15:03:18] [Render thread/INFO]: Changing view distance to 11, from 10
[15:03:19] [Render thread/INFO]: MineRLAgent0[local:E:bd1500e5] logged in with entity id 91 at (-725.5, 70.0, 748.5)
[15:03:19] [Render thread/INFO]: MineRLAgent0 joined the game
[15:03:19] [Render thread/INFO]: Preparing spawn area: 0%
[15:03:19] [Render thread/INFO]: Time elapsed: 70 ms
[15:03:20] [Render thread/INFO]: [STDOUT]: Starting new video null
[15:03:20] [Render thread/INFO]: Saving and pausing game...
[15:03:20] [Render thread/INFO]: Saving chunks for level 'ServerLevel[mcpworldb7d5fd82f9c8]'/minecraft:overworld
[15:03:21] [Render thread/INFO]: Saving chunks for level 'ServerLevel[mcpworldb7d5fd82f9c8]'/minecraft:the_nether
[15:03:21] [Render thread/INFO]: Saving chunks for level 'ServerLevel[mcpworldb7d5fd82f9c8]'/minecraft:the_end
[15:03:22] [Render thread/INFO]: MineRLAgent0 has made the advancement [Ice Bucket Challenge]
[15:03:22] [Render thread/INFO]: MineRLAgent0 has made the advancement [Stone Age]
[15:03:23] [Render thread/INFO]: [CHAT] MineRLAgent0 has made the advancement [Ice Bucket Challenge]
[15:03:23] [Render thread/INFO]: [CHAT] MineRLAgent0 has made the advancement [Stone Age]
[15:03:23] [Render thread/INFO]: Loaded 48 advancements
[15:03:32] [EnvServerSocketHandler/INFO]: [STDOUT]: *** Stopping the replay, returning control to the inputs
