[15:54:34] [Thread-4/INFO]: [STDOUT]: SERVER enter state: DORMANT
[15:54:34] [EnvServerSocketHandler/INFO]: Received Mission token a83e99b4-a0e2-4e96-8d5e-2c062940ca9e:0:0:1:true
[15:54:34] [EnvServerSocketHandler/INFO]: Received mission init command  <MissionInit xmlns="http://ProjectMalmo.microsoft.com" xmlns:xsi="http://www.w3.org/2001/XMLSchema-instance" SchemaVersion="" PlatformVersion="0.37.0"><Mission><About><Summary>MineRLBasaltBuildVillageHouse-v0</Summary></About><ModSettings><MsPerTick>50</MsPerTick></ModSettings><ServerSection><ServerInitialConditions><Time><AllowPassageOfTime>false</AllowPassageOfTime></Time><AllowSpawning>true</AllowSpawning></ServerInitialConditions><ServerHandlers><DefaultWorldGenerator forceReset="true" generatorOptions="{}"/><ServerQuitFromTimeUp timeLimitMs="720000" description="out_of_time"/><ServerQuitWhenAnyAgentFinishes/></ServerHandlers></ServerSection><AgentSection mode="Survival"><Name>MineRLAgent0</Name><AgentStart><LowLevelInputs>true</LowLevelInputs><GuiScale>1.0</GuiScale><GammaSetting>2.0</GammaSetting><FOVSetting>70.0</FOVSetting><FakeCursorSize>16</FakeCursorSize><Inventory><InventoryObject slot="0" type="iron_block" quantity="38"/><InventoryObject slot="1" type="dark_oak_fence" quantity="29"/><InventoryObject slot="2" type="quartz_stairs" quantity="43"/><InventoryObject slot="3" type="birch_fence" quantity="51"/><InventoryObject slot="4" type="stone_slab" quantity="30"/><InventoryObject slot="5" type="gold_ore" quantity="60"/><InventoryObject slot="6" type="redstone_lamp" quantity="25"/><InventoryObject slot="7" type="iron_door" quantity="51"/><InventoryObject slot="8" type="quartz_stairs" quantity="33"/><InventoryObject slot="9" type="glass_pane" quantity="23"/><InventoryObject slot="10" type="jukebox" quantity="35"/><InventoryObject slot="11" type="stone_pressure_plate" quantity="31"/><InventoryObject slot="12" type="flower_pot" quantity="23"/><InventoryObject slot="13" type="dropper" quantity="18"/><InventoryObject slot="14" type="clay" quantity="39"/><InventoryObject slot="15" type="farmland" quantity="55"/><InventoryObject slot="16" type="quartz_block" quantity="3"/><InventoryObject slot="17" type="grass" quantity="3"/><InventoryObject slot="18" type="furnace" quantity="14"/><InventoryObject slot="19" type="hopper" quantity="63"/><InventoryObject slot="20" type="jungle_fence" quantity="18"/><InventoryObject slot="21" type="snow" quantity="58"/><InventoryObject slot="22" type="chest" quantity="55"/><InventoryObject slot="23" type="brown_mushroom" quantity="7"/><InventoryObject slot="24" type="nether_brick" quantity="26"/><InventoryObject slot="25" type="nether_wart" quantity="11"/><InventoryObject slot="26" type="jungle_fence" quantity="35"/><InventoryObject slot="27" type="sticky_piston" quantity="21"/><InventoryObject slot="28" type="gold_ore" quantity="28"/><InventoryObject slot="29" type="chest" quantity="48"/><InventoryObject slot="30" type="acacia_fence_gate" quantity="56"/><InventoryObject slot="31" type="dirt" quantity="24"/><InventoryObject slot="32" type="red_sandstone_stairs" quantity="35"/><InventoryObject slot="33" type="stone_button" quantity="47"/><InventoryObject slot="34" type="dark_oak_fence" quantity="23"/><InventoryObject slot="35" type="emerald_ore" quantity="2"/></Inventory><PreferredSpawnBiome>plains</PreferredSpawnBiome><DoneOnDeath>true</DoneOnDeath><SpawnInVillage>true</SpawnInVillage></AgentStart><AgentHandlers><FileBasedPerformanceProducer/><PauseCommand/><VideoProducer want_depth="false"><Width>640</Width><Height>360</Height></VideoProducer><HumanLevelCommands/><CameraCommands/></AgentHandlers></AgentSection></Mission><ExperimentUID>a83e99b4-a0e2-4e96-8d5e-2c062940ca9e</ExperimentUID><ClientRole>0</ClientRole><ClientAgentConnection><ClientIPAddress>127.0.0.1</ClientIPAddress><ClientMissionControlPort>0</ClientMissionControlPort><ClientCommandsPort>0</ClientCommandsPort><AgentIPAddress>127.0.0.1</AgentIPAddress><AgentMissionControlPort>0</AgentMissionControlPort><AgentVideoPort>0</AgentVideoPort><AgentDepthPort>0</AgentDepthPort><AgentLuminancePort>0</AgentLuminancePort><AgentObservationsPort>0</AgentObservationsPort><AgentRewardsPort>0</AgentRewardsPort><AgentColourMapPort>0</AgentColourMapPort></ClientAgentConnection></MissionInit>
[15:54:35] [EnvServerSocketHandler/INFO]: [STDOUT]: Setting width, height to 640, 360
[15:54:35] [EnvServerSocketHandler/INFO]: [STDOUT]: Gamma: 2.0
[15:54:35] [EnvServerSocketHandler/INFO]: [STDOUT]: FOV: 70.0
[15:54:35] [Render thread/INFO]: [STDOUT]: *** creating fake mouse cursor ***
[15:54:35] [EnvServerSocketHandler/INFO]: [STDOUT]: GuiScale: 1.0
[15:54:36] [Render thread/INFO]: [STDOUT]: Seed not provided, generating random one: -4594035681694047824
[15:54:37] [Render thread/WARN]: Ambiguity between arguments [teleport, destination] and [teleport, targets] with inputs: [Player, 0123, @e, dd12be42-52a9-4a91-a8a1-11c01849e498]
[15:54:37] [Render thread/WARN]: Ambiguity between arguments [teleport, location] and [teleport, destination] with inputs: [0.1 -0.5 .9, 0 0 0]
[15:54:37] [Render thread/WARN]: Ambiguity between arguments [teleport, location] and [teleport, targets] with inputs: [0.1 -0.5 .9, 0 0 0]
[15:54:37] [Render thread/WARN]: Ambiguity between arguments [teleport, targets] and [teleport, destination] with inputs: [Player, 0123, dd12be42-52a9-4a91-a8a1-11c01849e498]
[15:54:37] [Render thread/WARN]: Ambiguity between arguments [teleport, targets, location] and [teleport, targets, destination] with inputs: [0.1 -0.5 .9, 0 0 0]
[15:54:37] [Render thread/INFO]: Reloading ResourceManager: Default
[15:54:38] [Render thread/INFO]: Loaded 7 recipes
[15:54:38] [Render thread/INFO]: Loaded 927 advancements
[15:54:40] [Render thread/INFO]: Environment: authHost='https://authserver.mojang.com', accountsHost='https://api.mojang.com', sessionHost='https://sessionserver.mojang.com', servicesHost='https://api.minecraftservices.com', name='PROD'
[15:54:40] [Render thread/INFO]: Starting integrated minecraft server version 1.16.5
[15:54:40] [Render thread/INFO]: Generating keypair
[15:54:52] [Render thread/INFO]: Preparing start region for dimension minecraft:overworld
[15:54:57] [Render thread/INFO]: Changing view distance to 11, from 10
[15:54:58] [Render thread/INFO]: MineRLAgent0[local:E:df68dae5] logged in with entity id 224 at (858.5, 71.0, 1548.5)
[15:54:58] [Render thread/INFO]: MineRLAgent0 joined the game
[15:54:58] [Render thread/INFO]: Preparing spawn area: 0%
[15:54:58] [Render thread/INFO]: Time elapsed: 7 ms
[15:54:59] [Render thread/INFO]: [STDOUT]: Starting new video null
[15:54:59] [Render thread/INFO]: Saving and pausing game...
[15:54:59] [Render thread/INFO]: Saving chunks for level 'ServerLevel[mcpworldabfcf1c1b7d5]'/minecraft:overworld
[15:55:00] [Render thread/INFO]: Saving chunks for level 'ServerLevel[mcpworldabfcf1c1b7d5]'/minecraft:the_nether
[15:55:00] [Render thread/INFO]: Saving chunks for level 'ServerLevel[mcpworldabfcf1c1b7d5]'/minecraft:the_end
[15:55:02] [Render thread/INFO]: Loaded 43 advancements
[15:55:10] [EnvServerSocketHandler/INFO]: [STDOUT]: *** Stopping the replay, returning control to the inputs
