[16:18:08] [Thread-4/INFO]: [STDOUT]: SERVER enter state: DORMANT
[16:18:08] [EnvServerSocketHandler/INFO]: Received Mission token 813428c4-f3ed-4c99-be48-761224da31c1:0:0:1:true
[16:18:08] [EnvServerSocketHandler/INFO]: Received mission init command  <MissionInit xmlns="http://ProjectMalmo.microsoft.com" xmlns:xsi="http://www.w3.org/2001/XMLSchema-instance" SchemaVersion="" PlatformVersion="0.37.0"><Mission><About><Summary>MineRLBasaltBuildVillageHouse-v0</Summary></About><ModSettings><MsPerTick>50</MsPerTick></ModSettings><ServerSection><ServerInitialConditions><Time><AllowPassageOfTime>false</AllowPassageOfTime></Time><AllowSpawning>true</AllowSpawning></ServerInitialConditions><ServerHandlers><DefaultWorldGenerator forceReset="true" generatorOptions="{}"/><ServerQuitFromTimeUp timeLimitMs="720000" description="out_of_time"/><ServerQuitWhenAnyAgentFinishes/></ServerHandlers></ServerSection><AgentSection mode="Survival"><Name>MineRLAgent0</Name><AgentStart><LowLevelInputs>true</LowLevelInputs><GuiScale>1.0</GuiScale><GammaSetting>2.0</GammaSetting><FOVSetting>70.0</FOVSetting><FakeCursorSize>16</FakeCursorSize><Inventory><InventoryObject slot="0" type="nether_wart" quantity="27"/><InventoryObject slot="1" type="birch_fence" quantity="44"/><InventoryObject slot="2" type="stone_button" quantity="54"/><InventoryObject slot="3" type="stone" quantity="13"/><InventoryObject slot="4" type="sea_lantern" quantity="39"/><InventoryObject slot="5" type="command_block" quantity="52"/><InventoryObject slot="6" type="stone_brick_stairs" quantity="19"/><InventoryObject slot="7" type="dispenser" quantity="29"/><InventoryObject slot="8" type="obsidian" quantity="9"/><InventoryObject slot="9" type="birch_stairs" quantity="5"/><InventoryObject slot="10" type="wheat" quantity="34"/><InventoryObject slot="11" type="jungle_fence_gate" quantity="21"/><InventoryObject slot="12" type="wheat" quantity="16"/><InventoryObject slot="13" type="nether_wart" quantity="6"/><InventoryObject slot="14" type="brick_stairs" quantity="15"/><InventoryObject slot="15" type="cobblestone_wall" quantity="57"/><InventoryObject slot="16" type="netherrack" quantity="19"/><InventoryObject slot="17" type="end_portal_frame" quantity="60"/><InventoryObject slot="18" type="mycelium" quantity="22"/><InventoryObject slot="19" type="red_sandstone_stairs" quantity="61"/><InventoryObject slot="20" type="sandstone" quantity="59"/><InventoryObject slot="21" type="lever" quantity="53"/><InventoryObject slot="22" type="spruce_fence_gate" quantity="4"/><InventoryObject slot="23" type="cactus" quantity="33"/><InventoryObject slot="24" type="redstone_lamp" quantity="19"/><InventoryObject slot="25" type="dirt" quantity="35"/><InventoryObject slot="26" type="netherrack" quantity="8"/><InventoryObject slot="27" type="cake" quantity="8"/><InventoryObject slot="28" type="flower_pot" quantity="56"/><InventoryObject slot="29" type="lapis_ore" quantity="60"/><InventoryObject slot="30" type="torch" quantity="30"/><InventoryObject slot="31" type="light_weighted_pressure_plate" quantity="11"/><InventoryObject slot="32" type="light_weighted_pressure_plate" quantity="47"/><InventoryObject slot="33" type="hopper" quantity="46"/><InventoryObject slot="34" type="diamond_ore" quantity="20"/><InventoryObject slot="35" type="cobblestone_wall" quantity="8"/></Inventory><PreferredSpawnBiome>plains</PreferredSpawnBiome><DoneOnDeath>true</DoneOnDeath><SpawnInVillage>true</SpawnInVillage></AgentStart><AgentHandlers><FileBasedPerformanceProducer/><PauseCommand/><VideoProducer want_depth="false"><Width>640</Width><Height>360</Height></VideoProducer><HumanLevelCommands/><CameraCommands/></AgentHandlers></AgentSection></Mission><ExperimentUID>813428c4-f3ed-4c99-be48-761224da31c1</ExperimentUID><ClientRole>0</ClientRole><ClientAgentConnection><ClientIPAddress>127.0.0.1</ClientIPAddress><ClientMissionControlPort>0</ClientMissionControlPort><ClientCommandsPort>0</ClientCommandsPort><AgentIPAddress>127.0.0.1</AgentIPAddress><AgentMissionControlPort>0</AgentMissionControlPort><AgentVideoPort>0</AgentVideoPort><AgentDepthPort>0</AgentDepthPort><AgentLuminancePort>0</AgentLuminancePort><AgentObservationsPort>0</AgentObservationsPort><AgentRewardsPort>0</AgentRewardsPort><AgentColourMapPort>0</AgentColourMapPort></ClientAgentConnection></MissionInit>
[16:18:10] [EnvServerSocketHandler/INFO]: [STDOUT]: Setting width, height to 640, 360
[16:18:10] [EnvServerSocketHandler/INFO]: [STDOUT]: Gamma: 2.0
[16:18:10] [EnvServerSocketHandler/INFO]: [STDOUT]: FOV: 70.0
[16:18:10] [EnvServerSocketHandler/INFO]: [STDOUT]: GuiScale: 1.0
[16:18:10] [Render thread/INFO]: [STDOUT]: Seed not provided, generating random one: -4387274221122563368
[16:18:11] [Render thread/WARN]: Ambiguity between arguments [teleport, destination] and [teleport, targets] with inputs: [Player, 0123, @e, dd12be42-52a9-4a91-a8a1-11c01849e498]
[16:18:11] [Render thread/WARN]: Ambiguity between arguments [teleport, location] and [teleport, destination] with inputs: [0.1 -0.5 .9, 0 0 0]
[16:18:11] [Render thread/WARN]: Ambiguity between arguments [teleport, location] and [teleport, targets] with inputs: [0.1 -0.5 .9, 0 0 0]
[16:18:11] [Render thread/WARN]: Ambiguity between arguments [teleport, targets] and [teleport, destination] with inputs: [Player, 0123, dd12be42-52a9-4a91-a8a1-11c01849e498]
[16:18:11] [Render thread/WARN]: Ambiguity between arguments [teleport, targets, location] and [teleport, targets, destination] with inputs: [0.1 -0.5 .9, 0 0 0]
[16:18:11] [Render thread/INFO]: Reloading ResourceManager: Default
[16:18:12] [Render thread/INFO]: Loaded 7 recipes
[16:18:12] [Render thread/INFO]: Loaded 927 advancements
[16:18:12] [Render thread/INFO]: [STDOUT]: *** creating fake mouse cursor ***
[16:18:14] [Render thread/INFO]: Environment: authHost='https://authserver.mojang.com', accountsHost='https://api.mojang.com', sessionHost='https://sessionserver.mojang.com', servicesHost='https://api.minecraftservices.com', name='PROD'
[16:18:14] [Render thread/INFO]: Starting integrated minecraft server version 1.16.5
[16:18:14] [Render thread/INFO]: Generating keypair
[16:18:20] [Render thread/INFO]: Preparing start region for dimension minecraft:overworld
[16:18:24] [Render thread/INFO]: Changing view distance to 11, from 10
[16:18:25] [Render thread/INFO]: MineRLAgent0[local:E:3ad53706] logged in with entity id 127 at (575.5, 64.0, 1138.5)
[16:18:25] [Render thread/INFO]: MineRLAgent0 joined the game
[16:18:26] [Render thread/INFO]: Preparing spawn area: 0%
[16:18:26] [Render thread/INFO]: Time elapsed: 8 ms
[16:18:26] [Render thread/INFO]: [STDOUT]: Starting new video null
[16:18:26] [Render thread/INFO]: Saving and pausing game...
[16:18:26] [Render thread/INFO]: Saving chunks for level 'ServerLevel[mcpworldabfcf1c1b7d5]'/minecraft:overworld
[16:18:27] [Render thread/INFO]: Saving chunks for level 'ServerLevel[mcpworldabfcf1c1b7d5]'/minecraft:the_nether
[16:18:27] [Render thread/INFO]: Saving chunks for level 'ServerLevel[mcpworldabfcf1c1b7d5]'/minecraft:the_end
[16:18:28] [Render thread/INFO]: MineRLAgent0 has made the advancement [Ice Bucket Challenge]
[16:18:29] [Render thread/INFO]: [CHAT] MineRLAgent0 has made the advancement [Ice Bucket Challenge]
[16:18:29] [Render thread/INFO]: Loaded 49 advancements
[16:18:37] [EnvServerSocketHandler/INFO]: [STDOUT]: *** Stopping the replay, returning control to the inputs
