[16:27:54] [Thread-4/INFO]: [STDOUT]: SERVER enter state: DORMANT
[16:27:54] [EnvServerSocketHandler/INFO]: Received Mission token e82b58b6-154b-400b-b39d-7d9d34e3a4cd:0:0:1:true
[16:27:54] [EnvServerSocketHandler/INFO]: Received mission init command  <MissionInit xmlns="http://ProjectMalmo.microsoft.com" xmlns:xsi="http://www.w3.org/2001/XMLSchema-instance" SchemaVersion="" PlatformVersion="0.37.0"><Mission><About><Summary>MineRLBasaltBuildVillageHouse-v0</Summary></About><ModSettings><MsPerTick>50</MsPerTick></ModSettings><ServerSection><ServerInitialConditions><Time><AllowPassageOfTime>false</AllowPassageOfTime></Time><AllowSpawning>true</AllowSpawning></ServerInitialConditions><ServerHandlers><DefaultWorldGenerator forceReset="true" generatorOptions="{}"/><ServerQuitFromTimeUp timeLimitMs="720000" description="out_of_time"/><ServerQuitWhenAnyAgentFinishes/></ServerHandlers></ServerSection><AgentSection mode="Survival"><Name>MineRLAgent0</Name><AgentStart><LowLevelInputs>true</LowLevelInputs><GuiScale>1.0</GuiScale><GammaSetting>2.0</GammaSetting><FOVSetting>70.0</FOVSetting><FakeCursorSize>16</FakeCursorSize><Inventory><InventoryObject slot="0" type="dark_oak_fence" quantity="35"/><InventoryObject slot="1" type="dragon_egg" quantity="17"/><InventoryObject slot="2" type="barrier" quantity="50"/><InventoryObject slot="3" type="furnace" quantity="53"/><InventoryObject slot="4" type="barrier" quantity="28"/><InventoryObject slot="5" type="obsidian" quantity="62"/><InventoryObject slot="6" type="coal_block" quantity="27"/><InventoryObject slot="7" type="stone_pressure_plate" quantity="3"/><InventoryObject slot="8" type="dark_oak_fence" quantity="38"/><InventoryObject slot="9" type="trapped_chest" quantity="27"/><InventoryObject slot="10" type="glass" quantity="57"/><InventoryObject slot="11" type="spruce_door" quantity="40"/><InventoryObject slot="12" type="cauldron" quantity="47"/><InventoryObject slot="13" type="oak_stairs" quantity="33"/><InventoryObject slot="14" type="heavy_weighted_pressure_plate" quantity="56"/><InventoryObject slot="15" type="glass_pane" quantity="28"/><InventoryObject slot="16" type="iron_door" quantity="31"/><InventoryObject slot="17" type="heavy_weighted_pressure_plate" quantity="3"/><InventoryObject slot="18" type="sticky_piston" quantity="45"/><InventoryObject slot="19" type="enchanting_table" quantity="27"/><InventoryObject slot="20" type="glass_pane" quantity="54"/><InventoryObject slot="21" type="end_stone" quantity="9"/><InventoryObject slot="22" type="gold_block" quantity="18"/><InventoryObject slot="23" type="enchanting_table" quantity="25"/><InventoryObject slot="24" type="jukebox" quantity="34"/><InventoryObject slot="25" type="jungle_fence" quantity="40"/><InventoryObject slot="26" type="cobblestone" quantity="54"/><InventoryObject slot="27" type="dragon_egg" quantity="40"/><InventoryObject slot="28" type="glowstone" quantity="63"/><InventoryObject slot="29" type="dark_oak_fence" quantity="64"/><InventoryObject slot="30" type="cobblestone" quantity="52"/><InventoryObject slot="31" type="tripwire_hook" quantity="20"/><InventoryObject slot="32" type="redstone_block" quantity="20"/><InventoryObject slot="33" type="red_mushroom_block" quantity="39"/><InventoryObject slot="34" type="glass_pane" quantity="38"/><InventoryObject slot="35" type="obsidian" quantity="15"/></Inventory><PreferredSpawnBiome>plains</PreferredSpawnBiome><DoneOnDeath>true</DoneOnDeath><SpawnInVillage>true</SpawnInVillage></AgentStart><AgentHandlers><FileBasedPerformanceProducer/><PauseCommand/><VideoProducer want_depth="false"><Width>640</Width><Height>360</Height></VideoProducer><HumanLevelCommands/><CameraCommands/></AgentHandlers></AgentSection></Mission><ExperimentUID>e82b58b6-154b-400b-b39d-7d9d34e3a4cd</ExperimentUID><ClientRole>0</ClientRole><ClientAgentConnection><ClientIPAddress>127.0.0.1</ClientIPAddress><ClientMissionControlPort>0</ClientMissionControlPort><ClientCommandsPort>0</ClientCommandsPort><AgentIPAddress>127.0.0.1</AgentIPAddress><AgentMissionControlPort>0</AgentMissionControlPort><AgentVideoPort>0</AgentVideoPort><AgentDepthPort>0</AgentDepthPort><AgentLuminancePort>0</AgentLuminancePort><AgentObservationsPort>0</AgentObservationsPort><AgentRewardsPort>0</AgentRewardsPort><AgentColourMapPort>0</AgentColourMapPort></ClientAgentConnection></MissionInit>
[16:27:56] [EnvServerSocketHandler/INFO]: [STDOUT]: Setting width, height to 640, 360
[16:27:56] [EnvServerSocketHandler/INFO]: [STDOUT]: Gamma: 2.0
[16:27:56] [EnvServerSocketHandler/INFO]: [STDOUT]: FOV: 70.0
[16:27:56] [EnvServerSocketHandler/INFO]: [STDOUT]: GuiScale: 1.0
[16:27:56] [Render thread/INFO]: [STDOUT]: Seed not provided, generating random one: -4822523673451928866
[16:27:57] [Render thread/WARN]: Ambiguity between arguments [teleport, destination] and [teleport, targets] with inputs: [Player, 0123, @e, dd12be42-52a9-4a91-a8a1-11c01849e498]
[16:27:57] [Render thread/WARN]: Ambiguity between arguments [teleport, location] and [teleport, destination] with inputs: [0.1 -0.5 .9, 0 0 0]
[16:27:57] [Render thread/WARN]: Ambiguity between arguments [teleport, location] and [teleport, targets] with inputs: [0.1 -0.5 .9, 0 0 0]
[16:27:57] [Render thread/WARN]: Ambiguity between arguments [teleport, targets] and [teleport, destination] with inputs: [Player, 0123, dd12be42-52a9-4a91-a8a1-11c01849e498]
[16:27:57] [Render thread/WARN]: Ambiguity between arguments [teleport, targets, location] and [teleport, targets, destination] with inputs: [0.1 -0.5 .9, 0 0 0]
[16:27:57] [Render thread/INFO]: Reloading ResourceManager: Default
[16:27:58] [Render thread/INFO]: Loaded 7 recipes
[16:27:58] [Render thread/INFO]: Loaded 927 advancements
[16:27:58] [Render thread/INFO]: [STDOUT]: *** creating fake mouse cursor ***
[16:28:00] [Render thread/INFO]: Environment: authHost='https://authserver.mojang.com', accountsHost='https://api.mojang.com', sessionHost='https://sessionserver.mojang.com', servicesHost='https://api.minecraftservices.com', name='PROD'
[16:28:01] [Render thread/INFO]: Starting integrated minecraft server version 1.16.5
[16:28:01] [Render thread/INFO]: Generating keypair
[16:28:15] [Render thread/INFO]: Preparing start region for dimension minecraft:overworld
[16:28:34] [Render thread/INFO]: Changing view distance to 11, from 10
[16:28:35] [Render thread/INFO]: MineRLAgent0[local:E:e8c658cc] logged in with entity id 181 at (-1405.5, 65.0, 554.5)
[16:28:35] [Render thread/INFO]: MineRLAgent0 joined the game
[16:28:35] [Render thread/INFO]: Preparing spawn area: 0%
[16:28:35] [Render thread/INFO]: Time elapsed: 5 ms
[16:28:36] [Render thread/INFO]: [STDOUT]: Starting new video null
[16:28:36] [Render thread/INFO]: Saving and pausing game...
[16:28:36] [Render thread/INFO]: Saving chunks for level 'ServerLevel[mcpworldabfcf1c1b7d5]'/minecraft:overworld
[16:28:38] [Render thread/INFO]: Saving chunks for level 'ServerLevel[mcpworldabfcf1c1b7d5]'/minecraft:the_nether
[16:28:38] [Render thread/INFO]: Saving chunks for level 'ServerLevel[mcpworldabfcf1c1b7d5]'/minecraft:the_end
[16:28:38] [Render thread/INFO]: MineRLAgent0 has made the advancement [Stone Age]
[16:28:38] [Render thread/INFO]: MineRLAgent0 has reached the goal [The Next Generation]
[16:28:38] [Render thread/INFO]: MineRLAgent0 has made the advancement [Ice Bucket Challenge]
[16:28:38] [Render thread/INFO]: [CHAT] MineRLAgent0 has made the advancement [Stone Age]
[16:28:38] [Render thread/INFO]: [CHAT] MineRLAgent0 has reached the goal [The Next Generation]
[16:28:38] [Render thread/INFO]: [CHAT] MineRLAgent0 has made the advancement [Ice Bucket Challenge]
[16:28:38] [Render thread/INFO]: Loaded 76 advancements
[16:28:49] [EnvServerSocketHandler/INFO]: [STDOUT]: *** Stopping the replay, returning control to the inputs
