[16:04:02] [Thread-4/INFO]: [STDOUT]: SERVER enter state: DORMANT
[16:04:02] [EnvServerSocketHandler/INFO]: Received Mission token 36740cea-461e-4d6e-ab33-36627877ffd5:0:0:1:true
[16:04:02] [EnvServerSocketHandler/INFO]: Received mission init command  <MissionInit xmlns="http://ProjectMalmo.microsoft.com" xmlns:xsi="http://www.w3.org/2001/XMLSchema-instance" SchemaVersion="" PlatformVersion="0.37.0"><Mission><About><Summary>MineRLBasaltBuildVillageHouse-v0</Summary></About><ModSettings><MsPerTick>50</MsPerTick></ModSettings><ServerSection><ServerInitialConditions><Time><AllowPassageOfTime>false</AllowPassageOfTime></Time><AllowSpawning>true</AllowSpawning></ServerInitialConditions><ServerHandlers><DefaultWorldGenerator forceReset="true" generatorOptions="{}"/><ServerQuitFromTimeUp timeLimitMs="720000" description="out_of_time"/><ServerQuitWhenAnyAgentFinishes/></ServerHandlers></ServerSection><AgentSection mode="Survival"><Name>MineRLAgent0</Name><AgentStart><LowLevelInputs>true</LowLevelInputs><GuiScale>1.0</GuiScale><GammaSetting>2.0</GammaSetting><FOVSetting>70.0</FOVSetting><FakeCursorSize>16</FakeCursorSize><Inventory><InventoryObject slot="0" type="flower_pot" quantity="48"/><InventoryObject slot="1" type="birch_door" quantity="19"/><InventoryObject slot="2" type="birch_stairs" quantity="42"/><InventoryObject slot="3" type="wheat" quantity="54"/><InventoryObject slot="4" type="diamond_block" quantity="63"/><InventoryObject slot="5" type="nether_brick" quantity="60"/><InventoryObject slot="6" type="stone_pressure_plate" quantity="61"/><InventoryObject slot="7" type="jungle_fence" quantity="15"/><InventoryObject slot="8" type="packed_ice" quantity="52"/><InventoryObject slot="9" type="nether_wart" quantity="18"/><InventoryObject slot="10" type="red_mushroom_block" quantity="38"/><InventoryObject slot="11" type="stone_button" quantity="25"/><InventoryObject slot="12" type="dark_oak_door" quantity="9"/><InventoryObject slot="13" type="emerald_block" quantity="36"/><InventoryObject slot="14" type="wheat" quantity="31"/><InventoryObject slot="15" type="ice" quantity="58"/><InventoryObject slot="16" type="crafting_table" quantity="27"/><InventoryObject slot="17" type="cobblestone_wall" quantity="49"/><InventoryObject slot="18" type="glass" quantity="3"/><InventoryObject slot="19" type="dark_oak_fence_gate" quantity="6"/><InventoryObject slot="20" type="diamond_block" quantity="13"/><InventoryObject slot="21" type="piston" quantity="54"/><InventoryObject slot="22" type="birch_door" quantity="53"/><InventoryObject slot="23" type="netherrack" quantity="47"/><InventoryObject slot="24" type="acacia_stairs" quantity="20"/><InventoryObject slot="25" type="red_mushroom" quantity="29"/><InventoryObject slot="26" type="tnt" quantity="54"/><InventoryObject slot="27" type="diamond_block" quantity="20"/><InventoryObject slot="28" type="tnt" quantity="42"/><InventoryObject slot="29" type="heavy_weighted_pressure_plate" quantity="55"/><InventoryObject slot="30" type="heavy_weighted_pressure_plate" quantity="46"/><InventoryObject slot="31" type="mossy_cobblestone" quantity="2"/><InventoryObject slot="32" type="stone_button" quantity="37"/><InventoryObject slot="33" type="dark_oak_stairs" quantity="13"/><InventoryObject slot="34" type="brick_stairs" quantity="34"/><InventoryObject slot="35" type="nether_wart" quantity="64"/></Inventory><PreferredSpawnBiome>plains</PreferredSpawnBiome><DoneOnDeath>true</DoneOnDeath><SpawnInVillage>true</SpawnInVillage></AgentStart><AgentHandlers><FileBasedPerformanceProducer/><PauseCommand/><VideoProducer want_depth="false"><Width>640</Width><Height>360</Height></VideoProducer><HumanLevelCommands/><CameraCommands/></AgentHandlers></AgentSection></Mission><ExperimentUID>36740cea-461e-4d6e-ab33-36627877ffd5</ExperimentUID><ClientRole>0</ClientRole><ClientAgentConnection><ClientIPAddress>127.0.0.1</ClientIPAddress><ClientMissionControlPort>0</ClientMissionControlPort><ClientCommandsPort>0</ClientCommandsPort><AgentIPAddress>127.0.0.1</AgentIPAddress><AgentMissionControlPort>0</AgentMissionControlPort><AgentVideoPort>0</AgentVideoPort><AgentDepthPort>0</AgentDepthPort><AgentLuminancePort>0</AgentLuminancePort><AgentObservationsPort>0</AgentObservationsPort><AgentRewardsPort>0</AgentRewardsPort><AgentColourMapPort>0</AgentColourMapPort></ClientAgentConnection></MissionInit>
[16:04:03] [EnvServerSocketHandler/INFO]: [STDOUT]: Setting width, height to 640, 360
[16:04:03] [EnvServerSocketHandler/INFO]: [STDOUT]: Gamma: 2.0
[16:04:03] [EnvServerSocketHandler/INFO]: [STDOUT]: FOV: 70.0
[16:04:03] [EnvServerSocketHandler/INFO]: [STDOUT]: GuiScale: 1.0
[16:04:03] [Render thread/INFO]: [STDOUT]: *** creating fake mouse cursor ***
[16:04:03] [Render thread/INFO]: [STDOUT]: Seed not provided, generating random one: -7324810026066157143
[16:04:05] [Render thread/WARN]: Ambiguity between arguments [teleport, destination] and [teleport, targets] with inputs: [Player, 0123, @e, dd12be42-52a9-4a91-a8a1-11c01849e498]
[16:04:05] [Render thread/WARN]: Ambiguity between arguments [teleport, location] and [teleport, destination] with inputs: [0.1 -0.5 .9, 0 0 0]
[16:04:05] [Render thread/WARN]: Ambiguity between arguments [teleport, location] and [teleport, targets] with inputs: [0.1 -0.5 .9, 0 0 0]
[16:04:05] [Render thread/WARN]: Ambiguity between arguments [teleport, targets] and [teleport, destination] with inputs: [Player, 0123, dd12be42-52a9-4a91-a8a1-11c01849e498]
[16:04:05] [Render thread/WARN]: Ambiguity between arguments [teleport, targets, location] and [teleport, targets, destination] with inputs: [0.1 -0.5 .9, 0 0 0]
[16:04:05] [Render thread/INFO]: Reloading ResourceManager: Default
[16:04:06] [Render thread/INFO]: Loaded 7 recipes
[16:04:06] [Render thread/INFO]: Loaded 927 advancements
[16:04:08] [Render thread/INFO]: Environment: authHost='https://authserver.mojang.com', accountsHost='https://api.mojang.com', sessionHost='https://sessionserver.mojang.com', servicesHost='https://api.minecraftservices.com', name='PROD'
[16:04:08] [Render thread/INFO]: Starting integrated minecraft server version 1.16.5
[16:04:08] [Render thread/INFO]: Generating keypair
[16:04:17] [Render thread/INFO]: Preparing start region for dimension minecraft:overworld
[16:04:47] [Render thread/INFO]: Changing view distance to 11, from 10
[16:04:48] [Render thread/INFO]: MineRLAgent0[local:E:ebda3fb8] logged in with entity id 222 at (834.5, 63.0, -2436.5)
[16:04:48] [Render thread/INFO]: MineRLAgent0 joined the game
[16:04:48] [Render thread/INFO]: Preparing spawn area: 0%
[16:04:48] [Render thread/INFO]: Time elapsed: 18 ms
[16:04:49] [Render thread/INFO]: [STDOUT]: Starting new video null
[16:04:49] [Render thread/INFO]: Saving and pausing game...
[16:04:49] [Render thread/INFO]: Saving chunks for level 'ServerLevel[mcpworldb7d5fd82f9c8]'/minecraft:overworld
[16:04:51] [Render thread/INFO]: Saving chunks for level 'ServerLevel[mcpworldb7d5fd82f9c8]'/minecraft:the_nether
[16:04:51] [Render thread/INFO]: Saving chunks for level 'ServerLevel[mcpworldb7d5fd82f9c8]'/minecraft:the_end
[16:04:52] [Render thread/INFO]: Loaded 42 advancements
[16:05:00] [EnvServerSocketHandler/INFO]: [STDOUT]: *** Stopping the replay, returning control to the inputs
