[16:12:39] [Thread-4/INFO]: [STDOUT]: SERVER enter state: DORMANT
[16:12:39] [EnvServerSocketHandler/INFO]: Received Mission token d41759ec-63b0-49fb-99e7-14d049c5b43f:0:0:1:true
[16:12:39] [EnvServerSocketHandler/INFO]: Received mission init command  <MissionInit xmlns="http://ProjectMalmo.microsoft.com" xmlns:xsi="http://www.w3.org/2001/XMLSchema-instance" SchemaVersion="" PlatformVersion="0.37.0"><Mission><About><Summary>MineRLBasaltBuildVillageHouse-v0</Summary></About><ModSettings><MsPerTick>50</MsPerTick></ModSettings><ServerSection><ServerInitialConditions><Time><AllowPassageOfTime>false</AllowPassageOfTime></Time><AllowSpawning>true</AllowSpawning></ServerInitialConditions><ServerHandlers><DefaultWorldGenerator forceReset="true" generatorOptions="{}"/><ServerQuitFromTimeUp timeLimitMs="720000" description="out_of_time"/><ServerQuitWhenAnyAgentFinishes/></ServerHandlers></ServerSection><AgentSection mode="Survival"><Name>MineRLAgent0</Name><AgentStart><LowLevelInputs>true</LowLevelInputs><GuiScale>1.0</GuiScale><GammaSetting>2.0</GammaSetting><FOVSetting>70.0</FOVSetting><FakeCursorSize>16</FakeCursorSize><Inventory><InventoryObject slot="0" type="ender_chest" quantity="46"/><InventoryObject slot="1" type="bedrock" quantity="9"/><InventoryObject slot="2" type="quartz_block" quantity="4"/><InventoryObject slot="3" type="dark_oak_fence" quantity="25"/><InventoryObject slot="4" type="lapis_ore" quantity="9"/><InventoryObject slot="5" type="trapped_chest" quantity="15"/><InventoryObject slot="6" type="redstone_lamp" quantity="16"/><InventoryObject slot="7" type="brewing_stand" quantity="4"/><InventoryObject slot="8" type="light_weighted_pressure_plate" quantity="22"/><InventoryObject slot="9" type="brewing_stand" quantity="56"/><InventoryObject slot="10" type="clay" quantity="13"/><InventoryObject slot="11" type="quartz_block" quantity="12"/><InventoryObject slot="12" type="cauldron" quantity="52"/><InventoryObject slot="13" type="beacon" quantity="24"/><InventoryObject slot="14" type="red_sandstone" quantity="27"/><InventoryObject slot="15" type="lapis_ore" quantity="46"/><InventoryObject slot="16" type="iron_bars" quantity="43"/><InventoryObject slot="17" type="acacia_door" quantity="30"/><InventoryObject slot="18" type="stone_pressure_plate" quantity="14"/><InventoryObject slot="19" type="cobblestone_wall" quantity="18"/><InventoryObject slot="20" type="command_block" quantity="45"/><InventoryObject slot="21" type="beacon" quantity="21"/><InventoryObject slot="22" type="spruce_fence_gate" quantity="63"/><InventoryObject slot="23" type="mycelium" quantity="42"/><InventoryObject slot="24" type="lever" quantity="36"/><InventoryObject slot="25" type="end_portal_frame" quantity="31"/><InventoryObject slot="26" type="quartz_stairs" quantity="32"/><InventoryObject slot="27" type="ender_chest" quantity="50"/><InventoryObject slot="28" type="sea_lantern" quantity="60"/><InventoryObject slot="29" type="chest" quantity="18"/><InventoryObject slot="30" type="empty" quantity="32"/><InventoryObject slot="31" type="jungle_stairs" quantity="41"/><InventoryObject slot="32" type="torch" quantity="37"/><InventoryObject slot="33" type="redstone_lamp" quantity="29"/><InventoryObject slot="34" type="red_sandstone_stairs" quantity="37"/><InventoryObject slot="35" type="prismarine" quantity="11"/></Inventory><PreferredSpawnBiome>plains</PreferredSpawnBiome><DoneOnDeath>true</DoneOnDeath><SpawnInVillage>true</SpawnInVillage></AgentStart><AgentHandlers><FileBasedPerformanceProducer/><PauseCommand/><VideoProducer want_depth="false"><Width>640</Width><Height>360</Height></VideoProducer><HumanLevelCommands/><CameraCommands/></AgentHandlers></AgentSection></Mission><ExperimentUID>d41759ec-63b0-49fb-99e7-14d049c5b43f</ExperimentUID><ClientRole>0</ClientRole><ClientAgentConnection><ClientIPAddress>127.0.0.1</ClientIPAddress><ClientMissionControlPort>0</ClientMissionControlPort><ClientCommandsPort>0</ClientCommandsPort><AgentIPAddress>127.0.0.1</AgentIPAddress><AgentMissionControlPort>0</AgentMissionControlPort><AgentVideoPort>0</AgentVideoPort><AgentDepthPort>0</AgentDepthPort><AgentLuminancePort>0</AgentLuminancePort><AgentObservationsPort>0</AgentObservationsPort><AgentRewardsPort>0</AgentRewardsPort><AgentColourMapPort>0</AgentColourMapPort></ClientAgentConnection></MissionInit>
[16:12:40] [Render thread/INFO]: [STDOUT]: *** creating fake mouse cursor ***
[16:12:40] [EnvServerSocketHandler/INFO]: [STDOUT]: Setting width, height to 640, 360
[16:12:40] [EnvServerSocketHandler/INFO]: [STDOUT]: Gamma: 2.0
[16:12:40] [EnvServerSocketHandler/INFO]: [STDOUT]: FOV: 70.0
[16:12:40] [EnvServerSocketHandler/INFO]: [STDOUT]: GuiScale: 1.0
[16:12:41] [Render thread/INFO]: [STDOUT]: Seed not provided, generating random one: -5774785617439697855
[16:12:42] [Render thread/WARN]: Ambiguity between arguments [teleport, destination] and [teleport, targets] with inputs: [Player, 0123, @e, dd12be42-52a9-4a91-a8a1-11c01849e498]
[16:12:42] [Render thread/WARN]: Ambiguity between arguments [teleport, location] and [teleport, destination] with inputs: [0.1 -0.5 .9, 0 0 0]
[16:12:42] [Render thread/WARN]: Ambiguity between arguments [teleport, location] and [teleport, targets] with inputs: [0.1 -0.5 .9, 0 0 0]
[16:12:42] [Render thread/WARN]: Ambiguity between arguments [teleport, targets] and [teleport, destination] with inputs: [Player, 0123, dd12be42-52a9-4a91-a8a1-11c01849e498]
[16:12:42] [Render thread/WARN]: Ambiguity between arguments [teleport, targets, location] and [teleport, targets, destination] with inputs: [0.1 -0.5 .9, 0 0 0]
[16:12:42] [Render thread/INFO]: Reloading ResourceManager: Default
[16:12:43] [Render thread/INFO]: Loaded 7 recipes
[16:12:43] [Render thread/INFO]: Loaded 927 advancements
[16:12:45] [Render thread/INFO]: Environment: authHost='https://authserver.mojang.com', accountsHost='https://api.mojang.com', sessionHost='https://sessionserver.mojang.com', servicesHost='https://api.minecraftservices.com', name='PROD'
[16:12:45] [Render thread/INFO]: Starting integrated minecraft server version 1.16.5
[16:12:45] [Render thread/INFO]: Generating keypair
[16:12:57] [Render thread/INFO]: Preparing start region for dimension minecraft:overworld
[16:13:05] [Render thread/INFO]: Changing view distance to 11, from 10
[16:13:05] [Render thread/INFO]: MineRLAgent0[local:E:58d85909] logged in with entity id 174 at (-1.5, 81.0, 44.5)
[16:13:05] [Render thread/INFO]: MineRLAgent0 joined the game
[16:13:06] [Render thread/INFO]: Preparing spawn area: 0%
[16:13:06] [Render thread/INFO]: Time elapsed: 6 ms
[16:13:06] [Render thread/INFO]: [STDOUT]: Starting new video null
[16:13:06] [Render thread/INFO]: Saving and pausing game...
[16:13:06] [Render thread/INFO]: Saving chunks for level 'ServerLevel[mcpworldb7d5fd82f9c8]'/minecraft:overworld
[16:13:08] [Render thread/INFO]: Saving chunks for level 'ServerLevel[mcpworldb7d5fd82f9c8]'/minecraft:the_nether
[16:13:08] [Render thread/INFO]: Saving chunks for level 'ServerLevel[mcpworldb7d5fd82f9c8]'/minecraft:the_end
[16:13:09] [Render thread/INFO]: Loaded 35 advancements
[16:13:18] [EnvServerSocketHandler/INFO]: [STDOUT]: *** Stopping the replay, returning control to the inputs
