[15:40:20] [Thread-4/INFO]: [STDOUT]: SERVER enter state: DORMANT
[15:40:20] [EnvServerSocketHandler/INFO]: Received Mission token 49e26ce9-5601-424c-9212-d1b02118f038:0:0:1:true
[15:40:20] [EnvServerSocketHandler/INFO]: Received mission init command  <MissionInit xmlns="http://ProjectMalmo.microsoft.com" xmlns:xsi="http://www.w3.org/2001/XMLSchema-instance" SchemaVersion="" PlatformVersion="0.37.0"><Mission><About><Summary>MineRLBasaltBuildVillageHouse-v0</Summary></About><ModSettings><MsPerTick>50</MsPerTick></ModSettings><ServerSection><ServerInitialConditions><Time><AllowPassageOfTime>false</AllowPassageOfTime></Time><AllowSpawning>true</AllowSpawning></ServerInitialConditions><ServerHandlers><DefaultWorldGenerator forceReset="true" generatorOptions="{}"/><ServerQuitFromTimeUp timeLimitMs="720000" description="out_of_time"/><ServerQuitWhenAnyAgentFinishes/></ServerHandlers></ServerSection><AgentSection mode="Survival"><Name>MineRLAgent0</Name><AgentStart><LowLevelInputs>true</LowLevelInputs><GuiScale>1.0</GuiScale><GammaSetting>2.0</GammaSetting><FOVSetting>70.0</FOVSetting><FakeCursorSize>16</FakeCursorSize><Inventory><InventoryObject slot="0" type="nether_brick" quantity="1"/><InventoryObject slot="1" type="beacon" quantity="19"/><InventoryObject slot="2" type="acacia_stairs" quantity="34"/><InventoryObject slot="3" type="brown_mushroom" quantity="2"/><InventoryObject slot="4" type="stone_brick_stairs" quantity="43"/><InventoryObject slot="5" type="hopper" quantity="11"/><InventoryObject slot="6" type="command_block" quantity="57"/><InventoryObject slot="7" type="barrier" quantity="15"/><InventoryObject slot="8" type="jungle_door" quantity="57"/><InventoryObject slot="9" type="ender_chest" quantity="38"/><InventoryObject slot="10" type="spruce_fence_gate" quantity="6"/><InventoryObject slot="11" type="lever" quantity="64"/><InventoryObject slot="12" type="ladder" quantity="57"/><InventoryObject slot="13" type="birch_fence_gate" quantity="40"/><InventoryObject slot="14" type="command_block" quantity="27"/><InventoryObject slot="15" type="birch_fence_gate" quantity="63"/><InventoryObject slot="16" type="end_stone" quantity="53"/><InventoryObject slot="17" type="jungle_stairs" quantity="14"/><InventoryObject slot="18" type="barrier" quantity="43"/><InventoryObject slot="19" type="empty" quantity="28"/><InventoryObject slot="20" type="sandstone" quantity="4"/><InventoryObject slot="21" type="sponge" quantity="63"/><InventoryObject slot="22" type="red_mushroom" quantity="25"/><InventoryObject slot="23" type="nether_wart" quantity="43"/><InventoryObject slot="24" type="bedrock" quantity="47"/><InventoryObject slot="25" type="spruce_door" quantity="29"/><InventoryObject slot="26" type="nether_brick" quantity="2"/><InventoryObject slot="27" type="iron_trapdoor" quantity="12"/><InventoryObject slot="28" type="packed_ice" quantity="15"/><InventoryObject slot="29" type="flower_pot" quantity="56"/><InventoryObject slot="30" type="glass_pane" quantity="62"/><InventoryObject slot="31" type="lever" quantity="18"/><InventoryObject slot="32" type="brown_mushroom" quantity="23"/><InventoryObject slot="33" type="jukebox" quantity="46"/><InventoryObject slot="34" type="redstone_torch" quantity="14"/><InventoryObject slot="35" type="stone_brick_stairs" quantity="50"/></Inventory><PreferredSpawnBiome>plains</PreferredSpawnBiome><DoneOnDeath>true</DoneOnDeath><SpawnInVillage>true</SpawnInVillage></AgentStart><AgentHandlers><FileBasedPerformanceProducer/><PauseCommand/><VideoProducer want_depth="false"><Width>640</Width><Height>360</Height></VideoProducer><HumanLevelCommands/><CameraCommands/></AgentHandlers></AgentSection></Mission><ExperimentUID>49e26ce9-5601-424c-9212-d1b02118f038</ExperimentUID><ClientRole>0</ClientRole><ClientAgentConnection><ClientIPAddress>127.0.0.1</ClientIPAddress><ClientMissionControlPort>0</ClientMissionControlPort><ClientCommandsPort>0</ClientCommandsPort><AgentIPAddress>127.0.0.1</AgentIPAddress><AgentMissionControlPort>0</AgentMissionControlPort><AgentVideoPort>0</AgentVideoPort><AgentDepthPort>0</AgentDepthPort><AgentLuminancePort>0</AgentLuminancePort><AgentObservationsPort>0</AgentObservationsPort><AgentRewardsPort>0</AgentRewardsPort><AgentColourMapPort>0</AgentColourMapPort></ClientAgentConnection></MissionInit>
[15:40:22] [EnvServerSocketHandler/INFO]: [STDOUT]: Setting width, height to 640, 360
[15:40:22] [EnvServerSocketHandler/INFO]: [STDOUT]: Gamma: 2.0
[15:40:22] [EnvServerSocketHandler/INFO]: [STDOUT]: FOV: 70.0
[15:40:22] [EnvServerSocketHandler/INFO]: [STDOUT]: GuiScale: 1.0
[15:40:22] [Render thread/INFO]: [STDOUT]: Seed not provided, generating random one: -5214724387743016387
[15:40:23] [Render thread/WARN]: Ambiguity between arguments [teleport, destination] and [teleport, targets] with inputs: [Player, 0123, @e, dd12be42-52a9-4a91-a8a1-11c01849e498]
[15:40:23] [Render thread/WARN]: Ambiguity between arguments [teleport, location] and [teleport, destination] with inputs: [0.1 -0.5 .9, 0 0 0]
[15:40:23] [Render thread/WARN]: Ambiguity between arguments [teleport, location] and [teleport, targets] with inputs: [0.1 -0.5 .9, 0 0 0]
[15:40:23] [Render thread/WARN]: Ambiguity between arguments [teleport, targets] and [teleport, destination] with inputs: [Player, 0123, dd12be42-52a9-4a91-a8a1-11c01849e498]
[15:40:23] [Render thread/WARN]: Ambiguity between arguments [teleport, targets, location] and [teleport, targets, destination] with inputs: [0.1 -0.5 .9, 0 0 0]
[15:40:23] [Render thread/INFO]: Reloading ResourceManager: Default
[15:40:24] [Render thread/INFO]: Loaded 7 recipes
[15:40:24] [Render thread/INFO]: Loaded 927 advancements
[15:40:25] [Render thread/INFO]: [STDOUT]: *** creating fake mouse cursor ***
[15:40:26] [Render thread/INFO]: Environment: authHost='https://authserver.mojang.com', accountsHost='https://api.mojang.com', sessionHost='https://sessionserver.mojang.com', servicesHost='https://api.minecraftservices.com', name='PROD'
[15:40:26] [Render thread/INFO]: Starting integrated minecraft server version 1.16.5
[15:40:26] [Render thread/INFO]: Generating keypair
[15:40:38] [Render thread/INFO]: Preparing start region for dimension minecraft:overworld
[15:40:59] [Render thread/INFO]: Changing view distance to 11, from 10
[15:41:00] [Render thread/INFO]: MineRLAgent0[local:E:72c1c75f] logged in with entity id 234 at (-725.5, 63.0, 364.5)
[15:41:00] [Render thread/INFO]: MineRLAgent0 joined the game
[15:41:00] [Render thread/INFO]: Preparing spawn area: 0%
[15:41:00] [Render thread/INFO]: Time elapsed: 8 ms
[15:41:01] [Render thread/INFO]: [STDOUT]: Starting new video null
[15:41:01] [Render thread/INFO]: Saving and pausing game...
[15:41:01] [Render thread/INFO]: Saving chunks for level 'ServerLevel[mcpworldabfcf1c1b7d5]'/minecraft:overworld
[15:41:02] [Render thread/INFO]: Saving chunks for level 'ServerLevel[mcpworldabfcf1c1b7d5]'/minecraft:the_nether
[15:41:02] [Render thread/INFO]: Saving chunks for level 'ServerLevel[mcpworldabfcf1c1b7d5]'/minecraft:the_end
[15:41:03] [Render thread/INFO]: Loaded 42 advancements
[15:41:13] [EnvServerSocketHandler/INFO]: [STDOUT]: *** Stopping the replay, returning control to the inputs
