[15:35:15] [Thread-4/INFO]: [STDOUT]: SERVER enter state: DORMANT
[15:35:15] [EnvServerSocketHandler/INFO]: Received Mission token 5fde6829-ae4f-412e-a259-602995a061f0:0:0:1:true
[15:35:15] [EnvServerSocketHandler/INFO]: Received mission init command  <MissionInit xmlns="http://ProjectMalmo.microsoft.com" xmlns:xsi="http://www.w3.org/2001/XMLSchema-instance" SchemaVersion="" PlatformVersion="0.37.0"><Mission><About><Summary>MineRLBasaltBuildVillageHouse-v0</Summary></About><ModSettings><MsPerTick>50</MsPerTick></ModSettings><ServerSection><ServerInitialConditions><Time><AllowPassageOfTime>false</AllowPassageOfTime></Time><AllowSpawning>true</AllowSpawning></ServerInitialConditions><ServerHandlers><DefaultWorldGenerator forceReset="true" generatorOptions="{}"/><ServerQuitFromTimeUp timeLimitMs="720000" description="out_of_time"/><ServerQuitWhenAnyAgentFinishes/></ServerHandlers></ServerSection><AgentSection mode="Survival"><Name>MineRLAgent0</Name><AgentStart><LowLevelInputs>true</LowLevelInputs><GuiScale>1.0</GuiScale><GammaSetting>2.0</GammaSetting><FOVSetting>70.0</FOVSetting><FakeCursorSize>16</FakeCursorSize><Inventory><InventoryObject slot="0" type="ice" quantity="2"/><InventoryObject slot="1" type="iron_block" quantity="59"/><InventoryObject slot="2" type="end_portal_frame" quantity="51"/><InventoryObject slot="3" type="jukebox" quantity="42"/><InventoryObject slot="4" type="grass" quantity="59"/><InventoryObject slot="5" type="jungle_stairs" quantity="10"/><InventoryObject slot="6" type="glass" quantity="43"/><InventoryObject slot="7" type="stone_stairs" quantity="19"/><InventoryObject slot="8" type="spruce_fence_gate" quantity="4"/><InventoryObject slot="9" type="jukebox" quantity="43"/><InventoryObject slot="10" type="diamond_ore" quantity="2"/><InventoryObject slot="11" type="tnt" quantity="9"/><InventoryObject slot="12" type="chest" quantity="30"/><InventoryObject slot="13" type="dispenser" quantity="53"/><InventoryObject slot="14" type="enchanting_table" quantity="29"/><InventoryObject slot="15" type="lapis_ore" quantity="60"/><InventoryObject slot="16" type="hay_block" quantity="56"/><InventoryObject slot="17" type="iron_door" quantity="57"/><InventoryObject slot="18" type="sponge" quantity="15"/><InventoryObject slot="19" type="heavy_weighted_pressure_plate" quantity="41"/><InventoryObject slot="20" type="acacia_fence" quantity="4"/><InventoryObject slot="21" type="spruce_fence_gate" quantity="21"/><InventoryObject slot="22" type="bookshelf" quantity="19"/><InventoryObject slot="23" type="cobblestone" quantity="25"/><InventoryObject slot="24" type="sand" quantity="24"/><InventoryObject slot="25" type="bookshelf" quantity="9"/><InventoryObject slot="26" type="redstone_torch" quantity="11"/><InventoryObject slot="27" type="acacia_fence_gate" quantity="21"/><InventoryObject slot="28" type="stone_stairs" quantity="19"/><InventoryObject slot="29" type="lapis_ore" quantity="34"/><InventoryObject slot="30" type="nether_brick_stairs" quantity="37"/><InventoryObject slot="31" type="brown_mushroom_block" quantity="27"/><InventoryObject slot="32" type="dark_oak_door" quantity="63"/><InventoryObject slot="33" type="emerald_block" quantity="48"/><InventoryObject slot="34" type="dispenser" quantity="60"/><InventoryObject slot="35" type="birch_fence" quantity="36"/></Inventory><PreferredSpawnBiome>plains</PreferredSpawnBiome><DoneOnDeath>true</DoneOnDeath><SpawnInVillage>true</SpawnInVillage></AgentStart><AgentHandlers><FileBasedPerformanceProducer/><PauseCommand/><VideoProducer want_depth="false"><Width>640</Width><Height>360</Height></VideoProducer><HumanLevelCommands/><CameraCommands/></AgentHandlers></AgentSection></Mission><ExperimentUID>5fde6829-ae4f-412e-a259-602995a061f0</ExperimentUID><ClientRole>0</ClientRole><ClientAgentConnection><ClientIPAddress>127.0.0.1</ClientIPAddress><ClientMissionControlPort>0</ClientMissionControlPort><ClientCommandsPort>0</ClientCommandsPort><AgentIPAddress>127.0.0.1</AgentIPAddress><AgentMissionControlPort>0</AgentMissionControlPort><AgentVideoPort>0</AgentVideoPort><AgentDepthPort>0</AgentDepthPort><AgentLuminancePort>0</AgentLuminancePort><AgentObservationsPort>0</AgentObservationsPort><AgentRewardsPort>0</AgentRewardsPort><AgentColourMapPort>0</AgentColourMapPort></ClientAgentConnection></MissionInit>
[15:35:16] [EnvServerSocketHandler/INFO]: [STDOUT]: Setting width, height to 640, 360
[15:35:16] [EnvServerSocketHandler/INFO]: [STDOUT]: Gamma: 2.0
[15:35:16] [EnvServerSocketHandler/INFO]: [STDOUT]: FOV: 70.0
[15:35:16] [EnvServerSocketHandler/INFO]: [STDOUT]: GuiScale: 1.0
[15:35:16] [Render thread/INFO]: [STDOUT]: Seed not provided, generating random one: -8184221424770184059
[15:35:17] [Render thread/WARN]: Ambiguity between arguments [teleport, destination] and [teleport, targets] with inputs: [Player, 0123, @e, dd12be42-52a9-4a91-a8a1-11c01849e498]
[15:35:17] [Render thread/WARN]: Ambiguity between arguments [teleport, location] and [teleport, destination] with inputs: [0.1 -0.5 .9, 0 0 0]
[15:35:17] [Render thread/WARN]: Ambiguity between arguments [teleport, location] and [teleport, targets] with inputs: [0.1 -0.5 .9, 0 0 0]
[15:35:17] [Render thread/WARN]: Ambiguity between arguments [teleport, targets] and [teleport, destination] with inputs: [Player, 0123, dd12be42-52a9-4a91-a8a1-11c01849e498]
[15:35:18] [Render thread/WARN]: Ambiguity between arguments [teleport, targets, location] and [teleport, targets, destination] with inputs: [0.1 -0.5 .9, 0 0 0]
[15:35:18] [Render thread/INFO]: Reloading ResourceManager: Default
[15:35:18] [Render thread/INFO]: Loaded 7 recipes
[15:35:19] [Render thread/INFO]: Loaded 927 advancements
[15:35:19] [Render thread/INFO]: [STDOUT]: *** creating fake mouse cursor ***
[15:35:21] [Render thread/INFO]: Environment: authHost='https://authserver.mojang.com', accountsHost='https://api.mojang.com', sessionHost='https://sessionserver.mojang.com', servicesHost='https://api.minecraftservices.com', name='PROD'
[15:35:21] [Render thread/INFO]: Starting integrated minecraft server version 1.16.5
[15:35:21] [Render thread/INFO]: Generating keypair
[15:35:32] [Render thread/INFO]: Preparing start region for dimension minecraft:overworld
[15:36:06] [Render thread/INFO]: Changing view distance to 11, from 10
[15:36:07] [Render thread/INFO]: MineRLAgent0[local:E:73e1120a] logged in with entity id 304 at (-285.5, 70.0, 1674.5)
[15:36:07] [Render thread/INFO]: MineRLAgent0 joined the game
[15:36:07] [Render thread/INFO]: Preparing spawn area: 0%
[15:36:07] [Render thread/INFO]: Time elapsed: 6 ms
[15:36:08] [Render thread/INFO]: [STDOUT]: Starting new video null
[15:36:08] [Render thread/INFO]: Saving and pausing game...
[15:36:08] [Render thread/INFO]: Saving chunks for level 'ServerLevel[mcpworldabfcf1c1b7d5]'/minecraft:overworld
[15:36:10] [Render thread/INFO]: Saving chunks for level 'ServerLevel[mcpworldabfcf1c1b7d5]'/minecraft:the_nether
[15:36:10] [Render thread/INFO]: Saving chunks for level 'ServerLevel[mcpworldabfcf1c1b7d5]'/minecraft:the_end
[15:36:11] [Render thread/INFO]: MineRLAgent0 has made the advancement [Stone Age]
[15:36:11] [Render thread/INFO]: [CHAT] MineRLAgent0 has made the advancement [Stone Age]
[15:36:11] [Render thread/INFO]: Loaded 67 advancements
[15:36:21] [EnvServerSocketHandler/INFO]: [STDOUT]: *** Stopping the replay, returning control to the inputs
