[15:58:29] [Thread-4/INFO]: [STDOUT]: SERVER enter state: DORMANT
[15:58:29] [EnvServerSocketHandler/INFO]: Received Mission token feef632c-ae89-4ff8-9b87-74ec6544d45f:0:0:1:true
[15:58:29] [EnvServerSocketHandler/INFO]: Received mission init command  <MissionInit xmlns="http://ProjectMalmo.microsoft.com" xmlns:xsi="http://www.w3.org/2001/XMLSchema-instance" SchemaVersion="" PlatformVersion="0.37.0"><Mission><About><Summary>MineRLBasaltBuildVillageHouse-v0</Summary></About><ModSettings><MsPerTick>50</MsPerTick></ModSettings><ServerSection><ServerInitialConditions><Time><AllowPassageOfTime>false</AllowPassageOfTime></Time><AllowSpawning>true</AllowSpawning></ServerInitialConditions><ServerHandlers><DefaultWorldGenerator forceReset="true" generatorOptions="{}"/><ServerQuitFromTimeUp timeLimitMs="720000" description="out_of_time"/><ServerQuitWhenAnyAgentFinishes/></ServerHandlers></ServerSection><AgentSection mode="Survival"><Name>MineRLAgent0</Name><AgentStart><LowLevelInputs>true</LowLevelInputs><GuiScale>1.0</GuiScale><GammaSetting>2.0</GammaSetting><FOVSetting>70.0</FOVSetting><FakeCursorSize>16</FakeCursorSize><Inventory><InventoryObject slot="0" type="diamond_block" quantity="2"/><InventoryObject slot="1" type="stone_brick_stairs" quantity="36"/><InventoryObject slot="2" type="brick_stairs" quantity="12"/><InventoryObject slot="3" type="sea_lantern" quantity="41"/><InventoryObject slot="4" type="birch_door" quantity="17"/><InventoryObject slot="5" type="wheat" quantity="60"/><InventoryObject slot="6" type="prismarine" quantity="36"/><InventoryObject slot="7" type="quartz_stairs" quantity="26"/><InventoryObject slot="8" type="dropper" quantity="36"/><InventoryObject slot="9" type="jungle_fence" quantity="1"/><InventoryObject slot="10" type="redstone_lamp" quantity="5"/><InventoryObject slot="11" type="netherrack" quantity="28"/><InventoryObject slot="12" type="brick_stairs" quantity="28"/><InventoryObject slot="13" type="dark_oak_fence_gate" quantity="4"/><InventoryObject slot="14" type="detector_rail" quantity="30"/><InventoryObject slot="15" type="redstone_block" quantity="40"/><InventoryObject slot="16" type="grass" quantity="1"/><InventoryObject slot="17" type="acacia_fence" quantity="12"/><InventoryObject slot="18" type="cake" quantity="48"/><InventoryObject slot="19" type="ladder" quantity="11"/><InventoryObject slot="20" type="quartz_stairs" quantity="36"/><InventoryObject slot="21" type="obsidian" quantity="25"/><InventoryObject slot="22" type="iron_ore" quantity="41"/><InventoryObject slot="23" type="iron_ore" quantity="55"/><InventoryObject slot="24" type="coal_block" quantity="48"/><InventoryObject slot="25" type="sandstone" quantity="51"/><InventoryObject slot="26" type="sand" quantity="51"/><InventoryObject slot="27" type="tripwire_hook" quantity="42"/><InventoryObject slot="28" type="sea_lantern" quantity="23"/><InventoryObject slot="29" type="redstone_lamp" quantity="25"/><InventoryObject slot="30" type="ladder" quantity="52"/><InventoryObject slot="31" type="iron_ore" quantity="31"/><InventoryObject slot="32" type="glass" quantity="60"/><InventoryObject slot="33" type="packed_ice" quantity="35"/><InventoryObject slot="34" type="enchanting_table" quantity="61"/><InventoryObject slot="35" type="stone_stairs" quantity="51"/></Inventory><PreferredSpawnBiome>plains</PreferredSpawnBiome><DoneOnDeath>true</DoneOnDeath><SpawnInVillage>true</SpawnInVillage></AgentStart><AgentHandlers><FileBasedPerformanceProducer/><PauseCommand/><VideoProducer want_depth="false"><Width>640</Width><Height>360</Height></VideoProducer><HumanLevelCommands/><CameraCommands/></AgentHandlers></AgentSection></Mission><ExperimentUID>feef632c-ae89-4ff8-9b87-74ec6544d45f</ExperimentUID><ClientRole>0</ClientRole><ClientAgentConnection><ClientIPAddress>127.0.0.1</ClientIPAddress><ClientMissionControlPort>0</ClientMissionControlPort><ClientCommandsPort>0</ClientCommandsPort><AgentIPAddress>127.0.0.1</AgentIPAddress><AgentMissionControlPort>0</AgentMissionControlPort><AgentVideoPort>0</AgentVideoPort><AgentDepthPort>0</AgentDepthPort><AgentLuminancePort>0</AgentLuminancePort><AgentObservationsPort>0</AgentObservationsPort><AgentRewardsPort>0</AgentRewardsPort><AgentColourMapPort>0</AgentColourMapPort></ClientAgentConnection></MissionInit>
[15:58:31] [EnvServerSocketHandler/INFO]: [STDOUT]: Setting width, height to 640, 360
[15:58:31] [EnvServerSocketHandler/INFO]: [STDOUT]: Gamma: 2.0
[15:58:31] [EnvServerSocketHandler/INFO]: [STDOUT]: FOV: 70.0
[15:58:31] [EnvServerSocketHandler/INFO]: [STDOUT]: GuiScale: 1.0
[15:58:31] [Render thread/INFO]: [STDOUT]: Seed not provided, generating random one: 5836343506569007473
[15:58:32] [Render thread/WARN]: Ambiguity between arguments [teleport, destination] and [teleport, targets] with inputs: [Player, 0123, @e, dd12be42-52a9-4a91-a8a1-11c01849e498]
[15:58:32] [Render thread/WARN]: Ambiguity between arguments [teleport, location] and [teleport, destination] with inputs: [0.1 -0.5 .9, 0 0 0]
[15:58:32] [Render thread/WARN]: Ambiguity between arguments [teleport, location] and [teleport, targets] with inputs: [0.1 -0.5 .9, 0 0 0]
[15:58:32] [Render thread/WARN]: Ambiguity between arguments [teleport, targets] and [teleport, destination] with inputs: [Player, 0123, dd12be42-52a9-4a91-a8a1-11c01849e498]
[15:58:32] [Render thread/WARN]: Ambiguity between arguments [teleport, targets, location] and [teleport, targets, destination] with inputs: [0.1 -0.5 .9, 0 0 0]
[15:58:32] [Render thread/INFO]: Reloading ResourceManager: Default
[15:58:33] [Render thread/INFO]: Loaded 7 recipes
[15:58:33] [Render thread/INFO]: Loaded 927 advancements
[15:58:33] [Render thread/INFO]: [STDOUT]: *** creating fake mouse cursor ***
[15:58:35] [Render thread/INFO]: Environment: authHost='https://authserver.mojang.com', accountsHost='https://api.mojang.com', sessionHost='https://sessionserver.mojang.com', servicesHost='https://api.minecraftservices.com', name='PROD'
[15:58:35] [Render thread/INFO]: Starting integrated minecraft server version 1.16.5
[15:58:35] [Render thread/INFO]: Generating keypair
[15:58:44] [Render thread/INFO]: Preparing start region for dimension minecraft:overworld
[15:58:50] [Render thread/INFO]: Changing view distance to 11, from 10
[15:58:51] [Render thread/INFO]: MineRLAgent0[local:E:87cf4378] logged in with entity id 197 at (574.5, 70.0, -419.5)
[15:58:51] [Render thread/INFO]: MineRLAgent0 joined the game
[15:58:51] [Render thread/INFO]: Preparing spawn area: 0%
[15:58:51] [Render thread/INFO]: Time elapsed: 7 ms
[15:58:52] [Render thread/INFO]: [STDOUT]: Starting new video null
[15:58:52] [Render thread/INFO]: Saving and pausing game...
[15:58:52] [Render thread/INFO]: Saving chunks for level 'ServerLevel[mcpworldabfcf1c1b7d5]'/minecraft:overworld
[15:58:53] [Render thread/INFO]: Saving chunks for level 'ServerLevel[mcpworldabfcf1c1b7d5]'/minecraft:the_nether
[15:58:53] [Render thread/INFO]: Saving chunks for level 'ServerLevel[mcpworldabfcf1c1b7d5]'/minecraft:the_end
[15:58:54] [Render thread/INFO]: MineRLAgent0 has made the advancement [Ice Bucket Challenge]
[15:58:54] [Render thread/INFO]: [CHAT] MineRLAgent0 has made the advancement [Ice Bucket Challenge]
[15:58:54] [Render thread/INFO]: Loaded 78 advancements
[15:59:03] [EnvServerSocketHandler/INFO]: [STDOUT]: *** Stopping the replay, returning control to the inputs
